Looking up target...
Reading module ...
 TT x86-64 : x86_64-unknown-unknown 
Deserializing functions...
Deserializing functions...
Deserializing functions...
Deserializing functions...
Deserializing functions...
Deserializing functions...
Deserializing functions...
Deserializing functions...
Deserializing functions...
Deserializing functions...
Deserializing functions...
Deserializing functions...
Deserializing functions...
Deserializing functions...
Deserializing functions...
Deserializing functions...
Deserializing functions...
Deserializing functions...
Deserializing functions...
Deserializing functions...
Deserializing functions...
Deserializing functions...
Deserializing functions...
Deserializing functions...
Deserializing functions...
Deserializing functions...
Deserializing functions...
Deserializing functions...
Deserializing functions...
Deserializing functions...
Deserializing functions...
Deserializing functions...
Deserializing functions...
Deserializing functions...
Deserializing functions...
Deserializing functions...
Deserializing functions...
Deserializing functions...
Deserializing functions...
Deserializing functions...
Deserializing functions...
Deserializing functions...
Deserializing functions...
Deserializing functions...
Deserializing functions...
Deserializing functions...
Deserializing functions...
Deserializing functions...
Deserializing functions...
Deserializing functions...
Deserializing functions...
Deserializing functions...
Deserializing functions...
Deserializing functions...
Deserializing functions...
Deserializing functions...
Deserializing functions...
Deserializing functions...
Deserializing functions...
Deserializing functions...
Deserializing functions...
Deserializing functions...
Deserializing functions...
Deserializing functions...
Deserializing functions...
Deserializing functions...
Deserializing functions...
Deserializing functions...
Deserializing functions...
Deserializing functions...
Deserializing functions...
Deserializing functions...
Deserializing functions...
Deserializing functions...
Deserializing functions...
Deserializing functions...
Deserializing functions...
Deserializing functions...
Deserializing functions...
Deserializing functions...
Deserializing functions...
Deserializing functions...
Deserializing functions...
Deserializing functions...
Deserializing functions...
Deserializing functions...
Deserializing functions...
Deserializing functions...
Deserializing functions...
Deserializing functions...
Deserializing functions...
Deserializing functions...
Deserializing functions...
Deserializing functions...
Deserializing functions...
Deserializing functions...
Deserializing functions...
Deserializing functions...
Deserializing functions...
Deserializing functions...
Deserializing functions...
Deserializing functions...
Deserializing functions...
Deserializing functions...
Deserializing functions...
Deserializing functions...
Deserializing functions...
Deserializing functions...
Deserializing functions...
Deserializing functions...
Deserializing functions...
Deserializing functions...
Deserializing functions...
Deserializing functions...
Deserializing functions...
Deserializing functions...
Deserializing functions...
Deserializing functions...
Deserializing functions...
Deserializing functions...
Deserializing functions...
Deserializing functions...
Deserializing functions...
Deserializing functions...
Deserializing functions...
Deserializing functions...
Deserializing functions...
Deserializing functions...
Deserializing functions...
Deserializing functions...
Deserializing functions...
Deserializing functions...
Deserializing functions...
Deserializing functions...
Deserializing functions...
Deserializing functions...
Deserializing functions...
Deserializing functions...
Deserializing functions...
Deserializing functions...
Deserializing functions...
Deserializing functions...
Deserializing functions...
Deserializing functions...
Deserializing functions...
Deserializing functions...
Deserializing functions...
Deserializing functions...
Deserializing functions...
Deserializing functions...
Deserializing functions...
Deserializing functions...
Deserializing functions...
Deserializing functions...
Deserializing functions...
Deserializing functions...
Deserializing functions...
Deserializing functions...
Deserializing functions...
Deserializing functions...
Deserializing functions...
Deserializing functions...
Deserializing functions...
Deserializing functions...
Deserializing functions...
Deserializing functions...
Deserializing functions...
Deserializing functions...
Deserializing functions...
Deserializing functions...
Deserializing functions...
Deserializing functions...
Deserializing functions...
Deserializing functions...
Deserializing functions...
Deserializing functions...
Deserializing functions...
Deserializing functions...
Deserializing functions...
Deserializing functions...
Deserializing functions...
Deserializing functions...
Deserializing functions...
Deserializing functions...
Deserializing functions...
Deserializing functions...
Deserializing functions...
Deserializing functions...
Deserializing functions...
Deserializing functions...
Deserializing functions...
Deserializing functions...
Deserializing functions...
Deserializing functions...
Deserializing functions...
Deserializing functions...
Deserializing functions...
Deserializing functions...
Deserializing functions...
Deserializing functions...
Deserializing functions...
Deserializing functions...
Deserializing functions...
Deserializing functions...
Deserializing functions...
Deserializing functions...
Deserializing functions...
Deserializing functions...
Deserializing functions...
Deserializing functions...
Deserializing functions...
Deserializing functions...
Deserializing functions...
Deserializing functions...
Deserializing functions...
Deserializing functions...
Deserializing functions...
Deserializing functions...
Deserializing functions...
Deserializing functions...
Deserializing functions...
Deserializing functions...
Deserializing functions...
Deserializing functions...
Deserializing functions...
Deserializing functions...
Deserializing functions...
Deserializing functions...
Deserializing functions...
Deserializing functions...
Deserializing functions...
Deserializing functions...
Deserializing functions...
Deserializing functions...
Deserializing functions...
Deserializing functions...
Deserializing functions...
Deserializing functions...
Deserializing functions...
Deserializing functions...
Deserializing functions...
Deserializing functions...
Deserializing functions...
Deserializing functions...
Deserializing functions...
Deserializing functions...
Deserializing functions...
Deserializing functions...
Deserializing functions...
Deserializing functions...
Deserializing functions...
Deserializing functions...
Deserializing functions...
Deserializing functions...
Deserializing functions...
Deserializing functions...
Deserializing functions...
Deserializing functions...
Deserializing functions...
Deserializing functions...
Deserializing functions...
Deserializing functions...
Deserializing functions...
Deserializing functions...
Deserializing functions...
Deserializing functions...
Deserializing functions...
Deserializing functions...
Deserializing functions...
Deserializing functions...
Deserializing functions...
Deserializing functions...
Deserializing functions...
Deserializing functions...
Deserializing functions...
Deserializing functions...
Deserializing functions...
Deserializing functions...
Deserializing functions...
Deserializing functions...
Deserializing functions...
Deserializing functions...
Deserializing functions...
Deserializing functions...
Deserializing functions...
Deserializing functions...
Deserializing functions...
Deserializing functions...
Deserializing functions...
Deserializing functions...
Deserializing functions...
Deserializing functions...
Deserializing functions...
Deserializing functions...
Deserializing functions...
Deserializing functions...
Deserializing functions...
Deserializing functions...
Deserializing functions...
Deserializing functions...
Deserializing functions...
Deserializing functions...
Deserializing functions...
Deserializing functions...
Deserializing functions...
Deserializing functions...
Deserializing functions...
Deserializing functions...
Deserializing data...
Deserializing data...
Deserializing data...
Deserializing data...
Deserializing data...
Deserializing data...
Deserializing data...
Deserializing data...
Deserializing data...
Deserializing data...
Deserializing externs...
Deserializing externs...
Deserializing externs...
Deserializing externs...
Deserializing externs...
Deserializing externs...
Deserializing externs...
Deserializing externs...
Deserializing externs...
Deserializing externs...
Deserializing externs...
Deserializing externs...
Deserializing externs...
Deserializing externs...
Deserializing externs...
Deserializing externs...
Deserializing externs...
Deserializing externs...
Deserializing externs...
Deserializing externs...
Deserializing externs...
Deserializing externs...
Deserializing externs...
Deserializing externs...
Deserializing externs...
Deserializing externs...
Deserializing externs...
Deserializing externs...
Deserializing externs...
Deserializing externs...
Deserializing externs...
Deserializing externs...
Deserializing externs...
Deserializing externs...
Deserializing externs...
Deserializing externs...
Creating module...
Setting target...
Done setting target
Adding external funcs...
Adding external data...
Adding internal data...
Adding entry points...
Returning modue...
Setting initial triples...
Looking at entry points...
Already have driver for: main
Getting LLVM module...
Converting to LLVM...
Inserted function: sub_415c60
Inserted function: sub_42ce00
Inserted function: sub_4067c0
Inserted function: sub_401390
Inserted function: sub_400f80
Inserted function: sub_406790
Inserted function: sub_427d40
Inserted function: sub_42fa20
Inserted function: sub_42f980
Inserted function: sub_42f940
Inserted function: sub_42eb90
Inserted function: sub_406760
Inserted function: sub_431020
Inserted function: sub_42ad30
Inserted function: sub_432790
Inserted function: sub_431030
Inserted function: sub_428230
Inserted function: sub_40e640
Inserted function: sub_42f2f0
Inserted function: sub_40a1c0
Inserted function: sub_416120
Inserted function: sub_42f3b0
Inserted function: sub_42ebd0
Inserted function: sub_414840
Inserted function: sub_400f60
Inserted function: sub_4281e0
Inserted function: sub_42f4f0
Inserted function: sub_4167d0
Inserted function: sub_400d90
Inserted function: sub_400dd0
Inserted function: sub_415350
Inserted function: sub_400f00
Inserted function: sub_400f90
Inserted function: sub_400e30
Inserted function: sub_400eb0
Inserted function: sub_427f20
Inserted function: sub_42e530
Inserted function: sub_400fb0
Inserted function: sub_400f70
Inserted function: sub_400f30
Inserted function: sub_400ea0
Inserted function: sub_4158c0
Inserted function: sub_400e60
Inserted function: sub_400ed0
Inserted function: sub_400e10
Inserted function: sub_42ae50
Inserted function: sub_42e6b0
Inserted function: sub_400f10
Inserted function: sub_415320
Inserted function: sub_416be0
Inserted function: sub_4067d0
Inserted function: sub_400fd0
Inserted function: sub_4013e0
Inserted function: sub_40c830
Inserted function: sub_4334a0
Inserted function: sub_40d930
Inserted function: sub_400e70
Inserted function: sub_40d9b0
Inserted function: sub_400dc0
Inserted function: sub_400f50
Inserted function: sub_40ee40
Inserted function: sub_410a70
Inserted function: sub_413f00
Inserted function: sub_400e80
Inserted function: sub_414c00
Inserted function: sub_400fc0
Inserted function: sub_40a7e0
Inserted function: sub_410410
Inserted function: sub_40a510
Inserted function: sub_42f590
Inserted function: sub_413200
Inserted function: sub_42fc00
Inserted function: sub_426fc0
Inserted function: sub_40ef80
Inserted function: sub_4283d0
Inserted function: sub_429200
Inserted function: sub_428f50
Inserted function: sub_401540
Inserted function: sub_414960
Inserted function: sub_400db0
Inserted function: sub_412eb0
Inserted function: sub_429480
Inserted function: sub_400ef0
Inserted function: sub_406750
Inserted function: sub_4313f0
Inserted function: sub_42fba0
Inserted function: sub_432be0
Inserted function: sub_408c80
Inserted function: sub_438540
Inserted function: sub_432a30
Inserted function: sub_416900
Inserted function: sub_4277c0
Inserted function: sub_42ed50
Inserted function: sub_42ec70
Inserted function: sub_42f140
Inserted function: sub_42efe0
Inserted function: sub_42eae0
Inserted function: sub_42fe30
Inserted function: sub_433500
Inserted function: sub_432800
Inserted function: sub_42f450
Inserted function: sub_416d10
Inserted function: sub_40f020
Inserted function: sub_437e00
Inserted function: sub_437d00
Inserted function: sub_4152c0
Inserted function: sub_429230
Inserted function: sub_42c950
Inserted function: sub_42f330
Inserted function: sub_437e60
Inserted function: sub_414a90
Inserted function: sub_413000
Inserted function: sub_414480
Inserted function: sub_418d40
Inserted function: sub_420600
Inserted function: sub_4190d0
Inserted function: sub_41cb10
Inserted function: sub_4275d0
Inserted function: sub_419115
Inserted function: sub_419159
Inserted function: sub_4182b0
Inserted function: sub_426ba0
Inserted function: sub_41d3c0
Inserted function: sub_4081f0
Inserted function: sub_437ce0
Inserted function: sub_4015f0
Inserted function: sub_407430
Inserted function: sub_419de0
Inserted function: sub_40b2b0
Inserted function: sub_40a700
Inserted function: sub_407a20
Inserted function: sub_40b7d0
Inserted function: sub_40e130
Inserted function: sub_40da50
Inserted function: sub_437ee0
Inserted function: sub_416640
Inserted function: sub_4010e0
Inserted function: sub_428fa0
Inserted function: sub_40fbd0
Inserted function: sub_421fe0
Inserted function: sub_402e00
Inserted function: sub_402780
Inserted function: sub_428390
Inserted function: sub_421c10
Inserted function: sub_411a20
Inserted function: sub_4283b0
Inserted function: sub_401830
Inserted function: sub_400f20
Inserted function: sub_405f60
Inserted function: sub_401740
Inserted function: sub_40b020
Inserted function: sub_4318c0
Inserted function: sub_432900
Inserted function: sub_438250
Inserted function: sub_408d90
Inserted function: sub_432e10
Inserted function: sub_40e670
Inserted function: sub_4335f0
Inserted function: sub_426b50
Inserted function: sub_427f60
Inserted function: sub_413990
Inserted function: sub_427000
Inserted function: sub_433180
Inserted function: sub_40bf80
Inserted function: sub_42f5f0
Inserted function: sub_400ee0
Inserted function: sub_42cb10
Inserted function: sub_42ef30
Inserted function: sub_427130
Inserted function: sub_431e30
Inserted function: sub_432260
Inserted function: sub_426f70
Inserted function: sub_40e4f0
Inserted function: sub_432150
Inserted function: sub_40fd60
Inserted function: sub_426f90
Inserted function: sub_406870
Inserted function: sub_42f090
Inserted function: sub_416d50
Inserted function: sub_40a4e0
Inserted function: sub_431270
Inserted function: sub_429190
Inserted function: sub_400e00
Inserted function: sub_437e40
Inserted function: sub_40ca70
Inserted function: sub_429250
Inserted function: sub_437750
Inserted function: sub_433880
Inserted function: sub_408dc0
Inserted function: sub_4188f0
Inserted function: sub_437f70
Inserted function: sub_40a890
Inserted function: sub_40ae00
Inserted function: sub_438390
Inserted function: sub_434c10
Inserted function: sub_40c220
Inserted function: sub_40c600
Inserted function: sub_40ef60
Inserted function: sub_434910
Inserted function: sub_40c630
Inserted function: sub_42ee40
Inserted function: sub_4017e0
Inserted function: sub_431050
Inserted function: sub_417460
Inserted function: sub_42c090
Inserted function: sub_433d50
Inserted function: sub_434050
Inserted function: sub_434cc0
Inserted function: sub_434f80
Inserted function: sub_4079a0
Inserted function: sub_40c5d0
Inserted function: sub_400df0
Inserted function: sub_40c650
Inserted function: sub_432e70
Inserted function: sub_40c6d0
Inserted function: sub_418ae0
Inserted function: sub_438260
Inserted function: sub_400da0
Inserted function: sub_401470
Inserted function: sub_42f790
Inserted function: sub_433c20
Inserted function: sub_418440
Inserted function: sub_435070
Inserted function: sub_437ca0
Inserted function: sub_4048d0
Inserted function: sub_40bd20
Inserted function: sub_4291b0
Inserted function: sub_4067e0
Inserted function: sub_419379
Inserted function: sub_406de0
Inserted function: sub_434a50
Inserted function: sub_40e350
Inserted function: sub_418fbd
Inserted function: sub_418660
Inserted function: sub_4015c0
Inserted function: sub_400fa0
Inserted function: sub_400e90
Inserted function: sub_4168c0
Inserted function: sub_406ee0
Inserted function: sub_40a530
Inserted function: sub_408cd0
Inserted function: sub_4073c0
Inserted function: sub_42e9c0
Inserted function: sub_4291e0
Inserted function: sub_406670
Inserted function: sub_407260
Inserted function: sub_42fa80
Inserted function: sub_400fe0
Inserted function: sub_42cc50
Inserted function: sub_42fb80
Inserted function: sub_429b50
Inserted function: sub_42cf50
Inserted function: sub_404cc0
Inserted function: sub_4054e0
Inserted function: sub_4013f0
Inserted function: sub_41d8c0
Inserted function: sub_438100
Inserted function: sub_407d80
Inserted function: sub_411210
Inserted function: sub_410e00
Inserted function: sub_400d80
Inserted function: sub_40ef20
Inserted function: sub_438030
Inserted function: sub_438070
Inserted function: sub_407e30
Inserted function: sub_400f40
Inserted function: sub_4016e0
Inserted function: sub_407150
Inserted function: sub_408b90
Inserted function: sub_421110
Inserted function: sub_429870
Inserted function: sub_437580
Inserted function: sub_420d40
Inserted function: sub_427600
Inserted function: sub_438980
Inserted function: sub_4088b0
Inserted function: sub_408340
Inserted function: sub_4393b0
Inserted function: sub_4086f0
Inserted function: sub_439160
Inserted function: sub_420b90
Inserted function: sub_438b80
Inserted function: sub_42fc30
Inserted function: sub_40d890
Inserted function: sub_429970
Inserted function: sub_42abe0
Inserted function: sub_42b100
Inserted function: sub_42c360
Inserted function: sub_4052b0
Inserted function: sub_439270
Inserted function: sub_4218c0
Inserted function: sub_400e20
Inserted function: sub_438ed0
Inserted function: sub_42fae0
Inserted function: sub_438cd0
Inserted function: sub_42afd0
Inserted function: sub_437ff0
Inserted function: sub_432dc0
Inserted function: sub_434210
Inserted function: sub_40a620
Inserted function: sub_400e40
Inserted function: sub_417a70
Inserted function: sub_40a290
Inserted function: sub_42eab0
Inserted function: sub_400ec0
Inserted function: sub_4336e0
Inserted function: sub_434310
Inserted function: sub_4337b0
inserting global data section named data_0x439620
inserting global data section named data_0x44a0f0
inserting global data section named data_0x44ac40
inserting global data section named data_0x64ede0
inserting global data section named data_0x64ede8
inserting global data section named data_0x64edf0
inserting global data section named data_0x64eff8
inserting global data section named data_0x64f000
inserting global data section named data_0x64f150
inserting global data section named data_0x64f6a0
dataSectionToTypesContents : 439620 10ad0
68304
dataSectionToTypesContents : 44a0f0 b4c
2892
dataSectionToTypesContents : 44ac40 32ac
12972
dataSectionToTypesContents : 64ede0 8
8
dataSectionToTypesContents : 64ede8 8
8
dataSectionToTypesContents : 64edf0 8
8
dataSectionToTypesContents : 64eff8 8
8
dataSectionToTypesContents : 64f000 150
336
dataSectionToTypesContents : 64f150 550
1360
dataSectionToTypesContents : 64f6a0 63048
405576
shouldSubtractImageBase: Not on Win32
shouldSubtractImageBase: Not on Win32
shouldSubtractImageBase: Not on Win32
shouldSubtractImageBase: Not on Win32
shouldSubtractImageBase: Not on Win32
shouldSubtractImageBase: Not on Win32
shouldSubtractImageBase: Not on Win32
shouldSubtractImageBase: Not on Win32
translate_MOV64mi32: Other reloc
translate_MOV64mi32: Other reloc
translate_MOV64mi32: Other reloc
translate_MOV32mi: Other reloc
translate_MOV32mi: Other reloc
shouldSubtractImageBase: Not on Win32
shouldSubtractImageBase: Not on Win32
shouldSubtractImageBase: Not on Win32
translate_MOV32mi: Other reloc
translate_MOV64mi32: Other reloc
translate_MOV32mi: Other reloc
translate_MOV32mi: Other reloc
translate_MOV32mi: Other reloc
translate_MOV32mi: Other reloc
translate_MOV32mi: Other reloc
translate_MOV32mi: Other reloc
translate_MOV32mi: Other reloc
translate_MOV32mi: Other reloc
translate_MOV32mi: Other reloc
translate_MOV32mi: Other reloc
translate_MOV32mi: Other reloc
translate_MOV32mi: Other reloc
translate_MOV32mi: Other reloc
translate_MOV32mi: Other reloc
translate_MOV32mi: Other reloc
translate_MOV32mi: Other reloc
translate_MOV32mi: Other reloc
shouldSubtractImageBase: Not on Win32
shouldSubtractImageBase: Not on Win32
shouldSubtractImageBase: Not on Win32
shouldSubtractImageBase: Not on Win32
shouldSubtractImageBase: Not on Win32
shouldSubtractImageBase: Not on Win32
shouldSubtractImageBase: Not on Win32
shouldSubtractImageBase: Not on Win32
shouldSubtractImageBase: Not on Win32
shouldSubtractImageBase: Not on Win32
shouldSubtractImageBase: Not on Win32
shouldSubtractImageBase: Not on Win32
shouldSubtractImageBase: Not on Win32
shouldSubtractImageBase: Not on Win32
shouldSubtractImageBase: Not on Win32
shouldSubtractImageBase: Not on Win32
shouldSubtractImageBase: Not on Win32
doCallPCtarget address : 400f10
doCallPCtarget address : 400f10
doCallPCtarget address : 42eab0
doCallPCtarget address : 400f10
doCallPCtarget address : 42eab0
doCallPCtarget address : 415350
doCallPCtarget address : 414840
doCallPCtarget address : 42eab0
doCallPCtarget address : 4334a0
doCallPCtarget address : 400d90
doCallPCtarget address : 401390
doCallPCtarget address : 400f10
doCallPCtarget address : 406760
doCallPCtarget address : 406790
doCallPCtarget address : 4167d0
doCallPCtarget address : 431020
doCallPCtarget address : 400dc0
doCallPCtarget address : 40e640
doCallPCtarget address : 410a70
doCallPCtarget address : 416120
doCallPCtarget address : 400e70
doCallPCtarget address : 400e70
doCallPCtarget address : 400e70
doCallPCtarget address : 400e70
doCallPCtarget address : 400e70
doCallPCtarget address : 400e70
doCallPCtarget address : 400e70
doCallPCtarget address : 4067c0
doCallPCtarget address : 4067d0
doCallPCtarget address : 400e70
doCallPCtarget address : 40ee40
doCallPCtarget address : 416be0
doCallPCtarget address : 42ad30
doCallPCtarget address : 4013e0
doCallPCtarget address : 400dd0
doCallPCtarget address : 40a1c0
doCallPCtarget address : 432790
doCallPCtarget address : 427d40
doCallPCtarget address : 431030
doCallPCtarget address : 42ce00
doCallPCtarget address : 400e70
doCallPCtarget address : 400e70
doCallPCtarget address : 400e70
doCallPCtarget address : 400dd0
doCallPCtarget address : 42f3b0
doCallPCtarget address : 42f4f0
doCallPCtarget address : 42fa20
doCallPCtarget address : 42f2f0
doCallPCtarget address : 42f2f0
doCallPCtarget address : 42f3b0
doCallPCtarget address : 42f4f0
doCallPCtarget address : 42fa20
doCallPCExtern paramCount  : 1 : free
1 : 5e83080
doCallPCtarget address : 42f3b0
doCallPCtarget address : 42f4f0
doCallPCtarget address : 42fa20
doCallPCtarget address : 42f2f0
doCallPCtarget address : 42f2f0
doCallPCExtern paramCount  : 1 : free
1 : 5e83080
shouldSubtractImageBase: Not on Win32
shouldSubtractImageBase: Not on Win32
shouldSubtractImageBase: Not on Win32
shouldSubtractImageBase: Not on Win32
shouldSubtractImageBase: Not on Win32
shouldSubtractImageBase: Not on Win32
shouldSubtractImageBase: Not on Win32
doCallPCtarget address : 400f60
doCallPCtarget address : 400dc0
doCallPCtarget address : 400f80
doCallPCtarget address : 42ad30
doCallPCtarget address : 400e10
doCallPC: Adding Unreachable Instruction to local noreturn
doCallPCExtern paramCount  : 12 : fprintf
12 : 5e83080
shouldSubtractImageBase: Not on Win32
shouldSubtractImageBase: Not on Win32
shouldSubtractImageBase: Not on Win32
shouldSubtractImageBase: Not on Win32
shouldSubtractImageBase: Not on Win32
translate_MOV64mi32: Other reloc
translate_MOV32mi: Other reloc
shouldSubtractImageBase: Not on Win32
shouldSubtractImageBase: Not on Win32
translate_MOV64mi32: Other reloc
shouldSubtractImageBase: Not on Win32
shouldSubtractImageBase: Not on Win32
translate_MOV64mi32: Other reloc
shouldSubtractImageBase: Not on Win32
translate_MOV64mi32: Other reloc
shouldSubtractImageBase: Not on Win32
translate_MOV64mi32: Other reloc
shouldSubtractImageBase: Not on Win32
shouldSubtractImageBase: Not on Win32
translate_MOV64mi32: Other reloc
translate_MOV32mi: Other reloc
shouldSubtractImageBase: Not on Win32
translate_MOV64mi32: Other reloc
shouldSubtractImageBase: Not on Win32
shouldSubtractImageBase: Not on Win32
doCallPCtarget address : 400f10
doCallPCtarget address : 42eab0
doCallPCtarget address : 400e70
doCallPCtarget address : 400e70
doCallPCtarget address : 400e70
doCallPCtarget address : 400e70
doCallPCtarget address : 400e70
doCallPCtarget address : 428230
doCallPCtarget address : 400e70
doCallPCtarget address : 428230
doCallPCtarget address : 400e70
doCallPCtarget address : 400e70
doCallPCtarget address : 428230
doCallPCtarget address : 400e70
doCallPCtarget address : 400e70
doCallPCtarget address : 428230
doCallPCtarget address : 42f3b0
doCallPCtarget address : 428230
doCallPCtarget address : 42f4f0
doCallPCtarget address : 400e70
doCallPCtarget address : 428230
doCallPCtarget address : 42f4f0
doCallPCtarget address : 42fa20
doCallPCtarget address : 42f2f0
doCallPCtarget address : 42f2f0
doCallPCtarget address : 42eb90
doCallPCtarget address : 42ebd0
doCallPCtarget address : 400e70
doCallPCtarget address : 42f940
doCallPCExtern paramCount  : 1 : free
1 : 5e83080
shouldSubtractImageBase: Not on Win32
shouldSubtractImageBase: Not on Win32
shouldSubtractImageBase: Not on Win32
doCallPCtarget address : 400f80
doCallPCtarget address : 42ad30
doCallPCtarget address : 400e10
doCallPC: Adding Unreachable Instruction to local noreturn
doCallPCExtern paramCount  : 1 : free
1 : 5e83080
shouldSubtractImageBase: Not on Win32
shouldSubtractImageBase: Not on Win32
shouldSubtractImageBase: Not on Win32
doCallPCtarget address : 42f980
doCallPCtarget address : 400f80
doCallPCtarget address : 42ad30
doCallPCtarget address : 400e10
doCallPC: Adding Unreachable Instruction to local noreturn
doCallPCExtern paramCount  : 1 : free
1 : 5e83080
shouldSubtractImageBase: Not on Win32
shouldSubtractImageBase: Not on Win32
shouldSubtractImageBase: Not on Win32
shouldSubtractImageBase: Not on Win32
shouldSubtractImageBase: Not on Win32
doCallPCtarget address : 40e640
doCallPCtarget address : 400e70
doCallPCtarget address : 40e640
doCallPCtarget address : 400e70
doCallPCtarget address : 400f80
doCallPCtarget address : 42ad30
doCallPCtarget address : 400e10
doCallPC: Adding Unreachable Instruction to local noreturn
shouldSubtractImageBase: Not on Win32
doCallPCtarget address : 40e640
doCallPCtarget address : 400e70
doCallPCExtern paramCount  : 1 : free
1 : 5e83080
shouldSubtractImageBase: Not on Win32
shouldSubtractImageBase: Not on Win32
shouldSubtractImageBase: Not on Win32
doCallPCtarget address : 400f80
doCallPCtarget address : 42ad30
doCallPCtarget address : 400e10
doCallPC: Adding Unreachable Instruction to local noreturn
shouldSubtractImageBase: Not on Win32
doCallPCtarget address : 40e640
doCallPCtarget address : 400e70
doCallPCExtern paramCount  : 1 : free
1 : 5e83080
shouldSubtractImageBase: Not on Win32
shouldSubtractImageBase: Not on Win32
translate_MOV32mi: Other reloc
shouldSubtractImageBase: Not on Win32
shouldSubtractImageBase: Not on Win32
shouldSubtractImageBase: Not on Win32
shouldSubtractImageBase: Not on Win32
translate_MOV32mi: Other reloc
shouldSubtractImageBase: Not on Win32
shouldSubtractImageBase: Not on Win32
translate_MOV64mi32: Other reloc
doCallPCtarget address : 400f10
doCallPCtarget address : 42eab0
doCallPCtarget address : 427f20
doCallPCtarget address : 40c830
doCallPCtarget address : 42ae50
doCallPCtarget address : 42e530
doCallPCtarget address : 42e6b0
doCallPCtarget address : 400e70
doCallPCtarget address : 4281e0
doCallPCtarget address : 42f3b0
doCallPCtarget address : 42f4f0
doCallPCtarget address : 42f4f0
doCallPCtarget address : 42fa20
doCallPCtarget address : 42f2f0
doCallPCtarget address : 42f2f0
doCallPCtarget address : 42eb90
doCallPCtarget address : 42ebd0
doCallPCtarget address : 400e70
doCallPCtarget address : 42f940
doCallPCExtern paramCount  : 1 : free
1 : 5e83080
shouldSubtractImageBase: Not on Win32
shouldSubtractImageBase: Not on Win32
doCallPCtarget address : 400f80
doCallPCtarget address : 42ad30
doCallPCtarget address : 400e10
doCallPC: Adding Unreachable Instruction to local noreturn
shouldSubtractImageBase: Not on Win32
shouldSubtractImageBase: Not on Win32
shouldSubtractImageBase: Not on Win32
doCallPCtarget address : 400f80
doCallPCtarget address : 42ad30
doCallPCtarget address : 400e10
doCallPC: Adding Unreachable Instruction to local noreturn
shouldSubtractImageBase: Not on Win32
doCallPCtarget address : 40e640
doCallPCtarget address : 400e70
doCallPCExtern paramCount  : 1 : free
1 : 5e83080
shouldSubtractImageBase: Not on Win32
translate_MOV64mi32: Other reloc
shouldSubtractImageBase: Not on Win32
shouldSubtractImageBase: Not on Win32
shouldSubtractImageBase: Not on Win32
shouldSubtractImageBase: Not on Win32
shouldSubtractImageBase: Not on Win32
shouldSubtractImageBase: Not on Win32
shouldSubtractImageBase: Not on Win32
shouldSubtractImageBase: Not on Win32
shouldSubtractImageBase: Not on Win32
shouldSubtractImageBase: Not on Win32
shouldSubtractImageBase: Not on Win32
shouldSubtractImageBase: Not on Win32
shouldSubtractImageBase: Not on Win32
shouldSubtractImageBase: Not on Win32
shouldSubtractImageBase: Not on Win32
shouldSubtractImageBase: Not on Win32
shouldSubtractImageBase: Not on Win32
shouldSubtractImageBase: Not on Win32
shouldSubtractImageBase: Not on Win32
shouldSubtractImageBase: Not on Win32
shouldSubtractImageBase: Not on Win32
shouldSubtractImageBase: Not on Win32
shouldSubtractImageBase: Not on Win32
shouldSubtractImageBase: Not on Win32
shouldSubtractImageBase: Not on Win32
shouldSubtractImageBase: Not on Win32
shouldSubtractImageBase: Not on Win32
shouldSubtractImageBase: Not on Win32
shouldSubtractImageBase: Not on Win32
shouldSubtractImageBase: Not on Win32
shouldSubtractImageBase: Not on Win32
shouldSubtractImageBase: Not on Win32
shouldSubtractImageBase: Not on Win32
shouldSubtractImageBase: Not on Win32
shouldSubtractImageBase: Not on Win32
shouldSubtractImageBase: Not on Win32
shouldSubtractImageBase: Not on Win32
shouldSubtractImageBase: Not on Win32
shouldSubtractImageBase: Not on Win32
shouldSubtractImageBase: Not on Win32
shouldSubtractImageBase: Not on Win32
shouldSubtractImageBase: Not on Win32
shouldSubtractImageBase: Not on Win32
shouldSubtractImageBase: Not on Win32
shouldSubtractImageBase: Not on Win32
shouldSubtractImageBase: Not on Win32
shouldSubtractImageBase: Not on Win32
shouldSubtractImageBase: Not on Win32
shouldSubtractImageBase: Not on Win32
shouldSubtractImageBase: Not on Win32
shouldSubtractImageBase: Not on Win32
shouldSubtractImageBase: Not on Win32
shouldSubtractImageBase: Not on Win32
shouldSubtractImageBase: Not on Win32
shouldSubtractImageBase: Not on Win32
shouldSubtractImageBase: Not on Win32
shouldSubtractImageBase: Not on Win32
doCallPCtarget address : 400e70
doCallPCtarget address : 400e70
doCallPCtarget address : 400e70
doCallPCtarget address : 400e70
doCallPCtarget address : 400e70
doCallPCtarget address : 400e70
doCallPCtarget address : 400e70
doCallPCtarget address : 400f70
doCallPCtarget address : 400f80
doCallPCtarget address : 400f80
doCallPCtarget address : 400f80
doCallPCtarget address : 400f70
doCallPCtarget address : 400f70
doCallPCtarget address : 400f80
doCallPCtarget address : 400e60
doCallPCtarget address : 400dc0
doCallPCtarget address : 400f60
doCallPCtarget address : 400f60
doCallPCtarget address : 400f30
doCallPCtarget address : 400f60
doCallPCtarget address : 400dc0
doCallPCtarget address : 40e640
doCallPCtarget address : 400f70
doCallPCtarget address : 400f70
doCallPCtarget address : 400f70
doCallPCtarget address : 400f70
doCallPCtarget address : 400f70
doCallPCtarget address : 400f80
doCallPCtarget address : 400fd0
doCallPCtarget address : 400fd0
doCallPCtarget address : 400f90
doCallPCtarget address : 400fb0
doCallPCtarget address : 400f80
doCallPCtarget address : 400fb0
doCallPCtarget address : 400f80
doCallPCtarget address : 400f80
doCallPCtarget address : 400f80
doCallPCtarget address : 400f80
doCallPCtarget address : 400f80
doCallPCtarget address : 400f80
doCallPCtarget address : 400f80
doCallPCtarget address : 400f80
doCallPCtarget address : 400f80
doCallPCtarget address : 400f80
doCallPCtarget address : 400f80
doCallPCtarget address : 400f30
doCallPCtarget address : 400dc0
doCallPCtarget address : 400f60
doCallPCtarget address : 400f80
doCallPCtarget address : 400f30
doCallPCtarget address : 400f70
doCallPCtarget address : 400f80
doCallPCtarget address : 42ad30
doCallPCtarget address : 400e10
doCallPC: Adding Unreachable Instruction to local noreturn
doCallPCExtern paramCount  : 1 : free
1 : 5e83080
shouldSubtractImageBase: Not on Win32
shouldSubtractImageBase: Not on Win32
shouldSubtractImageBase: Not on Win32
shouldSubtractImageBase: Not on Win32
shouldSubtractImageBase: Not on Win32
doCallPCtarget address : 40e640
doCallPCtarget address : 400e70
doCallPCtarget address : 40e640
doCallPCtarget address : 400e70
doCallPCtarget address : 400f80
doCallPCtarget address : 42ad30
doCallPCtarget address : 400e10
doCallPC: Adding Unreachable Instruction to local noreturn
doCallPCExtern paramCount  : 1 : free
1 : 5e83080
shouldSubtractImageBase: Not on Win32
shouldSubtractImageBase: Not on Win32
translate_MOV32mi: Other reloc
translate_MOV32mi: Other reloc
translate_MOV32mi: Other reloc
translate_MOV32mi: Other reloc
translate_MOV32mi: Other reloc
translate_MOV32mi: Other reloc
translate_MOV32mi: Other reloc
translate_MOV32mi: Other reloc
translate_MOV32mi: Other reloc
doCallPCtarget address : 40e640
doCallPCtarget address : 400e70
doCallPCtarget address : 40e640
doCallPCtarget address : 400e70
doCallPCExtern paramCount  : 2 : fopen64
2 : 5e83080
doCallPCtarget address : 428230
doCallPCtarget address : 428230
doCallPCtarget address : 428230
doCallPCExtern paramCount  : 1 : free
1 : 5e83080
shouldSubtractImageBase: Not on Win32
shouldSubtractImageBase: Not on Win32
shouldSubtractImageBase: Not on Win32
doCallPCtarget address : 400f80
doCallPCtarget address : 42ad30
doCallPCtarget address : 400e10
doCallPC: Adding Unreachable Instruction to local noreturn
doCallPCExtern paramCount  : 1 : free
1 : 5e83080
shouldSubtractImageBase: Not on Win32
shouldSubtractImageBase: Not on Win32
shouldSubtractImageBase: Not on Win32
shouldSubtractImageBase: Not on Win32
shouldSubtractImageBase: Not on Win32
shouldSubtractImageBase: Not on Win32
shouldSubtractImageBase: Not on Win32
shouldSubtractImageBase: Not on Win32
shouldSubtractImageBase: Not on Win32
shouldSubtractImageBase: Not on Win32
shouldSubtractImageBase: Not on Win32
doCallPCtarget address : 40e640
doCallPCtarget address : 400e70
doCallPCtarget address : 40e640
doCallPCtarget address : 400e70
doCallPCtarget address : 400f10
doCallPCtarget address : 400dc0
doCallPCtarget address : 40e640
doCallPCtarget address : 400f10
doCallPCtarget address : 400f10
doCallPCtarget address : 400dc0
doCallPCtarget address : 40e640
doCallPCtarget address : 400dc0
doCallPCtarget address : 40e640
doCallPCExtern paramCount  : 12 : printf
12 : 5e83080
doCallPCExtern paramCount  : 1 : close
1 : 5e83080
shouldSubtractImageBase: Not on Win32
shouldSubtractImageBase: Not on Win32
shouldSubtractImageBase: Not on Win32
shouldSubtractImageBase: Not on Win32
shouldSubtractImageBase: Not on Win32
shouldSubtractImageBase: Not on Win32
doCallPCtarget address : 400e30
doCallPCtarget address : 400e30
doCallPCtarget address : 415320
doCallPC: Adding Unreachable Instruction to local noreturn
shouldSubtractImageBase: Not on Win32
shouldSubtractImageBase: Not on Win32
shouldSubtractImageBase: Not on Win32
shouldSubtractImageBase: Not on Win32
shouldSubtractImageBase: Not on Win32
shouldSubtractImageBase: Not on Win32
shouldSubtractImageBase: Not on Win32
shouldSubtractImageBase: Not on Win32
shouldSubtractImageBase: Not on Win32
shouldSubtractImageBase: Not on Win32
shouldSubtractImageBase: Not on Win32
shouldSubtractImageBase: Not on Win32
shouldSubtractImageBase: Not on Win32
shouldSubtractImageBase: Not on Win32
shouldSubtractImageBase: Not on Win32
shouldSubtractImageBase: Not on Win32
shouldSubtractImageBase: Not on Win32
shouldSubtractImageBase: Not on Win32
shouldSubtractImageBase: Not on Win32
shouldSubtractImageBase: Not on Win32
shouldSubtractImageBase: Not on Win32
shouldSubtractImageBase: Not on Win32
shouldSubtractImageBase: Not on Win32
shouldSubtractImageBase: Not on Win32
shouldSubtractImageBase: Not on Win32
shouldSubtractImageBase: Not on Win32
shouldSubtractImageBase: Not on Win32
shouldSubtractImageBase: Not on Win32
shouldSubtractImageBase: Not on Win32
shouldSubtractImageBase: Not on Win32
shouldSubtractImageBase: Not on Win32
shouldSubtractImageBase: Not on Win32
shouldSubtractImageBase: Not on Win32
shouldSubtractImageBase: Not on Win32
shouldSubtractImageBase: Not on Win32
shouldSubtractImageBase: Not on Win32
shouldSubtractImageBase: Not on Win32
shouldSubtractImageBase: Not on Win32
shouldSubtractImageBase: Not on Win32
shouldSubtractImageBase: Not on Win32
shouldSubtractImageBase: Not on Win32
shouldSubtractImageBase: Not on Win32
shouldSubtractImageBase: Not on Win32
shouldSubtractImageBase: Not on Win32
shouldSubtractImageBase: Not on Win32
shouldSubtractImageBase: Not on Win32
doCallPCtarget address : 400e30
doCallPCtarget address : 400ed0
doCallPCtarget address : 400e30
doCallPCtarget address : 400f00
doCallPCtarget address : 4158c0
doCallPCtarget address : 400f80
doCallPCtarget address : 400f80
doCallPCtarget address : 400f70
doCallPCtarget address : 400ea0
doCallPCtarget address : 400f80
doCallPCtarget address : 400f80
doCallPCtarget address : 400f80
doCallPCtarget address : 400ed0
doCallPCtarget address : 400ea0
doCallPCtarget address : 400dc0
doCallPCtarget address : 40e640
doCallPCtarget address : 400e30
doCallPCtarget address : 400e30
doCallPCtarget address : 400f80
doCallPCtarget address : 400f70
doCallPCtarget address : 400f80
doCallPCtarget address : 400e30
doCallPCtarget address : 400f70
doCallPCtarget address : 400f70
doCallPCtarget address : 400f70
doCallPCtarget address : 400f70
doCallPCtarget address : 400e30
doCallPCExtern paramCount  : 4 : fwrite
4 : 5e83080
shouldSubtractImageBase: Not on Win32
shouldSubtractImageBase: Not on Win32
shouldSubtractImageBase: Not on Win32
shouldSubtractImageBase: Not on Win32
shouldSubtractImageBase: Not on Win32
shouldSubtractImageBase: Not on Win32
shouldSubtractImageBase: Not on Win32
shouldSubtractImageBase: Not on Win32
shouldSubtractImageBase: Not on Win32
shouldSubtractImageBase: Not on Win32
shouldSubtractImageBase: Not on Win32
shouldSubtractImageBase: Not on Win32
shouldSubtractImageBase: Not on Win32
doCallPCtarget address : 400e30
doCallPCtarget address : 400e30
doCallPCtarget address : 400f00
doCallPCtarget address : 400e30
doCallPCtarget address : 400e30
doCallPCtarget address : 400eb0
doCallPCtarget address : 400dc0
doCallPCtarget address : 40e640
doCallPCExtern paramCount  : 2 : strcpy
2 : 5e83080
doCallPCExtern paramCount  : 1 : localtime
1 : 5e83080
doCallPCExtern paramCount  : 3 : strncmp
3 : 5e83080
doCallPCExtern paramCount  : 12 : sscanf
12 : 5e83080
shouldSubtractImageBase: Not on Win32
shouldSubtractImageBase: Not on Win32
shouldSubtractImageBase: Not on Win32
shouldSubtractImageBase: Not on Win32
shouldSubtractImageBase: Not on Win32
shouldSubtractImageBase: Not on Win32
shouldSubtractImageBase: Not on Win32
shouldSubtractImageBase: Not on Win32
shouldSubtractImageBase: Not on Win32
shouldSubtractImageBase: Not on Win32
shouldSubtractImageBase: Not on Win32
shouldSubtractImageBase: Not on Win32
shouldSubtractImageBase: Not on Win32
shouldSubtractImageBase: Not on Win32
shouldSubtractImageBase: Not on Win32
shouldSubtractImageBase: Not on Win32
doJumpTableViaSwitch: Doing jumpt table via switch
shouldSubtractImageBase: Not on Win32
shouldSubtractImageBase: Not on Win32
shouldSubtractImageBase: Not on Win32
shouldSubtractImageBase: Not on Win32
shouldSubtractImageBase: Not on Win32
doCallPCtarget address : 400f10
doCallPCtarget address : 42eab0
doCallPCtarget address : 40e640
doCallPCtarget address : 40e640
doCallPCtarget address : 40e640
doCallPCtarget address : 4313f0
doCallPCtarget address : 40d930
doCallPCtarget address : 40d9b0
doCallPCtarget address : 40e640
doCallPCtarget address : 40e640
doCallPCtarget address : 428230
doCallPCtarget address : 428230
doCallPCtarget address : 428230
doCallPCtarget address : 428230
doCallPCtarget address : 428230
doCallPCExtern paramCount  : 4 : strftime
4 : 5e83080
doCallPCExtern paramCount  : 4 : fwrite
4 : 5e83080
doCallPCExtern paramCount  : 1 : fclose
1 : 5e83080
doCallPCExtern paramCount  : 2 : strrchr
2 : 5e83080
shouldSubtractImageBase: Not on Win32
shouldSubtractImageBase: Not on Win32
shouldSubtractImageBase: Not on Win32
shouldSubtractImageBase: Not on Win32
shouldSubtractImageBase: Not on Win32
shouldSubtractImageBase: Not on Win32
shouldSubtractImageBase: Not on Win32
shouldSubtractImageBase: Not on Win32
shouldSubtractImageBase: Not on Win32
shouldSubtractImageBase: Not on Win32
shouldSubtractImageBase: Not on Win32
shouldSubtractImageBase: Not on Win32
shouldSubtractImageBase: Not on Win32
shouldSubtractImageBase: Not on Win32
shouldSubtractImageBase: Not on Win32
shouldSubtractImageBase: Not on Win32
shouldSubtractImageBase: Not on Win32
shouldSubtractImageBase: Not on Win32
shouldSubtractImageBase: Not on Win32
shouldSubtractImageBase: Not on Win32
shouldSubtractImageBase: Not on Win32
shouldSubtractImageBase: Not on Win32
shouldSubtractImageBase: Not on Win32
shouldSubtractImageBase: Not on Win32
shouldSubtractImageBase: Not on Win32
shouldSubtractImageBase: Not on Win32
shouldSubtractImageBase: Not on Win32
shouldSubtractImageBase: Not on Win32
shouldSubtractImageBase: Not on Win32
shouldSubtractImageBase: Not on Win32
shouldSubtractImageBase: Not on Win32
shouldSubtractImageBase: Not on Win32
shouldSubtractImageBase: Not on Win32
shouldSubtractImageBase: Not on Win32
shouldSubtractImageBase: Not on Win32
shouldSubtractImageBase: Not on Win32
shouldSubtractImageBase: Not on Win32
shouldSubtractImageBase: Not on Win32
shouldSubtractImageBase: Not on Win32
shouldSubtractImageBase: Not on Win32
shouldSubtractImageBase: Not on Win32
shouldSubtractImageBase: Not on Win32
shouldSubtractImageBase: Not on Win32
shouldSubtractImageBase: Not on Win32
doCallPCtarget address : 400f60
doCallPCtarget address : 400f50
doCallPCtarget address : 400f50
doCallPCtarget address : 400f50
doCallPCtarget address : 400f50
doCallPCtarget address : 400f50
doCallPCtarget address : 400f50
doCallPCtarget address : 400f50
doCallPCtarget address : 400f50
doCallPCtarget address : 400f50
doCallPCtarget address : 400f50
doCallPCtarget address : 400dc0
doCallPCtarget address : 40e640
doCallPCtarget address : 400dc0
doCallPCtarget address : 40e640
doCallPCtarget address : 400f50
doCallPCtarget address : 400f50
doCallPCtarget address : 400f50
doCallPCtarget address : 400f50
doCallPCtarget address : 400f50
doCallPCtarget address : 400f50
doCallPCtarget address : 400f50
doCallPCtarget address : 400f50
doCallPCtarget address : 400f50
doCallPCtarget address : 400f50
doCallPCtarget address : 400f50
doCallPCtarget address : 400f50
doCallPCtarget address : 400f50
doCallPCtarget address : 400f50
doCallPCtarget address : 400f50
doCallPCtarget address : 400f50
doCallPCtarget address : 400f50
doCallPCtarget address : 400f50
doCallPCtarget address : 400f50
doCallPCtarget address : 400f50
doCallPCtarget address : 400f30
doCallPCtarget address : 400dc0
doCallPCtarget address : 40e640
doCallPCExtern paramCount  : 2 : fputc
2 : 5e83080
doCallPCExtern paramCount  : 12 : open64
12 : 5e83080
doCallPCExtern paramCount  : 1 : exit
1 : 5e83080
shouldSubtractImageBase: Not on Win32
doJumpTableViaSwitch: Doing jumpt table via switch
shouldSubtractImageBase: Not on Win32
shouldSubtractImageBase: Not on Win32
shouldSubtractImageBase: Not on Win32
shouldSubtractImageBase: Not on Win32
shouldSubtractImageBase: Not on Win32
doCallPCtarget address : 42f4f0
doCallPCtarget address : 42f4f0
doCallPCtarget address : 42f4f0
doCallPCtarget address : 42f4f0
doCallPCtarget address : 42f4f0
doCallPCtarget address : 42f4f0
doCallPCtarget address : 40e640
doCallPCtarget address : 428230
doCallPCtarget address : 428230
doCallPCtarget address : 428230
doCallPCtarget address : 428230
doCallPCtarget address : 428230
doCallPCExtern paramCount  : 2 : calloc
2 : 5e83080
shouldSubtractImageBase: Not on Win32
shouldSubtractImageBase: Not on Win32
doCallPCtarget address : 400f70
doCallPCtarget address : 400e10
doCallPC: Adding Unreachable Instruction to local noreturn
shouldSubtractImageBase: Not on Win32
shouldSubtractImageBase: Not on Win32
shouldSubtractImageBase: Not on Win32
shouldSubtractImageBase: Not on Win32
shouldSubtractImageBase: Not on Win32
shouldSubtractImageBase: Not on Win32
shouldSubtractImageBase: Not on Win32
shouldSubtractImageBase: Not on Win32
shouldSubtractImageBase: Not on Win32
shouldSubtractImageBase: Not on Win32
shouldSubtractImageBase: Not on Win32
shouldSubtractImageBase: Not on Win32
translate_MOV32mi: Other reloc
doCallPCtarget address : 42eb90
doCallPCtarget address : 42f450
doCallPCtarget address : 42f330
doCallPCtarget address : 42ebd0
doCallPCtarget address : 42f330
doCallPCtarget address : 400e70
doCallPCtarget address : 42f2f0
doCallPCtarget address : 42f450
doCallPCtarget address : 42f450
doCallPCtarget address : 42f590
doCallPCtarget address : 400e70
doCallPCtarget address : 400e70
doCallPCExtern paramCount  : 1 : free
1 : 5e83080
doCallPCExtern paramCount  : 1 : time
1 : 5e83080
shouldSubtractImageBase: Not on Win32
doCallPCExtern paramCount  : 1 : fclose
1 : 5e83080
shouldSubtractImageBase: Not on Win32
shouldSubtractImageBase: Not on Win32
shouldSubtractImageBase: Not on Win32
shouldSubtractImageBase: Not on Win32
shouldSubtractImageBase: Not on Win32
shouldSubtractImageBase: Not on Win32
shouldSubtractImageBase: Not on Win32
shouldSubtractImageBase: Not on Win32
shouldSubtractImageBase: Not on Win32
shouldSubtractImageBase: Not on Win32
shouldSubtractImageBase: Not on Win32
shouldSubtractImageBase: Not on Win32
shouldSubtractImageBase: Not on Win32
shouldSubtractImageBase: Not on Win32
shouldSubtractImageBase: Not on Win32
shouldSubtractImageBase: Not on Win32
shouldSubtractImageBase: Not on Win32
shouldSubtractImageBase: Not on Win32
shouldSubtractImageBase: Not on Win32
shouldSubtractImageBase: Not on Win32
shouldSubtractImageBase: Not on Win32
shouldSubtractImageBase: Not on Win32
shouldSubtractImageBase: Not on Win32
shouldSubtractImageBase: Not on Win32
!!!WARNING WARNING WARNING!!!
	Assuming all callbacks are to translated code!!!
doCallPCtarget address : 400ef0
doCallPCtarget address : 427f60
doCallPCtarget address : 40ca70
doCallPCtarget address : 400f10
doCallPCtarget address : 400f60
doCallPCtarget address : 400dc0
doCallPCtarget address : 400f80
doCallPCtarget address : 42ad30
doCallPCtarget address : 400e10
doCallPC: Adding Unreachable Instruction to local noreturn
shouldSubtractImageBase: Not on Win32
shouldSubtractImageBase: Not on Win32
shouldSubtractImageBase: Not on Win32
doCallPCtarget address : 4313f0
doCallPCtarget address : 400e70
doCallPCExtern paramCount  : 1 : free
1 : 5e83080
shouldSubtractImageBase: Not on Win32
shouldSubtractImageBase: Not on Win32
shouldSubtractImageBase: Not on Win32
shouldSubtractImageBase: Not on Win32
shouldSubtractImageBase: Not on Win32
shouldSubtractImageBase: Not on Win32
shouldSubtractImageBase: Not on Win32
doCallPCtarget address : 427f60
doCallPCtarget address : 40ca70
doCallPCExtern paramCount  : 12 : snprintf
12 : 5e83080
doCallPCExtern paramCount  : 12 : fscanf
12 : 5e83080
shouldSubtractImageBase: Not on Win32
shouldSubtractImageBase: Not on Win32
translate_MOV64mi32: Other reloc
translate_MOV64mi32: Other reloc
shouldSubtractImageBase: Not on Win32
shouldSubtractImageBase: Not on Win32
translate_MOV32mi: Other reloc
translate_MOV32mi: Other reloc
shouldSubtractImageBase: Not on Win32
translate_MOV32mi: Other reloc
shouldSubtractImageBase: Not on Win32
shouldSubtractImageBase: Not on Win32
shouldSubtractImageBase: Not on Win32
translate_MOV32mi: Other reloc
shouldSubtractImageBase: Not on Win32
shouldSubtractImageBase: Not on Win32
shouldSubtractImageBase: Not on Win32
shouldSubtractImageBase: Not on Win32
shouldSubtractImageBase: Not on Win32
shouldSubtractImageBase: Not on Win32
shouldSubtractImageBase: Not on Win32
shouldSubtractImageBase: Not on Win32
shouldSubtractImageBase: Not on Win32
translate_MOV64mi32: Other reloc
shouldSubtractImageBase: Not on Win32
shouldSubtractImageBase: Not on Win32
shouldSubtractImageBase: Not on Win32
shouldSubtractImageBase: Not on Win32
shouldSubtractImageBase: Not on Win32
shouldSubtractImageBase: Not on Win32
shouldSubtractImageBase: Not on Win32
shouldSubtractImageBase: Not on Win32
shouldSubtractImageBase: Not on Win32
shouldSubtractImageBase: Not on Win32
shouldSubtractImageBase: Not on Win32
shouldSubtractImageBase: Not on Win32
shouldSubtractImageBase: Not on Win32
shouldSubtractImageBase: Not on Win32
shouldSubtractImageBase: Not on Win32
shouldSubtractImageBase: Not on Win32
shouldSubtractImageBase: Not on Win32
shouldSubtractImageBase: Not on Win32
shouldSubtractImageBase: Not on Win32
shouldSubtractImageBase: Not on Win32
shouldSubtractImageBase: Not on Win32
shouldSubtractImageBase: Not on Win32
shouldSubtractImageBase: Not on Win32
shouldSubtractImageBase: Not on Win32
shouldSubtractImageBase: Not on Win32
shouldSubtractImageBase: Not on Win32
shouldSubtractImageBase: Not on Win32
shouldSubtractImageBase: Not on Win32
shouldSubtractImageBase: Not on Win32
shouldSubtractImageBase: Not on Win32
shouldSubtractImageBase: Not on Win32
shouldSubtractImageBase: Not on Win32
shouldSubtractImageBase: Not on Win32
doCallPCtarget address : 400e70
doCallPCtarget address : 400e70
doCallPCtarget address : 413200
doCallPCtarget address : 413f00
doCallPCtarget address : 408dc0
doCallPCtarget address : 406750
doCallPCtarget address : 413f00
doCallPCtarget address : 414c00
doCallPCtarget address : 414a90
doCallPCtarget address : 416d10
doCallPCtarget address : 410410
doCallPCtarget address : 40a4e0
doCallPCtarget address : 429b50
doCallPCtarget address : 40a510
doCallPCtarget address : 40a620
doCallPCtarget address : 40a530
doCallPCtarget address : 400ec0
doCallPCtarget address : 400fd0
doCallPCtarget address : 400e80
doCallPCtarget address : 400fc0
doCallPCtarget address : 40a510
doCallPCtarget address : 400f80
doCallPCtarget address : 40a7e0
doCallPCtarget address : 40a530
doCallPCtarget address : 40a620
doCallPCtarget address : 400fe0
doCallPCtarget address : 40b2b0
doCallPCtarget address : 40a4e0
doCallPCtarget address : 400f80
doCallPCtarget address : 400fe0
doCallPCtarget address : 400f80
doCallPCExtern paramCount  : 1 : strlen
1 : 5e83080
shouldSubtractImageBase: Not on Win32
shouldSubtractImageBase: Not on Win32
shouldSubtractImageBase: Not on Win32
shouldSubtractImageBase: Not on Win32
shouldSubtractImageBase: Not on Win32
doCallPCExtern paramCount  : 3 : memcpy
3 : 5e83080
shouldSubtractImageBase: Not on Win32
Unsupported!
41045c 	movd	%rax, %xmm0
1594
doCallPCtarget address : 40a890
doCallPCtarget address : 40a890
doCallPCtarget address : 40a890
doCallPCtarget address : 426fc0
error: 
Line: 471
File: /home/ed/mcsema/mc-sema/cfgToLLVM/raiseX86.h
Unsupported bit width in write
Saved bitcode to /home/ed/mcsema-testing/SANDBOX/test-2015-12-21_15-36-50/MultiSource/Applications/JM/ldecod/Output/ldecod.simple.mcsema/ldecod.simple.bc
