Looking up target...
Reading module ...
 TT x86-64 : x86_64-unknown-unknown 
Deserializing functions...
Deserializing functions...
Deserializing functions...
Deserializing functions...
Deserializing functions...
Deserializing functions...
Deserializing data...
Deserializing data...
Deserializing data...
Deserializing data...
Deserializing data...
Deserializing data...
Deserializing data...
Deserializing data...
Deserializing data...
Deserializing data...
Deserializing data...
Deserializing externs...
Creating module...
Setting target...
Done setting target
Adding external funcs...
Adding external data...
Adding internal data...
Adding entry points...
Returning modue...
Setting initial triples...
Looking at entry points...
Already have driver for: main
Getting LLVM module...
Converting to LLVM...
Inserted function: sub_400800
Inserted function: sub_4006c0
Inserted function: sub_4006d0
Inserted function: sub_4006e0
Inserted function: sub_4006a0
Inserted function: sub_4006f0
inserting global data section named data_0x4008c0
inserting global data section named data_0x4008cc
inserting global data section named data_0x400900
inserting global data section named data_0x400a0c
inserting global data section named data_0x600de0
inserting global data section named data_0x600de8
inserting global data section named data_0x600df0
inserting global data section named data_0x600ff8
inserting global data section named data_0x601000
inserting global data section named data_0x601058
inserting global data section named data_0x601080
dataSectionToTypesContents : 4008c0 b
11
dataSectionToTypesContents : 4008cc 34
52
dataSectionToTypesContents : 400900 10c
268
dataSectionToTypesContents : 400a0c 34
52
dataSectionToTypesContents : 600de0 8
8
dataSectionToTypesContents : 600de8 8
8
dataSectionToTypesContents : 600df0 8
8
dataSectionToTypesContents : 600ff8 8
8
dataSectionToTypesContents : 601000 58
88
dataSectionToTypesContents : 601058 10
16
dataSectionToTypesContents : 601080 18
24
shouldSubtractImageBase: Not on Win32
shouldSubtractImageBase: Not on Win32
doCallPCtarget address : 4006c0
doCallPCtarget address : 4006d0
doCallPCtarget address : 4006f0
doCallPCtarget address : 4006a0
doCallPCtarget address : 4006e0
error: 
Line: 536
File: /home/ed/mcsema/mc-sema/cfgToLLVM/x86Instrs_Branches.cpp
Could not find external function: __cxa_allocate_exception
Saved bitcode to /home/ed/mcsema-testing/SANDBOX/test-2015-12-21_15-36-50/SingleSource/Regression/C++/EH/Output/simple_throw.simple.mcsema/simple_throw.simple.bc
