Looking up target...
Reading module ...
 TT x86-64 : x86_64-unknown-unknown 
Deserializing functions...
Deserializing functions...
Deserializing functions...
Deserializing functions...
Deserializing functions...
Deserializing functions...
Deserializing functions...
Deserializing functions...
Deserializing functions...
Deserializing functions...
Deserializing functions...
Deserializing functions...
Deserializing functions...
Deserializing functions...
Deserializing functions...
Deserializing functions...
Deserializing functions...
Deserializing functions...
Deserializing functions...
Deserializing functions...
Deserializing functions...
Deserializing functions...
Deserializing functions...
Deserializing functions...
Deserializing functions...
Deserializing functions...
Deserializing functions...
Deserializing functions...
Deserializing functions...
Deserializing functions...
Deserializing functions...
Deserializing functions...
Deserializing functions...
Deserializing functions...
Deserializing functions...
Deserializing functions...
Deserializing functions...
Deserializing functions...
Deserializing functions...
Deserializing functions...
Deserializing functions...
Deserializing functions...
Deserializing functions...
Deserializing functions...
Deserializing functions...
Deserializing functions...
Deserializing functions...
Deserializing functions...
Deserializing functions...
Deserializing functions...
Deserializing functions...
Deserializing functions...
Deserializing functions...
Deserializing functions...
Deserializing functions...
Deserializing functions...
Deserializing functions...
Deserializing functions...
Deserializing functions...
Deserializing functions...
Deserializing functions...
Deserializing functions...
Deserializing functions...
Deserializing functions...
Deserializing functions...
Deserializing functions...
Deserializing functions...
Deserializing functions...
Deserializing functions...
Deserializing functions...
Deserializing functions...
Deserializing functions...
Deserializing functions...
Deserializing functions...
Deserializing functions...
Deserializing functions...
Deserializing data...
Deserializing data...
Deserializing data...
Deserializing data...
Deserializing data...
Deserializing data...
Deserializing data...
Deserializing data...
Deserializing data...
Deserializing data...
Deserializing data...
Deserializing externs...
Deserializing externs...
Deserializing externs...
Deserializing externs...
Deserializing externs...
Deserializing externs...
Deserializing externs...
Deserializing externs...
Deserializing externs...
Deserializing externs...
Deserializing externs...
Deserializing externs...
Deserializing externs...
Deserializing externs...
Deserializing externs...
Deserializing externs...
Creating module...
Setting target...
Done setting target
Adding external funcs...
Adding external data...
Adding internal data...
Adding entry points...
Returning modue...
Setting initial triples...
Looking at entry points...
Already have driver for: main
Getting LLVM module...
Converting to LLVM...
Inserted function: sub_407810
Inserted function: sub_400c00
Inserted function: sub_400b60
Inserted function: sub_400b80
Inserted function: sub_400b40
Inserted function: sub_400bd0
Inserted function: sub_400c20
Inserted function: sub_400b70
Inserted function: sub_4080c0
Inserted function: sub_400bc0
Inserted function: sub_400b10
Inserted function: sub_400bf0
Inserted function: sub_407d70
Inserted function: sub_404e60
Inserted function: sub_408270
Inserted function: sub_4048c0
Inserted function: sub_404c00
Inserted function: sub_400c30
Inserted function: sub_404860
Inserted function: sub_405190
Inserted function: sub_4051a0
Inserted function: sub_404760
Inserted function: sub_405180
Inserted function: sub_405110
Inserted function: sub_408a80
Inserted function: sub_4012c0
Inserted function: sub_400b00
Inserted function: sub_404600
Inserted function: sub_404bb0
Inserted function: sub_405b80
Inserted function: sub_405200
Inserted function: sub_409200
Inserted function: sub_400bb0
Inserted function: sub_404a10
Inserted function: sub_402280
Inserted function: sub_400e00
Inserted function: sub_405140
Inserted function: sub_409630
Inserted function: sub_401030
Inserted function: sub_404d30
Inserted function: sub_4051b0
Inserted function: sub_404f70
Inserted function: sub_4096c0
Inserted function: sub_401140
Inserted function: sub_405100
Inserted function: sub_405120
Inserted function: sub_400be0
Inserted function: sub_400b50
Inserted function: sub_4042e0
Inserted function: sub_402360
Inserted function: sub_404c70
Inserted function: sub_4050f0
Inserted function: sub_409180
Inserted function: sub_405240
Inserted function: sub_404990
Inserted function: sub_4042c0
Inserted function: sub_400ba0
Inserted function: sub_400d70
Inserted function: sub_4010f0
Inserted function: sub_4010b0
Inserted function: sub_405170
Inserted function: sub_409600
Inserted function: sub_409680
Inserted function: sub_4092f0
Inserted function: sub_400dc0
Inserted function: sub_400c50
Inserted function: sub_4010d0
Inserted function: sub_404ac0
Inserted function: sub_4096f0
Inserted function: sub_404730
Inserted function: sub_4094e0
Inserted function: sub_400d50
Inserted function: sub_404830
Inserted function: sub_404930
Inserted function: sub_400ef0
Inserted function: sub_400b30
inserting global data section named data_0x409da0
inserting global data section named data_0x40a1a0
inserting global data section named data_0x40a4d0
inserting global data section named data_0x40b24c
inserting global data section named data_0x60bde0
inserting global data section named data_0x60bde8
inserting global data section named data_0x60bdf0
inserting global data section named data_0x60bff8
inserting global data section named data_0x60c000
inserting global data section named data_0x60c0d0
inserting global data section named data_0x60c0e0
dataSectionToTypesContents : 409da0 400
1024
dataSectionToTypesContents : 40a1a0 32c
812
dataSectionToTypesContents : 40a4d0 d7c
3452
dataSectionToTypesContents : 40b24c 74
116
dataSectionToTypesContents : 60bde0 8
8
dataSectionToTypesContents : 60bde8 8
8
dataSectionToTypesContents : 60bdf0 8
8
dataSectionToTypesContents : 60bff8 8
8
dataSectionToTypesContents : 60c000 d0
208
dataSectionToTypesContents : 60c0d0 10
16
dataSectionToTypesContents : 60c0e0 80
128
shouldSubtractImageBase: Not on Win32
shouldSubtractImageBase: Not on Win32
shouldSubtractImageBase: Not on Win32
shouldSubtractImageBase: Not on Win32
shouldSubtractImageBase: Not on Win32
shouldSubtractImageBase: Not on Win32
shouldSubtractImageBase: Not on Win32
shouldSubtractImageBase: Not on Win32
shouldSubtractImageBase: Not on Win32
shouldSubtractImageBase: Not on Win32
shouldSubtractImageBase: Not on Win32
shouldSubtractImageBase: Not on Win32
shouldSubtractImageBase: Not on Win32
shouldSubtractImageBase: Not on Win32
shouldSubtractImageBase: Not on Win32
shouldSubtractImageBase: Not on Win32
shouldSubtractImageBase: Not on Win32
shouldSubtractImageBase: Not on Win32
shouldSubtractImageBase: Not on Win32
shouldSubtractImageBase: Not on Win32
shouldSubtractImageBase: Not on Win32
shouldSubtractImageBase: Not on Win32
doCallPCtarget address : 400bd0
doCallPCtarget address : 407d70
doCallPCtarget address : 400b30
doCallPCtarget address : 400b30
doCallPCtarget address : 400b30
doCallPCtarget address : 400b30
doCallPCtarget address : 400b30
doCallPCtarget address : 400b70
doCallPCtarget address : 400bd0
doCallPCtarget address : 400bd0
doCallPCtarget address : 400b80
doCallPCtarget address : 400b80
doCallPCtarget address : 400c20
doCallPCtarget address : 400b60
doCallPCtarget address : 400c00
doCallPCtarget address : 400b60
doCallPC: Adding Unreachable Instruction to local noreturn
doJumpTableViaSwitch: Doing jumpt table via switch
Unsupported!
407a44 	cvtsi2sdq	%rax, %xmm0
622
doCallPCtarget address : 408a80
doCallPCtarget address : 4080c0
doCallPCtarget address : 400b40
doCallPCtarget address : 400bf0
doCallPCtarget address : 408270
doCallPCtarget address : 400bf0
Failure to convert to LLVM module!
Saved bitcode to /home/ed/mcsema-testing/SANDBOX/test-2015-12-21_15-36-50/MultiSource/Applications/ALAC/decode/Output/alacconvert-decode.simple.mcsema/alacconvert-decode.simple.bc
