Looking up target...
Reading module ...
 TT x86-64 : x86_64-unknown-unknown 
Deserializing functions...
Deserializing functions...
Deserializing functions...
Deserializing functions...
Deserializing functions...
Deserializing functions...
Deserializing functions...
Deserializing functions...
Deserializing functions...
Deserializing functions...
Deserializing functions...
Deserializing functions...
Deserializing functions...
Deserializing functions...
Deserializing functions...
Deserializing functions...
Deserializing functions...
Deserializing functions...
Deserializing functions...
Deserializing functions...
Deserializing functions...
Deserializing functions...
Deserializing functions...
Deserializing functions...
Deserializing functions...
Deserializing functions...
Deserializing functions...
Deserializing functions...
Deserializing functions...
Deserializing functions...
Deserializing functions...
Deserializing functions...
Deserializing functions...
Deserializing functions...
Deserializing functions...
Deserializing functions...
Deserializing functions...
Deserializing functions...
Deserializing functions...
Deserializing functions...
Deserializing functions...
Deserializing functions...
Deserializing functions...
Deserializing functions...
Deserializing functions...
Deserializing functions...
Deserializing functions...
Deserializing functions...
Deserializing functions...
Deserializing functions...
Deserializing functions...
Deserializing functions...
Deserializing functions...
Deserializing functions...
Deserializing functions...
Deserializing functions...
Deserializing functions...
Deserializing functions...
Deserializing functions...
Deserializing functions...
Deserializing functions...
Deserializing functions...
Deserializing functions...
Deserializing functions...
Deserializing functions...
Deserializing functions...
Deserializing functions...
Deserializing functions...
Deserializing functions...
Deserializing functions...
Deserializing functions...
Deserializing functions...
Deserializing functions...
Deserializing functions...
Deserializing functions...
Deserializing functions...
Deserializing functions...
Deserializing functions...
Deserializing functions...
Deserializing functions...
Deserializing functions...
Deserializing functions...
Deserializing functions...
Deserializing functions...
Deserializing functions...
Deserializing data...
Deserializing data...
Deserializing data...
Deserializing data...
Deserializing data...
Deserializing data...
Deserializing data...
Deserializing data...
Deserializing data...
Deserializing data...
Deserializing externs...
Deserializing externs...
Deserializing externs...
Deserializing externs...
Deserializing externs...
Deserializing externs...
Deserializing externs...
Deserializing externs...
Deserializing externs...
Deserializing externs...
Deserializing externs...
Deserializing externs...
Deserializing externs...
Deserializing externs...
Deserializing externs...
Deserializing externs...
Deserializing externs...
Deserializing externs...
Deserializing externs...
Deserializing externs...
Deserializing externs...
Deserializing externs...
Deserializing externs...
Deserializing externs...
Creating module...
Setting target...
Done setting target
Adding external funcs...
Adding external data...
Adding internal data...
Adding entry points...
Returning modue...
Setting initial triples...
Looking at entry points...
Already have driver for: main
Getting LLVM module...
Converting to LLVM...
Inserted function: sub_404940
Inserted function: sub_402ea0
Inserted function: sub_400b50
Inserted function: sub_401a60
Inserted function: sub_400b80
Inserted function: sub_4057e0
Inserted function: sub_401720
Inserted function: sub_402280
Inserted function: sub_405000
Inserted function: sub_405100
Inserted function: sub_400bf0
Inserted function: sub_403290
Inserted function: sub_400ae0
Inserted function: sub_4056d0
Inserted function: sub_405800
Inserted function: sub_4032c0
Inserted function: sub_400b70
Inserted function: sub_403210
Inserted function: sub_402ae0
Inserted function: sub_400b20
Inserted function: sub_4023a0
Inserted function: sub_401ff0
Inserted function: sub_403cb0
Inserted function: sub_400c00
Inserted function: sub_405640
Inserted function: sub_400bb0
Inserted function: sub_401410
Inserted function: sub_401280
Inserted function: sub_404fd0
Inserted function: sub_405080
Inserted function: sub_4050c0
Inserted function: sub_404810
Inserted function: sub_401080
Inserted function: sub_400d80
Inserted function: sub_404f40
Inserted function: sub_4015d0
Inserted function: sub_405280
Inserted function: sub_400aa0
Inserted function: sub_404ef0
Inserted function: sub_401710
Inserted function: sub_400ba0
Inserted function: sub_400b60
Inserted function: sub_401070
Inserted function: sub_401ca0
Inserted function: sub_401540
Inserted function: sub_4031b0
Inserted function: sub_403270
Inserted function: sub_405680
Inserted function: sub_4032b0
Inserted function: sub_403240
Inserted function: sub_400d20
Inserted function: sub_401670
Inserted function: sub_401370
Inserted function: sub_4050e0
Inserted function: sub_400bd0
Inserted function: sub_405570
Inserted function: sub_4031a0
Inserted function: sub_401dd0
Inserted function: sub_405670
Inserted function: sub_4012a0
Inserted function: sub_400b00
Inserted function: sub_402760
Inserted function: sub_4032d0
Inserted function: sub_400b40
Inserted function: sub_400bc0
Inserted function: sub_400d50
Inserted function: sub_403c40
Inserted function: sub_401360
Inserted function: sub_4014a0
Inserted function: sub_4010d0
Inserted function: sub_4031f0
Inserted function: sub_404e40
Inserted function: sub_402ab0
Inserted function: sub_402af0
Inserted function: sub_400b30
Inserted function: sub_400c10
Inserted function: sub_400c20
Inserted function: sub_400be0
Inserted function: sub_400ad0
Inserted function: sub_405040
Inserted function: sub_4052d0
Inserted function: sub_403960
Inserted function: sub_400a90
Inserted function: sub_400b90
Inserted function: sub_400ab0
inserting global data section named data_0x405890
inserting global data section named data_0x406390
inserting global data section named data_0x4065d8
inserting global data section named data_0x607de0
inserting global data section named data_0x607de8
inserting global data section named data_0x607df0
inserting global data section named data_0x607ff8
inserting global data section named data_0x608000
inserting global data section named data_0x6080e8
inserting global data section named data_0x608100
dataSectionToTypesContents : 405890 afd
2813
dataSectionToTypesContents : 406390 244
580
dataSectionToTypesContents : 4065d8 9cc
2508
dataSectionToTypesContents : 607de0 8
8
dataSectionToTypesContents : 607de8 8
8
dataSectionToTypesContents : 607df0 8
8
dataSectionToTypesContents : 607ff8 8
8
dataSectionToTypesContents : 608000 e8
232
dataSectionToTypesContents : 6080e8 14
20
dataSectionToTypesContents : 608100 13b6f8
1292024
shouldSubtractImageBase: Not on Win32
doCallPCtarget address : 403240
doCallPC: Adding Unreachable Instruction to local noreturn
translate_MOV32mi: Other reloc
shouldSubtractImageBase: Not on Win32
shouldSubtractImageBase: Not on Win32
translate_MOV32mi: Other reloc
shouldSubtractImageBase: Not on Win32
shouldSubtractImageBase: Not on Win32
shouldSubtractImageBase: Not on Win32
doJumpTableViaSwitch: Doing jumpt table via switch
shouldSubtractImageBase: Not on Win32
shouldSubtractImageBase: Not on Win32
shouldSubtractImageBase: Not on Win32
shouldSubtractImageBase: Not on Win32
shouldSubtractImageBase: Not on Win32
shouldSubtractImageBase: Not on Win32
shouldSubtractImageBase: Not on Win32
shouldSubtractImageBase: Not on Win32
shouldSubtractImageBase: Not on Win32
shouldSubtractImageBase: Not on Win32
shouldSubtractImageBase: Not on Win32
shouldSubtractImageBase: Not on Win32
shouldSubtractImageBase: Not on Win32
shouldSubtractImageBase: Not on Win32
shouldSubtractImageBase: Not on Win32
shouldSubtractImageBase: Not on Win32
shouldSubtractImageBase: Not on Win32
shouldSubtractImageBase: Not on Win32
shouldSubtractImageBase: Not on Win32
shouldSubtractImageBase: Not on Win32
shouldSubtractImageBase: Not on Win32
shouldSubtractImageBase: Not on Win32
shouldSubtractImageBase: Not on Win32
shouldSubtractImageBase: Not on Win32
shouldSubtractImageBase: Not on Win32
shouldSubtractImageBase: Not on Win32
shouldSubtractImageBase: Not on Win32
shouldSubtractImageBase: Not on Win32
shouldSubtractImageBase: Not on Win32
shouldSubtractImageBase: Not on Win32
shouldSubtractImageBase: Not on Win32
shouldSubtractImageBase: Not on Win32
shouldSubtractImageBase: Not on Win32
shouldSubtractImageBase: Not on Win32
shouldSubtractImageBase: Not on Win32
shouldSubtractImageBase: Not on Win32
shouldSubtractImageBase: Not on Win32
shouldSubtractImageBase: Not on Win32
shouldSubtractImageBase: Not on Win32
doCallPCtarget address : 405100
doCallPCtarget address : 402af0
doCallPCtarget address : 403cb0
doCallPCtarget address : 402af0
doCallPCtarget address : 403cb0
doCallPCtarget address : 403240
doCallPCtarget address : 4057e0
doCallPCtarget address : 400b30
doCallPCtarget address : 400b30
doCallPCtarget address : 4031a0
doCallPCtarget address : 4056d0
doCallPCtarget address : 400b30
doCallPCtarget address : 400b30
doCallPCtarget address : 400d20
doCallPCtarget address : 400d20
doCallPCtarget address : 400d20
doCallPCtarget address : 400d20
doCallPCtarget address : 400d20
doCallPCtarget address : 400d20
doCallPCtarget address : 400d20
doCallPCtarget address : 400d20
doCallPCtarget address : 400d20
doCallPCtarget address : 400d20
doCallPCtarget address : 400d20
doCallPCtarget address : 400d20
doCallPCtarget address : 400d20
doCallPCtarget address : 400d20
doCallPCtarget address : 400d20
doCallPCtarget address : 400d20
doCallPCtarget address : 400d20
doCallPCtarget address : 400d20
doCallPCtarget address : 400d20
doCallPCtarget address : 400d20
doCallPCtarget address : 400d20
doCallPCtarget address : 400d20
doCallPCtarget address : 400d20
doCallPCtarget address : 400b80
doCallPCtarget address : 400d20
doCallPCtarget address : 400d20
doCallPCtarget address : 400b00
doCallPCtarget address : 402ea0
doCallPCtarget address : 401a60
doCallPCtarget address : 4056d0
doCallPCtarget address : 400b20
doCallPCtarget address : 403240
doCallPC: Adding Unreachable Instruction to local noreturn
shouldSubtractImageBase: Not on Win32
shouldSubtractImageBase: Not on Win32
doCallPCtarget address : 400d20
doCallPCtarget address : 400bf0
doCallPCtarget address : 400d20
doCallPCtarget address : 4032d0
doCallPCtarget address : 403270
doCallPCtarget address : 403270
doCallPCtarget address : 401720
doCallPCtarget address : 403290
doCallPCtarget address : 403240
doCallPC: Adding Unreachable Instruction to local noreturn
shouldSubtractImageBase: Not on Win32
shouldSubtractImageBase: Not on Win32
shouldSubtractImageBase: Not on Win32
doCallPCtarget address : 403270
doCallPCtarget address : 400b50
doCallPCtarget address : 4031b0
doCallPCtarget address : 401720
doCallPCExtern paramCount  : 12 : sprintf
12 : 247d780
shouldSubtractImageBase: Not on Win32
shouldSubtractImageBase: Not on Win32
shouldSubtractImageBase: Not on Win32
doCallPCtarget address : 403270
doCallPCtarget address : 400b50
doCallPCtarget address : 4031f0
doCallPCtarget address : 401720
doCallPCtarget address : 401720
doCallPCtarget address : 403270
doCallPCtarget address : 403290
doCallPCtarget address : 403270
doCallPCExtern paramCount  : 3 : strtol
3 : 247d780
shouldSubtractImageBase: Not on Win32
doCallPCtarget address : 403240
doCallPC: Adding Unreachable Instruction to local noreturn
shouldSubtractImageBase: Not on Win32
shouldSubtractImageBase: Not on Win32
doCallPCtarget address : 405680
doCallPCExtern paramCount  : 2 : strcmp
2 : 247d780
shouldSubtractImageBase: Not on Win32
doCallPCtarget address : 400b40
doCallPCtarget address : 403240
doCallPC: Adding Unreachable Instruction to local noreturn
shouldSubtractImageBase: Not on Win32
shouldSubtractImageBase: Not on Win32
doCallPCtarget address : 403240
doCallPCtarget address : 400b40
doCallPCtarget address : 402760
doCallPCtarget address : 401ff0
doCallPCtarget address : 400bd0
doCallPCtarget address : 402ae0
doCallPCtarget address : 402ae0
doCallPCtarget address : 400bd0
doCallPCtarget address : 402ae0
doCallPCtarget address : 402ae0
doCallPCtarget address : 402280
doCallPCtarget address : 403240
doCallPC: Adding Unreachable Instruction to local noreturn
shouldSubtractImageBase: Not on Win32
shouldSubtractImageBase: Not on Win32
shouldSubtractImageBase: Not on Win32
shouldSubtractImageBase: Not on Win32
shouldSubtractImageBase: Not on Win32
shouldSubtractImageBase: Not on Win32
doCallPCtarget address : 402280
doCallPCtarget address : 4023a0
doCallPCtarget address : 402ae0
doCallPCtarget address : 402ae0
doCallPCtarget address : 402ae0
doCallPCtarget address : 402ae0
doCallPCtarget address : 400bc0
doCallPCtarget address : 405000
doCallPCtarget address : 400bc0
doCallPCtarget address : 405000
doCallPCExtern paramCount  : 2 : strcmp
2 : 247d780
shouldSubtractImageBase: Not on Win32
shouldSubtractImageBase: Not on Win32
shouldSubtractImageBase: Not on Win32
shouldSubtractImageBase: Not on Win32
shouldSubtractImageBase: Not on Win32
shouldSubtractImageBase: Not on Win32
shouldSubtractImageBase: Not on Win32
shouldSubtractImageBase: Not on Win32
shouldSubtractImageBase: Not on Win32
shouldSubtractImageBase: Not on Win32
shouldSubtractImageBase: Not on Win32
shouldSubtractImageBase: Not on Win32
shouldSubtractImageBase: Not on Win32
doCallPCtarget address : 400b30
doCallPCtarget address : 403240
doCallPCtarget address : 403270
doCallPCtarget address : 401dd0
doCallPCtarget address : 400b50
doCallPCtarget address : 403240
doCallPCtarget address : 403270
doCallPCtarget address : 401dd0
doCallPCtarget address : 401dd0
doCallPCtarget address : 402280
doCallPCtarget address : 400b50
doCallPCtarget address : 403240
doCallPC: Adding Unreachable Instruction to local noreturn
shouldSubtractImageBase: Not on Win32
shouldSubtractImageBase: Not on Win32
shouldSubtractImageBase: Not on Win32
shouldSubtractImageBase: Not on Win32
doCallPCtarget address : 403270
doCallPCtarget address : 400b50
doCallPCtarget address : 403240
doCallPCExtern paramCount  : 1 : fclose
1 : 247d780
shouldSubtractImageBase: Not on Win32
shouldSubtractImageBase: Not on Win32
shouldSubtractImageBase: Not on Win32
doCallPCtarget address : 400b50
doCallPCtarget address : 403210
doCallPCtarget address : 400ae0
doCallPC: Adding Unreachable Instruction to local noreturn
doCallPCExtern paramCount  : 1 : exit
1 : 247d780
shouldSubtractImageBase: Not on Win32
shouldSubtractImageBase: Not on Win32
shouldSubtractImageBase: Not on Win32
shouldSubtractImageBase: Not on Win32
shouldSubtractImageBase: Not on Win32
shouldSubtractImageBase: Not on Win32
shouldSubtractImageBase: Not on Win32
shouldSubtractImageBase: Not on Win32
doCallPCtarget address : 403270
doCallPCtarget address : 401dd0
doCallPCtarget address : 403270
doCallPCtarget address : 400b50
doCallPCtarget address : 403240
doCallPCtarget address : 401dd0
doCallPCtarget address : 402280
doCallPCtarget address : 400b50
doCallPCtarget address : 405800
doCallPCtarget address : 4032c0
doCallPCtarget address : 400b70
doCallPCtarget address : 4032b0
doCallPC: Adding Unreachable Instruction to local noreturn
doCallPCExtern paramCount  : 2 : fputs
2 : 247d780
shouldSubtractImageBase: Not on Win32
shouldSubtractImageBase: Not on Win32
doCallPCtarget address : 405800
doCallPCtarget address : 4032c0
doCallPCtarget address : 4032b0
doCallPCtarget address : 400b70
doCallPCtarget address : 405800
doCallPCtarget address : 4032c0
doCallPCtarget address : 400b70
doCallPCtarget address : 4032b0
doCallPC: Adding Unreachable Instruction to local noreturn
doCallPCExtern paramCount  : 3 : fgets
3 : 247d780
shouldSubtractImageBase: Not on Win32
shouldSubtractImageBase: Not on Win32
shouldSubtractImageBase: Not on Win32
shouldSubtractImageBase: Not on Win32
shouldSubtractImageBase: Not on Win32
shouldSubtractImageBase: Not on Win32
shouldSubtractImageBase: Not on Win32
shouldSubtractImageBase: Not on Win32
shouldSubtractImageBase: Not on Win32
shouldSubtractImageBase: Not on Win32
shouldSubtractImageBase: Not on Win32
shouldSubtractImageBase: Not on Win32
shouldSubtractImageBase: Not on Win32
shouldSubtractImageBase: Not on Win32
shouldSubtractImageBase: Not on Win32
shouldSubtractImageBase: Not on Win32
shouldSubtractImageBase: Not on Win32
shouldSubtractImageBase: Not on Win32
shouldSubtractImageBase: Not on Win32
shouldSubtractImageBase: Not on Win32
shouldSubtractImageBase: Not on Win32
shouldSubtractImageBase: Not on Win32
shouldSubtractImageBase: Not on Win32
shouldSubtractImageBase: Not on Win32
shouldSubtractImageBase: Not on Win32
shouldSubtractImageBase: Not on Win32
shouldSubtractImageBase: Not on Win32
shouldSubtractImageBase: Not on Win32
shouldSubtractImageBase: Not on Win32
shouldSubtractImageBase: Not on Win32
shouldSubtractImageBase: Not on Win32
shouldSubtractImageBase: Not on Win32
shouldSubtractImageBase: Not on Win32
shouldSubtractImageBase: Not on Win32
shouldSubtractImageBase: Not on Win32
shouldSubtractImageBase: Not on Win32
shouldSubtractImageBase: Not on Win32
shouldSubtractImageBase: Not on Win32
shouldSubtractImageBase: Not on Win32
shouldSubtractImageBase: Not on Win32
shouldSubtractImageBase: Not on Win32
shouldSubtractImageBase: Not on Win32
shouldSubtractImageBase: Not on Win32
shouldSubtractImageBase: Not on Win32
translate_MOV64mi32: Other reloc
translate_MOV32mi: Other reloc
shouldSubtractImageBase: Not on Win32
shouldSubtractImageBase: Not on Win32
translate_MOV32mi: Other reloc
translate_MOV32mi: Other reloc
shouldSubtractImageBase: Not on Win32
shouldSubtractImageBase: Not on Win32
shouldSubtractImageBase: Not on Win32
shouldSubtractImageBase: Not on Win32
shouldSubtractImageBase: Not on Win32
shouldSubtractImageBase: Not on Win32
translate_MOV32mi: Other reloc
shouldSubtractImageBase: Not on Win32
shouldSubtractImageBase: Not on Win32
shouldSubtractImageBase: Not on Win32
shouldSubtractImageBase: Not on Win32
shouldSubtractImageBase: Not on Win32
shouldSubtractImageBase: Not on Win32
shouldSubtractImageBase: Not on Win32
shouldSubtractImageBase: Not on Win32
shouldSubtractImageBase: Not on Win32
shouldSubtractImageBase: Not on Win32
shouldSubtractImageBase: Not on Win32
shouldSubtractImageBase: Not on Win32
shouldSubtractImageBase: Not on Win32
shouldSubtractImageBase: Not on Win32
shouldSubtractImageBase: Not on Win32
shouldSubtractImageBase: Not on Win32
shouldSubtractImageBase: Not on Win32
translate_MOV32mi: Other reloc
shouldSubtractImageBase: Not on Win32
shouldSubtractImageBase: Not on Win32
shouldSubtractImageBase: Not on Win32
shouldSubtractImageBase: Not on Win32
shouldSubtractImageBase: Not on Win32
shouldSubtractImageBase: Not on Win32
shouldSubtractImageBase: Not on Win32
shouldSubtractImageBase: Not on Win32
shouldSubtractImageBase: Not on Win32
shouldSubtractImageBase: Not on Win32
shouldSubtractImageBase: Not on Win32
shouldSubtractImageBase: Not on Win32
shouldSubtractImageBase: Not on Win32
shouldSubtractImageBase: Not on Win32
shouldSubtractImageBase: Not on Win32
shouldSubtractImageBase: Not on Win32
shouldSubtractImageBase: Not on Win32
shouldSubtractImageBase: Not on Win32
shouldSubtractImageBase: Not on Win32
shouldSubtractImageBase: Not on Win32
shouldSubtractImageBase: Not on Win32
shouldSubtractImageBase: Not on Win32
shouldSubtractImageBase: Not on Win32
shouldSubtractImageBase: Not on Win32
shouldSubtractImageBase: Not on Win32
shouldSubtractImageBase: Not on Win32
shouldSubtractImageBase: Not on Win32
shouldSubtractImageBase: Not on Win32
shouldSubtractImageBase: Not on Win32
shouldSubtractImageBase: Not on Win32
shouldSubtractImageBase: Not on Win32
shouldSubtractImageBase: Not on Win32
shouldSubtractImageBase: Not on Win32
shouldSubtractImageBase: Not on Win32
shouldSubtractImageBase: Not on Win32
shouldSubtractImageBase: Not on Win32
shouldSubtractImageBase: Not on Win32
shouldSubtractImageBase: Not on Win32
shouldSubtractImageBase: Not on Win32
shouldSubtractImageBase: Not on Win32
shouldSubtractImageBase: Not on Win32
shouldSubtractImageBase: Not on Win32
shouldSubtractImageBase: Not on Win32
shouldSubtractImageBase: Not on Win32
doCallPCtarget address : 402ab0
doCallPCtarget address : 400bc0
doCallPCtarget address : 400bc0
doCallPCtarget address : 400b30
doCallPCtarget address : 400b30
doCallPCtarget address : 405000
doCallPCtarget address : 405000
doCallPCtarget address : 400b30
doCallPCtarget address : 400b30
doCallPCtarget address : 400bc0
doCallPCtarget address : 402ae0
doCallPCtarget address : 402ae0
doCallPCtarget address : 400b30
doCallPCtarget address : 400b30
doCallPCtarget address : 400b30
doCallPCtarget address : 400b30
doCallPCtarget address : 400bc0
doCallPCtarget address : 402ae0
doCallPCtarget address : 402ae0
doCallPCtarget address : 402ab0
doCallPCtarget address : 400b30
doCallPCtarget address : 400b60
doCallPCtarget address : 400b60
doCallPCtarget address : 400ba0
doCallPCtarget address : 403240
doCallPCtarget address : 400b30
doCallPCtarget address : 400b30
doCallPCtarget address : 400b30
doCallPCtarget address : 400b30
doCallPCtarget address : 400b30
doCallPCtarget address : 400b30
doCallPCtarget address : 403240
doCallPCtarget address : 400b30
doCallPCtarget address : 400b30
doCallPCtarget address : 400bc0
doCallPCtarget address : 401070
doCallPCtarget address : 405280
doCallPCtarget address : 401280
doCallPCtarget address : 401360
doCallPCtarget address : 400d50
doCallPCtarget address : 404810
doCallPCtarget address : 4015d0
doCallPCtarget address : 400b40
doCallPCtarget address : 400b30
doCallPCtarget address : 4031f0
doCallPCtarget address : 401370
doCallPCtarget address : 400b30
doCallPCtarget address : 403270
doCallPCtarget address : 404810
doCallPCtarget address : 404fd0
doCallPCtarget address : 404fd0
doCallPCtarget address : 4014a0
doCallPCtarget address : 404810
doCallPCtarget address : 400b30
doCallPCtarget address : 401710
doCallPCtarget address : 401710
doCallPCtarget address : 400b30
doCallPCtarget address : 404fd0
doCallPCtarget address : 401670
doCallPCtarget address : 400b30
doCallPCtarget address : 400b30
doCallPCtarget address : 401ca0
doCallPCtarget address : 404fd0
doCallPCtarget address : 404fd0
doCallPCtarget address : 404fd0
doCallPCtarget address : 400b30
doCallPCtarget address : 400b30
doCallPCtarget address : 4050c0
doCallPCtarget address : 405080
doCallPCtarget address : 400b40
doCallPCtarget address : 400b30
doCallPCtarget address : 400b30
doCallPCtarget address : 404fd0
doCallPCtarget address : 401410
doCallPCtarget address : 400b30
doCallPCtarget address : 405640
doCallPCtarget address : 401dd0
doCallPCtarget address : 405670
doCallPCtarget address : 400b30
doCallPCtarget address : 400b30
doCallPCtarget address : 404810
doCallPCtarget address : 400c00
doCallPCtarget address : 400bc0
doCallPCtarget address : 404fd0
doCallPCtarget address : 404fd0
doCallPCtarget address : 4050e0
doCallPCtarget address : 405080
doCallPCtarget address : 405080
doCallPCtarget address : 400bb0
doCallPCtarget address : 400b30
doCallPCtarget address : 400b30
doCallPCtarget address : 400b30
doCallPCtarget address : 404fd0
doCallPCtarget address : 401540
doCallPCtarget address : 400bb0
doCallPCtarget address : 400b30
doCallPCtarget address : 400b30
doCallPCtarget address : 400b30
doCallPCtarget address : 400b30
doCallPCtarget address : 400b30
doCallPCtarget address : 400aa0
doCallPCtarget address : 400b50
doCallPCtarget address : 4031f0
doCallPCtarget address : 400b60
doCallPCtarget address : 400b50
doCallPCtarget address : 4031b0
doCallPCExtern paramCount  : 3 : strncpy
3 : 247d780
doCallPCExtern paramCount  : 2 : index
2 : 247d780
shouldSubtractImageBase: Not on Win32
translate_MOV32mi: Other reloc
translate_MOV32mi: Other reloc
doCallPCtarget address : 404fd0
doCallPCtarget address : 404fd0
doCallPCtarget address : 404fd0
doCallPCtarget address : 400b30
doCallPCExtern paramCount  : 3 : strncmp
3 : 247d780
translate_MOV32mi: Other reloc
shouldSubtractImageBase: Not on Win32
shouldSubtractImageBase: Not on Win32
shouldSubtractImageBase: Not on Win32
shouldSubtractImageBase: Not on Win32
translate_MOV32mi: Other reloc
translate_MOV32mi: Other reloc
shouldSubtractImageBase: Not on Win32
shouldSubtractImageBase: Not on Win32
shouldSubtractImageBase: Not on Win32
translate_MOV64mi32: Other reloc
shouldSubtractImageBase: Not on Win32
shouldSubtractImageBase: Not on Win32
shouldSubtractImageBase: Not on Win32
shouldSubtractImageBase: Not on Win32
shouldSubtractImageBase: Not on Win32
doCallPCtarget address : 403270
doCallPCtarget address : 400c00
doCallPCtarget address : 403270
doCallPCtarget address : 401080
doCallPCtarget address : 404fd0
doCallPCtarget address : 404f40
doCallPCtarget address : 400d80
doCallPCtarget address : 404ef0
doCallPCtarget address : 404fd0
doCallPCtarget address : 404f40
doCallPCtarget address : 400b30
doCallPCtarget address : 404fd0
doCallPCtarget address : 404e40
doCallPCtarget address : 403240
doCallPC: Adding Unreachable Instruction to local noreturn
shouldSubtractImageBase: Not on Win32
shouldSubtractImageBase: Not on Win32
shouldSubtractImageBase: Not on Win32
doCallPCtarget address : 404f40
doCallPCtarget address : 405570
doCallPCtarget address : 404fd0
doCallPCtarget address : 404f40
doCallPCtarget address : 400b30
doCallPCtarget address : 404fd0
doCallPCtarget address : 403240
doCallPC: Adding Unreachable Instruction to local noreturn
shouldSubtractImageBase: Not on Win32
shouldSubtractImageBase: Not on Win32
doCallPCtarget address : 404f40
doCallPCtarget address : 400b30
doCallPCtarget address : 404fd0
doCallPCtarget address : 4010d0
doCallPCtarget address : 403240
doCallPC: Adding Unreachable Instruction to local noreturn
shouldSubtractImageBase: Not on Win32
shouldSubtractImageBase: Not on Win32
doCallPCtarget address : 404f40
doCallPCtarget address : 400b30
doCallPCtarget address : 404fd0
doCallPCtarget address : 4012a0
doCallPCtarget address : 403240
doCallPC: Adding Unreachable Instruction to local noreturn
shouldSubtractImageBase: Not on Win32
shouldSubtractImageBase: Not on Win32
shouldSubtractImageBase: Not on Win32
shouldSubtractImageBase: Not on Win32
shouldSubtractImageBase: Not on Win32
shouldSubtractImageBase: Not on Win32
shouldSubtractImageBase: Not on Win32
shouldSubtractImageBase: Not on Win32
doCallPCtarget address : 401280
doCallPCtarget address : 404fd0
doCallPCtarget address : 401360
doCallPCtarget address : 404fd0
doCallPCtarget address : 404f40
doCallPCtarget address : 404fd0
doCallPCtarget address : 404f40
doCallPCtarget address : 404fd0
doCallPCtarget address : 404f40
doCallPCtarget address : 403c40
doCallPCtarget address : 404fd0
doCallPCtarget address : 400b50
doCallPCtarget address : 403240
doCallPC: Adding Unreachable Instruction to local noreturn
shouldSubtractImageBase: Not on Win32
shouldSubtractImageBase: Not on Win32
shouldSubtractImageBase: Not on Win32
shouldSubtractImageBase: Not on Win32
shouldSubtractImageBase: Not on Win32
doCallPCtarget address : 400b40
doCallPCtarget address : 400b40
doCallPCtarget address : 404fd0
doCallPCtarget address : 400bc0
doCallPCtarget address : 400bc0
doCallPCtarget address : 400bc0
doCallPCExtern paramCount  : 3 : strncat
3 : 247d780
doCallPCtarget address : 400b40
doCallPCExtern paramCount  : 2 : strcmp
2 : 247d780
doCallPCExtern paramCount  : 2 : strcat
2 : 247d780
Unsupported!
401d62 	btq	%rdx, %rsi
303
doCallPCtarget address : 400b40
Failure to convert to LLVM module!
Saved bitcode to /home/ed/mcsema-testing/SANDBOX/test-2015-12-21_15-36-50/MultiSource/Applications/spiff/Output/spiff.simple.mcsema/spiff.simple.mcsema/spiff.simple.bc
