Looking up target...
Reading module ...
 TT x86-64 : x86_64-unknown-unknown 
Deserializing functions...
Deserializing functions...
Deserializing functions...
Deserializing functions...
Deserializing functions...
Deserializing functions...
Deserializing functions...
Deserializing functions...
Deserializing functions...
Deserializing functions...
Deserializing functions...
Deserializing data...
Deserializing data...
Deserializing data...
Deserializing data...
Deserializing data...
Deserializing data...
Deserializing data...
Deserializing data...
Deserializing data...
Deserializing data...
Deserializing data...
Deserializing externs...
Creating module...
Setting target...
Done setting target
Adding external funcs...
Adding external data...
Adding internal data...
Adding entry points...
Returning modue...
Setting initial triples...
Looking at entry points...
Already have driver for: main
Getting LLVM module...
Converting to LLVM...
Inserted function: sub_400da0
Inserted function: sub_400a40
Inserted function: sub_400940
Inserted function: sub_4008e0
Inserted function: sub_400910
Inserted function: sub_4008a0
Inserted function: sub_4008f0
Inserted function: sub_400900
Inserted function: sub_4008d0
Inserted function: sub_400dc0
Inserted function: sub_4008b0
inserting global data section named data_0x400e50
inserting global data section named data_0x400f80
inserting global data section named data_0x400fd0
inserting global data section named data_0x40113c
inserting global data section named data_0x601de0
inserting global data section named data_0x601de8
inserting global data section named data_0x601df0
inserting global data section named data_0x601ff8
inserting global data section named data_0x602000
inserting global data section named data_0x602078
inserting global data section named data_0x6020a0
dataSectionToTypesContents : 400e50 130
304
dataSectionToTypesContents : 400f80 4c
76
dataSectionToTypesContents : 400fd0 16c
364
dataSectionToTypesContents : 40113c 114
276
dataSectionToTypesContents : 601de0 8
8
dataSectionToTypesContents : 601de8 8
8
dataSectionToTypesContents : 601df0 8
8
dataSectionToTypesContents : 601ff8 8
8
dataSectionToTypesContents : 602000 78
120
dataSectionToTypesContents : 602078 10
16
dataSectionToTypesContents : 6020a0 d8
216
doCallPCtarget address : 400a40
doCallPC: Adding Unreachable Instruction to local noreturn
shouldSubtractImageBase: Not on Win32
shouldSubtractImageBase: Not on Win32
shouldSubtractImageBase: Not on Win32
shouldSubtractImageBase: Not on Win32
shouldSubtractImageBase: Not on Win32
shouldSubtractImageBase: Not on Win32
shouldSubtractImageBase: Not on Win32
doCallPCtarget address : 4008d0
doCallPCtarget address : 4008f0
doCallPCtarget address : 400910
doCallPCtarget address : 400900
doCallPCtarget address : 4008d0
doCallPCtarget address : 4008f0
doCallPCtarget address : 400910
doCallPCtarget address : 400900
doCallPCtarget address : 4008a0
doCallPCtarget address : 4008d0
!!!WARNING WARNING WARNING!!!
	Assuming all callbacks are to translated code!!!
doCallPCtarget address : 4008f0
doCallPCtarget address : 4008a0
doCallPCtarget address : 4008e0
doCallPCtarget address : 400940
doCallPC: Adding Unreachable Instruction to local noreturn
shouldSubtractImageBase: Not on Win32
Unsupported!
400b83 	decl	2102755(%rip)
660
shouldSubtractImageBase: Not on Win32
shouldSubtractImageBase: Not on Win32
shouldSubtractImageBase: Not on Win32
doCallPCtarget address : 400910
doCallPCtarget address : 400900
doCallPCtarget address : 4008d0
!!!WARNING WARNING WARNING!!!
	Assuming all callbacks are to translated code!!!
doCallPCtarget address : 4008f0
doCallPCtarget address : 4008a0
Failure to convert to LLVM module!
Saved bitcode to /home/ed/mcsema-testing/SANDBOX/test-2015-12-21_15-36-50/SingleSource/Regression/C++/EH/Output/ctor_dtor_count.simple.mcsema/ctor_dtor_count.simple.bc
