Looking up target...
Reading module ...
 TT x86-64 : x86_64-unknown-unknown 
Deserializing functions...
Deserializing functions...
Deserializing data...
Deserializing data...
Deserializing data...
Deserializing data...
Deserializing data...
Deserializing data...
Deserializing data...
Deserializing data...
Deserializing data...
Deserializing data...
Deserializing externs...
Creating module...
Setting target...
Done setting target
Adding external funcs...
Adding external data...
Adding internal data...
Adding entry points...
Returning modue...
Setting initial triples...
Looking at entry points...
Already have driver for: main
Getting LLVM module...
Converting to LLVM...
Inserted function: sub_400670
Inserted function: sub_4004d0
inserting global data section named data_0x400840
inserting global data section named data_0x400874
inserting global data section named data_0x4008b0
inserting global data section named data_0x600de0
inserting global data section named data_0x600de8
inserting global data section named data_0x600df0
inserting global data section named data_0x600ff8
inserting global data section named data_0x601000
inserting global data section named data_0x601030
inserting global data section named data_0x601040
dataSectionToTypesContents : 400840 32
50
dataSectionToTypesContents : 400874 3c
60
dataSectionToTypesContents : 4008b0 10c
268
dataSectionToTypesContents : 600de0 8
8
dataSectionToTypesContents : 600de8 8
8
dataSectionToTypesContents : 600df0 8
8
dataSectionToTypesContents : 600ff8 8
8
dataSectionToTypesContents : 601000 30
48
dataSectionToTypesContents : 601030 10
16
dataSectionToTypesContents : 601040 2010
8208
shouldSubtractImageBase: Not on Win32
shouldSubtractImageBase: Not on Win32
doCallPCtarget address : 4004d0
doCallPCtarget address : 4004d0
doCallPCExtern paramCount  : 12 : printf
12 : 421bc70
Adding entry point: mcsema_main
in : doPostAnalysis
registering passes
Saved bitcode to /home/ed/mcsema-testing/SANDBOX/test-2015-12-21_15-36-50/SingleSource/Regression/C/Output/matrixTranspose.simple.mcsema/matrixTranspose.simple.bc
