Looking up target...
Reading module ...
 TT x86-64 : x86_64-unknown-unknown 
Deserializing functions...
Deserializing functions...
Deserializing functions...
Deserializing functions...
Deserializing functions...
Deserializing functions...
Deserializing functions...
Deserializing functions...
Deserializing functions...
Deserializing functions...
Deserializing functions...
Deserializing functions...
Deserializing functions...
Deserializing functions...
Deserializing functions...
Deserializing functions...
Deserializing functions...
Deserializing functions...
Deserializing functions...
Deserializing functions...
Deserializing functions...
Deserializing functions...
Deserializing functions...
Deserializing functions...
Deserializing functions...
Deserializing functions...
Deserializing functions...
Deserializing functions...
Deserializing functions...
Deserializing functions...
Deserializing functions...
Deserializing functions...
Deserializing functions...
Deserializing functions...
Deserializing functions...
Deserializing functions...
Deserializing functions...
Deserializing functions...
Deserializing functions...
Deserializing functions...
Deserializing functions...
Deserializing functions...
Deserializing functions...
Deserializing functions...
Deserializing functions...
Deserializing functions...
Deserializing functions...
Deserializing functions...
Deserializing functions...
Deserializing functions...
Deserializing functions...
Deserializing functions...
Deserializing functions...
Deserializing functions...
Deserializing functions...
Deserializing functions...
Deserializing functions...
Deserializing data...
Deserializing data...
Deserializing data...
Deserializing data...
Deserializing data...
Deserializing data...
Deserializing data...
Deserializing data...
Deserializing data...
Deserializing data...
Deserializing data...
Deserializing externs...
Deserializing externs...
Deserializing externs...
Deserializing externs...
Deserializing externs...
Deserializing externs...
Deserializing externs...
Deserializing externs...
Deserializing externs...
Deserializing externs...
Deserializing externs...
Deserializing externs...
Deserializing externs...
Deserializing externs...
Deserializing externs...
Deserializing externs...
Deserializing externs...
Deserializing externs...
Deserializing externs...
Deserializing externs...
Deserializing externs...
Deserializing externs...
Deserializing externs...
Deserializing externs...
Creating module...
Setting target...
Done setting target
Adding external funcs...
Adding external data...
Adding internal data...
Adding entry points...
Returning modue...
Setting initial triples...
Looking at entry points...
Already have driver for: main
Getting LLVM module...
Converting to LLVM...
Inserted function: sub_4011d0
Inserted function: sub_406da0
Inserted function: sub_401060
Inserted function: sub_405f00
Inserted function: sub_400fa0
Inserted function: sub_401800
Inserted function: sub_405f10
Inserted function: sub_406580
Inserted function: sub_401000
Inserted function: sub_400f00
Inserted function: sub_406d10
Inserted function: sub_400ef0
Inserted function: sub_405ef0
Inserted function: sub_4064a0
Inserted function: sub_406ef0
Inserted function: sub_401030
Inserted function: sub_400f70
Inserted function: sub_4010b0
Inserted function: sub_406640
Inserted function: sub_406880
Inserted function: sub_406740
Inserted function: sub_406960
Inserted function: sub_400eb0
Inserted function: sub_403db0
Inserted function: sub_406ea0
Inserted function: sub_400ee0
Inserted function: sub_406b10
Inserted function: sub_400f20
Inserted function: sub_406d40
Inserted function: sub_406370
Inserted function: sub_401020
Inserted function: sub_405530
Inserted function: sub_401850
Inserted function: sub_401070
Inserted function: sub_406dd0
Inserted function: sub_400f80
Inserted function: sub_401bb0
Inserted function: sub_406c30
Inserted function: sub_400ea0
Inserted function: sub_400ff0
Inserted function: sub_400fb0
Inserted function: sub_400f40
Inserted function: sub_4010a0
Inserted function: sub_401050
Inserted function: sub_406a40
Inserted function: sub_400e90
Inserted function: sub_400ed0
Inserted function: sub_400f10
Inserted function: sub_400f60
Inserted function: sub_401d10
Inserted function: sub_400f50
Inserted function: sub_401010
Inserted function: sub_402830
Inserted function: sub_4010d0
Inserted function: sub_406d70
Inserted function: sub_406b30
Inserted function: sub_401db0
inserting global data section named data_0x407240
inserting global data section named data_0x407e08
inserting global data section named data_0x4082d8
inserting global data section named data_0x40967c
inserting global data section named data_0x60ade0
inserting global data section named data_0x60ade8
inserting global data section named data_0x60adf0
inserting global data section named data_0x60aff8
inserting global data section named data_0x60b000
inserting global data section named data_0x60b140
inserting global data section named data_0x60b180
dataSectionToTypesContents : 407240 bc8
3016
dataSectionToTypesContents : 407e08 4cc
1228
dataSectionToTypesContents : 4082d8 13a4
5028
dataSectionToTypesContents : 40967c 80c
2060
dataSectionToTypesContents : 60ade0 8
8
dataSectionToTypesContents : 60ade8 8
8
dataSectionToTypesContents : 60adf0 8
8
dataSectionToTypesContents : 60aff8 8
8
dataSectionToTypesContents : 60b000 140
320
dataSectionToTypesContents : 60b140 24
36
dataSectionToTypesContents : 60b180 100
256
shouldSubtractImageBase: Not on Win32
shouldSubtractImageBase: Not on Win32
shouldSubtractImageBase: Not on Win32
shouldSubtractImageBase: Not on Win32
shouldSubtractImageBase: Not on Win32
shouldSubtractImageBase: Not on Win32
shouldSubtractImageBase: Not on Win32
shouldSubtractImageBase: Not on Win32
shouldSubtractImageBase: Not on Win32
shouldSubtractImageBase: Not on Win32
shouldSubtractImageBase: Not on Win32
shouldSubtractImageBase: Not on Win32
shouldSubtractImageBase: Not on Win32
shouldSubtractImageBase: Not on Win32
shouldSubtractImageBase: Not on Win32
shouldSubtractImageBase: Not on Win32
shouldSubtractImageBase: Not on Win32
shouldSubtractImageBase: Not on Win32
shouldSubtractImageBase: Not on Win32
doCallPCtarget address : 400ed0
doCallPCtarget address : 401010
doCallPCtarget address : 406b10
doCallPCtarget address : 406b30
doCallPCtarget address : 405ef0
doCallPCtarget address : 400fa0
doCallPCtarget address : 400ed0
doCallPCtarget address : 400e90
doCallPCtarget address : 405f10
doCallPCtarget address : 406da0
doCallPCtarget address : 405f00
doCallPCtarget address : 406d40
doCallPCtarget address : 400e90
doCallPCtarget address : 400f10
doCallPCtarget address : 401800
doCallPCtarget address : 400e90
doCallPCtarget address : 400e90
doCallPCtarget address : 401d10
doCallPCtarget address : 400f10
doCallPCtarget address : 401d10
doCallPCtarget address : 400e90
doCallPCtarget address : 400f10
doCallPCtarget address : 400e90
doCallPCtarget address : 400f10
doCallPCtarget address : 401d10
doCallPCtarget address : 400e90
doCallPCtarget address : 400f60
doCallPCtarget address : 400f10
doCallPCtarget address : 400e90
doCallPCtarget address : 400f60
doCallPCtarget address : 400f60
doCallPCtarget address : 400f60
doCallPCtarget address : 401060
doCallPCExtern paramCount  : 1 : fclose
1 : 28df780
doCallPCExtern paramCount  : 2 : strrchr
2 : 28df780
translate_MOV32mi: Other reloc
translate_MOV32mi: Other reloc
translate_MOV32mi: Other reloc
translate_MOV32mi: Other reloc
doJumpTableViaSwitch: Doing jumpt table via switch
shouldSubtractImageBase: Not on Win32
shouldSubtractImageBase: Not on Win32
shouldSubtractImageBase: Not on Win32
shouldSubtractImageBase: Not on Win32
shouldSubtractImageBase: Not on Win32
shouldSubtractImageBase: Not on Win32
shouldSubtractImageBase: Not on Win32
shouldSubtractImageBase: Not on Win32
shouldSubtractImageBase: Not on Win32
shouldSubtractImageBase: Not on Win32
shouldSubtractImageBase: Not on Win32
shouldSubtractImageBase: Not on Win32
shouldSubtractImageBase: Not on Win32
shouldSubtractImageBase: Not on Win32
shouldSubtractImageBase: Not on Win32
shouldSubtractImageBase: Not on Win32
shouldSubtractImageBase: Not on Win32
shouldSubtractImageBase: Not on Win32
shouldSubtractImageBase: Not on Win32
shouldSubtractImageBase: Not on Win32
shouldSubtractImageBase: Not on Win32
shouldSubtractImageBase: Not on Win32
shouldSubtractImageBase: Not on Win32
shouldSubtractImageBase: Not on Win32
shouldSubtractImageBase: Not on Win32
translate_MOV32mi: Other reloc
shouldSubtractImageBase: Not on Win32
translate_MOV32mi: Other reloc
shouldSubtractImageBase: Not on Win32
shouldSubtractImageBase: Not on Win32
shouldSubtractImageBase: Not on Win32
shouldSubtractImageBase: Not on Win32
shouldSubtractImageBase: Not on Win32
shouldSubtractImageBase: Not on Win32
doCallPCtarget address : 406ef0
doCallPCtarget address : 406ea0
doCallPCtarget address : 401800
doCallPCtarget address : 406d70
doCallPCtarget address : 406ef0
doCallPCtarget address : 4010b0
doCallPCtarget address : 401850
doCallPCtarget address : 4064a0
doCallPCtarget address : 406370
doCallPCtarget address : 406d10
doCallPCtarget address : 406640
doCallPCtarget address : 406580
doCallPCtarget address : 400e90
doCallPCtarget address : 400e90
doCallPCtarget address : 400e90
doCallPCtarget address : 400e90
doCallPCtarget address : 400e90
doCallPCtarget address : 400e90
doCallPCtarget address : 400e90
doCallPCtarget address : 400e90
doCallPCtarget address : 400e90
doCallPCtarget address : 400e90
doCallPCtarget address : 400f00
doCallPCtarget address : 406ef0
doCallPCtarget address : 400f00
doCallPCtarget address : 400f10
doCallPCtarget address : 400f00
doCallPCtarget address : 400f00
doCallPCtarget address : 400f00
doCallPCtarget address : 400f00
doCallPCtarget address : 400f00
doCallPCtarget address : 400f00
doCallPCtarget address : 400f00
doCallPCtarget address : 400f00
doCallPCtarget address : 406ef0
doCallPCtarget address : 405f10
doCallPCtarget address : 401000
doCallPCtarget address : 400f70
doCallPCtarget address : 400ee0
doCallPCtarget address : 401020
doCallPCtarget address : 400ef0
doCallPCExtern paramCount  : 2 : strcmp
2 : 28df780
doCallPCExtern paramCount  : 2 : strcasecmp
2 : 28df780
doCallPCtarget address : 401070
error: 
Line: 536
File: /home/ed/mcsema/mc-sema/cfgToLLVM/x86Instrs_Branches.cpp
Could not find external function: _ZdlPv
Saved bitcode to /home/ed/mcsema-testing/SANDBOX/test-2015-12-21_15-36-50/MultiSource/Applications/lambda-0.1.3/Output/lambda.simple.mcsema/lambda.simple.bc
