Looking up target...
Reading module ...
 TT x86-64 : x86_64-unknown-unknown 
Deserializing functions...
Deserializing functions...
Deserializing data...
Deserializing data...
Deserializing data...
Deserializing data...
Deserializing data...
Deserializing data...
Deserializing data...
Deserializing data...
Deserializing data...
Deserializing data...
Deserializing externs...
Creating module...
Setting target...
Done setting target
Adding external funcs...
Adding external data...
Adding internal data...
Adding entry points...
Returning modue...
Setting initial triples...
Looking at entry points...
Already have driver for: main
Getting LLVM module...
Converting to LLVM...
Inserted function: sub_4005f0
Inserted function: sub_4004d0
inserting global data section named data_0x4006a0
inserting global data section named data_0x4006b8
inserting global data section named data_0x4006f0
inserting global data section named data_0x600de0
inserting global data section named data_0x600de8
inserting global data section named data_0x600df0
inserting global data section named data_0x600ff8
inserting global data section named data_0x601000
inserting global data section named data_0x601030
inserting global data section named data_0x601044
dataSectionToTypesContents : 4006a0 17
23
dataSectionToTypesContents : 4006b8 34
52
dataSectionToTypesContents : 4006f0 ec
236
dataSectionToTypesContents : 600de0 8
8
dataSectionToTypesContents : 600de8 8
8
dataSectionToTypesContents : 600df0 8
8
dataSectionToTypesContents : 600ff8 8
8
dataSectionToTypesContents : 601000 30
48
dataSectionToTypesContents : 601030 14
20
dataSectionToTypesContents : 601044 4
4
shouldSubtractImageBase: Not on Win32
doCallPCtarget address : 4004d0
doCallPCExtern paramCount  : 12 : printf
12 : 23a9b30
Adding entry point: mcsema_main
in : doPostAnalysis
registering passes
Saved bitcode to /home/ed/mcsema-testing/SANDBOX/test-2015-12-21_15-36-50/SingleSource/Regression/C/Output/2003-10-12-GlobalVarInitializers.simple.mcsema/2003-10-12-GlobalVarInitializers.simple.bc
