Looking up target...
Reading module ...
 TT x86-64 : x86_64-unknown-unknown 
Deserializing functions...
Deserializing functions...
Deserializing functions...
Deserializing functions...
Deserializing functions...
Deserializing data...
Deserializing data...
Deserializing data...
Deserializing data...
Deserializing data...
Deserializing data...
Deserializing data...
Deserializing data...
Deserializing data...
Deserializing data...
Deserializing externs...
Deserializing externs...
Deserializing externs...
Creating module...
Setting target...
Done setting target
Adding external funcs...
Adding external data...
Adding internal data...
Adding entry points...
Returning modue...
Setting initial triples...
Looking at entry points...
Already have driver for: main
Getting LLVM module...
Converting to LLVM...
Inserted function: sub_4008b0
Inserted function: sub_400590
Inserted function: sub_400760
Inserted function: sub_4005b0
Inserted function: sub_400570
inserting global data section named data_0x400c60
inserting global data section named data_0x400d60
inserting global data section named data_0x400da8
inserting global data section named data_0x601de0
inserting global data section named data_0x601de8
inserting global data section named data_0x601df0
inserting global data section named data_0x601ff8
inserting global data section named data_0x602000
inserting global data section named data_0x602040
inserting global data section named data_0x602050
dataSectionToTypesContents : 400c60 100
256
dataSectionToTypesContents : 400d60 44
68
dataSectionToTypesContents : 400da8 144
324
dataSectionToTypesContents : 601de0 8
8
dataSectionToTypesContents : 601de8 8
8
dataSectionToTypesContents : 601df0 8
8
dataSectionToTypesContents : 601ff8 8
8
dataSectionToTypesContents : 602000 40
64
dataSectionToTypesContents : 602040 10
16
dataSectionToTypesContents : 602050 8
8
shouldSubtractImageBase: Not on Win32
shouldSubtractImageBase: Not on Win32
Unsupported!
40090c 	shlq	%cl, %rdi
2537
Unsupported!
40094e 	shlq	%cl, %r15
2537
shouldSubtractImageBase: Not on Win32
Unsupported!
4009d1 	shlq	%cl, %r14
2537
Unsupported!
400a96 	shlq	%cl, %r12
2537
doCallPCtarget address : 4005b0
doCallPCtarget address : 400570
doCallPCtarget address : 400590
Failure to convert to LLVM module!
Saved bitcode to /home/ed/mcsema-testing/SANDBOX/test-2015-12-21_15-36-50/SingleSource/Regression/C/Output/uint64_to_float.simple.mcsema/uint64_to_float.simple.bc
