Looking up target...
Reading module ...
 TT x86-64 : x86_64-unknown-unknown 
Deserializing functions...
Deserializing functions...
Deserializing functions...
Deserializing functions...
Deserializing data...
Deserializing data...
Deserializing data...
Deserializing data...
Deserializing data...
Deserializing data...
Deserializing data...
Deserializing data...
Deserializing data...
Deserializing data...
Deserializing externs...
Deserializing externs...
Deserializing externs...
Creating module...
Setting target...
Done setting target
Adding external funcs...
Adding external data...
Adding internal data...
Adding entry points...
Returning modue...
Setting initial triples...
Looking at entry points...
Already have driver for: main
Getting LLVM module...
Converting to LLVM...
Inserted function: sub_400680
Inserted function: sub_400540
Inserted function: sub_400580
Inserted function: sub_400570
inserting global data section named data_0x400810
inserting global data section named data_0x400844
inserting global data section named data_0x400878
inserting global data section named data_0x600de0
inserting global data section named data_0x600de8
inserting global data section named data_0x600df0
inserting global data section named data_0x600ff8
inserting global data section named data_0x601000
inserting global data section named data_0x601040
inserting global data section named data_0x601050
dataSectionToTypesContents : 400810 34
52
dataSectionToTypesContents : 400844 34
52
dataSectionToTypesContents : 400878 f4
244
dataSectionToTypesContents : 600de0 8
8
dataSectionToTypesContents : 600de8 8
8
dataSectionToTypesContents : 600df0 8
8
dataSectionToTypesContents : 600ff8 8
8
dataSectionToTypesContents : 601000 40
64
dataSectionToTypesContents : 601040 10
16
dataSectionToTypesContents : 601050 8
8
shouldSubtractImageBase: Not on Win32
doCallPCtarget address : 400580
doCallPCtarget address : 400570
doCallPCtarget address : 400580
doCallPCtarget address : 400540
doCallPCExtern paramCount  : 12 : printf
12 : 3d47960
doCallPCExtern paramCount  : 2 : calloc
2 : 3d47960
doCallPCExtern paramCount  : 3 : strtol
3 : 3d47960
Adding entry point: mcsema_main
in : doPostAnalysis
registering passes
Saved bitcode to /home/ed/mcsema-testing/SANDBOX/test-2015-12-21_15-36-50/SingleSource/Regression/C/Output/badidx.simple.mcsema/badidx.simple.bc
