Looking up target...
Reading module ...
 TT x86-64 : x86_64-unknown-unknown 
Deserializing functions...
Deserializing functions...
Deserializing functions...
Deserializing functions...
Deserializing functions...
Deserializing functions...
Deserializing functions...
Deserializing functions...
Deserializing functions...
Deserializing functions...
Deserializing functions...
Deserializing functions...
Deserializing functions...
Deserializing functions...
Deserializing functions...
Deserializing functions...
Deserializing functions...
Deserializing functions...
Deserializing functions...
Deserializing functions...
Deserializing functions...
Deserializing functions...
Deserializing functions...
Deserializing functions...
Deserializing functions...
Deserializing functions...
Deserializing functions...
Deserializing functions...
Deserializing functions...
Deserializing functions...
Deserializing functions...
Deserializing functions...
Deserializing functions...
Deserializing functions...
Deserializing functions...
Deserializing functions...
Deserializing functions...
Deserializing functions...
Deserializing functions...
Deserializing functions...
Deserializing functions...
Deserializing functions...
Deserializing functions...
Deserializing functions...
Deserializing functions...
Deserializing functions...
Deserializing functions...
Deserializing functions...
Deserializing functions...
Deserializing functions...
Deserializing functions...
Deserializing functions...
Deserializing functions...
Deserializing functions...
Deserializing functions...
Deserializing functions...
Deserializing functions...
Deserializing functions...
Deserializing functions...
Deserializing functions...
Deserializing functions...
Deserializing functions...
Deserializing functions...
Deserializing functions...
Deserializing functions...
Deserializing functions...
Deserializing functions...
Deserializing functions...
Deserializing functions...
Deserializing functions...
Deserializing functions...
Deserializing functions...
Deserializing functions...
Deserializing data...
Deserializing data...
Deserializing data...
Deserializing data...
Deserializing data...
Deserializing data...
Deserializing data...
Deserializing data...
Deserializing data...
Deserializing data...
Deserializing externs...
Deserializing externs...
Deserializing externs...
Deserializing externs...
Deserializing externs...
Deserializing externs...
Deserializing externs...
Deserializing externs...
Deserializing externs...
Deserializing externs...
Deserializing externs...
Deserializing externs...
Deserializing externs...
Deserializing externs...
Deserializing externs...
Deserializing externs...
Deserializing externs...
Deserializing externs...
Deserializing externs...
Deserializing externs...
Deserializing externs...
Deserializing externs...
Deserializing externs...
Deserializing externs...
Deserializing externs...
Deserializing externs...
Deserializing externs...
Deserializing externs...
Deserializing externs...
Deserializing externs...
Deserializing externs...
Deserializing externs...
Deserializing externs...
Deserializing externs...
Deserializing externs...
Deserializing externs...
Deserializing externs...
Deserializing externs...
Deserializing externs...
Deserializing externs...
Creating module...
Setting target...
Done setting target
Adding external funcs...
Adding external data...
Adding internal data...
Adding entry points...
Returning modue...
Setting initial triples...
Looking at entry points...
Already have driver for: main
Getting LLVM module...
Converting to LLVM...
Inserted function: sub_405bc0
Inserted function: sub_401080
Inserted function: sub_400f80
Inserted function: sub_400f40
Inserted function: sub_401000
Inserted function: sub_401040
Inserted function: sub_406860
Inserted function: sub_401100
Inserted function: sub_400f90
Inserted function: sub_401180
Inserted function: sub_400fc0
Inserted function: sub_400f30
Inserted function: sub_401020
Inserted function: sub_400f70
Inserted function: sub_400fb0
Inserted function: sub_400ff0
Inserted function: sub_401070
Inserted function: sub_408890
Inserted function: sub_4010b0
Inserted function: sub_4011b0
Inserted function: sub_4010c0
Inserted function: sub_401160
Inserted function: sub_401060
Inserted function: sub_4010e0
Inserted function: sub_401120
Inserted function: sub_4010d0
Inserted function: sub_4011a0
Inserted function: sub_4049c0
Inserted function: sub_401140
Inserted function: sub_403e50
Inserted function: sub_401c00
Inserted function: sub_407800
Inserted function: sub_407770
Inserted function: sub_401860
Inserted function: sub_4011c0
Inserted function: sub_404790
Inserted function: sub_4071c0
Inserted function: sub_4068a0
Inserted function: sub_401170
Inserted function: sub_401030
Inserted function: sub_401910
Inserted function: sub_401130
Inserted function: sub_4044b0
Inserted function: sub_407d60
Inserted function: sub_401150
Inserted function: sub_405a40
Inserted function: sub_405370
Inserted function: sub_402f00
Inserted function: sub_4038e0
Inserted function: sub_402990
Inserted function: sub_4046a0
Inserted function: sub_4045b0
Inserted function: sub_402cc0
Inserted function: sub_403360
Inserted function: sub_400fa0
Inserted function: sub_4073f0
Inserted function: sub_4012d0
Inserted function: sub_401d90
Inserted function: sub_407ed0
Inserted function: sub_408be0
Inserted function: sub_400fd0
Inserted function: sub_400f50
Inserted function: sub_401010
Inserted function: sub_402420
Inserted function: sub_401050
Inserted function: sub_407870
Inserted function: sub_401090
Inserted function: sub_406870
Inserted function: sub_401190
Inserted function: sub_4011d0
Inserted function: sub_4010a0
Inserted function: sub_402370
Inserted function: sub_401110
inserting global data section named data_0x408d30
inserting global data section named data_0x40965c
inserting global data section named data_0x409818
inserting global data section named data_0x60ade0
inserting global data section named data_0x60ade8
inserting global data section named data_0x60adf0
inserting global data section named data_0x60aff8
inserting global data section named data_0x60b000
inserting global data section named data_0x60b170
inserting global data section named data_0x60b200
dataSectionToTypesContents : 408d30 929
2345
dataSectionToTypesContents : 40965c 1bc
444
dataSectionToTypesContents : 409818 8dc
2268
dataSectionToTypesContents : 60ade0 8
8
dataSectionToTypesContents : 60ade8 8
8
dataSectionToTypesContents : 60adf0 8
8
dataSectionToTypesContents : 60aff8 8
8
dataSectionToTypesContents : 60b000 170
368
dataSectionToTypesContents : 60b170 84
132
dataSectionToTypesContents : 60b200 dbf50
900944
shouldSubtractImageBase: Not on Win32
shouldSubtractImageBase: Not on Win32
shouldSubtractImageBase: Not on Win32
shouldSubtractImageBase: Not on Win32
shouldSubtractImageBase: Not on Win32
shouldSubtractImageBase: Not on Win32
shouldSubtractImageBase: Not on Win32
shouldSubtractImageBase: Not on Win32
shouldSubtractImageBase: Not on Win32
shouldSubtractImageBase: Not on Win32
shouldSubtractImageBase: Not on Win32
shouldSubtractImageBase: Not on Win32
shouldSubtractImageBase: Not on Win32
shouldSubtractImageBase: Not on Win32
shouldSubtractImageBase: Not on Win32
shouldSubtractImageBase: Not on Win32
doCallPCtarget address : 400fb0
doCallPCtarget address : 4010e0
doCallPCtarget address : 401050
doCallPCtarget address : 408890
doCallPCtarget address : 408890
doCallPCtarget address : 400f30
doCallPCtarget address : 400f90
doCallPCtarget address : 400f40
doCallPCtarget address : 401020
doCallPCtarget address : 400fd0
doCallPCtarget address : 400f70
doCallPCtarget address : 408890
doCallPCtarget address : 400f70
doCallPCtarget address : 400f90
doCallPC: Adding Unreachable Instruction to local noreturn
shouldSubtractImageBase: Not on Win32
shouldSubtractImageBase: Not on Win32
shouldSubtractImageBase: Not on Win32
shouldSubtractImageBase: Not on Win32
cfg_to_bc: /home/ed/mcsema/llvm-3.5/lib/IR/Instructions.cpp:1085: void llvm::StoreInst::AssertOK(): Assertion `getOperand(0)->getType() == cast<PointerType>(getOperand(1)->getType())->getElementType() && "Ptr must be a pointer to Val type!"' failed.
doCallPCtarget address : 408890
doCallPCtarget address : 401090
doCallPCtarget address : 400f50
doCallPCtarget address : 400f40
doCallPCtarget address : 401020
doCallPCtarget address : 403e50
doCallPCtarget address : 401070
doCallPCtarget address : 401070
doCallPCtarget address : 408890
doCallPCtarget address : 401090
doCallPCtarget address : 401000
!!!WARNING WARNING WARNING!!!
	Assuming all callbacks are to translated code!!!
/home/ed/mcsema/scripts/cfg_to_bc.sh: line 5: 44312 Aborted                 (core dumped) $DIR/build/mc-sema/bitcode_from_cfg/cfg_to_bc -mtriple=x86_64-pc-linux-gnu -i=${BIN}.cfg -driver=mcsema_main,main,raw,return,C -o=${BIN}.bc
Saved bitcode to /home/ed/mcsema-testing/SANDBOX/test-2015-12-21_15-36-50/MultiSource/Applications/obsequi/Output/Obsequi.simple.mcsema/Obsequi.simple.bc
