Looking up target...
Reading module ...
 TT x86-64 : x86_64-unknown-unknown 
Deserializing functions...
Deserializing functions...
Deserializing functions...
Deserializing functions...
Deserializing data...
Deserializing data...
Deserializing data...
Deserializing data...
Deserializing data...
Deserializing data...
Deserializing data...
Deserializing data...
Deserializing data...
Deserializing data...
Deserializing data...
Creating module...
Setting target...
Done setting target
Adding external funcs...
Adding external data...
Adding internal data...
Adding entry points...
Returning modue...
Setting initial triples...
Looking at entry points...
Already have driver for: main
Getting LLVM module...
Converting to LLVM...
Inserted function: sub_400900
Inserted function: sub_4007d0
Inserted function: sub_4007b0
Inserted function: sub_4007c0
inserting global data section named data_0x400a00
inserting global data section named data_0x400a04
inserting global data section named data_0x400a38
inserting global data section named data_0x400b4c
inserting global data section named data_0x600de0
inserting global data section named data_0x600de8
inserting global data section named data_0x600df0
inserting global data section named data_0x600ff8
inserting global data section named data_0x601000
inserting global data section named data_0x601060
inserting global data section named data_0x601080
dataSectionToTypesContents : 400a00 4
4
dataSectionToTypesContents : 400a04 34
52
dataSectionToTypesContents : 400a38 114
276
dataSectionToTypesContents : 400b4c 4c
76
dataSectionToTypesContents : 600de0 8
8
dataSectionToTypesContents : 600de8 8
8
dataSectionToTypesContents : 600df0 8
8
dataSectionToTypesContents : 600ff8 8
8
dataSectionToTypesContents : 601000 60
96
dataSectionToTypesContents : 601060 10
16
dataSectionToTypesContents : 601080 28
40
shouldSubtractImageBase: Not on Win32
shouldSubtractImageBase: Not on Win32
doCallPCtarget address : 4007d0
doCallPCtarget address : 4007b0
doCallPCtarget address : 4007c0
error: 
Line: 536
File: /home/ed/mcsema/mc-sema/cfgToLLVM/x86Instrs_Branches.cpp
Could not find external function: _ZNSt14basic_ofstreamIcSt11char_traitsIcEEC1Ev
Saved bitcode to /home/ed/mcsema-testing/SANDBOX/test-2015-12-21_15-36-50/SingleSource/Regression/C++/Output/ofstream_ctor.simple.mcsema/ofstream_ctor.simple.bc
