Looking up target...
Reading module ...
 TT x86-64 : x86_64-unknown-unknown 
Deserializing functions...
Deserializing functions...
Deserializing functions...
Deserializing functions...
Deserializing functions...
Deserializing functions...
Deserializing functions...
Deserializing functions...
Deserializing functions...
Deserializing functions...
Deserializing functions...
Deserializing functions...
Deserializing functions...
Deserializing functions...
Deserializing functions...
Deserializing functions...
Deserializing functions...
Deserializing functions...
Deserializing functions...
Deserializing functions...
Deserializing functions...
Deserializing functions...
Deserializing functions...
Deserializing functions...
Deserializing functions...
Deserializing functions...
Deserializing functions...
Deserializing functions...
Deserializing functions...
Deserializing functions...
Deserializing functions...
Deserializing functions...
Deserializing functions...
Deserializing functions...
Deserializing functions...
Deserializing functions...
Deserializing functions...
Deserializing functions...
Deserializing functions...
Deserializing functions...
Deserializing functions...
Deserializing functions...
Deserializing functions...
Deserializing functions...
Deserializing functions...
Deserializing functions...
Deserializing functions...
Deserializing functions...
Deserializing functions...
Deserializing functions...
Deserializing functions...
Deserializing functions...
Deserializing functions...
Deserializing functions...
Deserializing functions...
Deserializing functions...
Deserializing functions...
Deserializing functions...
Deserializing functions...
Deserializing functions...
Deserializing functions...
Deserializing functions...
Deserializing functions...
Deserializing functions...
Deserializing functions...
Deserializing functions...
Deserializing functions...
Deserializing functions...
Deserializing functions...
Deserializing functions...
Deserializing functions...
Deserializing functions...
Deserializing functions...
Deserializing functions...
Deserializing functions...
Deserializing functions...
Deserializing functions...
Deserializing functions...
Deserializing functions...
Deserializing functions...
Deserializing functions...
Deserializing functions...
Deserializing functions...
Deserializing functions...
Deserializing functions...
Deserializing functions...
Deserializing functions...
Deserializing functions...
Deserializing functions...
Deserializing functions...
Deserializing functions...
Deserializing functions...
Deserializing functions...
Deserializing functions...
Deserializing functions...
Deserializing functions...
Deserializing functions...
Deserializing functions...
Deserializing functions...
Deserializing functions...
Deserializing functions...
Deserializing functions...
Deserializing functions...
Deserializing functions...
Deserializing functions...
Deserializing functions...
Deserializing functions...
Deserializing functions...
Deserializing functions...
Deserializing functions...
Deserializing functions...
Deserializing functions...
Deserializing functions...
Deserializing functions...
Deserializing functions...
Deserializing functions...
Deserializing functions...
Deserializing functions...
Deserializing functions...
Deserializing functions...
Deserializing functions...
Deserializing functions...
Deserializing functions...
Deserializing functions...
Deserializing functions...
Deserializing functions...
Deserializing functions...
Deserializing functions...
Deserializing functions...
Deserializing functions...
Deserializing functions...
Deserializing functions...
Deserializing functions...
Deserializing functions...
Deserializing functions...
Deserializing functions...
Deserializing functions...
Deserializing functions...
Deserializing functions...
Deserializing functions...
Deserializing functions...
Deserializing functions...
Deserializing functions...
Deserializing functions...
Deserializing functions...
Deserializing functions...
Deserializing functions...
Deserializing functions...
Deserializing functions...
Deserializing functions...
Deserializing functions...
Deserializing functions...
Deserializing functions...
Deserializing functions...
Deserializing functions...
Deserializing functions...
Deserializing functions...
Deserializing functions...
Deserializing functions...
Deserializing functions...
Deserializing functions...
Deserializing functions...
Deserializing functions...
Deserializing functions...
Deserializing functions...
Deserializing functions...
Deserializing functions...
Deserializing functions...
Deserializing functions...
Deserializing functions...
Deserializing functions...
Deserializing functions...
Deserializing functions...
Deserializing functions...
Deserializing functions...
Deserializing functions...
Deserializing functions...
Deserializing functions...
Deserializing functions...
Deserializing functions...
Deserializing functions...
Deserializing functions...
Deserializing functions...
Deserializing functions...
Deserializing functions...
Deserializing functions...
Deserializing functions...
Deserializing functions...
Deserializing functions...
Deserializing functions...
Deserializing functions...
Deserializing functions...
Deserializing functions...
Deserializing functions...
Deserializing functions...
Deserializing functions...
Deserializing functions...
Deserializing functions...
Deserializing functions...
Deserializing functions...
Deserializing functions...
Deserializing functions...
Deserializing functions...
Deserializing functions...
Deserializing functions...
Deserializing functions...
Deserializing functions...
Deserializing functions...
Deserializing functions...
Deserializing functions...
Deserializing functions...
Deserializing functions...
Deserializing functions...
Deserializing functions...
Deserializing functions...
Deserializing functions...
Deserializing functions...
Deserializing functions...
Deserializing functions...
Deserializing functions...
Deserializing functions...
Deserializing functions...
Deserializing functions...
Deserializing functions...
Deserializing functions...
Deserializing functions...
Deserializing functions...
Deserializing functions...
Deserializing functions...
Deserializing functions...
Deserializing functions...
Deserializing functions...
Deserializing functions...
Deserializing functions...
Deserializing functions...
Deserializing functions...
Deserializing functions...
Deserializing functions...
Deserializing functions...
Deserializing functions...
Deserializing functions...
Deserializing functions...
Deserializing functions...
Deserializing functions...
Deserializing functions...
Deserializing functions...
Deserializing functions...
Deserializing functions...
Deserializing functions...
Deserializing functions...
Deserializing functions...
Deserializing functions...
Deserializing functions...
Deserializing functions...
Deserializing functions...
Deserializing functions...
Deserializing functions...
Deserializing functions...
Deserializing functions...
Deserializing functions...
Deserializing functions...
Deserializing functions...
Deserializing functions...
Deserializing functions...
Deserializing functions...
Deserializing functions...
Deserializing functions...
Deserializing functions...
Deserializing functions...
Deserializing functions...
Deserializing functions...
Deserializing functions...
Deserializing functions...
Deserializing functions...
Deserializing functions...
Deserializing functions...
Deserializing functions...
Deserializing functions...
Deserializing functions...
Deserializing functions...
Deserializing functions...
Deserializing functions...
Deserializing functions...
Deserializing functions...
Deserializing functions...
Deserializing functions...
Deserializing functions...
Deserializing functions...
Deserializing functions...
Deserializing functions...
Deserializing functions...
Deserializing functions...
Deserializing functions...
Deserializing functions...
Deserializing functions...
Deserializing functions...
Deserializing functions...
Deserializing functions...
Deserializing functions...
Deserializing functions...
Deserializing functions...
Deserializing functions...
Deserializing functions...
Deserializing functions...
Deserializing functions...
Deserializing functions...
Deserializing functions...
Deserializing functions...
Deserializing functions...
Deserializing functions...
Deserializing data...
Deserializing data...
Deserializing data...
Deserializing data...
Deserializing data...
Deserializing data...
Deserializing data...
Deserializing data...
Deserializing data...
Deserializing data...
Deserializing externs...
Deserializing externs...
Deserializing externs...
Deserializing externs...
Deserializing externs...
Deserializing externs...
Deserializing externs...
Deserializing externs...
Deserializing externs...
Deserializing externs...
Deserializing externs...
Deserializing externs...
Deserializing externs...
Deserializing externs...
Deserializing externs...
Deserializing externs...
Deserializing externs...
Deserializing externs...
Deserializing externs...
Deserializing externs...
Deserializing externs...
Deserializing externs...
Deserializing externs...
Deserializing externs...
Deserializing externs...
Deserializing externs...
Deserializing externs...
Deserializing externs...
Deserializing externs...
Deserializing externs...
Deserializing externs...
Deserializing externs...
Deserializing externs...
Deserializing externs...
Deserializing externs...
Deserializing externs...
Deserializing externs...
Deserializing externs...
Deserializing externs...
Deserializing externs...
Deserializing externs...
Deserializing externs...
Deserializing externs...
Creating module...
Setting target...
Done setting target
Adding external funcs...
Adding external data...
Adding internal data...
Adding entry points...
Returning modue...
Setting initial triples...
Looking at entry points...
Already have driver for: main
Getting LLVM module...
Converting to LLVM...
Inserted function: sub_41db60
Inserted function: sub_401e40
Inserted function: sub_401f00
Inserted function: sub_4067f0
Inserted function: sub_406840
Inserted function: sub_402120
Inserted function: sub_406820
Inserted function: sub_401b80
Inserted function: sub_41dc90
Inserted function: sub_41e400
Inserted function: sub_402180
Inserted function: sub_41e700
Inserted function: sub_403bf0
Inserted function: sub_403650
Inserted function: sub_401b70
Inserted function: sub_40e8e0
Inserted function: sub_404410
Inserted function: sub_40e9a0
Inserted function: sub_40f0b0
Inserted function: sub_40c9e0
Inserted function: sub_402200
Inserted function: sub_402650
Inserted function: sub_403280
Inserted function: sub_40eeb0
Inserted function: sub_402300
Inserted function: sub_406760
Inserted function: sub_404ea0
Inserted function: sub_405830
Inserted function: sub_403af0
Inserted function: sub_401c00
Inserted function: sub_41e840
Inserted function: sub_40e7a0
Inserted function: sub_40e380
Inserted function: sub_4190d0
Inserted function: sub_40ef60
Inserted function: sub_41e870
Inserted function: sub_413e10
Inserted function: sub_40b690
Inserted function: sub_40e430
Inserted function: sub_41c300
Inserted function: sub_404da0
Inserted function: sub_40c700
Inserted function: sub_401b00
Inserted function: sub_4151c0
Inserted function: sub_401da0
Inserted function: sub_40c3f0
Inserted function: sub_40d430
Inserted function: sub_401aa0
Inserted function: sub_402030
Inserted function: sub_41e790
Inserted function: sub_402580
Inserted function: sub_40cc70
Inserted function: sub_414d60
Inserted function: sub_420490
Inserted function: sub_40c810
Inserted function: sub_401e20
Inserted function: sub_4040b0
Inserted function: sub_406790
Inserted function: sub_41f8d0
Inserted function: sub_401c30
Inserted function: sub_40f1b0
Inserted function: sub_401a60
Inserted function: sub_401c50
Inserted function: sub_415120
Inserted function: sub_414c50
Inserted function: sub_40c5f0
Inserted function: sub_40e670
Inserted function: sub_401c60
Inserted function: sub_403a10
Inserted function: sub_403470
Inserted function: sub_413dc0
Inserted function: sub_4049f0
Inserted function: sub_401a30
Inserted function: sub_40e080
Inserted function: sub_401cc0
Inserted function: sub_414bf0
Inserted function: sub_41fe90
Inserted function: sub_401ca0
Inserted function: sub_40cb70
Inserted function: sub_4200b0
Inserted function: sub_41fcb0
Inserted function: sub_40c1b0
Inserted function: sub_4064c0
Inserted function: sub_404c20
Inserted function: sub_40e020
Inserted function: sub_41dad0
Inserted function: sub_41be90
Inserted function: sub_40c6b0
Inserted function: sub_41fad0
Inserted function: sub_40b460
Inserted function: sub_41ccc0
Inserted function: sub_40caf0
Inserted function: sub_403a70
Inserted function: sub_41f880
Inserted function: sub_41db10
Inserted function: sub_402920
Inserted function: sub_40e230
Inserted function: sub_4194c0
Inserted function: sub_419130
Inserted function: sub_4196c0
Inserted function: sub_40ef40
Inserted function: sub_4195e0
Inserted function: sub_4193b0
Inserted function: sub_40f020
Inserted function: sub_401cd0
Inserted function: sub_401b50
Inserted function: sub_40c260
Inserted function: sub_4066f0
Inserted function: sub_401d60
Inserted function: sub_41e890
Inserted function: sub_41f930
Inserted function: sub_41c170
Inserted function: sub_40c970
Inserted function: sub_403b30
Inserted function: sub_404b70
Inserted function: sub_401cb0
Inserted function: sub_4224d0
Inserted function: sub_40cb90
Inserted function: sub_404650
Inserted function: sub_41cba0
Inserted function: sub_40b3f0
Inserted function: sub_41c440
Inserted function: sub_401bb0
Inserted function: sub_4019c0
Inserted function: sub_414ca0
Inserted function: sub_401b90
Inserted function: sub_401c90
Inserted function: sub_40e4b0
Inserted function: sub_40f7d0
Inserted function: sub_401d90
Inserted function: sub_40d260
Inserted function: sub_403de0
Inserted function: sub_41cc50
Inserted function: sub_4134e0
Inserted function: sub_4039f0
Inserted function: sub_404cc0
Inserted function: sub_40ee00
Inserted function: sub_401c70
Inserted function: sub_4225b0
Inserted function: sub_41c230
Inserted function: sub_401ad0
Inserted function: sub_40f040
Inserted function: sub_40e460
Inserted function: sub_41c3f0
Inserted function: sub_401d50
Inserted function: sub_41c5f0
Inserted function: sub_41c660
Inserted function: sub_401c40
Inserted function: sub_406870
Inserted function: sub_41da70
Inserted function: sub_401a80
Inserted function: sub_401bc0
Inserted function: sub_401e90
Inserted function: sub_401ea0
Inserted function: sub_401d70
Inserted function: sub_40c540
Inserted function: sub_40bba0
Inserted function: sub_40d8b0
Inserted function: sub_40e740
Inserted function: sub_4152e0
Inserted function: sub_401ee0
Inserted function: sub_4195d0
Inserted function: sub_404770
Inserted function: sub_410ec0
Inserted function: sub_406e80
Inserted function: sub_406f10
Inserted function: sub_40d730
Inserted function: sub_404ba0
Inserted function: sub_401b30
Inserted function: sub_4019e0
Inserted function: sub_404f50
Inserted function: sub_41cf60
Inserted function: sub_419890
Inserted function: sub_40f930
Inserted function: sub_402400
Inserted function: sub_414c10
Inserted function: sub_419820
Inserted function: sub_41beb0
Inserted function: sub_405260
Inserted function: sub_406e10
Inserted function: sub_405870
Inserted function: sub_4039b0
Inserted function: sub_40fc90
Inserted function: sub_405710
Inserted function: sub_403ca0
Inserted function: sub_40d910
Inserted function: sub_4048b0
Inserted function: sub_40fcc0
Inserted function: sub_403fd0
Inserted function: sub_403ef0
Inserted function: sub_401d00
Inserted function: sub_404110
Inserted function: sub_405320
Inserted function: sub_402730
Inserted function: sub_40e140
Inserted function: sub_401bd0
Inserted function: sub_415b90
Inserted function: sub_415e00
Inserted function: sub_411210
Inserted function: sub_411250
Inserted function: sub_416060
Inserted function: sub_407f10
Inserted function: sub_410f70
Inserted function: sub_422480
Inserted function: sub_4189c0
Inserted function: sub_412e90
Inserted function: sub_408ea0
Inserted function: sub_40a400
Inserted function: sub_408210
Inserted function: sub_401a20
Inserted function: sub_40a0b0
Inserted function: sub_4080f0
Inserted function: sub_422430
Inserted function: sub_417240
Inserted function: sub_409060
Inserted function: sub_4183f0
Inserted function: sub_407e60
Inserted function: sub_40a310
Inserted function: sub_408480
Inserted function: sub_41c370
Inserted function: sub_408ce0
Inserted function: sub_401d20
Inserted function: sub_4124b0
Inserted function: sub_417430
Inserted function: sub_418ed0
Inserted function: sub_407d90
Inserted function: sub_407ce0
Inserted function: sub_4126f0
Inserted function: sub_407e80
Inserted function: sub_415d00
Inserted function: sub_411180
Inserted function: sub_410f10
Inserted function: sub_407d70
Inserted function: sub_408180
Inserted function: sub_408db0
Inserted function: sub_411120
Inserted function: sub_418c30
Inserted function: sub_411130
Inserted function: sub_413ce0
Inserted function: sub_408340
Inserted function: sub_408370
Inserted function: sub_418770
Inserted function: sub_408550
Inserted function: sub_417630
Inserted function: sub_417390
Inserted function: sub_40a570
Inserted function: sub_405780
Inserted function: sub_407f40
Inserted function: sub_408f80
Inserted function: sub_41e990
Inserted function: sub_413e30
Inserted function: sub_408240
Inserted function: sub_407f30
Inserted function: sub_4031a0
Inserted function: sub_401bf0
Inserted function: sub_409380
Inserted function: sub_417910
Inserted function: sub_405bb0
Inserted function: sub_417fe0
Inserted function: sub_4081c0
Inserted function: sub_404530
Inserted function: sub_4039d0
Inserted function: sub_406dd0
Inserted function: sub_4059e0
Inserted function: sub_40a090
Inserted function: sub_40fbf0
Inserted function: sub_402190
Inserted function: sub_40e190
Inserted function: sub_40e260
Inserted function: sub_404a30
Inserted function: sub_406ec0
Inserted function: sub_418700
Inserted function: sub_418820
Inserted function: sub_4030b0
Inserted function: sub_408430
Inserted function: sub_40f060
Inserted function: sub_414660
Inserted function: sub_405e80
Inserted function: sub_4085c0
Inserted function: sub_409820
Inserted function: sub_4140a0
Inserted function: sub_41eab0
Inserted function: sub_40e320
Inserted function: sub_402ae0
Inserted function: sub_4224f0
Inserted function: sub_417d00
Inserted function: sub_414880
Inserted function: sub_402830
Inserted function: sub_422537
Inserted function: sub_414740
Inserted function: sub_4145e0
Inserted function: sub_414550
Inserted function: sub_405d60
Inserted function: sub_409bc0
Inserted function: sub_40bb80
Inserted function: sub_408d90
Inserted function: sub_4093a0
Inserted function: sub_404b60
Inserted function: sub_404db0
Inserted function: sub_414bc0
Inserted function: sub_4056a0
Inserted function: sub_4149d0
Inserted function: sub_418550
Inserted function: sub_4061b0
Inserted function: sub_409660
Inserted function: sub_41bc70
Inserted function: sub_40a280
Inserted function: sub_412490
Inserted function: sub_403d10
Inserted function: sub_404330
inserting global data section named data_0x422690
inserting global data section named data_0x425c50
inserting global data section named data_0x426b40
inserting global data section named data_0x62ade0
inserting global data section named data_0x62ade8
inserting global data section named data_0x62adf0
inserting global data section named data_0x62aff8
inserting global data section named data_0x62b000
inserting global data section named data_0x62b2f0
inserting global data section named data_0x62b310
dataSectionToTypesContents : 422690 35bd
13757
dataSectionToTypesContents : 425c50 eec
3820
dataSectionToTypesContents : 426b40 40b4
16564
dataSectionToTypesContents : 62ade0 8
8
dataSectionToTypesContents : 62ade8 8
8
dataSectionToTypesContents : 62adf0 8
8
dataSectionToTypesContents : 62aff8 8
8
dataSectionToTypesContents : 62b000 2f0
752
dataSectionToTypesContents : 62b2f0 18
24
dataSectionToTypesContents : 62b310 28
40
translate_MOV64mi32: Other reloc
shouldSubtractImageBase: Not on Win32
shouldSubtractImageBase: Not on Win32
shouldSubtractImageBase: Not on Win32
shouldSubtractImageBase: Not on Win32
shouldSubtractImageBase: Not on Win32
shouldSubtractImageBase: Not on Win32
shouldSubtractImageBase: Not on Win32
shouldSubtractImageBase: Not on Win32
shouldSubtractImageBase: Not on Win32
shouldSubtractImageBase: Not on Win32
shouldSubtractImageBase: Not on Win32
shouldSubtractImageBase: Not on Win32
shouldSubtractImageBase: Not on Win32
doCallPCtarget address : 4067f0
!!!WARNING WARNING WARNING!!!
	Assuming all callbacks are to translated code!!!
doCallPCtarget address : 404b70
doCallPCtarget address : 401e40
doCallPCtarget address : 401f00
doCallPCtarget address : 401e40
doCallPCtarget address : 4194c0
doCallPCtarget address : 402650
doCallPCtarget address : 403280
doCallPCtarget address : 4194c0
doCallPCtarget address : 401e40
doCallPCtarget address : 401f00
doCallPCtarget address : 402190
doCallPCtarget address : 401e40
doCallPCExtern paramCount  : 12 : fprintf
12 : 4002780
doCallPCExtern paramCount  : 1 : fflush
1 : 4002780
shouldSubtractImageBase: Not on Win32
shouldSubtractImageBase: Not on Win32
!!!WARNING WARNING WARNING!!!
	Assuming all callbacks are to translated code!!!
doCallPCtarget address : 419130
!!!WARNING WARNING WARNING!!!
	Assuming all callbacks are to translated code!!!
doCallPCtarget address : 402120
doCallPCtarget address : 403280
doCallPCtarget address : 401e40
doCallPCtarget address : 401b80
doCallPCExtern paramCount  : 2 : realloc
2 : 4002780
doCallPCExtern paramCount  : 1 : free
1 : 4002780
shouldSubtractImageBase: Not on Win32
shouldSubtractImageBase: Not on Win32
shouldSubtractImageBase: Not on Win32
shouldSubtractImageBase: Not on Win32
shouldSubtractImageBase: Not on Win32
shouldSubtractImageBase: Not on Win32
shouldSubtractImageBase: Not on Win32
shouldSubtractImageBase: Not on Win32
shouldSubtractImageBase: Not on Win32
shouldSubtractImageBase: Not on Win32
shouldSubtractImageBase: Not on Win32
shouldSubtractImageBase: Not on Win32
shouldSubtractImageBase: Not on Win32
shouldSubtractImageBase: Not on Win32
shouldSubtractImageBase: Not on Win32
shouldSubtractImageBase: Not on Win32
shouldSubtractImageBase: Not on Win32
shouldSubtractImageBase: Not on Win32
shouldSubtractImageBase: Not on Win32
shouldSubtractImageBase: Not on Win32
shouldSubtractImageBase: Not on Win32
shouldSubtractImageBase: Not on Win32
shouldSubtractImageBase: Not on Win32
shouldSubtractImageBase: Not on Win32
shouldSubtractImageBase: Not on Win32
shouldSubtractImageBase: Not on Win32
shouldSubtractImageBase: Not on Win32
shouldSubtractImageBase: Not on Win32
shouldSubtractImageBase: Not on Win32
shouldSubtractImageBase: Not on Win32
shouldSubtractImageBase: Not on Win32
shouldSubtractImageBase: Not on Win32
shouldSubtractImageBase: Not on Win32
shouldSubtractImageBase: Not on Win32
shouldSubtractImageBase: Not on Win32
shouldSubtractImageBase: Not on Win32
shouldSubtractImageBase: Not on Win32
shouldSubtractImageBase: Not on Win32
shouldSubtractImageBase: Not on Win32
shouldSubtractImageBase: Not on Win32
shouldSubtractImageBase: Not on Win32
shouldSubtractImageBase: Not on Win32
shouldSubtractImageBase: Not on Win32
shouldSubtractImageBase: Not on Win32
shouldSubtractImageBase: Not on Win32
shouldSubtractImageBase: Not on Win32
shouldSubtractImageBase: Not on Win32
translate_MOV64mi32: Other reloc
shouldSubtractImageBase: Not on Win32
shouldSubtractImageBase: Not on Win32
shouldSubtractImageBase: Not on Win32
shouldSubtractImageBase: Not on Win32
shouldSubtractImageBase: Not on Win32
shouldSubtractImageBase: Not on Win32
shouldSubtractImageBase: Not on Win32
shouldSubtractImageBase: Not on Win32
shouldSubtractImageBase: Not on Win32
shouldSubtractImageBase: Not on Win32
shouldSubtractImageBase: Not on Win32
shouldSubtractImageBase: Not on Win32
shouldSubtractImageBase: Not on Win32
shouldSubtractImageBase: Not on Win32
shouldSubtractImageBase: Not on Win32
shouldSubtractImageBase: Not on Win32
shouldSubtractImageBase: Not on Win32
shouldSubtractImageBase: Not on Win32
shouldSubtractImageBase: Not on Win32
shouldSubtractImageBase: Not on Win32
shouldSubtractImageBase: Not on Win32
shouldSubtractImageBase: Not on Win32
doCallPCtarget address : 403650
doCallPCtarget address : 404cc0
doCallPCtarget address : 40f7d0
doCallPCtarget address : 404cc0
doCallPCtarget address : 401cc0
doCallPCtarget address : 401bb0
doCallPCtarget address : 406760
doCallPCtarget address : 4064c0
doCallPCtarget address : 402650
doCallPCtarget address : 41e700
doCallPCtarget address : 403280
doCallPCtarget address : 401e40
doCallPCtarget address : 401f00
doCallPCtarget address : 401e40
doCallPCtarget address : 401f00
doCallPCtarget address : 402190
doCallPCtarget address : 401e40
doCallPCtarget address : 401e40
doCallPCtarget address : 401f00
doCallPCtarget address : 41e400
doCallPCtarget address : 401a60
doCallPCtarget address : 405830
doCallPCtarget address : 401e40
doCallPCtarget address : 401f00
doCallPCtarget address : 4064c0
doCallPCtarget address : 4040b0
doCallPCtarget address : 402650
doCallPCtarget address : 41e700
doCallPCtarget address : 404410
doCallPCtarget address : 403a70
doCallPCtarget address : 403de0
doCallPCtarget address : 403a70
doCallPCtarget address : 403280
doCallPCtarget address : 403a70
doCallPCtarget address : 404650
doCallPCtarget address : 401bb0
doCallPCtarget address : 406760
doCallPCtarget address : 41e700
doCallPCtarget address : 401e40
doCallPCtarget address : 401f00
doCallPCtarget address : 402190
doCallPCtarget address : 401e40
doCallPCtarget address : 402650
doCallPCtarget address : 4064c0
doCallPCtarget address : 402300
doCallPCtarget address : 403280
doCallPCtarget address : 41e700
doCallPCtarget address : 402190
doCallPCtarget address : 401e40
doCallPCtarget address : 401f00
doCallPCtarget address : 402190
doCallPCtarget address : 401e40
doCallPCtarget address : 402650
doCallPCtarget address : 403280
doCallPCtarget address : 401e40
doCallPCtarget address : 401f00
doCallPCtarget address : 402190
doCallPCtarget address : 401e40
doCallPCtarget address : 402190
doCallPCtarget address : 41e890
doCallPCtarget address : 402190
doCallPCtarget address : 401b70
doCallPCtarget address : 401f00
doCallPCtarget address : 403280
doCallPCtarget address : 403470
doCallPCtarget address : 406760
doCallPCtarget address : 402200
doCallPCtarget address : 403280
doCallPCtarget address : 401c50
doCallPCtarget address : 41e700
doCallPCtarget address : 402200
doCallPCtarget address : 402190
doCallPCtarget address : 41e890
doCallPCtarget address : 402180
doCallPCtarget address : 403a10
doCallPCtarget address : 402300
doCallPCtarget address : 404ea0
doCallPCtarget address : 402650
doCallPCtarget address : 402190
doCallPCtarget address : 41e890
doCallPCtarget address : 403de0
doCallPCtarget address : 402300
doCallPCtarget address : 402180
doCallPCtarget address : 404a30
doCallPCtarget address : 403280
doCallPCtarget address : 403280
doCallPCtarget address : 403b30
doCallPCtarget address : 401e40
doCallPCtarget address : 401f00
doCallPCtarget address : 402190
doCallPCtarget address : 401e40
doCallPCtarget address : 401e40
doCallPCtarget address : 401f00
doCallPCtarget address : 401e40
doCallPCtarget address : 402180
!!!WARNING WARNING WARNING!!!
	Assuming all callbacks are to translated code!!!
doCallPCtarget address : 403bf0
doCallPCtarget address : 402300
!!!WARNING WARNING WARNING!!!
	Assuming all callbacks are to translated code!!!
doCallPCtarget address : 401c90
doCallPCtarget address : 404a30
doCallPCtarget address : 401c90
doCallPCtarget address : 402200
doCallPCtarget address : 404cc0
doCallPCtarget address : 40e8e0
doCallPCtarget address : 40e020
doCallPCExtern paramCount  : 2 : fputc
2 : 4002780
Unsupported!
40e96b 	mulq	%rcx
1729
doCallPCtarget address : 40e9a0
Failure to convert to LLVM module!
Saved bitcode to /home/ed/mcsema-testing/SANDBOX/test-2015-12-21_15-36-50/MultiSource/Applications/lua/Output/lua.simple.mcsema/lua.simple.bc
