Looking up target...
Reading module ...
 TT x86-64 : x86_64-unknown-unknown 
Deserializing functions...
Deserializing functions...
Deserializing functions...
Deserializing functions...
Deserializing data...
Deserializing data...
Deserializing data...
Deserializing data...
Deserializing data...
Deserializing data...
Deserializing data...
Deserializing data...
Deserializing data...
Deserializing data...
Deserializing externs...
Deserializing externs...
Deserializing externs...
Creating module...
Setting target...
Done setting target
Adding external funcs...
Adding external data...
Adding internal data...
Adding entry points...
Returning modue...
Setting initial triples...
Looking at entry points...
Already have driver for: main
Getting LLVM module...
Converting to LLVM...
Inserted function: sub_400770
Inserted function: sub_400560
Inserted function: sub_400540
Inserted function: sub_400570
inserting global data section named data_0x400890
inserting global data section named data_0x400950
inserting global data section named data_0x400990
inserting global data section named data_0x600de0
inserting global data section named data_0x600de8
inserting global data section named data_0x600df0
inserting global data section named data_0x600ff8
inserting global data section named data_0x601000
inserting global data section named data_0x601040
inserting global data section named data_0x601050
dataSectionToTypesContents : 400890 c0
192
dataSectionToTypesContents : 400950 3c
60
dataSectionToTypesContents : 400990 124
292
dataSectionToTypesContents : 600de0 8
8
dataSectionToTypesContents : 600de8 8
8
dataSectionToTypesContents : 600df0 8
8
dataSectionToTypesContents : 600ff8 8
8
dataSectionToTypesContents : 601000 40
64
dataSectionToTypesContents : 601040 10
16
dataSectionToTypesContents : 601050 8
8
shouldSubtractImageBase: Not on Win32
shouldSubtractImageBase: Not on Win32
shouldSubtractImageBase: Not on Win32
shouldSubtractImageBase: Not on Win32
doCallPCtarget address : 400560
doCallPCtarget address : 400540
doCallPCtarget address : 400540
doCallPCtarget address : 400540
doCallPCtarget address : 400570
doCallPCExtern paramCount  : 1 : puts
1 : 3147980
doCallPCExtern paramCount  : 12 : printf
12 : 3147980
doCallPCExtern paramCount  : 1 : putchar
1 : 3147980
Adding entry point: mcsema_main
in : doPostAnalysis
registering passes
Saved bitcode to /home/ed/mcsema-testing/SANDBOX/test-2015-12-21_15-36-50/SingleSource/Regression/C/Output/callargs.simple.mcsema/callargs.simple.bc
