Looking up target...
Reading module ...
 TT x86-64 : x86_64-unknown-unknown 
Deserializing functions...
Deserializing functions...
Deserializing functions...
Deserializing functions...
Deserializing functions...
Deserializing functions...
Deserializing functions...
Deserializing functions...
Deserializing functions...
Deserializing functions...
Deserializing functions...
Deserializing functions...
Deserializing functions...
Deserializing functions...
Deserializing functions...
Deserializing data...
Deserializing data...
Deserializing data...
Deserializing data...
Deserializing data...
Deserializing data...
Deserializing data...
Deserializing data...
Deserializing data...
Deserializing data...
Deserializing externs...
Deserializing externs...
Deserializing externs...
Deserializing externs...
Deserializing externs...
Deserializing externs...
Deserializing externs...
Deserializing externs...
Deserializing externs...
Deserializing externs...
Deserializing externs...
Creating module...
Setting target...
Done setting target
Adding external funcs...
Adding external data...
Adding internal data...
Adding entry points...
Returning modue...
Setting initial triples...
Looking at entry points...
Already have driver for: main
Getting LLVM module...
Converting to LLVM...
Inserted function: sub_401460
Inserted function: sub_400ec0
Inserted function: sub_400750
Inserted function: sub_4007e0
Inserted function: sub_400760
Inserted function: sub_4008e0
Inserted function: sub_400790
Inserted function: sub_401200
Inserted function: sub_400720
Inserted function: sub_4007d0
Inserted function: sub_4007a0
Inserted function: sub_4007c0
Inserted function: sub_400770
Inserted function: sub_4007b0
Inserted function: sub_400730
inserting global data section named data_0x401670
inserting global data section named data_0x4017c0
inserting global data section named data_0x401810
inserting global data section named data_0x601de0
inserting global data section named data_0x601de8
inserting global data section named data_0x601df0
inserting global data section named data_0x601ff8
inserting global data section named data_0x602000
inserting global data section named data_0x602080
inserting global data section named data_0x602090
dataSectionToTypesContents : 401670 150
336
dataSectionToTypesContents : 4017c0 4c
76
dataSectionToTypesContents : 401810 1a4
420
dataSectionToTypesContents : 601de0 8
8
dataSectionToTypesContents : 601de8 8
8
dataSectionToTypesContents : 601df0 8
8
dataSectionToTypesContents : 601ff8 8
8
dataSectionToTypesContents : 602000 80
128
dataSectionToTypesContents : 602080 10
16
dataSectionToTypesContents : 602090 8
8
shouldSubtractImageBase: Not on Win32
shouldSubtractImageBase: Not on Win32
shouldSubtractImageBase: Not on Win32
Unsupported!
400ff3 	movd	%rcx, %xmm0
1594
doJumpTableViaSwitch: Doing jumpt table via switch
Unsupported!
401010 	movd	%rax, %xmm2
1594
doCallPCtarget address : 400ec0
doCallPCtarget address : 400760
doCallPCtarget address : 4007e0
doCallPCtarget address : 400760
doCallPCtarget address : 4007e0
doCallPCtarget address : 401200
doCallPCtarget address : 400750
doCallPCtarget address : 4008e0
doCallPCtarget address : 400750
doCallPCtarget address : 400790
doCallPCtarget address : 400790
doCallPCtarget address : 400790
doCallPCtarget address : 400790
doCallPCtarget address : 400790
doCallPCtarget address : 400730
doCallPCtarget address : 400730
Failure to convert to LLVM module!
Saved bitcode to /home/ed/mcsema-testing/SANDBOX/test-2015-12-21_15-36-50/MultiSource/Applications/viterbi/Output/viterbi.simple.mcsema/viterbi.simple.mcsema/viterbi.simple.bc
