Looking up target...
Reading module ...
 TT x86-64 : x86_64-unknown-unknown 
Deserializing functions...
Deserializing functions...
Deserializing functions...
Deserializing functions...
Deserializing functions...
Deserializing functions...
Deserializing functions...
Deserializing functions...
Deserializing functions...
Deserializing functions...
Deserializing functions...
Deserializing functions...
Deserializing functions...
Deserializing functions...
Deserializing functions...
Deserializing functions...
Deserializing functions...
Deserializing functions...
Deserializing functions...
Deserializing functions...
Deserializing functions...
Deserializing functions...
Deserializing functions...
Deserializing functions...
Deserializing functions...
Deserializing functions...
Deserializing functions...
Deserializing functions...
Deserializing functions...
Deserializing functions...
Deserializing functions...
Deserializing functions...
Deserializing functions...
Deserializing functions...
Deserializing functions...
Deserializing functions...
Deserializing functions...
Deserializing functions...
Deserializing functions...
Deserializing functions...
Deserializing functions...
Deserializing functions...
Deserializing functions...
Deserializing functions...
Deserializing functions...
Deserializing functions...
Deserializing functions...
Deserializing functions...
Deserializing functions...
Deserializing functions...
Deserializing functions...
Deserializing functions...
Deserializing functions...
Deserializing functions...
Deserializing functions...
Deserializing functions...
Deserializing functions...
Deserializing functions...
Deserializing functions...
Deserializing functions...
Deserializing functions...
Deserializing functions...
Deserializing functions...
Deserializing functions...
Deserializing functions...
Deserializing functions...
Deserializing functions...
Deserializing functions...
Deserializing functions...
Deserializing functions...
Deserializing functions...
Deserializing functions...
Deserializing functions...
Deserializing functions...
Deserializing functions...
Deserializing functions...
Deserializing functions...
Deserializing functions...
Deserializing functions...
Deserializing functions...
Deserializing functions...
Deserializing functions...
Deserializing functions...
Deserializing functions...
Deserializing functions...
Deserializing functions...
Deserializing functions...
Deserializing functions...
Deserializing functions...
Deserializing functions...
Deserializing functions...
Deserializing functions...
Deserializing functions...
Deserializing functions...
Deserializing functions...
Deserializing functions...
Deserializing functions...
Deserializing functions...
Deserializing functions...
Deserializing functions...
Deserializing functions...
Deserializing functions...
Deserializing functions...
Deserializing functions...
Deserializing functions...
Deserializing functions...
Deserializing functions...
Deserializing functions...
Deserializing functions...
Deserializing functions...
Deserializing functions...
Deserializing functions...
Deserializing functions...
Deserializing functions...
Deserializing functions...
Deserializing functions...
Deserializing functions...
Deserializing functions...
Deserializing functions...
Deserializing functions...
Deserializing functions...
Deserializing functions...
Deserializing functions...
Deserializing functions...
Deserializing functions...
Deserializing functions...
Deserializing functions...
Deserializing functions...
Deserializing functions...
Deserializing functions...
Deserializing functions...
Deserializing functions...
Deserializing functions...
Deserializing functions...
Deserializing functions...
Deserializing functions...
Deserializing functions...
Deserializing functions...
Deserializing functions...
Deserializing functions...
Deserializing functions...
Deserializing functions...
Deserializing functions...
Deserializing functions...
Deserializing functions...
Deserializing functions...
Deserializing functions...
Deserializing functions...
Deserializing functions...
Deserializing functions...
Deserializing functions...
Deserializing functions...
Deserializing functions...
Deserializing functions...
Deserializing functions...
Deserializing functions...
Deserializing functions...
Deserializing functions...
Deserializing functions...
Deserializing functions...
Deserializing functions...
Deserializing functions...
Deserializing functions...
Deserializing functions...
Deserializing functions...
Deserializing functions...
Deserializing functions...
Deserializing functions...
Deserializing functions...
Deserializing functions...
Deserializing functions...
Deserializing functions...
Deserializing functions...
Deserializing functions...
Deserializing functions...
Deserializing functions...
Deserializing functions...
Deserializing functions...
Deserializing functions...
Deserializing functions...
Deserializing functions...
Deserializing functions...
Deserializing data...
Deserializing data...
Deserializing data...
Deserializing data...
Deserializing data...
Deserializing data...
Deserializing data...
Deserializing data...
Deserializing data...
Deserializing data...
Deserializing externs...
Deserializing externs...
Deserializing externs...
Deserializing externs...
Deserializing externs...
Deserializing externs...
Deserializing externs...
Deserializing externs...
Deserializing externs...
Deserializing externs...
Deserializing externs...
Deserializing externs...
Deserializing externs...
Deserializing externs...
Deserializing externs...
Deserializing externs...
Deserializing externs...
Deserializing externs...
Deserializing externs...
Deserializing externs...
Deserializing externs...
Deserializing externs...
Deserializing externs...
Deserializing externs...
Deserializing externs...
Deserializing externs...
Deserializing externs...
Deserializing externs...
Deserializing externs...
Deserializing externs...
Deserializing externs...
Deserializing externs...
Creating module...
Setting target...
Done setting target
Adding external funcs...
Adding external data...
Adding internal data...
Adding entry points...
Returning modue...
Setting initial triples...
Looking at entry points...
Already have driver for: main
Getting LLVM module...
Converting to LLVM...
Inserted function: sub_40c9e0
Inserted function: sub_40e500
Inserted function: sub_40eb00
Inserted function: sub_400d40
Inserted function: sub_40d8e0
Inserted function: sub_400f90
Inserted function: sub_40d180
Inserted function: sub_40de30
Inserted function: sub_40eeb0
Inserted function: sub_40ece0
Inserted function: sub_400e20
Inserted function: sub_400cf0
Inserted function: sub_401030
Inserted function: sub_400ce0
Inserted function: sub_411130
Inserted function: sub_40d3b0
Inserted function: sub_400d60
Inserted function: sub_40eda0
Inserted function: sub_40d9d0
Inserted function: sub_400de0
Inserted function: sub_40f600
Inserted function: sub_401400
Inserted function: sub_400c80
Inserted function: sub_40d4c0
Inserted function: sub_40e3d0
Inserted function: sub_4010e0
Inserted function: sub_40d860
Inserted function: sub_40d490
Inserted function: sub_400d30
Inserted function: sub_40b490
Inserted function: sub_40c500
Inserted function: sub_40dd70
Inserted function: sub_400d50
Inserted function: sub_40def0
Inserted function: sub_410ba0
Inserted function: sub_40e170
Inserted function: sub_40d550
Inserted function: sub_40c890
Inserted function: sub_40e0b0
Inserted function: sub_40c910
Inserted function: sub_400d20
Inserted function: sub_40e430
Inserted function: sub_411170
Inserted function: sub_4011b0
Inserted function: sub_400d80
Inserted function: sub_401340
Inserted function: sub_411f60
Inserted function: sub_400cb0
Inserted function: sub_400e60
Inserted function: sub_40ea90
Inserted function: sub_40dea0
Inserted function: sub_40efc0
Inserted function: sub_400ca0
Inserted function: sub_400cd0
Inserted function: sub_4114f0
Inserted function: sub_400d10
Inserted function: sub_40b450
Inserted function: sub_400e00
Inserted function: sub_400dd0
Inserted function: sub_40de60
Inserted function: sub_411220
Inserted function: sub_400e50
Inserted function: sub_40e260
Inserted function: sub_400e90
Inserted function: sub_4014e0
Inserted function: sub_40b410
Inserted function: sub_400e80
Inserted function: sub_400cc0
Inserted function: sub_4115f0
Inserted function: sub_400dc0
Inserted function: sub_401540
Inserted function: sub_401580
Inserted function: sub_401980
Inserted function: sub_401f00
Inserted function: sub_409340
Inserted function: sub_403bb0
Inserted function: sub_4123d0
Inserted function: sub_412410
Inserted function: sub_403860
Inserted function: sub_40ea30
Inserted function: sub_40a920
Inserted function: sub_400e10
Inserted function: sub_400d70
Inserted function: sub_403df0
Inserted function: sub_40dc80
Inserted function: sub_4044b0
Inserted function: sub_400e70
Inserted function: sub_4092c0
Inserted function: sub_412420
Inserted function: sub_400db0
Inserted function: sub_403790
Inserted function: sub_409ba0
Inserted function: sub_404d50
Inserted function: sub_411ff0
Inserted function: sub_405030
Inserted function: sub_409440
Inserted function: sub_403af0
Inserted function: sub_404510
Inserted function: sub_400e30
Inserted function: sub_401c20
Inserted function: sub_40deb0
Inserted function: sub_408330
Inserted function: sub_408400
Inserted function: sub_407a40
Inserted function: sub_405f60
Inserted function: sub_407a50
Inserted function: sub_400d90
Inserted function: sub_409c60
Inserted function: sub_404a90
Inserted function: sub_4113a0
Inserted function: sub_409830
Inserted function: sub_4098b0
Inserted function: sub_4060d0
Inserted function: sub_409930
Inserted function: sub_412070
Inserted function: sub_404b40
Inserted function: sub_4045e0
Inserted function: sub_412150
Inserted function: sub_401290
Inserted function: sub_405ec0
Inserted function: sub_411e80
Inserted function: sub_410ec0
Inserted function: sub_4017a0
Inserted function: sub_406540
Inserted function: sub_40dcb0
Inserted function: sub_403d30
Inserted function: sub_405b90
Inserted function: sub_400df0
Inserted function: sub_400da0
Inserted function: sub_405170
Inserted function: sub_404030
Inserted function: sub_4068d0
Inserted function: sub_4040b0
Inserted function: sub_4065c0
Inserted function: sub_411a90
Inserted function: sub_407b10
Inserted function: sub_40aac0
Inserted function: sub_4115a0
Inserted function: sub_40db90
Inserted function: sub_40dc10
Inserted function: sub_404430
Inserted function: sub_403c90
Inserted function: sub_405b10
Inserted function: sub_411cd0
Inserted function: sub_401d90
Inserted function: sub_400e40
Inserted function: sub_409ce0
Inserted function: sub_4118d0
Inserted function: sub_401f90
Inserted function: sub_404140
Inserted function: sub_4084a0
Inserted function: sub_4123f0
Inserted function: sub_40a9b0
Inserted function: sub_405250
Inserted function: sub_407a70
Inserted function: sub_404ab0
Inserted function: sub_4037b0
Inserted function: sub_405d10
Inserted function: sub_411ef0
Inserted function: sub_408020
Inserted function: sub_4069b0
Inserted function: sub_406a30
Inserted function: sub_406640
Inserted function: sub_4020e0
Inserted function: sub_405840
Inserted function: sub_405940
Inserted function: sub_4042e0
Inserted function: sub_40ae60
Inserted function: sub_40e990
Inserted function: sub_411bc0
Inserted function: sub_407f80
Inserted function: sub_40dcc0
Inserted function: sub_405aa0
Inserted function: sub_4080a0
Inserted function: sub_40ade0
Inserted function: sub_40aee0
Inserted function: sub_4058c0
Inserted function: sub_405a20
Inserted function: sub_40b160
Inserted function: sub_4055f0
Inserted function: sub_40b230
Inserted function: sub_40b2b0
inserting global data section named data_0x4124b0
inserting global data section named data_0x41aba8
inserting global data section named data_0x41b340
inserting global data section named data_0x61dde0
inserting global data section named data_0x61dde8
inserting global data section named data_0x61ddf0
inserting global data section named data_0x61dff8
inserting global data section named data_0x61e000
inserting global data section named data_0x61e128
inserting global data section named data_0x61e140
dataSectionToTypesContents : 4124b0 86f5
34549
dataSectionToTypesContents : 41aba8 794
1940
dataSectionToTypesContents : 41b340 23e4
9188
dataSectionToTypesContents : 61dde0 8
8
dataSectionToTypesContents : 61dde8 8
8
dataSectionToTypesContents : 61ddf0 8
8
dataSectionToTypesContents : 61dff8 8
8
dataSectionToTypesContents : 61e000 128
296
dataSectionToTypesContents : 61e128 10
16
dataSectionToTypesContents : 61e140 30
48
shouldSubtractImageBase: Not on Win32
shouldSubtractImageBase: Not on Win32
shouldSubtractImageBase: Not on Win32
shouldSubtractImageBase: Not on Win32
doJumpTableViaSwitch: Doing jumpt table via switch
shouldSubtractImageBase: Not on Win32
shouldSubtractImageBase: Not on Win32
shouldSubtractImageBase: Not on Win32
shouldSubtractImageBase: Not on Win32
shouldSubtractImageBase: Not on Win32
shouldSubtractImageBase: Not on Win32
shouldSubtractImageBase: Not on Win32
shouldSubtractImageBase: Not on Win32
shouldSubtractImageBase: Not on Win32
shouldSubtractImageBase: Not on Win32
shouldSubtractImageBase: Not on Win32
shouldSubtractImageBase: Not on Win32
shouldSubtractImageBase: Not on Win32
shouldSubtractImageBase: Not on Win32
shouldSubtractImageBase: Not on Win32
shouldSubtractImageBase: Not on Win32
shouldSubtractImageBase: Not on Win32
shouldSubtractImageBase: Not on Win32
shouldSubtractImageBase: Not on Win32
shouldSubtractImageBase: Not on Win32
shouldSubtractImageBase: Not on Win32
shouldSubtractImageBase: Not on Win32
shouldSubtractImageBase: Not on Win32
shouldSubtractImageBase: Not on Win32
shouldSubtractImageBase: Not on Win32
shouldSubtractImageBase: Not on Win32
shouldSubtractImageBase: Not on Win32
shouldSubtractImageBase: Not on Win32
shouldSubtractImageBase: Not on Win32
shouldSubtractImageBase: Not on Win32
shouldSubtractImageBase: Not on Win32
doCallPCtarget address : 400ce0
doCallPCtarget address : 4014e0
doCallPCtarget address : 40d180
doCallPCtarget address : 400dd0
doCallPCtarget address : 40b410
doCallPCtarget address : 40d3b0
doCallPCtarget address : 400dd0
doCallPCtarget address : 400f90
doCallPCtarget address : 400d60
doCallPCtarget address : 40d3b0
doCallPCtarget address : 400dd0
doCallPCtarget address : 4014e0
doCallPCtarget address : 400ca0
doCallPCtarget address : 400ca0
doCallPCtarget address : 400cc0
doCallPCtarget address : 400ca0
doCallPCtarget address : 400ca0
doCallPCtarget address : 400ca0
doCallPCtarget address : 400cc0
doCallPCtarget address : 400ca0
doCallPCtarget address : 400dd0
doCallPCtarget address : 400dd0
doCallPCtarget address : 400d40
doCallPCtarget address : 411220
doCallPCtarget address : 411220
doCallPCtarget address : 400ce0
doCallPCtarget address : 400dd0
doCallPCtarget address : 40d9d0
doCallPCtarget address : 40e500
doCallPCtarget address : 400e20
doCallPCtarget address : 4014e0
doCallPCtarget address : 400dd0
doCallPCtarget address : 401030
doCallPCtarget address : 400dd0
doCallPCtarget address : 401030
doCallPCtarget address : 401540
doCallPCtarget address : 40efc0
doCallPCtarget address : 400dd0
doCallPCtarget address : 400e60
doCallPCtarget address : 400dd0
doCallPCtarget address : 4115f0
doCallPCtarget address : 400cf0
doCallPCtarget address : 40b410
doCallPCtarget address : 40f600
doCallPCtarget address : 40b450
doCallPCtarget address : 400e50
doCallPCtarget address : 40b410
doCallPCtarget address : 40f600
doCallPCtarget address : 40b450
doCallPCtarget address : 40de60
doCallPCtarget address : 401290
doCallPCtarget address : 40de60
doCallPCtarget address : 400ce0
doCallPCtarget address : 4014e0
!!!WARNING WARNING WARNING!!!
	Assuming all callbacks are to translated code!!!
doCallPCtarget address : 400dc0
doCallPCtarget address : 400e00
doCallPCtarget address : 400d40
doCallPCtarget address : 4014e0
doCallPCtarget address : 40d8e0
doCallPCtarget address : 401290
doCallPCtarget address : 401290
doCallPCtarget address : 40dea0
doCallPCtarget address : 40d8e0
doCallPCtarget address : 400e00
doCallPCtarget address : 401290
doCallPCtarget address : 40ea90
doCallPCtarget address : 40eb00
doCallPCtarget address : 400d40
doCallPCtarget address : 4014e0
doCallPCtarget address : 40eda0
doCallPCtarget address : 40d8e0
doCallPCtarget address : 40de30
doCallPCtarget address : 40de30
doCallPCtarget address : 40d8e0
doCallPCtarget address : 411130
doCallPCtarget address : 40ece0
doCallPCtarget address : 401290
doCallPCExtern paramCount  : 1 : free
1 : 3e12360
doCallPCtarget address : 400d60
doCallPCtarget address : 400d60
doCallPCtarget address : 400e40
doCallPCtarget address : 411130
doCallPCtarget address : 400de0
doCallPCtarget address : 4014e0
doCallPCExtern paramCount  : 1 : free
1 : 3e12360
translate_MOV64mi32: Other reloc
translate_MOV64mi32: Other reloc
shouldSubtractImageBase: Not on Win32
shouldSubtractImageBase: Not on Win32
shouldSubtractImageBase: Not on Win32
shouldSubtractImageBase: Not on Win32
shouldSubtractImageBase: Not on Win32
shouldSubtractImageBase: Not on Win32
shouldSubtractImageBase: Not on Win32
shouldSubtractImageBase: Not on Win32
shouldSubtractImageBase: Not on Win32
shouldSubtractImageBase: Not on Win32
shouldSubtractImageBase: Not on Win32
shouldSubtractImageBase: Not on Win32
shouldSubtractImageBase: Not on Win32
shouldSubtractImageBase: Not on Win32
shouldSubtractImageBase: Not on Win32
shouldSubtractImageBase: Not on Win32
shouldSubtractImageBase: Not on Win32
shouldSubtractImageBase: Not on Win32
shouldSubtractImageBase: Not on Win32
shouldSubtractImageBase: Not on Win32
shouldSubtractImageBase: Not on Win32
shouldSubtractImageBase: Not on Win32
shouldSubtractImageBase: Not on Win32
shouldSubtractImageBase: Not on Win32
shouldSubtractImageBase: Not on Win32
shouldSubtractImageBase: Not on Win32
shouldSubtractImageBase: Not on Win32
shouldSubtractImageBase: Not on Win32
shouldSubtractImageBase: Not on Win32
shouldSubtractImageBase: Not on Win32
shouldSubtractImageBase: Not on Win32
shouldSubtractImageBase: Not on Win32
shouldSubtractImageBase: Not on Win32
shouldSubtractImageBase: Not on Win32
shouldSubtractImageBase: Not on Win32
shouldSubtractImageBase: Not on Win32
shouldSubtractImageBase: Not on Win32
shouldSubtractImageBase: Not on Win32
shouldSubtractImageBase: Not on Win32
shouldSubtractImageBase: Not on Win32
doCallPCtarget address : 400d60
doCallPCtarget address : 400cd0
doCallPCtarget address : 400e00
doCallPCtarget address : 4014e0
doCallPCtarget address : 400e30
doCallPCtarget address : 400e30
doCallPCtarget address : 400d30
doCallPCtarget address : 400e60
doCallPCtarget address : 400d30
doCallPCtarget address : 400e30
doCallPCtarget address : 400e30
doCallPCtarget address : 400e30
doCallPCtarget address : 400e30
doCallPCtarget address : 400e30
doCallPCtarget address : 400e30
doCallPCtarget address : 400e30
doCallPCtarget address : 400e30
doCallPCtarget address : 400e30
doCallPCtarget address : 400e30
doCallPCtarget address : 400e30
doCallPCtarget address : 400e30
doCallPCtarget address : 400e30
doCallPCtarget address : 400e30
doCallPCtarget address : 400e30
doCallPCExtern paramCount  : 4 : fwrite
4 : 3e12360
doCallPCtarget address : 40eb00
doCallPCtarget address : 40ece0
doCallPCExtern paramCount  : 3 : strncpy
3 : 3e12360
doCallPCExtern paramCount  : 2 : fopen
2 : 3e12360
doCallPCtarget address : 4114f0
doCallPCtarget address : 40d4c0
doCallPCtarget address : 40e170
doCallPCExtern paramCount  : 1 : free
1 : 3e12360
doCallPCExtern paramCount  : 1 : malloc
1 : 3e12360
shouldSubtractImageBase: Not on Win32
doCallPCtarget address : 400d60
doCallPCtarget address : 400ce0
doCallPCtarget address : 400de0
doCallPCtarget address : 4014e0
doCallPCtarget address : 400d60
doCallPCtarget address : 400d60
doCallPCtarget address : 400d60
doCallPCtarget address : 400ce0
doCallPCtarget address : 400de0
doCallPCtarget address : 4014e0
doCallPCtarget address : 400de0
doCallPCtarget address : 400d60
doCallPCtarget address : 400ce0
doCallPCtarget address : 400e20
doCallPCtarget address : 4014e0
doCallPCExtern paramCount  : 1 : strlen
1 : 3e12360
shouldSubtractImageBase: Not on Win32
shouldSubtractImageBase: Not on Win32
shouldSubtractImageBase: Not on Win32
shouldSubtractImageBase: Not on Win32
shouldSubtractImageBase: Not on Win32
doCallPCtarget address : 40eda0
doCallPCtarget address : 40eda0
doCallPCtarget address : 401290
doCallPCtarget address : 401290
doCallPCtarget address : 401290
doCallPCtarget address : 401290
doCallPCtarget address : 40d8e0
doCallPCtarget address : 400d60
doCallPCtarget address : 401290
doCallPCExtern paramCount  : 2 : strcpy
2 : 3e12360
doJumpTableViaSwitch: Doing jumpt table via switch
shouldSubtractImageBase: Not on Win32
shouldSubtractImageBase: Not on Win32
shouldSubtractImageBase: Not on Win32
shouldSubtractImageBase: Not on Win32
shouldSubtractImageBase: Not on Win32
shouldSubtractImageBase: Not on Win32
shouldSubtractImageBase: Not on Win32
shouldSubtractImageBase: Not on Win32
shouldSubtractImageBase: Not on Win32
shouldSubtractImageBase: Not on Win32
shouldSubtractImageBase: Not on Win32
Unsupported!
40fef5 	btq	%rax, %r15
303
shouldSubtractImageBase: Not on Win32
shouldSubtractImageBase: Not on Win32
shouldSubtractImageBase: Not on Win32
doJumpTableViaSwitch: Doing jumpt table via switch
shouldSubtractImageBase: Not on Win32
shouldSubtractImageBase: Not on Win32
shouldSubtractImageBase: Not on Win32
shouldSubtractImageBase: Not on Win32
shouldSubtractImageBase: Not on Win32
shouldSubtractImageBase: Not on Win32
shouldSubtractImageBase: Not on Win32
shouldSubtractImageBase: Not on Win32
shouldSubtractImageBase: Not on Win32
shouldSubtractImageBase: Not on Win32
shouldSubtractImageBase: Not on Win32
shouldSubtractImageBase: Not on Win32
shouldSubtractImageBase: Not on Win32
shouldSubtractImageBase: Not on Win32
shouldSubtractImageBase: Not on Win32
shouldSubtractImageBase: Not on Win32
shouldSubtractImageBase: Not on Win32
shouldSubtractImageBase: Not on Win32
shouldSubtractImageBase: Not on Win32
shouldSubtractImageBase: Not on Win32
shouldSubtractImageBase: Not on Win32
shouldSubtractImageBase: Not on Win32
shouldSubtractImageBase: Not on Win32
shouldSubtractImageBase: Not on Win32
shouldSubtractImageBase: Not on Win32
shouldSubtractImageBase: Not on Win32
shouldSubtractImageBase: Not on Win32
shouldSubtractImageBase: Not on Win32
shouldSubtractImageBase: Not on Win32
shouldSubtractImageBase: Not on Win32
shouldSubtractImageBase: Not on Win32
shouldSubtractImageBase: Not on Win32
shouldSubtractImageBase: Not on Win32
shouldSubtractImageBase: Not on Win32
doCallPCtarget address : 40b490
doCallPCtarget address : 40b490
doCallPCtarget address : 40b490
doCallPCtarget address : 40b490
doCallPCtarget address : 40b490
doCallPCtarget address : 40b490
doCallPCtarget address : 40b490
doCallPCtarget address : 40b490
doCallPCtarget address : 40b490
doCallPCtarget address : 40b490
doCallPCtarget address : 40e3d0
doCallPCtarget address : 4010e0
doCallPCtarget address : 40b490
doCallPCtarget address : 40c890
doCallPCtarget address : 40d550
doCallPCtarget address : 40b490
doCallPCtarget address : 411170
doCallPCtarget address : 411220
doCallPCtarget address : 411220
doCallPCtarget address : 40c890
doCallPCtarget address : 40b490
doCallPCtarget address : 40c890
doCallPCtarget address : 40b490
doCallPCtarget address : 40b490
doCallPCtarget address : 4010e0
doCallPCtarget address : 40b490
doCallPCtarget address : 4010e0
doCallPCtarget address : 411170
doCallPCtarget address : 400cf0
doCallPCtarget address : 4010e0
doCallPCtarget address : 40b490
doCallPCtarget address : 4010e0
doCallPCtarget address : 40b490
doCallPCtarget address : 40c890
doCallPCtarget address : 40b490
doCallPCtarget address : 4010e0
doCallPCtarget address : 40b490
doCallPCtarget address : 400ce0
doCallPCtarget address : 4010e0
doCallPCtarget address : 400d40
doCallPCtarget address : 4010e0
doCallPCtarget address : 40b490
doCallPCtarget address : 40c890
doCallPCtarget address : 40b490
doCallPCtarget address : 4010e0
doCallPCtarget address : 40efc0
doCallPCtarget address : 40b490
doCallPCtarget address : 40c890
doCallPCtarget address : 40b410
doCallPCtarget address : 40f600
doCallPCtarget address : 40b450
doCallPCtarget address : 400d40
doCallPCtarget address : 4014e0
doCallPCtarget address : 400d40
doCallPCtarget address : 401400
doCallPCtarget address : 401400
doCallPCtarget address : 40c890
doCallPCtarget address : 40c910
doCallPCtarget address : 40b490
doCallPCtarget address : 40c890
doCallPCtarget address : 411130
doCallPCtarget address : 40d550
doCallPCtarget address : 40b490
doCallPCtarget address : 410ba0
doCallPCtarget address : 4010e0
doCallPCtarget address : 40d550
doCallPCtarget address : 40b490
doCallPCtarget address : 401290
doCallPCtarget address : 401290
doCallPCtarget address : 40d860
doCallPCtarget address : 40b490
doCallPCtarget address : 4010e0
doCallPCtarget address : 401290
doCallPCtarget address : 40b490
doCallPCtarget address : 40e430
doCallPCtarget address : 400ce0
doCallPCtarget address : 4010e0
doCallPCtarget address : 4010e0
doCallPCtarget address : 40b490
doCallPCtarget address : 400d40
doCallPCtarget address : 4010e0
doCallPCtarget address : 4010e0
doCallPCtarget address : 400d40
doCallPCtarget address : 40b490
doCallPCtarget address : 4010e0
doCallPCtarget address : 400d40
doCallPCtarget address : 4010e0
doCallPCtarget address : 40b490
doCallPCtarget address : 4014e0
doCallPCtarget address : 40b490
doCallPCtarget address : 40d8e0
doCallPCtarget address : 40b490
doCallPCtarget address : 40c890
doCallPCtarget address : 40b490
doCallPCtarget address : 4010e0
doCallPCtarget address : 400d40
doCallPCtarget address : 400d40
doCallPCtarget address : 40b490
doCallPCtarget address : 40de30
doCallPCtarget address : 40b490
doCallPCtarget address : 410ba0
doCallPCtarget address : 401290
doCallPCtarget address : 4010e0
doCallPCtarget address : 40b490
doCallPCtarget address : 4010e0
doCallPCtarget address : 40b490
doCallPCtarget address : 40b490
doCallPCtarget address : 40c890
doCallPCtarget address : 40b490
doCallPCtarget address : 4010e0
doCallPCtarget address : 401290
doCallPCtarget address : 400dd0
doCallPCtarget address : 4010e0
doCallPCtarget address : 4010e0
doCallPCtarget address : 400d40
doCallPCtarget address : 4010e0
doCallPCtarget address : 40b490
doCallPCtarget address : 401290
doCallPCtarget address : 40def0
doCallPCtarget address : 40b490
doCallPCtarget address : 400dd0
doCallPCtarget address : 40c890
doCallPCtarget address : 40b490
doCallPCtarget address : 40b490
doCallPCtarget address : 410ba0
doCallPCtarget address : 400d40
doCallPCtarget address : 4010e0
doCallPCtarget address : 40c890
shouldSubtractImageBase: Not on Win32
shouldSubtractImageBase: Not on Win32
shouldSubtractImageBase: Not on Win32
shouldSubtractImageBase: Not on Win32
shouldSubtractImageBase: Not on Win32
shouldSubtractImageBase: Not on Win32
shouldSubtractImageBase: Not on Win32
shouldSubtractImageBase: Not on Win32
shouldSubtractImageBase: Not on Win32
shouldSubtractImageBase: Not on Win32
shouldSubtractImageBase: Not on Win32
shouldSubtractImageBase: Not on Win32
shouldSubtractImageBase: Not on Win32
shouldSubtractImageBase: Not on Win32
shouldSubtractImageBase: Not on Win32
shouldSubtractImageBase: Not on Win32
shouldSubtractImageBase: Not on Win32
doCallPCtarget address : 40b490
doCallPCtarget address : 40b490
doCallPCtarget address : 4010e0
doCallPCtarget address : 410ba0
doCallPCtarget address : 4010e0
doCallPCtarget address : 40b490
doCallPCtarget address : 40b490
doCallPCtarget address : 4010e0
doCallPCtarget address : 4010e0
doCallPCtarget address : 40b490
doCallPCtarget address : 4010e0
doCallPCtarget address : 40d8e0
doCallPCtarget address : 400dd0
doCallPCtarget address : 4010e0
doCallPCtarget address : 40e3d0
doCallPCtarget address : 400d60
doCallPCtarget address : 401290
doCallPCtarget address : 400ce0
doCallPCtarget address : 400d40
doCallPCtarget address : 401290
doCallPCtarget address : 401290
doCallPCtarget address : 400d40
doCallPCtarget address : 400d40
doCallPCtarget address : 40e260
doCallPCtarget address : 4014e0
doCallPCtarget address : 400d40
doCallPCtarget address : 40b490
doCallPCtarget address : 4010e0
doCallPCtarget address : 40d8e0
doCallPCtarget address : 400d40
doCallPCtarget address : 40d8e0
doCallPCtarget address : 40dd70
doCallPCtarget address : 400d40
doCallPCtarget address : 401290
doCallPCtarget address : 40d8e0
doCallPCtarget address : 4010e0
doCallPCtarget address : 400d60
doCallPCtarget address : 4010e0
doCallPCtarget address : 400d40
doCallPCtarget address : 400d40
doCallPCtarget address : 400d40
doCallPCtarget address : 401290
Failure to convert to LLVM module!
Saved bitcode to /home/ed/mcsema-testing/SANDBOX/test-2015-12-21_15-36-50/MultiSource/Applications/treecc/Output/treecc.simple.mcsema/treecc.simple.bc
