Looking up target...
Reading module ...
 TT x86-64 : x86_64-unknown-unknown 
Deserializing functions...
Deserializing functions...
Deserializing functions...
Deserializing functions...
Deserializing functions...
Deserializing functions...
Deserializing functions...
Deserializing functions...
Deserializing functions...
Deserializing functions...
Deserializing functions...
Deserializing data...
Deserializing data...
Deserializing data...
Deserializing data...
Deserializing data...
Deserializing data...
Deserializing data...
Deserializing data...
Deserializing data...
Deserializing data...
Deserializing data...
Deserializing externs...
Deserializing externs...
Creating module...
Setting target...
Done setting target
Adding external funcs...
Adding external data...
Adding internal data...
Adding entry points...
Returning modue...
Setting initial triples...
Looking at entry points...
Already have driver for: main
Getting LLVM module...
Converting to LLVM...
Inserted function: sub_400a90
Inserted function: sub_400960
Inserted function: sub_400930
Inserted function: sub_400940
Inserted function: sub_400c20
Inserted function: sub_4008d0
Inserted function: sub_4008f0
Inserted function: sub_400900
Inserted function: sub_400920
Inserted function: sub_400990
Inserted function: sub_400950
inserting global data section named data_0x400cc0
inserting global data section named data_0x400d40
inserting global data section named data_0x400d80
inserting global data section named data_0x400eb4
inserting global data section named data_0x601de0
inserting global data section named data_0x601de8
inserting global data section named data_0x601df0
inserting global data section named data_0x601ff8
inserting global data section named data_0x602000
inserting global data section named data_0x602080
inserting global data section named data_0x6020a0
dataSectionToTypesContents : 400cc0 80
128
dataSectionToTypesContents : 400d40 3c
60
dataSectionToTypesContents : 400d80 134
308
dataSectionToTypesContents : 400eb4 84
132
dataSectionToTypesContents : 601de0 8
8
dataSectionToTypesContents : 601de8 8
8
dataSectionToTypesContents : 601df0 8
8
dataSectionToTypesContents : 601ff8 8
8
dataSectionToTypesContents : 602000 80
128
dataSectionToTypesContents : 602080 10
16
dataSectionToTypesContents : 6020a0 d0
208
shouldSubtractImageBase: Not on Win32
shouldSubtractImageBase: Not on Win32
doCallPCtarget address : 400920
doCallPCtarget address : 400940
doCallPCtarget address : 4008d0
doCallPCtarget address : 400990
doCallPC: Adding Unreachable Instruction to local noreturn
shouldSubtractImageBase: Not on Win32
shouldSubtractImageBase: Not on Win32
shouldSubtractImageBase: Not on Win32
shouldSubtractImageBase: Not on Win32
shouldSubtractImageBase: Not on Win32
doCallPCtarget address : 400960
doCallPCtarget address : 4008d0
doCallPCtarget address : 400950
doCallPCtarget address : 400920
!!!WARNING WARNING WARNING!!!
	Assuming all callbacks are to translated code!!!
doCallPCtarget address : 400940
doCallPCtarget address : 400930
doCallPCtarget address : 4008d0
doCallPCtarget address : 400960
doCallPCtarget address : 4008f0
doCallPCtarget address : 400950
doCallPCtarget address : 4008d0
doCallPCtarget address : 400900
error: 
Line: 536
File: /home/ed/mcsema/mc-sema/cfgToLLVM/x86Instrs_Branches.cpp
Could not find external function: __cxa_begin_catch
Saved bitcode to /home/ed/mcsema-testing/SANDBOX/test-2015-12-21_15-36-50/SingleSource/Regression/C++/EH/Output/inlined_cleanup.simple.mcsema/inlined_cleanup.simple.bc
