Looking up target...
Reading module ...
 TT x86-64 : x86_64-unknown-unknown 
Deserializing functions...
Deserializing functions...
Deserializing functions...
Deserializing functions...
Deserializing functions...
Deserializing functions...
Deserializing functions...
Deserializing data...
Deserializing data...
Deserializing data...
Deserializing data...
Deserializing data...
Deserializing data...
Deserializing data...
Deserializing data...
Deserializing data...
Deserializing data...
Deserializing data...
Deserializing externs...
Creating module...
Setting target...
Done setting target
Adding external funcs...
Adding external data...
Adding internal data...
Adding entry points...
Returning modue...
Setting initial triples...
Looking at entry points...
Already have driver for: main
Getting LLVM module...
Converting to LLVM...
Inserted function: sub_400920
Inserted function: sub_4008e0
Inserted function: sub_4007a0
Inserted function: sub_400720
Inserted function: sub_4008a0
Inserted function: sub_400750
Inserted function: sub_400760
inserting global data section named data_0x4009d0
inserting global data section named data_0x4009f8
inserting global data section named data_0x400a40
inserting global data section named data_0x400b7c
inserting global data section named data_0x600de0
inserting global data section named data_0x600de8
inserting global data section named data_0x600df0
inserting global data section named data_0x600ff8
inserting global data section named data_0x601000
inserting global data section named data_0x601060
inserting global data section named data_0x601080
dataSectionToTypesContents : 4009d0 28
40
dataSectionToTypesContents : 4009f8 44
68
dataSectionToTypesContents : 400a40 13c
316
dataSectionToTypesContents : 400b7c 70
112
dataSectionToTypesContents : 600de0 8
8
dataSectionToTypesContents : 600de8 8
8
dataSectionToTypesContents : 600df0 8
8
dataSectionToTypesContents : 600ff8 8
8
dataSectionToTypesContents : 601000 60
96
dataSectionToTypesContents : 601060 10
16
dataSectionToTypesContents : 601080 60
96
doCallPCtarget address : 4008e0
doCallPC: Adding Unreachable Instruction to local noreturn
doCallPCtarget address : 4008a0
doCallPCtarget address : 400720
doCallPCtarget address : 4007a0
doCallPC: Adding Unreachable Instruction to local noreturn
error: 
Line: 536
File: /home/ed/mcsema/mc-sema/cfgToLLVM/x86Instrs_Branches.cpp
Could not find external function: _Unwind_Resume
Saved bitcode to /home/ed/mcsema-testing/SANDBOX/test-2015-12-21_15-36-50/SingleSource/Regression/C++/EH/Output/recursive-throw.simple.mcsema/recursive-throw.simple.bc
