Looking up target...
Reading module ...
 TT x86-64 : x86_64-unknown-unknown 
Deserializing functions...
Deserializing functions...
Deserializing functions...
Deserializing functions...
Deserializing functions...
Deserializing functions...
Deserializing functions...
Deserializing functions...
Deserializing functions...
Deserializing functions...
Deserializing functions...
Deserializing functions...
Deserializing functions...
Deserializing functions...
Deserializing functions...
Deserializing functions...
Deserializing functions...
Deserializing functions...
Deserializing functions...
Deserializing functions...
Deserializing functions...
Deserializing functions...
Deserializing functions...
Deserializing functions...
Deserializing functions...
Deserializing functions...
Deserializing functions...
Deserializing functions...
Deserializing functions...
Deserializing functions...
Deserializing functions...
Deserializing functions...
Deserializing functions...
Deserializing functions...
Deserializing functions...
Deserializing functions...
Deserializing functions...
Deserializing functions...
Deserializing functions...
Deserializing functions...
Deserializing functions...
Deserializing functions...
Deserializing functions...
Deserializing functions...
Deserializing functions...
Deserializing functions...
Deserializing functions...
Deserializing functions...
Deserializing functions...
Deserializing functions...
Deserializing functions...
Deserializing functions...
Deserializing functions...
Deserializing functions...
Deserializing functions...
Deserializing functions...
Deserializing functions...
Deserializing functions...
Deserializing functions...
Deserializing functions...
Deserializing functions...
Deserializing functions...
Deserializing functions...
Deserializing functions...
Deserializing functions...
Deserializing functions...
Deserializing functions...
Deserializing functions...
Deserializing functions...
Deserializing functions...
Deserializing functions...
Deserializing functions...
Deserializing functions...
Deserializing functions...
Deserializing functions...
Deserializing functions...
Deserializing functions...
Deserializing functions...
Deserializing functions...
Deserializing functions...
Deserializing functions...
Deserializing functions...
Deserializing functions...
Deserializing functions...
Deserializing functions...
Deserializing functions...
Deserializing functions...
Deserializing functions...
Deserializing functions...
Deserializing functions...
Deserializing functions...
Deserializing functions...
Deserializing functions...
Deserializing functions...
Deserializing functions...
Deserializing functions...
Deserializing functions...
Deserializing functions...
Deserializing functions...
Deserializing functions...
Deserializing functions...
Deserializing functions...
Deserializing functions...
Deserializing functions...
Deserializing functions...
Deserializing functions...
Deserializing functions...
Deserializing functions...
Deserializing functions...
Deserializing functions...
Deserializing functions...
Deserializing functions...
Deserializing functions...
Deserializing functions...
Deserializing functions...
Deserializing functions...
Deserializing functions...
Deserializing functions...
Deserializing functions...
Deserializing functions...
Deserializing functions...
Deserializing functions...
Deserializing functions...
Deserializing functions...
Deserializing functions...
Deserializing functions...
Deserializing functions...
Deserializing functions...
Deserializing functions...
Deserializing functions...
Deserializing functions...
Deserializing functions...
Deserializing functions...
Deserializing functions...
Deserializing functions...
Deserializing functions...
Deserializing functions...
Deserializing functions...
Deserializing functions...
Deserializing functions...
Deserializing functions...
Deserializing functions...
Deserializing functions...
Deserializing functions...
Deserializing functions...
Deserializing functions...
Deserializing functions...
Deserializing functions...
Deserializing functions...
Deserializing functions...
Deserializing functions...
Deserializing functions...
Deserializing functions...
Deserializing functions...
Deserializing functions...
Deserializing functions...
Deserializing functions...
Deserializing functions...
Deserializing functions...
Deserializing functions...
Deserializing functions...
Deserializing functions...
Deserializing functions...
Deserializing functions...
Deserializing functions...
Deserializing functions...
Deserializing functions...
Deserializing functions...
Deserializing functions...
Deserializing functions...
Deserializing functions...
Deserializing functions...
Deserializing functions...
Deserializing functions...
Deserializing functions...
Deserializing functions...
Deserializing functions...
Deserializing functions...
Deserializing functions...
Deserializing functions...
Deserializing functions...
Deserializing functions...
Deserializing functions...
Deserializing functions...
Deserializing functions...
Deserializing functions...
Deserializing functions...
Deserializing functions...
Deserializing functions...
Deserializing data...
Deserializing data...
Deserializing data...
Deserializing data...
Deserializing data...
Deserializing data...
Deserializing data...
Deserializing data...
Deserializing data...
Deserializing symbol at: 63d210, dta_0x435ce6L, 5
cur_pos: 63d1e0
dse_base: 63d210
new_cur_pos: 63d215
Deserializing symbol at: 63d226, dta_0x680000L, 1
cur_pos: 63d215
dse_base: 63d226
new_cur_pos: 63d227
Deserializing symbol at: 63d230, dta_0x435cebL, 8
cur_pos: 63d227
dse_base: 63d230
new_cur_pos: 63d238
Deserializing symbol at: 63d250, dta_0x435cf3L, 7
cur_pos: 63d238
dse_base: 63d250
new_cur_pos: 63d257
Deserializing symbol at: 63d270, dta_0x435cfaL, 6
cur_pos: 63d257
dse_base: 63d270
new_cur_pos: 63d276
Deserializing symbol at: 63d286, dta_0x6c0000L, 1
cur_pos: 63d276
dse_base: 63d286
new_cur_pos: 63d287
Deserializing symbol at: 63d290, dta_0x435d00L, 6
cur_pos: 63d287
dse_base: 63d290
new_cur_pos: 63d296
Deserializing symbol at: 63d2a6, dta_0x740000L, 1
cur_pos: 63d296
dse_base: 63d2a6
new_cur_pos: 63d2a7
Deserializing symbol at: 63d2b0, dta_0x435d06L, 6
cur_pos: 63d2a7
dse_base: 63d2b0
new_cur_pos: 63d2b6
Deserializing symbol at: 63d2d0, dta_0x435d0cL, 6
cur_pos: 63d2b6
dse_base: 63d2d0
new_cur_pos: 63d2d6
Deserializing symbol at: 63d2e6, dta_0x6e0000L, 1
cur_pos: 63d2d6
dse_base: 63d2e6
new_cur_pos: 63d2e7
Deserializing symbol at: 63d2f0, dta_0x435d12L, c
cur_pos: 63d2e7
dse_base: 63d2f0
new_cur_pos: 63d2fc
Deserializing symbol at: 63d310, dta_0x435d1eL, d
cur_pos: 63d2fc
dse_base: 63d310
new_cur_pos: 63d31d
Deserializing symbol at: 63d330, dta_0x436790L, 7
cur_pos: 63d31d
dse_base: 63d330
new_cur_pos: 63d337
Deserializing symbol at: 63d346, dta_0x6f0000L, 1
cur_pos: 63d337
dse_base: 63d346
new_cur_pos: 63d347
Deserializing symbol at: 63d350, dta_0x435d2bL, 8
cur_pos: 63d347
dse_base: 63d350
new_cur_pos: 63d358
Deserializing symbol at: 63d366, dta_0x760000L, 1
cur_pos: 63d358
dse_base: 63d366
new_cur_pos: 63d367
Deserializing symbol at: 63d370, dta_0x435d33L, 1
cur_pos: 63d367
dse_base: 63d370
new_cur_pos: 63d371
Deserializing symbol at: 63d386, dta_0x720000L, 1
cur_pos: 63d371
dse_base: 63d386
new_cur_pos: 63d387
Deserializing symbol at: 63d390, dta_0x435d37L, 9
cur_pos: 63d387
dse_base: 63d390
new_cur_pos: 63d399
Deserializing symbol at: 63d3b0, dta_0x435d40L, 9
cur_pos: 63d399
dse_base: 63d3b0
new_cur_pos: 63d3b9
Deserializing symbol at: 63d3c6, dta_0x430000L, 1
cur_pos: 63d3b9
dse_base: 63d3c6
new_cur_pos: 63d3c7
Deserializing symbol at: 63d3d0, dta_0x435d49L, 9
cur_pos: 63d3c7
dse_base: 63d3d0
new_cur_pos: 63d3d9
Deserializing symbol at: 63d3f0, dta_0x435d52L, f
cur_pos: 63d3d9
dse_base: 63d3f0
new_cur_pos: 63d3ff
Deserializing symbol at: 63d410, dta_0x435d65L, 8
cur_pos: 63d3ff
dse_base: 63d410
new_cur_pos: 63d418
Deserializing symbol at: 63d430, dta_0x435d61L, c
cur_pos: 63d418
dse_base: 63d430
new_cur_pos: 63d43c
Deserializing symbol at: 63d446, dta_0x6d0000L, 1
cur_pos: 63d43c
dse_base: 63d446
new_cur_pos: 63d447
Deserializing symbol at: 63d450, dta_0x435d6dL, c
cur_pos: 63d447
dse_base: 63d450
new_cur_pos: 63d45c
Deserializing symbol at: 63d470, dta_0x435d79L, 8
cur_pos: 63d45c
dse_base: 63d470
new_cur_pos: 63d478
Deserializing symbol at: 63d486, dta_0x710000L, 1
cur_pos: 63d478
dse_base: 63d486
new_cur_pos: 63d487
Deserializing symbol at: 63d490, dta_0x435d81L, 5
cur_pos: 63d487
dse_base: 63d490
new_cur_pos: 63d495
Deserializing symbol at: 63d4a6, dta_0x640000L, 1
cur_pos: 63d495
dse_base: 63d4a6
new_cur_pos: 63d4a7
Deserializing symbol at: 63d4b0, dta_0x435d86L, 9
cur_pos: 63d4a7
dse_base: 63d4b0
new_cur_pos: 63d4b9
Deserializing symbol at: 63d4d0, dta_0x435d8fL, 7
cur_pos: 63d4b9
dse_base: 63d4d0
new_cur_pos: 63d4d7
Deserializing symbol at: 63d4e6, dta_0x730000L, 1
cur_pos: 63d4d7
dse_base: 63d4e6
new_cur_pos: 63d4e7
Deserializing symbol at: 63d4f0, dta_0x435d96L, 8
cur_pos: 63d4e7
dse_base: 63d4f0
new_cur_pos: 63d4f8
Deserializing symbol at: 63d510, dta_0x435d9eL, 9
cur_pos: 63d4f8
dse_base: 63d510
new_cur_pos: 63d519
Deserializing symbol at: 63d530, dta_0x435da7L, 8
cur_pos: 63d519
dse_base: 63d530
new_cur_pos: 63d538
Deserializing symbol at: 63d550, dta_0x435dafL, 6
cur_pos: 63d538
dse_base: 63d550
new_cur_pos: 63d556
Deserializing symbol at: 63d570, dta_0x435db5L, 17
cur_pos: 63d556
dse_base: 63d570
new_cur_pos: 63d587
Deserializing symbol at: 63d590, dta_0x435dccL, 11
cur_pos: 63d587
dse_base: 63d590
new_cur_pos: 63d5a1
Deserializing symbol at: 63d5f0, sub_0x405270L, 1
cur_pos: 63d5a1
dse_base: 63d5f0
new_cur_pos: 63d5f1
Deserializing symbol at: 63d5f8, sub_0x405590L, 5
cur_pos: 63d5f1
dse_base: 63d5f8
new_cur_pos: 63d5fd
Deserializing symbol at: 63d600, dta_0x4360a4L, 4
cur_pos: 63d5fd
dse_base: 63d600
new_cur_pos: 63d604
Deserializing symbol at: 63d608, dta_0x4360a8L, 10
cur_pos: 63d604
dse_base: 63d608
new_cur_pos: 63d618
Deserializing symbol at: 63d610, sub_0x4055a0L, 1
cur_pos: 63d618
dse_base: 63d610
/home/ed/mcsema/mc-sema/peToCFG/peToCFG.cpp:515
Deserialized an out-of-order symbol!
terminate called after throwing an instance of 'LErr'
  what():  Generic error: Line: 517
File: /home/ed/mcsema/mc-sema/peToCFG/peToCFG.cpp
Deserialized an out-of-order symbol!
/home/ed/mcsema/scripts/cfg_to_bc.sh: line 5: 45835 Aborted                 (core dumped) $DIR/build/mc-sema/bitcode_from_cfg/cfg_to_bc -mtriple=x86_64-pc-linux-gnu -i=${BIN}.cfg -driver=mcsema_main,main,raw,return,C -o=${BIN}.bc
Saved bitcode to /home/ed/mcsema-testing/SANDBOX/test-2015-12-21_15-36-50/MultiSource/Applications/oggenc/Output/oggenc.simple.mcsema/oggenc.simple.bc
