Looking up target...
Reading module ...
 TT x86-64 : x86_64-unknown-unknown 
Deserializing functions...
Deserializing functions...
Deserializing functions...
Deserializing functions...
Deserializing functions...
Deserializing functions...
Deserializing functions...
Deserializing functions...
Deserializing functions...
Deserializing functions...
Deserializing functions...
Deserializing functions...
Deserializing functions...
Deserializing functions...
Deserializing functions...
Deserializing functions...
Deserializing functions...
Deserializing functions...
Deserializing functions...
Deserializing functions...
Deserializing functions...
Deserializing functions...
Deserializing functions...
Deserializing functions...
Deserializing functions...
Deserializing functions...
Deserializing functions...
Deserializing functions...
Deserializing functions...
Deserializing functions...
Deserializing functions...
Deserializing functions...
Deserializing functions...
Deserializing functions...
Deserializing functions...
Deserializing functions...
Deserializing functions...
Deserializing functions...
Deserializing functions...
Deserializing functions...
Deserializing functions...
Deserializing functions...
Deserializing functions...
Deserializing functions...
Deserializing functions...
Deserializing functions...
Deserializing functions...
Deserializing functions...
Deserializing functions...
Deserializing functions...
Deserializing functions...
Deserializing functions...
Deserializing functions...
Deserializing functions...
Deserializing functions...
Deserializing functions...
Deserializing functions...
Deserializing functions...
Deserializing functions...
Deserializing functions...
Deserializing functions...
Deserializing functions...
Deserializing functions...
Deserializing functions...
Deserializing functions...
Deserializing functions...
Deserializing functions...
Deserializing functions...
Deserializing functions...
Deserializing functions...
Deserializing functions...
Deserializing data...
Deserializing data...
Deserializing data...
Deserializing data...
Deserializing data...
Deserializing data...
Deserializing data...
Deserializing data...
Deserializing data...
Deserializing data...
Deserializing externs...
Deserializing externs...
Deserializing externs...
Deserializing externs...
Deserializing externs...
Deserializing externs...
Deserializing externs...
Deserializing externs...
Deserializing externs...
Deserializing externs...
Deserializing externs...
Deserializing externs...
Deserializing externs...
Deserializing externs...
Deserializing externs...
Deserializing externs...
Deserializing externs...
Deserializing externs...
Deserializing externs...
Deserializing externs...
Deserializing externs...
Deserializing externs...
Deserializing externs...
Deserializing externs...
Deserializing externs...
Deserializing externs...
Deserializing externs...
Deserializing externs...
Deserializing externs...
Deserializing externs...
Deserializing externs...
Deserializing externs...
Deserializing externs...
Deserializing externs...
Deserializing externs...
Creating module...
Setting target...
Done setting target
Adding external funcs...
Adding external data...
Adding internal data...
Adding entry points...
Returning modue...
Setting initial triples...
Looking at entry points...
Already have driver for: main
Getting LLVM module...
Converting to LLVM...
Inserted function: sub_403440
Inserted function: sub_403240
Inserted function: sub_400e90
Inserted function: sub_400fc0
Inserted function: sub_400f80
Inserted function: sub_400fb0
Inserted function: sub_404d50
Inserted function: sub_404000
Inserted function: sub_400ec0
Inserted function: sub_400f40
Inserted function: sub_403210
Inserted function: sub_400df0
Inserted function: sub_400e30
Inserted function: sub_409650
Inserted function: sub_40ba00
Inserted function: sub_40b980
Inserted function: sub_40b9a0
Inserted function: sub_400ef0
Inserted function: sub_400f30
Inserted function: sub_409620
Inserted function: sub_4040f0
Inserted function: sub_400f00
Inserted function: sub_400de0
Inserted function: sub_400f90
Inserted function: sub_400ed0
Inserted function: sub_404a60
Inserted function: sub_400ea0
Inserted function: sub_40bba0
Inserted function: sub_400ff0
Inserted function: sub_400e60
Inserted function: sub_402c60
Inserted function: sub_40aca0
Inserted function: sub_4010f0
Inserted function: sub_400eb0
Inserted function: sub_40b9d0
Inserted function: sub_40a5c0
Inserted function: sub_400db0
Inserted function: sub_400e20
Inserted function: sub_40b270
Inserted function: sub_40b380
Inserted function: sub_40ab10
Inserted function: sub_404040
Inserted function: sub_40aea0
Inserted function: sub_4033f0
Inserted function: sub_400f60
Inserted function: sub_403350
Inserted function: sub_404b50
Inserted function: sub_400dd0
Inserted function: sub_40aac0
Inserted function: sub_400fe0
Inserted function: sub_400f10
Inserted function: sub_400ee0
Inserted function: sub_400e50
Inserted function: sub_4033a0
Inserted function: sub_400f50
Inserted function: sub_40b010
Inserted function: sub_4043f0
Inserted function: sub_4025e0
Inserted function: sub_400fd0
Inserted function: sub_400dc0
Inserted function: sub_400e10
Inserted function: sub_400f20
Inserted function: sub_400e70
Inserted function: sub_400f70
Inserted function: sub_400e40
Inserted function: sub_400fa0
Inserted function: sub_40ae60
Inserted function: sub_404c60
Inserted function: sub_40aef0
Inserted function: sub_402cd0
Inserted function: sub_402d50
inserting global data section named data_0x40bd50
inserting global data section named data_0x40cd30
inserting global data section named data_0x40ce88
inserting global data section named data_0x60dde0
inserting global data section named data_0x60dde8
inserting global data section named data_0x60ddf0
inserting global data section named data_0x60dff8
inserting global data section named data_0x60e000
inserting global data section named data_0x60e140
inserting global data section named data_0x60e160
dataSectionToTypesContents : 40bd50 fe0
4064
dataSectionToTypesContents : 40cd30 154
340
dataSectionToTypesContents : 40ce88 6d4
1748
dataSectionToTypesContents : 60dde0 8
8
dataSectionToTypesContents : 60dde8 8
8
dataSectionToTypesContents : 60ddf0 8
8
dataSectionToTypesContents : 60dff8 8
8
dataSectionToTypesContents : 60e000 140
320
dataSectionToTypesContents : 60e140 10
16
dataSectionToTypesContents : 60e160 560
1376
shouldSubtractImageBase: Not on Win32
shouldSubtractImageBase: Not on Win32
shouldSubtractImageBase: Not on Win32
translate_MOV32mi: Other reloc
translate_MOV32mi: Other reloc
translate_MOV32mi: Other reloc
translate_MOV32mi: Other reloc
translate_MOV32mi: Other reloc
translate_MOV64mi32: Other reloc
translate_MOV32mi: Other reloc
translate_MOV32mi: Other reloc
translate_MOV32mi: Other reloc
translate_MOV32mi: Other reloc
translate_MOV32mi: Other reloc
translate_MOV32mi: Other reloc
translate_MOV32mi: Other reloc
translate_MOV32mi: Other reloc
translate_MOV32mi: Other reloc
shouldSubtractImageBase: Not on Win32
shouldSubtractImageBase: Not on Win32
shouldSubtractImageBase: Not on Win32
shouldSubtractImageBase: Not on Win32
shouldSubtractImageBase: Not on Win32
shouldSubtractImageBase: Not on Win32
shouldSubtractImageBase: Not on Win32
shouldSubtractImageBase: Not on Win32
shouldSubtractImageBase: Not on Win32
shouldSubtractImageBase: Not on Win32
shouldSubtractImageBase: Not on Win32
shouldSubtractImageBase: Not on Win32
shouldSubtractImageBase: Not on Win32
shouldSubtractImageBase: Not on Win32
shouldSubtractImageBase: Not on Win32
shouldSubtractImageBase: Not on Win32
shouldSubtractImageBase: Not on Win32
shouldSubtractImageBase: Not on Win32
shouldSubtractImageBase: Not on Win32
shouldSubtractImageBase: Not on Win32
doJumpTableViaSwitch: Doing jumpt table via switch
shouldSubtractImageBase: Not on Win32
shouldSubtractImageBase: Not on Win32
shouldSubtractImageBase: Not on Win32
shouldSubtractImageBase: Not on Win32
shouldSubtractImageBase: Not on Win32
shouldSubtractImageBase: Not on Win32
shouldSubtractImageBase: Not on Win32
shouldSubtractImageBase: Not on Win32
shouldSubtractImageBase: Not on Win32
shouldSubtractImageBase: Not on Win32
translate_MOV32mi: Other reloc
Unsupported!
403776 	mulq	%r15
1729
shouldSubtractImageBase: Not on Win32
shouldSubtractImageBase: Not on Win32
shouldSubtractImageBase: Not on Win32
shouldSubtractImageBase: Not on Win32
shouldSubtractImageBase: Not on Win32
shouldSubtractImageBase: Not on Win32
shouldSubtractImageBase: Not on Win32
shouldSubtractImageBase: Not on Win32
shouldSubtractImageBase: Not on Win32
shouldSubtractImageBase: Not on Win32
shouldSubtractImageBase: Not on Win32
shouldSubtractImageBase: Not on Win32
shouldSubtractImageBase: Not on Win32
shouldSubtractImageBase: Not on Win32
shouldSubtractImageBase: Not on Win32
shouldSubtractImageBase: Not on Win32
doCallPCtarget address : 400fb0
doCallPCtarget address : 400fc0
!!!WARNING WARNING WARNING!!!
	Assuming all callbacks are to translated code!!!
doCallPCtarget address : 400f30
!!!WARNING WARNING WARNING!!!
	Assuming all callbacks are to translated code!!!
doCallPCtarget address : 400f30
doCallPCtarget address : 400e50
doCallPCtarget address : 400f10
doCallPCtarget address : 400fc0
doCallPCtarget address : 404040
doCallPCtarget address : 4040f0
doCallPCtarget address : 400fc0
doCallPCtarget address : 400f10
doCallPCtarget address : 400f10
doCallPCtarget address : 400f80
doCallPCtarget address : 404040
doCallPCtarget address : 4040f0
doCallPCtarget address : 400f10
doCallPCtarget address : 403240
doCallPCtarget address : 400f10
doCallPCtarget address : 400f10
doCallPCtarget address : 400f10
doCallPCtarget address : 400f10
doCallPCtarget address : 400f10
doCallPCtarget address : 400ec0
doCallPCtarget address : 400f10
doCallPCtarget address : 400f10
doCallPCtarget address : 400f10
doCallPCtarget address : 400f10
doCallPCtarget address : 400f10
doCallPCtarget address : 403240
doCallPCtarget address : 40aea0
doCallPCtarget address : 40aac0
doCallPCtarget address : 409620
doCallPCtarget address : 409620
doCallPCtarget address : 40ab10
doCallPCtarget address : 403350
doCallPCtarget address : 403240
doCallPCtarget address : 400f10
doCallPCtarget address : 403240
doCallPCtarget address : 403240
doCallPCtarget address : 403240
doCallPCtarget address : 403240
doCallPCtarget address : 403240
doCallPC: Adding Unreachable Instruction to local noreturn
shouldSubtractImageBase: Not on Win32
shouldSubtractImageBase: Not on Win32
shouldSubtractImageBase: Not on Win32
shouldSubtractImageBase: Not on Win32
shouldSubtractImageBase: Not on Win32
Unsupported!
4037a7 	mulq	%r15
1729
shouldSubtractImageBase: Not on Win32
shouldSubtractImageBase: Not on Win32
shouldSubtractImageBase: Not on Win32
shouldSubtractImageBase: Not on Win32
shouldSubtractImageBase: Not on Win32
shouldSubtractImageBase: Not on Win32
shouldSubtractImageBase: Not on Win32
shouldSubtractImageBase: Not on Win32
shouldSubtractImageBase: Not on Win32
shouldSubtractImageBase: Not on Win32
shouldSubtractImageBase: Not on Win32
shouldSubtractImageBase: Not on Win32
shouldSubtractImageBase: Not on Win32
shouldSubtractImageBase: Not on Win32
shouldSubtractImageBase: Not on Win32
shouldSubtractImageBase: Not on Win32
Unsupported!
4037e7 	btq	%rax, %r12
303
shouldSubtractImageBase: Not on Win32
shouldSubtractImageBase: Not on Win32
doCallPCtarget address : 403240
doCallPCtarget address : 403240
doCallPCtarget address : 403240
doCallPCtarget address : 403240
doCallPCtarget address : 403240
doCallPCtarget address : 403240
doCallPCtarget address : 400f80
doCallPCtarget address : 4040f0
doCallPCtarget address : 404d50
doCallPCtarget address : 404d50
doCallPCtarget address : 4043f0
doCallPCtarget address : 4043f0
Failure to convert to LLVM module!
Saved bitcode to /home/ed/mcsema-testing/SANDBOX/test-2015-12-21_15-36-50/MultiSource/Applications/SIBsim4/Output/SIBsim4.simple.mcsema/SIBsim4.simple.bc
