Looking up target...
Reading module ...
 TT x86-64 : x86_64-unknown-unknown 
Deserializing functions...
Deserializing functions...
Deserializing functions...
Deserializing functions...
Deserializing functions...
Deserializing functions...
Deserializing functions...
Deserializing functions...
Deserializing functions...
Deserializing functions...
Deserializing functions...
Deserializing functions...
Deserializing functions...
Deserializing functions...
Deserializing functions...
Deserializing functions...
Deserializing functions...
Deserializing functions...
Deserializing functions...
Deserializing data...
Deserializing data...
Deserializing data...
Deserializing data...
Deserializing data...
Deserializing data...
Deserializing data...
Deserializing data...
Deserializing data...
Deserializing data...
Deserializing externs...
Deserializing externs...
Deserializing externs...
Deserializing externs...
Deserializing externs...
Deserializing externs...
Deserializing externs...
Deserializing externs...
Deserializing externs...
Creating module...
Setting target...
Done setting target
Adding external funcs...
Adding external data...
Adding internal data...
Adding entry points...
Returning modue...
Setting initial triples...
Looking at entry points...
Already have driver for: main
Getting LLVM module...
Converting to LLVM...
Inserted function: sub_4015c0
Inserted function: sub_4007c0
Inserted function: sub_400760
Inserted function: sub_400f50
Inserted function: sub_4033e0
Inserted function: sub_401810
Inserted function: sub_400750
Inserted function: sub_4007d0
Inserted function: sub_4007b0
Inserted function: sub_401360
Inserted function: sub_4028b0
Inserted function: sub_402b10
Inserted function: sub_4007a0
Inserted function: sub_4025c0
Inserted function: sub_400780
Inserted function: sub_400770
Inserted function: sub_402e30
Inserted function: sub_400720
Inserted function: sub_4008d0
inserting global data section named data_0x4037d0
inserting global data section named data_0x403c58
inserting global data section named data_0x403d28
inserting global data section named data_0x604de0
inserting global data section named data_0x604de8
inserting global data section named data_0x604df0
inserting global data section named data_0x604ff8
inserting global data section named data_0x605000
inserting global data section named data_0x605078
inserting global data section named data_0x605088
dataSectionToTypesContents : 4037d0 488
1160
dataSectionToTypesContents : 403c58 cc
204
dataSectionToTypesContents : 403d28 3d4
980
dataSectionToTypesContents : 604de0 8
8
dataSectionToTypesContents : 604de8 8
8
dataSectionToTypesContents : 604df0 8
8
dataSectionToTypesContents : 604ff8 8
8
dataSectionToTypesContents : 605000 78
120
dataSectionToTypesContents : 605078 10
16
dataSectionToTypesContents : 605088 10
16
shouldSubtractImageBase: Not on Win32
shouldSubtractImageBase: Not on Win32
doCallPCtarget address : 401810
doCallPCtarget address : 4007c0
doCallPCtarget address : 400760
doCallPC: Adding Unreachable Instruction to local noreturn
shouldSubtractImageBase: Not on Win32
shouldSubtractImageBase: Not on Win32
shouldSubtractImageBase: Not on Win32
shouldSubtractImageBase: Not on Win32
shouldSubtractImageBase: Not on Win32
doCallPCtarget address : 400720
doCallPCtarget address : 402e30
doCallPCtarget address : 401810
doCallPCtarget address : 4033e0
doCallPCtarget address : 401360
doCallPCtarget address : 400f50
doCallPCtarget address : 4033e0
doCallPCtarget address : 4028b0
doCallPCtarget address : 401360
doCallPCtarget address : 400f50
doCallPCtarget address : 402b10
doCallPCtarget address : 402b10
doCallPCtarget address : 402b10
doCallPCExtern paramCount  : 12 : fprintf
12 : 39e7780
doCallPCExtern paramCount  : 1 : exit
1 : 39e7780
doCallPCExtern paramCount  : 1 : sqrt
1 : 39e7780
Unsupported!
403647 	mulps	%xmm1, %xmm2
1735
doCallPCtarget address : 4007d0
Failure to convert to LLVM module!
Saved bitcode to /home/ed/mcsema-testing/SANDBOX/test-2015-12-21_15-36-50/MultiSource/Applications/sgefa/Output/sgefa.simple.mcsema/sgefa.simple.mcsema/sgefa.simple.bc
