Looking up target...
Reading module ...
 TT x86-64 : x86_64-unknown-unknown 
Deserializing functions...
Deserializing functions...
Deserializing functions...
Deserializing functions...
Deserializing functions...
Deserializing functions...
Deserializing functions...
Deserializing functions...
Deserializing functions...
Deserializing functions...
Deserializing functions...
Deserializing functions...
Deserializing functions...
Deserializing functions...
Deserializing functions...
Deserializing functions...
Deserializing functions...
Deserializing functions...
Deserializing functions...
Deserializing functions...
Deserializing functions...
Deserializing functions...
Deserializing functions...
Deserializing functions...
Deserializing functions...
Deserializing functions...
Deserializing functions...
Deserializing functions...
Deserializing functions...
Deserializing functions...
Deserializing functions...
Deserializing functions...
Deserializing functions...
Deserializing functions...
Deserializing functions...
Deserializing functions...
Deserializing functions...
Deserializing functions...
Deserializing functions...
Deserializing functions...
Deserializing functions...
Deserializing functions...
Deserializing functions...
Deserializing functions...
Deserializing functions...
Deserializing functions...
Deserializing functions...
Deserializing functions...
Deserializing functions...
Deserializing functions...
Deserializing functions...
Deserializing functions...
Deserializing functions...
Deserializing functions...
Deserializing functions...
Deserializing functions...
Deserializing functions...
Deserializing functions...
Deserializing functions...
Deserializing functions...
Deserializing functions...
Deserializing functions...
Deserializing functions...
Deserializing functions...
Deserializing functions...
Deserializing functions...
Deserializing functions...
Deserializing functions...
Deserializing functions...
Deserializing functions...
Deserializing functions...
Deserializing functions...
Deserializing functions...
Deserializing functions...
Deserializing functions...
Deserializing functions...
Deserializing functions...
Deserializing functions...
Deserializing functions...
Deserializing functions...
Deserializing functions...
Deserializing functions...
Deserializing functions...
Deserializing functions...
Deserializing functions...
Deserializing functions...
Deserializing functions...
Deserializing functions...
Deserializing functions...
Deserializing functions...
Deserializing functions...
Deserializing functions...
Deserializing functions...
Deserializing functions...
Deserializing functions...
Deserializing functions...
Deserializing functions...
Deserializing functions...
Deserializing functions...
Deserializing functions...
Deserializing functions...
Deserializing functions...
Deserializing functions...
Deserializing functions...
Deserializing functions...
Deserializing functions...
Deserializing functions...
Deserializing functions...
Deserializing functions...
Deserializing functions...
Deserializing functions...
Deserializing functions...
Deserializing functions...
Deserializing functions...
Deserializing functions...
Deserializing functions...
Deserializing functions...
Deserializing functions...
Deserializing functions...
Deserializing functions...
Deserializing functions...
Deserializing functions...
Deserializing functions...
Deserializing functions...
Deserializing functions...
Deserializing functions...
Deserializing functions...
Deserializing functions...
Deserializing functions...
Deserializing functions...
Deserializing functions...
Deserializing functions...
Deserializing functions...
Deserializing functions...
Deserializing functions...
Deserializing functions...
Deserializing functions...
Deserializing functions...
Deserializing functions...
Deserializing functions...
Deserializing functions...
Deserializing functions...
Deserializing functions...
Deserializing functions...
Deserializing functions...
Deserializing functions...
Deserializing functions...
Deserializing functions...
Deserializing functions...
Deserializing functions...
Deserializing functions...
Deserializing functions...
Deserializing functions...
Deserializing functions...
Deserializing functions...
Deserializing functions...
Deserializing functions...
Deserializing functions...
Deserializing functions...
Deserializing functions...
Deserializing functions...
Deserializing functions...
Deserializing functions...
Deserializing functions...
Deserializing functions...
Deserializing functions...
Deserializing functions...
Deserializing functions...
Deserializing functions...
Deserializing functions...
Deserializing functions...
Deserializing functions...
Deserializing functions...
Deserializing functions...
Deserializing functions...
Deserializing functions...
Deserializing functions...
Deserializing functions...
Deserializing functions...
Deserializing functions...
Deserializing functions...
Deserializing functions...
Deserializing functions...
Deserializing functions...
Deserializing functions...
Deserializing functions...
Deserializing functions...
Deserializing functions...
Deserializing functions...
Deserializing functions...
Deserializing functions...
Deserializing functions...
Deserializing functions...
Deserializing functions...
Deserializing functions...
Deserializing functions...
Deserializing functions...
Deserializing functions...
Deserializing functions...
Deserializing functions...
Deserializing functions...
Deserializing functions...
Deserializing functions...
Deserializing functions...
Deserializing functions...
Deserializing functions...
Deserializing functions...
Deserializing functions...
Deserializing functions...
Deserializing functions...
Deserializing functions...
Deserializing functions...
Deserializing functions...
Deserializing functions...
Deserializing functions...
Deserializing functions...
Deserializing functions...
Deserializing functions...
Deserializing functions...
Deserializing functions...
Deserializing functions...
Deserializing functions...
Deserializing functions...
Deserializing functions...
Deserializing functions...
Deserializing functions...
Deserializing functions...
Deserializing functions...
Deserializing functions...
Deserializing functions...
Deserializing functions...
Deserializing functions...
Deserializing functions...
Deserializing functions...
Deserializing functions...
Deserializing functions...
Deserializing functions...
Deserializing functions...
Deserializing functions...
Deserializing functions...
Deserializing functions...
Deserializing functions...
Deserializing functions...
Deserializing functions...
Deserializing functions...
Deserializing functions...
Deserializing functions...
Deserializing functions...
Deserializing functions...
Deserializing functions...
Deserializing functions...
Deserializing functions...
Deserializing functions...
Deserializing functions...
Deserializing functions...
Deserializing functions...
Deserializing functions...
Deserializing functions...
Deserializing functions...
Deserializing functions...
Deserializing functions...
Deserializing functions...
Deserializing functions...
Deserializing functions...
Deserializing functions...
Deserializing functions...
Deserializing functions...
Deserializing functions...
Deserializing functions...
Deserializing functions...
Deserializing functions...
Deserializing functions...
Deserializing functions...
Deserializing functions...
Deserializing functions...
Deserializing functions...
Deserializing functions...
Deserializing functions...
Deserializing functions...
Deserializing functions...
Deserializing functions...
Deserializing functions...
Deserializing functions...
Deserializing functions...
Deserializing functions...
Deserializing functions...
Deserializing functions...
Deserializing functions...
Deserializing functions...
Deserializing functions...
Deserializing functions...
Deserializing functions...
Deserializing functions...
Deserializing functions...
Deserializing functions...
Deserializing functions...
Deserializing functions...
Deserializing functions...
Deserializing functions...
Deserializing functions...
Deserializing functions...
Deserializing functions...
Deserializing functions...
Deserializing functions...
Deserializing functions...
Deserializing functions...
Deserializing functions...
Deserializing functions...
Deserializing functions...
Deserializing functions...
Deserializing functions...
Deserializing functions...
Deserializing functions...
Deserializing functions...
Deserializing functions...
Deserializing functions...
Deserializing functions...
Deserializing functions...
Deserializing functions...
Deserializing functions...
Deserializing functions...
Deserializing functions...
Deserializing functions...
Deserializing functions...
Deserializing functions...
Deserializing functions...
Deserializing functions...
Deserializing functions...
Deserializing functions...
Deserializing functions...
Deserializing functions...
Deserializing functions...
Deserializing functions...
Deserializing functions...
Deserializing functions...
Deserializing functions...
Deserializing functions...
Deserializing functions...
Deserializing functions...
Deserializing functions...
Deserializing functions...
Deserializing functions...
Deserializing functions...
Deserializing functions...
Deserializing functions...
Deserializing functions...
Deserializing functions...
Deserializing functions...
Deserializing functions...
Deserializing functions...
Deserializing functions...
Deserializing functions...
Deserializing functions...
Deserializing functions...
Deserializing functions...
Deserializing functions...
Deserializing functions...
Deserializing functions...
Deserializing functions...
Deserializing functions...
Deserializing functions...
Deserializing functions...
Deserializing functions...
Deserializing functions...
Deserializing functions...
Deserializing functions...
Deserializing functions...
Deserializing functions...
Deserializing functions...
Deserializing functions...
Deserializing functions...
Deserializing functions...
Deserializing functions...
Deserializing functions...
Deserializing functions...
Deserializing functions...
Deserializing functions...
Deserializing functions...
Deserializing functions...
Deserializing functions...
Deserializing functions...
Deserializing functions...
Deserializing functions...
Deserializing functions...
Deserializing functions...
Deserializing functions...
Deserializing functions...
Deserializing functions...
Deserializing functions...
Deserializing functions...
Deserializing functions...
Deserializing functions...
Deserializing functions...
Deserializing functions...
Deserializing functions...
Deserializing functions...
Deserializing functions...
Deserializing functions...
Deserializing functions...
Deserializing functions...
Deserializing functions...
Deserializing functions...
Deserializing functions...
Deserializing functions...
Deserializing functions...
Deserializing functions...
Deserializing functions...
Deserializing functions...
Deserializing functions...
Deserializing functions...
Deserializing functions...
Deserializing functions...
Deserializing functions...
Deserializing functions...
Deserializing functions...
Deserializing functions...
Deserializing functions...
Deserializing functions...
Deserializing functions...
Deserializing functions...
Deserializing functions...
Deserializing functions...
Deserializing functions...
Deserializing functions...
Deserializing functions...
Deserializing functions...
Deserializing functions...
Deserializing functions...
Deserializing functions...
Deserializing functions...
Deserializing functions...
Deserializing functions...
Deserializing functions...
Deserializing functions...
Deserializing functions...
Deserializing functions...
Deserializing functions...
Deserializing functions...
Deserializing functions...
Deserializing functions...
Deserializing functions...
Deserializing functions...
Deserializing functions...
Deserializing functions...
Deserializing functions...
Deserializing functions...
Deserializing functions...
Deserializing functions...
Deserializing functions...
Deserializing functions...
Deserializing functions...
Deserializing functions...
Deserializing functions...
Deserializing functions...
Deserializing functions...
Deserializing functions...
Deserializing functions...
Deserializing functions...
Deserializing functions...
Deserializing functions...
Deserializing functions...
Deserializing functions...
Deserializing functions...
Deserializing functions...
Deserializing functions...
Deserializing functions...
Deserializing functions...
Deserializing functions...
Deserializing functions...
Deserializing functions...
Deserializing functions...
Deserializing functions...
Deserializing functions...
Deserializing functions...
Deserializing functions...
Deserializing functions...
Deserializing functions...
Deserializing functions...
Deserializing functions...
Deserializing functions...
Deserializing functions...
Deserializing functions...
Deserializing functions...
Deserializing functions...
Deserializing functions...
Deserializing functions...
Deserializing functions...
Deserializing functions...
Deserializing functions...
Deserializing functions...
Deserializing functions...
Deserializing functions...
Deserializing functions...
Deserializing functions...
Deserializing functions...
Deserializing functions...
Deserializing functions...
Deserializing functions...
Deserializing functions...
Deserializing functions...
Deserializing functions...
Deserializing functions...
Deserializing functions...
Deserializing functions...
Deserializing functions...
Deserializing functions...
Deserializing functions...
Deserializing functions...
Deserializing functions...
Deserializing functions...
Deserializing functions...
Deserializing functions...
Deserializing functions...
Deserializing functions...
Deserializing functions...
Deserializing functions...
Deserializing functions...
Deserializing functions...
Deserializing functions...
Deserializing functions...
Deserializing functions...
Deserializing functions...
Deserializing functions...
Deserializing functions...
Deserializing functions...
Deserializing functions...
Deserializing functions...
Deserializing functions...
Deserializing functions...
Deserializing functions...
Deserializing functions...
Deserializing functions...
Deserializing data...
Deserializing data...
Deserializing data...
Deserializing data...
Deserializing data...
Deserializing data...
Deserializing data...
Deserializing data...
Deserializing data...
Deserializing symbol at: 6914c0, dta_0x46e01bL, 6
cur_pos: 691480
dse_base: 6914c0
new_cur_pos: 6914c6
Deserializing symbol at: 6914e0, dta_0x46e021L, 7
cur_pos: 6914c6
dse_base: 6914e0
new_cur_pos: 6914e7
Deserializing symbol at: 691500, dta_0x46e013L, 8
cur_pos: 6914e7
dse_base: 691500
new_cur_pos: 691508
Deserializing symbol at: 691520, dta_0x46e028L, 6
cur_pos: 691508
dse_base: 691520
new_cur_pos: 691526
Deserializing symbol at: 691540, dta_0x46e02eL, 8
cur_pos: 691526
dse_base: 691540
new_cur_pos: 691548
Deserializing symbol at: 691560, dta_0x46e053L, 8
cur_pos: 691548
dse_base: 691560
new_cur_pos: 691568
Deserializing symbol at: 691580, dta_0x46e05bL, c
cur_pos: 691568
dse_base: 691580
new_cur_pos: 69158c
Deserializing symbol at: 6915a0, dta_0x46f401L, c
cur_pos: 69158c
dse_base: 6915a0
new_cur_pos: 6915ac
Deserializing symbol at: 6915c0, dta_0x46f40dL, a
cur_pos: 6915ac
dse_base: 6915c0
new_cur_pos: 6915ca
Deserializing symbol at: 6915e0, dta_0x47da13L, 9
cur_pos: 6915ca
dse_base: 6915e0
new_cur_pos: 6915e9
Deserializing symbol at: 691600, dta_0x46f417L, 6
cur_pos: 6915e9
dse_base: 691600
new_cur_pos: 691606
Deserializing symbol at: 691620, dta_0x46e03bL, a
cur_pos: 691606
dse_base: 691620
new_cur_pos: 69162a
Deserializing symbol at: 691640, dta_0x46e04eL, 5
cur_pos: 69162a
dse_base: 691640
new_cur_pos: 691645
Deserializing symbol at: 691660, dta_0x46e231L, 10
cur_pos: 691645
dse_base: 691660
new_cur_pos: 691670
Deserializing symbol at: 691680, dta_0x46e241L, b
cur_pos: 691670
dse_base: 691680
new_cur_pos: 69168b
Deserializing symbol at: 6916a0, dta_0x46e045L, 9
cur_pos: 69168b
dse_base: 6916a0
new_cur_pos: 6916a9
Deserializing symbol at: 6916c0, dta_0x48677eL, 4
cur_pos: 6916a9
dse_base: 6916c0
new_cur_pos: 6916c4
Deserializing symbol at: 6916e0, dta_0x46f41fL, 5
cur_pos: 6916c4
dse_base: 6916e0
new_cur_pos: 6916e5
Deserializing symbol at: 691700, dta_0x46e2f7L, 5
cur_pos: 6916e5
dse_base: 691700
new_cur_pos: 691705
Deserializing symbol at: 691720, dta_0x46f41dL, 7
cur_pos: 691705
dse_base: 691720
new_cur_pos: 691727
Deserializing symbol at: 691740, dta_0x46f424L, 8
cur_pos: 691727
dse_base: 691740
new_cur_pos: 691748
Deserializing symbol at: 691760, dta_0x46f42cL, c
cur_pos: 691748
dse_base: 691760
new_cur_pos: 69176c
Deserializing symbol at: 691780, dta_0x46f438L, 8
cur_pos: 69176c
dse_base: 691780
new_cur_pos: 691788
Deserializing symbol at: 6917a0, dta_0x46f440L, c
cur_pos: 691788
dse_base: 6917a0
new_cur_pos: 6917ac
Deserializing symbol at: 6917c0, dta_0x46e10dL, a
cur_pos: 6917ac
dse_base: 6917c0
new_cur_pos: 6917ca
Deserializing symbol at: 6917e0, dta_0x46e0dbL, a
cur_pos: 6917ca
dse_base: 6917e0
new_cur_pos: 6917ea
Deserializing symbol at: 691800, dta_0x46e1ffL, a
cur_pos: 6917ea
dse_base: 691800
new_cur_pos: 69180a
Deserializing symbol at: 691820, dta_0x46e13fL, e
cur_pos: 69180a
dse_base: 691820
new_cur_pos: 69182e
Deserializing symbol at: 691840, dta_0x46e1bdL, 12
cur_pos: 69182e
dse_base: 691840
new_cur_pos: 691852
Deserializing symbol at: 691860, dta_0x46e179L, 13
cur_pos: 691852
dse_base: 691860
new_cur_pos: 691873
Deserializing symbol at: 691880, dta_0x46f44cL, b
cur_pos: 691873
dse_base: 691880
new_cur_pos: 69188b
Deserializing symbol at: 6918a0, dta_0x46f457L, 10
cur_pos: 69188b
dse_base: 6918a0
new_cur_pos: 6918b0
Deserializing symbol at: 6918c0, dta_0x46f467L, b
cur_pos: 6918b0
dse_base: 6918c0
new_cur_pos: 6918cb
Deserializing symbol at: 6918e0, dta_0x46f472L, e
cur_pos: 6918cb
dse_base: 6918e0
new_cur_pos: 6918ee
Deserializing symbol at: 691900, dta_0x46f480L, 10
cur_pos: 6918ee
dse_base: 691900
new_cur_pos: 691910
Deserializing symbol at: 691920, dta_0x46f490L, a
cur_pos: 691910
dse_base: 691920
new_cur_pos: 69192a
Deserializing symbol at: 691940, dta_0x46f49aL, 6
cur_pos: 69192a
dse_base: 691940
new_cur_pos: 691946
Deserializing symbol at: 691960, dta_0x46f4a0L, 7
cur_pos: 691946
dse_base: 691960
new_cur_pos: 691967
Deserializing symbol at: 691980, dta_0x46f4a7L, 8
cur_pos: 691967
dse_base: 691980
new_cur_pos: 691988
Deserializing symbol at: 6919a0, dta_0x46f4afL, 7
cur_pos: 691988
dse_base: 6919a0
new_cur_pos: 6919a7
Deserializing symbol at: 6919c0, dta_0x46f4b6L, 8
cur_pos: 6919a7
dse_base: 6919c0
new_cur_pos: 6919c8
Deserializing symbol at: 6919e0, dta_0x46f4beL, 8
cur_pos: 6919c8
dse_base: 6919e0
new_cur_pos: 6919e8
Deserializing symbol at: 691a00, dta_0x46f4c6L, 11
cur_pos: 6919e8
dse_base: 691a00
new_cur_pos: 691a11
Deserializing symbol at: 691a20, dta_0x46f4d7L, 11
cur_pos: 691a11
dse_base: 691a20
new_cur_pos: 691a31
Deserializing symbol at: 691a40, dta_0x46f4e8L, 16
cur_pos: 691a31
dse_base: 691a40
new_cur_pos: 691a56
Deserializing symbol at: 691a60, dta_0x46f4feL, 1b
cur_pos: 691a56
dse_base: 691a60
new_cur_pos: 691a7b
Deserializing symbol at: 691a80, dta_0x46f519L, d
cur_pos: 691a7b
dse_base: 691a80
new_cur_pos: 691a8d
Deserializing symbol at: 691aa0, dta_0x46f526L, f
cur_pos: 691a8d
dse_base: 691aa0
new_cur_pos: 691aaf
Deserializing symbol at: 691ac0, dta_0x46f535L, f
cur_pos: 691aaf
dse_base: 691ac0
new_cur_pos: 691acf
Deserializing symbol at: 691ae0, dta_0x46f544L, 6
cur_pos: 691acf
dse_base: 691ae0
new_cur_pos: 691ae6
Deserializing symbol at: 691b00, dta_0x46f54aL, 6
cur_pos: 691ae6
dse_base: 691b00
new_cur_pos: 691b06
Deserializing symbol at: 691b20, dta_0x46f7fdL, 4
cur_pos: 691b06
dse_base: 691b20
new_cur_pos: 691b24
Deserializing symbol at: 691b40, dta_0x46f550L, 6
cur_pos: 691b24
dse_base: 691b40
new_cur_pos: 691b46
Deserializing symbol at: 691b60, dta_0x46f556L, 4
cur_pos: 691b46
dse_base: 691b60
new_cur_pos: 691b64
Deserializing symbol at: 691b80, dta_0x46f807L, 4
cur_pos: 691b64
dse_base: 691b80
new_cur_pos: 691b84
Deserializing symbol at: 691ba0, dta_0x46f811L, 4
cur_pos: 691b84
dse_base: 691ba0
new_cur_pos: 691ba4
Deserializing symbol at: 691bc0, dta_0x46f823L, 4
cur_pos: 691ba4
dse_base: 691bc0
new_cur_pos: 691bc4
Deserializing symbol at: 691be0, dta_0x46f816L, 4
cur_pos: 691bc4
dse_base: 691be0
new_cur_pos: 691be4
Deserializing symbol at: 691c00, dta_0x46f55aL, c
cur_pos: 691be4
dse_base: 691c00
new_cur_pos: 691c0c
Deserializing symbol at: 691c20, dta_0x46f566L, d
cur_pos: 691c0c
dse_base: 691c20
new_cur_pos: 691c2d
Deserializing symbol at: 691c70, dta_0x4737f3L, 6
cur_pos: 691c2d
dse_base: 691c70
new_cur_pos: 691c76
Deserializing symbol at: 691c80, dta_0x474698L, 6
cur_pos: 691c76
dse_base: 691c80
new_cur_pos: 691c86
Deserializing symbol at: 691ca0, dta_0x4737f9L, 5
cur_pos: 691c86
dse_base: 691ca0
new_cur_pos: 691ca5
Deserializing symbol at: 691cb0, dta_0x4750c2L, 4
cur_pos: 691ca5
dse_base: 691cb0
new_cur_pos: 691cb4
Deserializing symbol at: 691cc0, dta_0x47614fL, 4
cur_pos: 691cb4
dse_base: 691cc0
new_cur_pos: 691cc4
Deserializing symbol at: 691cd0, dta_0x4737feL, 4
cur_pos: 691cc4
dse_base: 691cd0
new_cur_pos: 691cd4
Deserializing symbol at: 691cf0, dta_0x473802L, 4
cur_pos: 691cd4
dse_base: 691cf0
new_cur_pos: 691cf4
Deserializing symbol at: 691d10, dta_0x473806L, 12
cur_pos: 691cf4
dse_base: 691d10
new_cur_pos: 691d22
Deserializing symbol at: 691d30, dta_0x473818L, 3
cur_pos: 691d22
dse_base: 691d30
new_cur_pos: 691d33
Deserializing symbol at: 691d40, dta_0x473fc3L, 6
cur_pos: 691d33
dse_base: 691d40
new_cur_pos: 691d46
Deserializing symbol at: 691d50, dta_0x47381bL, 9
cur_pos: 691d46
dse_base: 691d50
new_cur_pos: 691d59
Deserializing symbol at: 691d70, dta_0x473824L, 7
cur_pos: 691d59
dse_base: 691d70
new_cur_pos: 691d77
Deserializing symbol at: 691d80, dta_0x47382bL, 4
cur_pos: 691d77
dse_base: 691d80
new_cur_pos: 691d84
Deserializing symbol at: 691da0, dta_0x47382fL, 9
cur_pos: 691d84
dse_base: 691da0
new_cur_pos: 691da9
Deserializing symbol at: 691db0, dta_0x473838L, 8
cur_pos: 691da9
dse_base: 691db0
new_cur_pos: 691db8
Deserializing symbol at: 691de0, dta_0x473840L, 5
cur_pos: 691db8
dse_base: 691de0
new_cur_pos: 691de5
Deserializing symbol at: 691df0, dta_0x473845L, 6
cur_pos: 691de5
dse_base: 691df0
new_cur_pos: 691df6
Deserializing symbol at: 691e00, dta_0x47384bL, 6
cur_pos: 691df6
dse_base: 691e00
new_cur_pos: 691e06
Deserializing symbol at: 691e10, dta_0x473851L, 6
cur_pos: 691e06
dse_base: 691e10
new_cur_pos: 691e16
Deserializing symbol at: 691e20, dta_0x473857L, 5
cur_pos: 691e16
dse_base: 691e20
new_cur_pos: 691e25
Deserializing symbol at: 691e40, dta_0x47385cL, d
cur_pos: 691e25
dse_base: 691e40
new_cur_pos: 691e4d
Deserializing symbol at: 691e50, dta_0x473869L, 6
cur_pos: 691e4d
dse_base: 691e50
new_cur_pos: 691e56
Deserializing symbol at: 691e70, dta_0x47386fL, 6
cur_pos: 691e56
dse_base: 691e70
new_cur_pos: 691e76
Deserializing symbol at: 691e80, dta_0x473875L, 6
cur_pos: 691e76
dse_base: 691e80
new_cur_pos: 691e86
Deserializing symbol at: 691ea0, dta_0x47387bL, 6
cur_pos: 691e86
dse_base: 691ea0
new_cur_pos: 691ea6
Deserializing symbol at: 691ee0, dta_0x4752f8L, e
cur_pos: 691ea6
dse_base: 691ee0
new_cur_pos: 691eee
Deserializing symbol at: 691ef0, dta_0x473881L, 3
cur_pos: 691eee
dse_base: 691ef0
new_cur_pos: 691ef3
Deserializing symbol at: 691f00, dta_0x473884L, 4
cur_pos: 691ef3
dse_base: 691f00
new_cur_pos: 691f04
Deserializing symbol at: 691f10, dta_0x473888L, 6
cur_pos: 691f04
dse_base: 691f10
new_cur_pos: 691f16
Deserializing symbol at: 691f20, dta_0x47388eL, 10
cur_pos: 691f16
dse_base: 691f20
new_cur_pos: 691f30
Deserializing symbol at: 691f30, dta_0x47389eL, 7
cur_pos: 691f30
dse_base: 691f30
new_cur_pos2: 691f37
Deserializing symbol at: 691f40, dta_0x474273L, 3
cur_pos: 691f37
dse_base: 691f40
new_cur_pos: 691f43
Deserializing symbol at: 691f50, dta_0x4738a5L, 3
cur_pos: 691f43
dse_base: 691f50
new_cur_pos: 691f53
Deserializing symbol at: 691f80, dta_0x4738a8L, 9
cur_pos: 691f53
dse_base: 691f80
new_cur_pos: 691f89
Deserializing symbol at: 691fd0, dta_0x4738b1L, 6
cur_pos: 691f89
dse_base: 691fd0
new_cur_pos: 691fd6
Deserializing symbol at: 691ff0, dta_0x4747e4L, 6
cur_pos: 691fd6
dse_base: 691ff0
new_cur_pos: 691ff6
Deserializing symbol at: 692030, dta_0x4738b7L, 11
cur_pos: 691ff6
dse_base: 692030
new_cur_pos: 692041
Deserializing symbol at: 692070, dta_0x4738c8L, 6
cur_pos: 692041
dse_base: 692070
new_cur_pos: 692076
Deserializing symbol at: 6920a0, dta_0x4738ceL, 7
cur_pos: 692076
dse_base: 6920a0
new_cur_pos: 6920a7
Deserializing symbol at: 6920d0, dta_0x4738d5L, b
cur_pos: 6920a7
dse_base: 6920d0
new_cur_pos: 6920db
Deserializing symbol at: 6920e0, dta_0x4738e0L, 5
cur_pos: 6920db
dse_base: 6920e0
new_cur_pos: 6920e5
Deserializing symbol at: 692100, dta_0x4738e5L, 5
cur_pos: 6920e5
dse_base: 692100
new_cur_pos: 692105
Deserializing symbol at: 692110, dta_0x474281L, 6
cur_pos: 692105
dse_base: 692110
new_cur_pos: 692116
Deserializing symbol at: 692140, dta_0x4738eaL, 5
cur_pos: 692116
dse_base: 692140
new_cur_pos: 692145
Deserializing symbol at: 692150, dta_0x4738efL, 5
cur_pos: 692145
dse_base: 692150
new_cur_pos: 692155
Deserializing symbol at: 692160, dta_0x4738f4L, b
cur_pos: 692155
dse_base: 692160
new_cur_pos: 69216b
Deserializing symbol at: 692170, dta_0x4738ffL, 5
cur_pos: 69216b
dse_base: 692170
new_cur_pos: 692175
Deserializing symbol at: 692180, dta_0x473904L, 6
cur_pos: 692175
dse_base: 692180
new_cur_pos: 692186
Deserializing symbol at: 692190, dta_0x47390aL, 6
cur_pos: 692186
dse_base: 692190
new_cur_pos: 692196
Deserializing symbol at: 6921a0, dta_0x475774L, 9
cur_pos: 692196
dse_base: 6921a0
new_cur_pos: 6921a9
Deserializing symbol at: 6921c0, dta_0x473910L, b
cur_pos: 6921a9
dse_base: 6921c0
new_cur_pos: 6921cb
Deserializing symbol at: 6921d0, dta_0x4760c1L, 4
cur_pos: 6921cb
dse_base: 6921d0
new_cur_pos: 6921d4
Deserializing symbol at: 6921e0, dta_0x47391bL, d
cur_pos: 6921d4
dse_base: 6921e0
new_cur_pos: 6921ed
Deserializing symbol at: 692200, dta_0x473928L, 5
cur_pos: 6921ed
dse_base: 692200
new_cur_pos: 692205
Deserializing symbol at: 692210, dta_0x47392dL, 5
cur_pos: 692205
dse_base: 692210
new_cur_pos: 692215
Deserializing symbol at: 692220, dta_0x4745faL, e
cur_pos: 692215
dse_base: 692220
new_cur_pos: 69222e
Deserializing symbol at: 692230, dta_0x473932L, 8
cur_pos: 69222e
dse_base: 692230
new_cur_pos: 692238
Deserializing symbol at: 692270, dta_0x47393aL, b
cur_pos: 692238
dse_base: 692270
new_cur_pos: 69227b
Deserializing symbol at: 692290, dta_0x473945L, 5
cur_pos: 69227b
dse_base: 692290
new_cur_pos: 692295
Deserializing symbol at: 6922a0, dta_0x47394aL, 9
cur_pos: 692295
dse_base: 6922a0
new_cur_pos: 6922a9
Deserializing symbol at: 6922f0, dta_0x475851L, 5
cur_pos: 6922a9
dse_base: 6922f0
new_cur_pos: 6922f5
Deserializing symbol at: 692300, dta_0x473953L, b
cur_pos: 6922f5
dse_base: 692300
new_cur_pos: 69230b
Deserializing symbol at: 692310, dta_0x47395eL, 5
cur_pos: 69230b
dse_base: 692310
new_cur_pos: 692315
Deserializing symbol at: 692350, dta_0x473963L, f
cur_pos: 692315
dse_base: 692350
new_cur_pos: 69235f
Deserializing symbol at: 692370, dta_0x473972L, 6
cur_pos: 69235f
dse_base: 692370
new_cur_pos: 692376
Deserializing symbol at: 692380, dta_0x473978L, 4
cur_pos: 692376
dse_base: 692380
new_cur_pos: 692384
Deserializing symbol at: 6923d0, dta_0x47397cL, 5
cur_pos: 692384
dse_base: 6923d0
new_cur_pos: 6923d5
Deserializing symbol at: 6923e0, dta_0x473981L, c
cur_pos: 6923d5
dse_base: 6923e0
new_cur_pos: 6923ec
Deserializing symbol at: 6923f0, dta_0x47398dL, c
cur_pos: 6923ec
dse_base: 6923f0
new_cur_pos: 6923fc
Deserializing symbol at: 692400, dta_0x473999L, 6
cur_pos: 6923fc
dse_base: 692400
new_cur_pos: 692406
Deserializing symbol at: 692430, dta_0x47399fL, 8
cur_pos: 692406
dse_base: 692430
new_cur_pos: 692438
Deserializing symbol at: 692480, dta_0x4739a7L, a
cur_pos: 692438
dse_base: 692480
new_cur_pos: 69248a
Deserializing symbol at: 692490, dta_0x4739b1L, 6
cur_pos: 69248a
dse_base: 692490
new_cur_pos: 692496
Deserializing symbol at: 6924b0, dta_0x4739b7L, 6
cur_pos: 692496
dse_base: 6924b0
new_cur_pos: 6924b6
Deserializing symbol at: 6924e0, dta_0x4739bdL, 7
cur_pos: 6924b6
dse_base: 6924e0
new_cur_pos: 6924e7
Deserializing symbol at: 6924f0, dta_0x473d4bL, 7
cur_pos: 6924e7
dse_base: 6924f0
new_cur_pos: 6924f7
Deserializing symbol at: 692510, dta_0x475193L, 6
cur_pos: 6924f7
dse_base: 692510
new_cur_pos: 692516
Deserializing symbol at: 692540, dta_0x4739c4L, 10
cur_pos: 692516
dse_base: 692540
new_cur_pos: 692550
Deserializing symbol at: 692550, dta_0x4739d4L, b
cur_pos: 692550
dse_base: 692550
new_cur_pos2: 69255b
Deserializing symbol at: 692570, dta_0x473beaL, 6
cur_pos: 69255b
dse_base: 692570
new_cur_pos: 692576
Deserializing symbol at: 6925a0, dta_0x4739dfL, 6
cur_pos: 692576
dse_base: 6925a0
new_cur_pos: 6925a6
Deserializing symbol at: 6925b0, dta_0x4739e5L, 6
cur_pos: 6925a6
dse_base: 6925b0
new_cur_pos: 6925b6
Deserializing symbol at: 692600, dta_0x4739ebL, 6
cur_pos: 6925b6
dse_base: 692600
new_cur_pos: 692606
Deserializing symbol at: 692610, dta_0x4739f1L, 8
cur_pos: 692606
dse_base: 692610
new_cur_pos: 692618
Deserializing symbol at: 692650, dta_0x4739f9L, 6
cur_pos: 692618
dse_base: 692650
new_cur_pos: 692656
Deserializing symbol at: 692690, dta_0x4739ffL, f
cur_pos: 692656
dse_base: 692690
new_cur_pos: 69269f
Deserializing symbol at: 6926a0, dta_0x473a0eL, 17
cur_pos: 69269f
dse_base: 6926a0
new_cur_pos: 6926b7
Deserializing symbol at: 6926b0, dta_0x473a25L, f
cur_pos: 6926b7
dse_base: 6926b0
/home/ed/mcsema/mc-sema/peToCFG/peToCFG.cpp:515
Deserialized an out-of-order symbol!
terminate called after throwing an instance of 'LErr'
  what():  Generic error: Line: 517
File: /home/ed/mcsema/mc-sema/peToCFG/peToCFG.cpp
Deserialized an out-of-order symbol!
/home/ed/mcsema/scripts/cfg_to_bc.sh: line 5: 44057 Aborted                 (core dumped) $DIR/build/mc-sema/bitcode_from_cfg/cfg_to_bc -mtriple=x86_64-pc-linux-gnu -i=${BIN}.cfg -driver=mcsema_main,main,raw,return,C -o=${BIN}.bc
Saved bitcode to /home/ed/mcsema-testing/SANDBOX/test-2015-12-21_15-36-50/MultiSource/Applications/ClamAV/Output/clamscan.simple.mcsema/clamscan.simple.bc
