Looking up target...
Reading module ...
 TT x86-64 : x86_64-unknown-unknown 
Deserializing functions...
Deserializing functions...
Deserializing functions...
Deserializing data...
Deserializing data...
Deserializing data...
Deserializing data...
Deserializing data...
Deserializing data...
Deserializing data...
Deserializing data...
Deserializing data...
Deserializing data...
Deserializing externs...
Deserializing externs...
Creating module...
Setting target...
Done setting target
Adding external funcs...
Adding external data...
Adding internal data...
Adding entry points...
Returning modue...
Setting initial triples...
Looking at entry points...
Already have driver for: main
Getting LLVM module...
Converting to LLVM...
Inserted function: sub_4006e0
Inserted function: sub_400510
Inserted function: sub_400530
inserting global data section named data_0x400800
inserting global data section named data_0x400814
inserting global data section named data_0x400850
inserting global data section named data_0x600de0
inserting global data section named data_0x600de8
inserting global data section named data_0x600df0
inserting global data section named data_0x600ff8
inserting global data section named data_0x601000
inserting global data section named data_0x601038
inserting global data section named data_0x601048
dataSectionToTypesContents : 400800 12
18
dataSectionToTypesContents : 400814 3c
60
dataSectionToTypesContents : 400850 104
260
dataSectionToTypesContents : 600de0 8
8
dataSectionToTypesContents : 600de8 8
8
dataSectionToTypesContents : 600df0 8
8
dataSectionToTypesContents : 600ff8 8
8
dataSectionToTypesContents : 601000 38
56
dataSectionToTypesContents : 601038 10
16
dataSectionToTypesContents : 601048 8
8
shouldSubtractImageBase: Not on Win32
doCallPCtarget address : 400530
doCallPCtarget address : 400510
doCallPCExtern paramCount  : 12 : printf
12 : 2b2a110
doCallPCExtern paramCount  : 1 : malloc
1 : 2b2a110
Adding entry point: mcsema_main
in : doPostAnalysis
registering passes
Saved bitcode to /home/ed/mcsema-testing/SANDBOX/test-2015-12-21_15-36-50/SingleSource/Regression/C/Output/sumarray.simple.mcsema/sumarray.simple.bc
