Looking up target...
Reading module ...
 TT x86-64 : x86_64-unknown-unknown 
Deserializing functions...
Deserializing functions...
Deserializing functions...
Deserializing functions...
Deserializing functions...
Deserializing functions...
Deserializing functions...
Deserializing functions...
Deserializing functions...
Deserializing functions...
Deserializing functions...
Deserializing functions...
Deserializing functions...
Deserializing functions...
Deserializing functions...
Deserializing functions...
Deserializing functions...
Deserializing functions...
Deserializing functions...
Deserializing functions...
Deserializing functions...
Deserializing functions...
Deserializing functions...
Deserializing functions...
Deserializing functions...
Deserializing functions...
Deserializing functions...
Deserializing functions...
Deserializing functions...
Deserializing functions...
Deserializing functions...
Deserializing functions...
Deserializing functions...
Deserializing functions...
Deserializing functions...
Deserializing functions...
Deserializing functions...
Deserializing functions...
Deserializing functions...
Deserializing functions...
Deserializing functions...
Deserializing functions...
Deserializing functions...
Deserializing functions...
Deserializing functions...
Deserializing functions...
Deserializing functions...
Deserializing functions...
Deserializing functions...
Deserializing functions...
Deserializing functions...
Deserializing functions...
Deserializing functions...
Deserializing functions...
Deserializing functions...
Deserializing functions...
Deserializing functions...
Deserializing functions...
Deserializing functions...
Deserializing functions...
Deserializing functions...
Deserializing functions...
Deserializing functions...
Deserializing functions...
Deserializing functions...
Deserializing functions...
Deserializing functions...
Deserializing functions...
Deserializing functions...
Deserializing functions...
Deserializing functions...
Deserializing functions...
Deserializing functions...
Deserializing functions...
Deserializing functions...
Deserializing functions...
Deserializing functions...
Deserializing functions...
Deserializing functions...
Deserializing functions...
Deserializing functions...
Deserializing functions...
Deserializing functions...
Deserializing functions...
Deserializing functions...
Deserializing functions...
Deserializing functions...
Deserializing functions...
Deserializing functions...
Deserializing functions...
Deserializing functions...
Deserializing functions...
Deserializing data...
Deserializing data...
Deserializing data...
Deserializing data...
Deserializing data...
Deserializing data...
Deserializing data...
Deserializing data...
Deserializing data...
Deserializing symbol at: 60f188, dta_0x40bd69L, 2
cur_pos: 60f170
dse_base: 60f188
new_cur_pos: 60f18a
Deserializing symbol at: 60f198, dta_0x40bb1cL, 20
cur_pos: 60f18a
dse_base: 60f198
new_cur_pos: 60f1b8
Deserializing symbol at: 60f1a8, dta_0x40c223L, 2
cur_pos: 60f1b8
dse_base: 60f1a8
/home/ed/mcsema/mc-sema/peToCFG/peToCFG.cpp:515
Deserialized an out-of-order symbol!
terminate called after throwing an instance of 'LErr'
  what():  Generic error: Line: 517
File: /home/ed/mcsema/mc-sema/peToCFG/peToCFG.cpp
Deserialized an out-of-order symbol!
/home/ed/mcsema/scripts/cfg_to_bc.sh: line 5: 44226 Aborted                 (core dumped) $DIR/build/mc-sema/bitcode_from_cfg/cfg_to_bc -mtriple=x86_64-pc-linux-gnu -i=${BIN}.cfg -driver=mcsema_main,main,raw,return,C -o=${BIN}.bc
Saved bitcode to /home/ed/mcsema-testing/SANDBOX/test-2015-12-21_15-36-50/MultiSource/Applications/lemon/Output/lemon.simple.mcsema/lemon.simple.mcsema/lemon.simple.bc
