Looking up target...
Reading module ...
 TT x86-64 : x86_64-unknown-unknown 
Deserializing functions...
Deserializing functions...
Deserializing functions...
Deserializing functions...
Deserializing functions...
Deserializing functions...
Deserializing functions...
Deserializing functions...
Deserializing functions...
Deserializing functions...
Deserializing functions...
Deserializing functions...
Deserializing functions...
Deserializing functions...
Deserializing functions...
Deserializing functions...
Deserializing functions...
Deserializing functions...
Deserializing functions...
Deserializing functions...
Deserializing functions...
Deserializing functions...
Deserializing functions...
Deserializing functions...
Deserializing functions...
Deserializing functions...
Deserializing functions...
Deserializing functions...
Deserializing functions...
Deserializing functions...
Deserializing functions...
Deserializing functions...
Deserializing functions...
Deserializing functions...
Deserializing functions...
Deserializing functions...
Deserializing functions...
Deserializing functions...
Deserializing functions...
Deserializing functions...
Deserializing functions...
Deserializing functions...
Deserializing functions...
Deserializing functions...
Deserializing functions...
Deserializing functions...
Deserializing functions...
Deserializing functions...
Deserializing functions...
Deserializing functions...
Deserializing functions...
Deserializing functions...
Deserializing functions...
Deserializing functions...
Deserializing functions...
Deserializing functions...
Deserializing functions...
Deserializing functions...
Deserializing functions...
Deserializing functions...
Deserializing functions...
Deserializing functions...
Deserializing functions...
Deserializing functions...
Deserializing functions...
Deserializing functions...
Deserializing functions...
Deserializing functions...
Deserializing functions...
Deserializing functions...
Deserializing functions...
Deserializing functions...
Deserializing functions...
Deserializing functions...
Deserializing functions...
Deserializing functions...
Deserializing functions...
Deserializing functions...
Deserializing functions...
Deserializing functions...
Deserializing functions...
Deserializing functions...
Deserializing functions...
Deserializing functions...
Deserializing functions...
Deserializing functions...
Deserializing functions...
Deserializing functions...
Deserializing functions...
Deserializing functions...
Deserializing functions...
Deserializing functions...
Deserializing functions...
Deserializing functions...
Deserializing functions...
Deserializing functions...
Deserializing functions...
Deserializing functions...
Deserializing functions...
Deserializing functions...
Deserializing functions...
Deserializing functions...
Deserializing functions...
Deserializing functions...
Deserializing functions...
Deserializing functions...
Deserializing functions...
Deserializing functions...
Deserializing functions...
Deserializing functions...
Deserializing functions...
Deserializing functions...
Deserializing functions...
Deserializing functions...
Deserializing functions...
Deserializing functions...
Deserializing functions...
Deserializing functions...
Deserializing functions...
Deserializing functions...
Deserializing functions...
Deserializing functions...
Deserializing functions...
Deserializing functions...
Deserializing functions...
Deserializing functions...
Deserializing functions...
Deserializing functions...
Deserializing functions...
Deserializing functions...
Deserializing functions...
Deserializing functions...
Deserializing functions...
Deserializing functions...
Deserializing functions...
Deserializing functions...
Deserializing functions...
Deserializing functions...
Deserializing functions...
Deserializing functions...
Deserializing functions...
Deserializing functions...
Deserializing functions...
Deserializing functions...
Deserializing functions...
Deserializing functions...
Deserializing functions...
Deserializing functions...
Deserializing functions...
Deserializing functions...
Deserializing functions...
Deserializing functions...
Deserializing functions...
Deserializing functions...
Deserializing functions...
Deserializing functions...
Deserializing functions...
Deserializing functions...
Deserializing functions...
Deserializing functions...
Deserializing functions...
Deserializing functions...
Deserializing functions...
Deserializing functions...
Deserializing functions...
Deserializing functions...
Deserializing functions...
Deserializing functions...
Deserializing functions...
Deserializing functions...
Deserializing functions...
Deserializing functions...
Deserializing functions...
Deserializing functions...
Deserializing functions...
Deserializing functions...
Deserializing functions...
Deserializing functions...
Deserializing functions...
Deserializing functions...
Deserializing functions...
Deserializing functions...
Deserializing functions...
Deserializing functions...
Deserializing functions...
Deserializing functions...
Deserializing functions...
Deserializing functions...
Deserializing functions...
Deserializing functions...
Deserializing functions...
Deserializing functions...
Deserializing functions...
Deserializing functions...
Deserializing functions...
Deserializing functions...
Deserializing functions...
Deserializing functions...
Deserializing functions...
Deserializing functions...
Deserializing functions...
Deserializing functions...
Deserializing functions...
Deserializing functions...
Deserializing functions...
Deserializing functions...
Deserializing functions...
Deserializing functions...
Deserializing functions...
Deserializing functions...
Deserializing functions...
Deserializing functions...
Deserializing functions...
Deserializing functions...
Deserializing functions...
Deserializing functions...
Deserializing functions...
Deserializing functions...
Deserializing functions...
Deserializing functions...
Deserializing functions...
Deserializing functions...
Deserializing functions...
Deserializing functions...
Deserializing functions...
Deserializing functions...
Deserializing functions...
Deserializing functions...
Deserializing functions...
Deserializing functions...
Deserializing functions...
Deserializing functions...
Deserializing functions...
Deserializing functions...
Deserializing functions...
Deserializing functions...
Deserializing functions...
Deserializing functions...
Deserializing functions...
Deserializing functions...
Deserializing functions...
Deserializing functions...
Deserializing functions...
Deserializing functions...
Deserializing functions...
Deserializing functions...
Deserializing functions...
Deserializing functions...
Deserializing functions...
Deserializing functions...
Deserializing functions...
Deserializing functions...
Deserializing functions...
Deserializing functions...
Deserializing functions...
Deserializing functions...
Deserializing functions...
Deserializing functions...
Deserializing functions...
Deserializing functions...
Deserializing functions...
Deserializing functions...
Deserializing functions...
Deserializing functions...
Deserializing functions...
Deserializing functions...
Deserializing functions...
Deserializing functions...
Deserializing functions...
Deserializing functions...
Deserializing functions...
Deserializing functions...
Deserializing functions...
Deserializing functions...
Deserializing functions...
Deserializing functions...
Deserializing functions...
Deserializing functions...
Deserializing functions...
Deserializing functions...
Deserializing functions...
Deserializing functions...
Deserializing functions...
Deserializing functions...
Deserializing functions...
Deserializing functions...
Deserializing functions...
Deserializing functions...
Deserializing functions...
Deserializing functions...
Deserializing functions...
Deserializing functions...
Deserializing functions...
Deserializing functions...
Deserializing functions...
Deserializing functions...
Deserializing functions...
Deserializing functions...
Deserializing functions...
Deserializing functions...
Deserializing functions...
Deserializing functions...
Deserializing functions...
Deserializing functions...
Deserializing functions...
Deserializing functions...
Deserializing functions...
Deserializing functions...
Deserializing functions...
Deserializing functions...
Deserializing functions...
Deserializing functions...
Deserializing functions...
Deserializing functions...
Deserializing functions...
Deserializing functions...
Deserializing functions...
Deserializing functions...
Deserializing functions...
Deserializing functions...
Deserializing functions...
Deserializing functions...
Deserializing functions...
Deserializing functions...
Deserializing functions...
Deserializing functions...
Deserializing functions...
Deserializing functions...
Deserializing functions...
Deserializing functions...
Deserializing functions...
Deserializing functions...
Deserializing functions...
Deserializing functions...
Deserializing functions...
Deserializing functions...
Deserializing functions...
Deserializing functions...
Deserializing functions...
Deserializing functions...
Deserializing functions...
Deserializing functions...
Deserializing functions...
Deserializing functions...
Deserializing functions...
Deserializing functions...
Deserializing functions...
Deserializing functions...
Deserializing functions...
Deserializing functions...
Deserializing functions...
Deserializing functions...
Deserializing functions...
Deserializing functions...
Deserializing functions...
Deserializing functions...
Deserializing functions...
Deserializing functions...
Deserializing functions...
Deserializing functions...
Deserializing functions...
Deserializing functions...
Deserializing functions...
Deserializing functions...
Deserializing functions...
Deserializing functions...
Deserializing functions...
Deserializing functions...
Deserializing functions...
Deserializing functions...
Deserializing functions...
Deserializing functions...
Deserializing functions...
Deserializing functions...
Deserializing functions...
Deserializing functions...
Deserializing functions...
Deserializing functions...
Deserializing functions...
Deserializing functions...
Deserializing functions...
Deserializing functions...
Deserializing functions...
Deserializing functions...
Deserializing functions...
Deserializing functions...
Deserializing functions...
Deserializing functions...
Deserializing functions...
Deserializing functions...
Deserializing functions...
Deserializing functions...
Deserializing functions...
Deserializing functions...
Deserializing functions...
Deserializing functions...
Deserializing functions...
Deserializing functions...
Deserializing functions...
Deserializing functions...
Deserializing functions...
Deserializing functions...
Deserializing functions...
Deserializing functions...
Deserializing functions...
Deserializing functions...
Deserializing functions...
Deserializing functions...
Deserializing functions...
Deserializing functions...
Deserializing functions...
Deserializing functions...
Deserializing functions...
Deserializing functions...
Deserializing functions...
Deserializing functions...
Deserializing functions...
Deserializing functions...
Deserializing functions...
Deserializing functions...
Deserializing functions...
Deserializing functions...
Deserializing functions...
Deserializing functions...
Deserializing functions...
Deserializing functions...
Deserializing functions...
Deserializing functions...
Deserializing functions...
Deserializing functions...
Deserializing functions...
Deserializing functions...
Deserializing functions...
Deserializing functions...
Deserializing functions...
Deserializing functions...
Deserializing functions...
Deserializing functions...
Deserializing functions...
Deserializing functions...
Deserializing functions...
Deserializing functions...
Deserializing functions...
Deserializing functions...
Deserializing functions...
Deserializing functions...
Deserializing functions...
Deserializing functions...
Deserializing functions...
Deserializing functions...
Deserializing functions...
Deserializing functions...
Deserializing functions...
Deserializing functions...
Deserializing functions...
Deserializing functions...
Deserializing functions...
Deserializing functions...
Deserializing functions...
Deserializing functions...
Deserializing functions...
Deserializing functions...
Deserializing functions...
Deserializing functions...
Deserializing functions...
Deserializing functions...
Deserializing functions...
Deserializing functions...
Deserializing functions...
Deserializing functions...
Deserializing functions...
Deserializing functions...
Deserializing functions...
Deserializing functions...
Deserializing functions...
Deserializing functions...
Deserializing functions...
Deserializing functions...
Deserializing functions...
Deserializing functions...
Deserializing functions...
Deserializing functions...
Deserializing functions...
Deserializing functions...
Deserializing functions...
Deserializing functions...
Deserializing functions...
Deserializing functions...
Deserializing functions...
Deserializing functions...
Deserializing functions...
Deserializing functions...
Deserializing functions...
Deserializing functions...
Deserializing functions...
Deserializing functions...
Deserializing functions...
Deserializing functions...
Deserializing functions...
Deserializing functions...
Deserializing functions...
Deserializing functions...
Deserializing functions...
Deserializing functions...
Deserializing functions...
Deserializing functions...
Deserializing functions...
Deserializing functions...
Deserializing functions...
Deserializing functions...
Deserializing functions...
Deserializing functions...
Deserializing functions...
Deserializing functions...
Deserializing functions...
Deserializing functions...
Deserializing functions...
Deserializing functions...
Deserializing functions...
Deserializing functions...
Deserializing functions...
Deserializing functions...
Deserializing functions...
Deserializing functions...
Deserializing functions...
Deserializing functions...
Deserializing functions...
Deserializing functions...
Deserializing functions...
Deserializing functions...
Deserializing functions...
Deserializing functions...
Deserializing functions...
Deserializing functions...
Deserializing functions...
Deserializing functions...
Deserializing functions...
Deserializing functions...
Deserializing functions...
Deserializing functions...
Deserializing functions...
Deserializing functions...
Deserializing functions...
Deserializing functions...
Deserializing functions...
Deserializing functions...
Deserializing functions...
Deserializing functions...
Deserializing functions...
Deserializing functions...
Deserializing functions...
Deserializing functions...
Deserializing functions...
Deserializing functions...
Deserializing functions...
Deserializing functions...
Deserializing functions...
Deserializing functions...
Deserializing functions...
Deserializing functions...
Deserializing functions...
Deserializing functions...
Deserializing functions...
Deserializing functions...
Deserializing functions...
Deserializing functions...
Deserializing functions...
Deserializing functions...
Deserializing functions...
Deserializing functions...
Deserializing functions...
Deserializing functions...
Deserializing functions...
Deserializing functions...
Deserializing functions...
Deserializing functions...
Deserializing functions...
Deserializing functions...
Deserializing functions...
Deserializing functions...
Deserializing functions...
Deserializing functions...
Deserializing functions...
Deserializing functions...
Deserializing functions...
Deserializing functions...
Deserializing functions...
Deserializing functions...
Deserializing functions...
Deserializing functions...
Deserializing functions...
Deserializing functions...
Deserializing functions...
Deserializing functions...
Deserializing functions...
Deserializing functions...
Deserializing functions...
Deserializing functions...
Deserializing functions...
Deserializing functions...
Deserializing functions...
Deserializing functions...
Deserializing functions...
Deserializing functions...
Deserializing functions...
Deserializing functions...
Deserializing functions...
Deserializing functions...
Deserializing functions...
Deserializing functions...
Deserializing functions...
Deserializing functions...
Deserializing functions...
Deserializing functions...
Deserializing functions...
Deserializing functions...
Deserializing functions...
Deserializing functions...
Deserializing functions...
Deserializing functions...
Deserializing functions...
Deserializing functions...
Deserializing functions...
Deserializing functions...
Deserializing functions...
Deserializing functions...
Deserializing functions...
Deserializing functions...
Deserializing functions...
Deserializing functions...
Deserializing functions...
Deserializing functions...
Deserializing functions...
Deserializing functions...
Deserializing functions...
Deserializing functions...
Deserializing functions...
Deserializing functions...
Deserializing functions...
Deserializing functions...
Deserializing functions...
Deserializing functions...
Deserializing functions...
Deserializing functions...
Deserializing functions...
Deserializing functions...
Deserializing functions...
Deserializing functions...
Deserializing functions...
Deserializing functions...
Deserializing functions...
Deserializing functions...
Deserializing functions...
Deserializing functions...
Deserializing functions...
Deserializing functions...
Deserializing functions...
Deserializing functions...
Deserializing functions...
Deserializing functions...
Deserializing functions...
Deserializing functions...
Deserializing functions...
Deserializing functions...
Deserializing functions...
Deserializing functions...
Deserializing functions...
Deserializing functions...
Deserializing functions...
Deserializing functions...
Deserializing functions...
Deserializing functions...
Deserializing functions...
Deserializing functions...
Deserializing functions...
Deserializing functions...
Deserializing functions...
Deserializing functions...
Deserializing functions...
Deserializing functions...
Deserializing functions...
Deserializing functions...
Deserializing functions...
Deserializing functions...
Deserializing functions...
Deserializing functions...
Deserializing functions...
Deserializing functions...
Deserializing functions...
Deserializing functions...
Deserializing functions...
Deserializing functions...
Deserializing functions...
Deserializing functions...
Deserializing functions...
Deserializing functions...
Deserializing functions...
Deserializing functions...
Deserializing functions...
Deserializing functions...
Deserializing functions...
Deserializing functions...
Deserializing functions...
Deserializing functions...
Deserializing functions...
Deserializing functions...
Deserializing functions...
Deserializing functions...
Deserializing functions...
Deserializing functions...
Deserializing functions...
Deserializing functions...
Deserializing functions...
Deserializing functions...
Deserializing functions...
Deserializing functions...
Deserializing functions...
Deserializing functions...
Deserializing functions...
Deserializing functions...
Deserializing functions...
Deserializing functions...
Deserializing functions...
Deserializing functions...
Deserializing functions...
Deserializing functions...
Deserializing functions...
Deserializing functions...
Deserializing functions...
Deserializing functions...
Deserializing functions...
Deserializing functions...
Deserializing functions...
Deserializing functions...
Deserializing functions...
Deserializing functions...
Deserializing functions...
Deserializing functions...
Deserializing functions...
Deserializing functions...
Deserializing functions...
Deserializing functions...
Deserializing functions...
Deserializing functions...
Deserializing functions...
Deserializing functions...
Deserializing functions...
Deserializing functions...
Deserializing functions...
Deserializing functions...
Deserializing functions...
Deserializing functions...
Deserializing functions...
Deserializing functions...
Deserializing functions...
Deserializing functions...
Deserializing functions...
Deserializing functions...
Deserializing functions...
Deserializing functions...
Deserializing functions...
Deserializing functions...
Deserializing functions...
Deserializing data...
Deserializing data...
Deserializing data...
Deserializing data...
Deserializing data...
Deserializing data...
Deserializing data...
Deserializing data...
Deserializing data...
Deserializing data...
Deserializing externs...
Deserializing externs...
Deserializing externs...
Deserializing externs...
Deserializing externs...
Deserializing externs...
Deserializing externs...
Deserializing externs...
Deserializing externs...
Deserializing externs...
Deserializing externs...
Deserializing externs...
Deserializing externs...
Deserializing externs...
Deserializing externs...
Deserializing externs...
Deserializing externs...
Deserializing externs...
Deserializing externs...
Deserializing externs...
Deserializing externs...
Deserializing externs...
Deserializing externs...
Deserializing externs...
Deserializing externs...
Deserializing externs...
Deserializing externs...
Deserializing externs...
Deserializing externs...
Deserializing externs...
Deserializing externs...
Deserializing externs...
Deserializing externs...
Deserializing externs...
Deserializing externs...
Deserializing externs...
Deserializing externs...
Deserializing externs...
Deserializing externs...
Deserializing externs...
Creating module...
Setting target...
Done setting target
Adding external funcs...
Adding external data...
Adding internal data...
Adding entry points...
Returning modue...
Setting initial triples...
Looking at entry points...
Already have driver for: main
Getting LLVM module...
Converting to LLVM...
Inserted function: sub_46b520
Inserted function: sub_407000
Inserted function: sub_42b100
Inserted function: sub_41df80
Inserted function: sub_45cc30
Inserted function: sub_40a8a0
Inserted function: sub_4330c0
Inserted function: sub_40bc10
Inserted function: sub_45dd70
Inserted function: sub_42f5d0
Inserted function: sub_42de70
Inserted function: sub_40bae0
Inserted function: sub_46e820
Inserted function: sub_4049b0
Inserted function: sub_42e380
Inserted function: sub_42e030
Inserted function: sub_42e000
Inserted function: sub_465f00
Inserted function: sub_405810
Inserted function: sub_422340
Inserted function: sub_466220
Inserted function: sub_405850
Inserted function: sub_40aa90
Inserted function: sub_40bad0
Inserted function: sub_410b10
Inserted function: sub_469330
Inserted function: sub_405240
Inserted function: sub_450060
Inserted function: sub_470800
Inserted function: sub_441a80
Inserted function: sub_4500e0
Inserted function: sub_42d530
Inserted function: sub_451c50
Inserted function: sub_46a160
Inserted function: sub_401070
Inserted function: sub_401220
Inserted function: sub_403600
Inserted function: sub_402fc0
Inserted function: sub_4237e0
Inserted function: sub_4128a0
Inserted function: sub_4032c0
Inserted function: sub_4694b0
Inserted function: sub_464710
Inserted function: sub_45cc00
Inserted function: sub_401010
Inserted function: sub_4515b0
Inserted function: sub_4034c0
Inserted function: sub_411950
Inserted function: sub_400f20
Inserted function: sub_403360
Inserted function: sub_4030a0
Inserted function: sub_425b10
Inserted function: sub_408390
Inserted function: sub_41e360
Inserted function: sub_407ac0
Inserted function: sub_400f10
Inserted function: sub_407e60
Inserted function: sub_41df10
Inserted function: sub_422f90
Inserted function: sub_42b3a0
Inserted function: sub_46e790
Inserted function: sub_412050
Inserted function: sub_401110
Inserted function: sub_42b870
Inserted function: sub_40ba80
Inserted function: sub_4179b0
Inserted function: sub_4681d0
Inserted function: sub_468740
Inserted function: sub_46ee80
Inserted function: sub_40bab0
Inserted function: sub_400f00
Inserted function: sub_464480
Inserted function: sub_4044c0
Inserted function: sub_42d410
Inserted function: sub_40e450
Inserted function: sub_4038a0
Inserted function: sub_401510
Inserted function: sub_46ee90
Inserted function: sub_42b180
Inserted function: sub_4205d0
Inserted function: sub_401000
Inserted function: sub_426100
Inserted function: sub_431610
Inserted function: sub_425a20
Inserted function: sub_469eb0
Inserted function: sub_425c60
Inserted function: sub_42c950
Inserted function: sub_432b60
Inserted function: sub_459330
Inserted function: sub_459a00
Inserted function: sub_425b60
Inserted function: sub_423ff0
Inserted function: sub_42b240
Inserted function: sub_423360
Inserted function: sub_432b90
Inserted function: sub_466fa0
Inserted function: sub_4673a0
Inserted function: sub_40b1a0
Inserted function: sub_4239c0
Inserted function: sub_41ae90
Inserted function: sub_41e060
Inserted function: sub_467d10
Inserted function: sub_468b50
Inserted function: sub_457eb0
Inserted function: sub_408fa0
Inserted function: sub_401100
Inserted function: sub_467080
Inserted function: sub_42ddc0
Inserted function: sub_409510
Inserted function: sub_469890
Inserted function: sub_42cbb0
Inserted function: sub_40d200
Inserted function: sub_403eb0
Inserted function: sub_420ef0
Inserted function: sub_4528a0
Inserted function: sub_44f870
Inserted function: sub_407380
Inserted function: sub_457fb0
Inserted function: sub_40f910
Inserted function: sub_42d810
Inserted function: sub_40a440
Inserted function: sub_41dee0
Inserted function: sub_403ca0
Inserted function: sub_42f7b0
Inserted function: sub_41e0b0
Inserted function: sub_40f170
Inserted function: sub_423580
Inserted function: sub_4205c0
Inserted function: sub_422230
Inserted function: sub_453680
Inserted function: sub_419b10
Inserted function: sub_4010c0
Inserted function: sub_444520
Inserted function: sub_444800
Inserted function: sub_409300
Inserted function: sub_406390
Inserted function: sub_466c10
Inserted function: sub_4235d0
Inserted function: sub_41dc20
Inserted function: sub_41deb0
Inserted function: sub_436380
Inserted function: sub_416c10
Inserted function: sub_444810
Inserted function: sub_45dc60
Inserted function: sub_41d640
Inserted function: sub_432370
Inserted function: sub_41f3b0
Inserted function: sub_4330a0
Inserted function: sub_4362d0
Inserted function: sub_463f20
Inserted function: sub_4598d0
Inserted function: sub_46fe50
Inserted function: sub_42b2a0
Inserted function: sub_403e60
Inserted function: sub_450310
Inserted function: sub_454470
Inserted function: sub_409520
Inserted function: sub_436270
Inserted function: sub_4549f0
Inserted function: sub_453930
Inserted function: sub_42b6a0
Inserted function: sub_45a880
Inserted function: sub_4175c0
Inserted function: sub_436450
Inserted function: sub_406c90
Inserted function: sub_4179a0
Inserted function: sub_406420
Inserted function: sub_452ea0
Inserted function: sub_427970
Inserted function: sub_463ba0
Inserted function: sub_4010f0
Inserted function: sub_451f90
Inserted function: sub_453da0
Inserted function: sub_4085c0
Inserted function: sub_42b6c0
Inserted function: sub_466c20
Inserted function: sub_463fa0
Inserted function: sub_400fe0
Inserted function: sub_416d30
Inserted function: sub_46a840
Inserted function: sub_400f60
Inserted function: sub_453880
Inserted function: sub_467ad0
Inserted function: sub_4010e0
Inserted function: sub_431d10
Inserted function: sub_4456d0
Inserted function: sub_42bd90
Inserted function: sub_4681a0
Inserted function: sub_4555f0
Inserted function: sub_422220
Inserted function: sub_41ee50
Inserted function: sub_40f260
Inserted function: sub_467a80
Inserted function: sub_4086b0
Inserted function: sub_400ed0
Inserted function: sub_46ea90
Inserted function: sub_406320
Inserted function: sub_451ce0
Inserted function: sub_458bd0
Inserted function: sub_467b80
Inserted function: sub_45c7b0
Inserted function: sub_45b800
Inserted function: sub_407100
Inserted function: sub_45c570
Inserted function: sub_42ba10
Inserted function: sub_4687b0
Inserted function: sub_43b1c0
Inserted function: sub_459a20
Inserted function: sub_400fb0
Inserted function: sub_42df90
Inserted function: sub_46a9b0
Inserted function: sub_401030
Inserted function: sub_45c0f0
Inserted function: sub_420030
Inserted function: sub_453de0
Inserted function: sub_4066e0
Inserted function: sub_45a040
Inserted function: sub_420060
Inserted function: sub_4078c0
Inserted function: sub_46a110
Inserted function: sub_408850
Inserted function: sub_404350
Inserted function: sub_45da40
Inserted function: sub_458950
Inserted function: sub_458b00
Inserted function: sub_46a260
Inserted function: sub_454410
Inserted function: sub_45d560
Inserted function: sub_45daf0
Inserted function: sub_43a870
Inserted function: sub_470670
Inserted function: sub_45a560
Inserted function: sub_465e40
Inserted function: sub_455a80
Inserted function: sub_4623c0
Inserted function: sub_454e90
Inserted function: sub_466960
Inserted function: sub_4624a0
Inserted function: sub_463800
Inserted function: sub_43a820
Inserted function: sub_45da10
Inserted function: sub_4669d0
Inserted function: sub_417e20
Inserted function: sub_404db0
Inserted function: sub_416fb0
Inserted function: sub_4600f0
Inserted function: sub_402990
Inserted function: sub_455530
Inserted function: sub_460250
Inserted function: sub_417060
Inserted function: sub_43fd10
Inserted function: sub_4701c0
Inserted function: sub_42cb70
Inserted function: sub_45d810
Inserted function: sub_45beb0
Inserted function: sub_45d5a0
Inserted function: sub_45d740
Inserted function: sub_45b680
Inserted function: sub_4542b0
Inserted function: sub_45b550
Inserted function: sub_417cc0
Inserted function: sub_408320
Inserted function: sub_4666d0
Inserted function: sub_45a2d0
Inserted function: sub_45bb50
Inserted function: sub_45d4e0
Inserted function: sub_4087d0
Inserted function: sub_400fd0
Inserted function: sub_46e830
Inserted function: sub_453050
Inserted function: sub_420090
Inserted function: sub_418cc0
Inserted function: sub_469f60
Inserted function: sub_4672e0
Inserted function: sub_4223f0
Inserted function: sub_4054f0
Inserted function: sub_464190
Inserted function: sub_454dc0
Inserted function: sub_427a90
Inserted function: sub_459ef0
Inserted function: sub_4322f0
Inserted function: sub_464ab0
Inserted function: sub_400ec0
Inserted function: sub_45d6e0
Inserted function: sub_412b30
Inserted function: sub_40bb00
Inserted function: sub_401080
Inserted function: sub_42c390
Inserted function: sub_424950
Inserted function: sub_464fc0
Inserted function: sub_41a410
Inserted function: sub_427840
Inserted function: sub_431570
Inserted function: sub_450110
Inserted function: sub_419ea0
Inserted function: sub_451910
Inserted function: sub_4255d0
Inserted function: sub_46a2f0
Inserted function: sub_400fc0
Inserted function: sub_400eb0
Inserted function: sub_456cf0
Inserted function: sub_466710
Inserted function: sub_42c470
Inserted function: sub_401120
Inserted function: sub_464230
Inserted function: sub_464fb0
Inserted function: sub_45cd40
Inserted function: sub_46e810
Inserted function: sub_42f840
Inserted function: sub_464f70
Inserted function: sub_4010b0
Inserted function: sub_41d8d0
Inserted function: sub_40ad20
Inserted function: sub_451f30
Inserted function: sub_454da0
Inserted function: sub_469de0
Inserted function: sub_416e20
Inserted function: sub_4092b0
Inserted function: sub_42e2f0
Inserted function: sub_466b10
Inserted function: sub_412b40
Inserted function: sub_427be0
Inserted function: sub_400fa0
Inserted function: sub_4291a0
Inserted function: sub_46a3f0
Inserted function: sub_4238a0
Inserted function: sub_453840
Inserted function: sub_468060
Inserted function: sub_4010a0
Inserted function: sub_466900
Inserted function: sub_423d50
Inserted function: sub_404160
Inserted function: sub_4095b0
Inserted function: sub_4125f0
Inserted function: sub_427a40
Inserted function: sub_464670
Inserted function: sub_4697d0
Inserted function: sub_411ac0
Inserted function: sub_46e760
Inserted function: sub_451890
Inserted function: sub_400f90
Inserted function: sub_41dfd0
Inserted function: sub_46a0c0
Inserted function: sub_42b740
Inserted function: sub_46f830
Inserted function: sub_424460
Inserted function: sub_464400
Inserted function: sub_467b00
Inserted function: sub_409750
Inserted function: sub_464a40
Inserted function: sub_46ef60
Inserted function: sub_469850
Inserted function: sub_42f9c0
Inserted function: sub_4701e0
Inserted function: sub_46fa60
Inserted function: sub_451710
Inserted function: sub_453800
Inserted function: sub_42cf20
Inserted function: sub_42f3a0
Inserted function: sub_419280
Inserted function: sub_425520
Inserted function: sub_46a470
Inserted function: sub_4689f0
Inserted function: sub_454af0
Inserted function: sub_464f90
Inserted function: sub_470080
Inserted function: sub_4703c0
Inserted function: sub_42b390
Inserted function: sub_400e90
Inserted function: sub_409c80
Inserted function: sub_4586a0
Inserted function: sub_453f70
Inserted function: sub_45d2f0
Inserted function: sub_464220
Inserted function: sub_42bfa0
Inserted function: sub_41a320
Inserted function: sub_427dd0
Inserted function: sub_423460
Inserted function: sub_4188f0
Inserted function: sub_428dc0
Inserted function: sub_4255e0
Inserted function: sub_451b00
Inserted function: sub_464380
Inserted function: sub_412f10
Inserted function: sub_42e320
Inserted function: sub_42b930
Inserted function: sub_418730
Inserted function: sub_42e350
Inserted function: sub_451d40
Inserted function: sub_430370
Inserted function: sub_430000
Inserted function: sub_414e30
Inserted function: sub_419420
Inserted function: sub_42b3b0
Inserted function: sub_425830
Inserted function: sub_40d330
Inserted function: sub_418840
Inserted function: sub_425840
Inserted function: sub_4233a0
Inserted function: sub_4687f0
Inserted function: sub_436670
Inserted function: sub_4543c0
Inserted function: sub_428df0
Inserted function: sub_429170
Inserted function: sub_42fe20
Inserted function: sub_4141a0
Inserted function: sub_4292e0
Inserted function: sub_4291d0
Inserted function: sub_469b50
Inserted function: sub_40f150
Inserted function: sub_42a2f0
Inserted function: sub_46a000
Inserted function: sub_436590
Inserted function: sub_40d970
Inserted function: sub_413650
Inserted function: sub_469480
Inserted function: sub_413770
Inserted function: sub_40d990
Inserted function: sub_429cc0
Inserted function: sub_42ff00
Inserted function: sub_429cf0
Inserted function: sub_429d20
Inserted function: sub_42a5c0
Inserted function: sub_40d340
Inserted function: sub_410ae0
Inserted function: sub_42b840
Inserted function: sub_463d50
Inserted function: sub_40dd60
Inserted function: sub_412f90
Inserted function: sub_401090
Inserted function: sub_40e730
Inserted function: sub_4310d0
Inserted function: sub_42b520
Inserted function: sub_407770
Inserted function: sub_45cda0
Inserted function: sub_4080b0
Inserted function: sub_442b60
Inserted function: sub_42d510
Inserted function: sub_466af0
Inserted function: sub_407b30
Inserted function: sub_400f80
Inserted function: sub_40d240
Inserted function: sub_4223e0
Inserted function: sub_425fc0
Inserted function: sub_45d390
Inserted function: sub_403580
Inserted function: sub_469cb0
Inserted function: sub_4420c0
Inserted function: sub_40ecf0
Inserted function: sub_416c00
Inserted function: sub_463bf0
Inserted function: sub_469140
Inserted function: sub_42bae0
Inserted function: sub_450020
Inserted function: sub_443be0
Inserted function: sub_423c30
Inserted function: sub_42be40
Inserted function: sub_443450
Inserted function: sub_401060
Inserted function: sub_452310
Inserted function: sub_40de90
Inserted function: sub_4330b0
Inserted function: sub_442220
Inserted function: sub_443fa0
Inserted function: sub_442ed0
Inserted function: sub_4434e0
Inserted function: sub_447fd0
Inserted function: sub_45f050
Inserted function: sub_4464f0
Inserted function: sub_453f00
Inserted function: sub_4547a0
Inserted function: sub_44ffa0
Inserted function: sub_416f10
Inserted function: sub_413b20
Inserted function: sub_407430
Inserted function: sub_446d20
Inserted function: sub_40f530
Inserted function: sub_42cb40
Inserted function: sub_42bbe0
Inserted function: sub_448b60
Inserted function: sub_448190
Inserted function: sub_45aef0
Inserted function: sub_452380
Inserted function: sub_452240
Inserted function: sub_453b50
Inserted function: sub_445390
Inserted function: sub_403030
Inserted function: sub_45d180
Inserted function: sub_431fa0
Inserted function: sub_42c240
Inserted function: sub_41e750
Inserted function: sub_445120
Inserted function: sub_42e2c0
Inserted function: sub_42cdf0
Inserted function: sub_45d1e0
Inserted function: sub_40bb20
Inserted function: sub_42dfa0
Inserted function: sub_400ef0
Inserted function: sub_419790
Inserted function: sub_459fb0
Inserted function: sub_408770
Inserted function: sub_4010d0
Inserted function: sub_41f380
Inserted function: sub_45cc60
Inserted function: sub_4520b0
Inserted function: sub_42e4c0
Inserted function: sub_453500
Inserted function: sub_403d20
Inserted function: sub_454db0
Inserted function: sub_455170
Inserted function: sub_431580
Inserted function: sub_40a5c0
Inserted function: sub_45f1f0
Inserted function: sub_4322b0
Inserted function: sub_408640
Inserted function: sub_414e60
Inserted function: sub_404450
Inserted function: sub_4522b0
Inserted function: sub_4172f0
Inserted function: sub_42bf20
Inserted function: sub_4027c0
Inserted function: sub_400ea0
Inserted function: sub_42d780
Inserted function: sub_4363b0
Inserted function: sub_417800
Inserted function: sub_468f70
Inserted function: sub_451c90
Inserted function: sub_446ee0
Inserted function: sub_403900
Inserted function: sub_463b50
Inserted function: sub_42d3d0
Inserted function: sub_40ba90
Inserted function: sub_451980
Inserted function: sub_460f80
Inserted function: sub_4229c0
Inserted function: sub_403a00
Inserted function: sub_401a80
Inserted function: sub_42f3d0
Inserted function: sub_401040
Inserted function: sub_430d30
Inserted function: sub_468610
Inserted function: sub_401020
Inserted function: sub_4482b0
Inserted function: sub_414a30
Inserted function: sub_423440
Inserted function: sub_444840
Inserted function: sub_469060
Inserted function: sub_401050
Inserted function: sub_401550
Inserted function: sub_422400
Inserted function: sub_445f00
Inserted function: sub_46f4d0
Inserted function: sub_400f70
Inserted function: sub_40bac0
Inserted function: sub_449660
Inserted function: sub_448410
Inserted function: sub_453fd0
Inserted function: sub_469420
Inserted function: sub_4048f0
Inserted function: sub_445a70
Inserted function: sub_4275a0
Inserted function: sub_40c1d0
Inserted function: sub_449e80
Inserted function: sub_456cc0
Inserted function: sub_4247e0
Inserted function: sub_452040
Inserted function: sub_427540
Inserted function: sub_422490
Inserted function: sub_424ea0
Inserted function: sub_402870
Inserted function: sub_40cbe0
Inserted function: sub_4100b0
Inserted function: sub_466330
Inserted function: sub_453ac0
Inserted function: sub_422f60
Inserted function: sub_427470
Inserted function: sub_403c90
Inserted function: sub_416ad0
Inserted function: sub_4515f0
Inserted function: sub_42b2e0
Inserted function: sub_4301d0
Inserted function: sub_42a800
Inserted function: sub_430f00
Inserted function: sub_466590
Inserted function: sub_4183b0
Inserted function: sub_427630
Inserted function: sub_436c40
Inserted function: sub_42b030
Inserted function: sub_466680
Inserted function: sub_453970
Inserted function: sub_417ba0
Inserted function: sub_4184e0
Inserted function: sub_44bf90
Inserted function: sub_4094e0
Inserted function: sub_40baf0
Inserted function: sub_427350
Inserted function: sub_465e80
Inserted function: sub_4693d0
Inserted function: sub_422410
Inserted function: sub_402820
Inserted function: sub_44c8a0
Inserted function: sub_42fb10
Inserted function: sub_422610
Inserted function: sub_45ceb0
Inserted function: sub_453b20
Inserted function: sub_447030
Inserted function: sub_402c00
Inserted function: sub_422590
Inserted function: sub_436a20
Inserted function: sub_4045b0
Inserted function: sub_453a40
Inserted function: sub_402b90
Inserted function: sub_468050
Inserted function: sub_448110
Inserted function: sub_400ff0
Inserted function: sub_44add0
Inserted function: sub_457380
Inserted function: sub_422510
Inserted function: sub_402d20
Inserted function: sub_40ec20
Inserted function: sub_427440
Inserted function: sub_4690b0
Inserted function: sub_400f30
Inserted function: sub_42e1f0
Inserted function: sub_418140
Inserted function: sub_43d7e0
Inserted function: sub_404c90
Inserted function: sub_467b50
Inserted function: sub_4395b0
Inserted function: sub_40ce90
Inserted function: sub_417f60
Inserted function: sub_407a90
Inserted function: sub_42d7b0
Inserted function: sub_4027f0
Inserted function: sub_404730
Inserted function: sub_427520
Inserted function: sub_427370
Inserted function: sub_42b210
Inserted function: sub_45ba30
Inserted function: sub_446b40
Inserted function: sub_427580
Inserted function: sub_40e440
Inserted function: sub_4397a0
Inserted function: sub_40e0c0
Inserted function: sub_46a590
Inserted function: sub_430d70
Inserted function: sub_45f5a0
Inserted function: sub_42cff0
Inserted function: sub_453810
Inserted function: sub_404850
Inserted function: sub_46e9b0
Inserted function: sub_4571f0
Inserted function: sub_441a90
Inserted function: sub_408330
Inserted function: sub_44afc0
Inserted function: sub_44a3a0
Inserted function: sub_461060
Inserted function: sub_402740
Inserted function: sub_4274f0
Inserted function: sub_4033d0
Inserted function: sub_448730
Inserted function: sub_4233e0
Inserted function: sub_41a950
Inserted function: sub_41df90
Inserted function: sub_4223a0
Inserted function: sub_45d870
Inserted function: sub_42e090
Inserted function: sub_41e8b0
Inserted function: sub_4330d0
Inserted function: sub_425400
Inserted function: sub_433f00
Inserted function: sub_438410
Inserted function: sub_45b6d0
Inserted function: sub_44a820
Inserted function: sub_43b5b0
Inserted function: sub_433ff0
Inserted function: sub_434a30
Inserted function: sub_43a240
Inserted function: sub_46a650
Inserted function: sub_43ad90
Inserted function: sub_434860
Inserted function: sub_4040d0
Inserted function: sub_43f870
Inserted function: sub_43bdc0
Inserted function: sub_433a80
Inserted function: sub_44c1c0
Inserted function: sub_437290
Inserted function: sub_4504a0
Inserted function: sub_43d150
Inserted function: sub_435250
Inserted function: sub_44f6b0
Inserted function: sub_437990
Inserted function: sub_453a90
Inserted function: sub_4704c0
Inserted function: sub_43bf20
Inserted function: sub_4344b0
Inserted function: sub_4354f0
Inserted function: sub_44ced0
Inserted function: sub_439ce0
Inserted function: sub_407ed0
Inserted function: sub_426c40
Inserted function: sub_433af0
Inserted function: sub_4251d0
Inserted function: sub_406900
Inserted function: sub_43c8a0
Inserted function: sub_426d30
Inserted function: sub_434510
Inserted function: sub_4509a0
Inserted function: sub_434690
Inserted function: sub_43e120
Inserted function: sub_435f30
Inserted function: sub_434790
Inserted function: sub_434fb0
Inserted function: sub_45d150
Inserted function: sub_440130
Inserted function: sub_438da0
Inserted function: sub_450b40
Inserted function: sub_45dbe0
Inserted function: sub_43e150
Inserted function: sub_440290
Inserted function: sub_423780
Inserted function: sub_403440
Inserted function: sub_463990
Inserted function: sub_4375a0
Inserted function: sub_463ff0
Inserted function: sub_4343b0
Inserted function: sub_440a50
Inserted function: sub_404520
Inserted function: sub_46ff20
Inserted function: sub_4343c0
Inserted function: sub_4412a0
Inserted function: sub_424ff0
Inserted function: sub_438120
Inserted function: sub_41a7d0
Inserted function: sub_434de0
Inserted function: sub_435850
Inserted function: sub_434420
Inserted function: sub_46b4e0
Inserted function: sub_42c110
Inserted function: sub_408930
Inserted function: sub_417ff0
Inserted function: sub_45c210
Inserted function: sub_404620
Inserted function: sub_45d250
Inserted function: sub_42e290
Inserted function: sub_434c10
Inserted function: sub_435bb0
Inserted function: sub_43ee30
Inserted function: sub_4377c0
Inserted function: sub_41a470
Inserted function: sub_438050
Inserted function: sub_45d260
Inserted function: sub_469010
Inserted function: sub_426c70
Inserted function: sub_4507e0
Inserted function: sub_43f090
Inserted function: sub_43f0a0
Inserted function: sub_469e70
Inserted function: sub_417ed0
Inserted function: sub_434560
Inserted function: sub_418090
Inserted function: sub_450b70
Inserted function: sub_451440
inserting global data section named data_0x470830
inserting global data section named data_0x4807f4
inserting global data section named data_0x4829d0
inserting global data section named data_0x68cde0
inserting global data section named data_0x68cde8
inserting global data section named data_0x68cdf0
inserting global data section named data_0x68cff8
inserting global data section named data_0x68d000
inserting global data section named data_0x68d168
inserting global data section named data_0x68d190
dataSectionToTypesContents : 470830 ffc2
65474
dataSectionToTypesContents : 4807f4 21dc
8668
dataSectionToTypesContents : 4829d0 a13c
41276
dataSectionToTypesContents : 68cde0 8
8
dataSectionToTypesContents : 68cde8 8
8
dataSectionToTypesContents : 68cdf0 8
8
dataSectionToTypesContents : 68cff8 8
8
dataSectionToTypesContents : 68d000 168
360
dataSectionToTypesContents : 68d168 20
32
dataSectionToTypesContents : 68d190 57938
358712
translate_MOV32mi: Other reloc
translate_MOV64mi32: Other reloc
shouldSubtractImageBase: Not on Win32
shouldSubtractImageBase: Not on Win32
shouldSubtractImageBase: Not on Win32
shouldSubtractImageBase: Not on Win32
shouldSubtractImageBase: Not on Win32
shouldSubtractImageBase: Not on Win32
shouldSubtractImageBase: Not on Win32
shouldSubtractImageBase: Not on Win32
shouldSubtractImageBase: Not on Win32
shouldSubtractImageBase: Not on Win32
shouldSubtractImageBase: Not on Win32
shouldSubtractImageBase: Not on Win32
doCallPCtarget address : 40ba90
doCallPCtarget address : 40bac0
doCallPCtarget address : 42d410
!!!WARNING WARNING WARNING!!!
	Assuming all callbacks are to translated code!!!
doCallPCtarget address : 470800
doCallPCtarget address : 464670
doCallPCtarget address : 427840
doCallPCtarget address : 454da0
doCallPCtarget address : 467a80
doCallPCtarget address : 42d530
doCallPCtarget address : 422f90
doCallPCtarget address : 417800
doCallPCtarget address : 46ee80
doCallPCtarget address : 420ef0
doCallPCtarget address : 45dd70
doCallPCtarget address : 406320
doCallPCtarget address : 441a80
doCallPCtarget address : 4330c0
doCallPCtarget address : 4205c0
doCallPCtarget address : 42e290
doCallPCtarget address : 40bb20
doCallPCtarget address : 451980
doCallPCtarget address : 42d530
doCallPCtarget address : 42e2c0
doCallPCtarget address : 42e090
doCallPCtarget address : 42e4c0
doCallPCtarget address : 422220
doCallPCtarget address : 46e790
doCallPCtarget address : 42f840
doCallPCtarget address : 42f5d0
doCallPCtarget address : 42f5d0
doCallPCtarget address : 42dfa0
doCallPCtarget address : 400ea0
doCallPCtarget address : 400fa0
doCallPCtarget address : 40bac0
doCallPCtarget address : 401070
doCallPCtarget address : 41e360
doCallPCtarget address : 42f840
doCallPCtarget address : 400ef0
doCallPCtarget address : 400ef0
doCallPCtarget address : 42e380
doCallPCtarget address : 46e790
doCallPCtarget address : 40d200
doCallPCtarget address : 46e790
doCallPCtarget address : 453840
doCallPCtarget address : 401120
doCallPCtarget address : 42de70
doCallPCtarget address : 46e760
doCallPC: Adding Unreachable Instruction to local noreturn
shouldSubtractImageBase: Not on Win32
shouldSubtractImageBase: Not on Win32
shouldSubtractImageBase: Not on Win32
shouldSubtractImageBase: Not on Win32
shouldSubtractImageBase: Not on Win32
shouldSubtractImageBase: Not on Win32
shouldSubtractImageBase: Not on Win32
shouldSubtractImageBase: Not on Win32
shouldSubtractImageBase: Not on Win32
shouldSubtractImageBase: Not on Win32
shouldSubtractImageBase: Not on Win32
shouldSubtractImageBase: Not on Win32
shouldSubtractImageBase: Not on Win32
shouldSubtractImageBase: Not on Win32
shouldSubtractImageBase: Not on Win32
shouldSubtractImageBase: Not on Win32
shouldSubtractImageBase: Not on Win32
translate_MOV32mi: Other reloc
shouldSubtractImageBase: Not on Win32
shouldSubtractImageBase: Not on Win32
shouldSubtractImageBase: Not on Win32
shouldSubtractImageBase: Not on Win32
shouldSubtractImageBase: Not on Win32
shouldSubtractImageBase: Not on Win32
shouldSubtractImageBase: Not on Win32
shouldSubtractImageBase: Not on Win32
shouldSubtractImageBase: Not on Win32
Unsupported!
46c562 	mulq	%rcx
1729
Unsupported!
46c3a0 	mulq	%rdx
1729
shouldSubtractImageBase: Not on Win32
shouldSubtractImageBase: Not on Win32
Unsupported!
46c490 	mulq	%rdx
1729
shouldSubtractImageBase: Not on Win32
shouldSubtractImageBase: Not on Win32
shouldSubtractImageBase: Not on Win32
shouldSubtractImageBase: Not on Win32
shouldSubtractImageBase: Not on Win32
Unsupported!
46c5d9 	mulq	%rcx
1729
shouldSubtractImageBase: Not on Win32
shouldSubtractImageBase: Not on Win32
shouldSubtractImageBase: Not on Win32
shouldSubtractImageBase: Not on Win32
shouldSubtractImageBase: Not on Win32
shouldSubtractImageBase: Not on Win32
shouldSubtractImageBase: Not on Win32
shouldSubtractImageBase: Not on Win32
shouldSubtractImageBase: Not on Win32
shouldSubtractImageBase: Not on Win32
shouldSubtractImageBase: Not on Win32
shouldSubtractImageBase: Not on Win32
shouldSubtractImageBase: Not on Win32
shouldSubtractImageBase: Not on Win32
doCallPCtarget address : 427a90
doCallPCtarget address : 427a90
doCallPCtarget address : 40bad0
doCallPCtarget address : 42d530
doCallPCtarget address : 467ad0
doCallPCtarget address : 40bac0
doCallPCtarget address : 42e030
doCallPCtarget address : 42f7b0
doCallPCtarget address : 41ee50
doCallPCtarget address : 41ee50
doCallPCtarget address : 41ee50
doCallPCtarget address : 4010a0
doCallPCtarget address : 40bad0
doCallPCtarget address : 400fa0
doCallPCtarget address : 418cc0
doCallPCtarget address : 41a410
doCallPCtarget address : 401070
doCallPCtarget address : 400fd0
doCallPCtarget address : 45cc30
doCallPCtarget address : 400fd0
doCallPCtarget address : 45cc30
doCallPCtarget address : 42f5d0
doCallPCtarget address : 419b10
doCallPCtarget address : 42d530
doCallPCtarget address : 42f5d0
doCallPCtarget address : 42dfa0
doCallPCtarget address : 42d510
doCallPCtarget address : 419ea0
doCallPCtarget address : 41a950
doCallPCtarget address : 400ea0
doCallPCtarget address : 4255d0
doCallPCtarget address : 400ea0
doCallPCtarget address : 4255d0
doCallPCtarget address : 41e0b0
doCallPCtarget address : 400fa0
doCallPCtarget address : 42d530
doCallPCtarget address : 41e0b0
doCallPCtarget address : 4010b0
doCallPCtarget address : 41df80
doCallPCtarget address : 41df90
doCallPCtarget address : 41dfd0
doCallPCtarget address : 40a8a0
doCallPCtarget address : 4010c0
doCallPCtarget address : 40bb00
doCallPCtarget address : 400ef0
doCallPCtarget address : 4010c0
doCallPCtarget address : 40bb00
doCallPCtarget address : 4010c0
doCallPCtarget address : 410b10
doCallPCtarget address : 403d20
doCallPCtarget address : 42f5d0
doCallPCtarget address : 42e030
doCallPCtarget address : 4291a0
doCallPCtarget address : 40bab0
doCallPCtarget address : 40bab0
doCallPCtarget address : 40bab0
doCallPCtarget address : 401220
doCallPCtarget address : 46e790
doCallPCtarget address : 46e790
doCallPCtarget address : 46e790
doCallPCtarget address : 464ab0
doCallPCtarget address : 453500
doCallPCtarget address : 401a80
doCallPCtarget address : 404730
doCallPCtarget address : 4044c0
doCallPCtarget address : 404160
doCallPCtarget address : 403900
doCallPCtarget address : 404620
doCallPCtarget address : 400fa0
doCallPCtarget address : 401110
doCallPCtarget address : 422230
!!!WARNING WARNING WARNING!!!
	Assuming all callbacks are to translated code!!!
doCallPCtarget address : 42b870
doCallPCtarget address : 412b40
doCallPCtarget address : 400fa0
doCallPCtarget address : 401510
doCallPCtarget address : 404730
doCallPCtarget address : 4044c0
doCallPCtarget address : 404160
doCallPCtarget address : 403900
doCallPCtarget address : 404620
doCallPCtarget address : 46e790
doCallPCtarget address : 427be0
doCallPCtarget address : 427be0
doCallPCtarget address : 4027c0
doCallPCtarget address : 400f80
doCallPCtarget address : 4515f0
doCallPCtarget address : 401110
doCallPCtarget address : 400ef0
doCallPCtarget address : 400ef0
doCallPCtarget address : 407e60
doCallPCtarget address : 401550
doCallPCtarget address : 45cc60
doCallPCtarget address : 40bab0
doCallPCtarget address : 40bac0
doCallPCtarget address : 42b100
!!!WARNING WARNING WARNING!!!
	Assuming all callbacks are to translated code!!!
doCallPCtarget address : 42c110
doCallPCtarget address : 403eb0
doCallPCtarget address : 42b100
doCallPCtarget address : 42c390
doCallPCtarget address : 401070
doCallPCtarget address : 46e790
doCallPCtarget address : 40d240
doCallPCtarget address : 4515f0
doCallPCtarget address : 407ac0
doCallPCtarget address : 45cc60
doCallPCtarget address : 42b100
doCallPCtarget address : 42c390
doCallPCtarget address : 401070
doCallPCtarget address : 40bac0
doCallPCtarget address : 445390
doCallPCtarget address : 40bae0
doCallPCtarget address : 42d530
doCallPCtarget address : 42d530
doCallPCtarget address : 407000
doCallPCtarget address : 4456d0
doCallPCtarget address : 451c50
doCallPCtarget address : 454dc0
doCallPCtarget address : 458bd0
!!!WARNING WARNING WARNING!!!
	Assuming all callbacks are to translated code!!!
doCallPCtarget address : 42b3a0
doCallPCtarget address : 400f80
doCallPCtarget ashouldSubtractImageBase: Not on Win32
shouldSubtractImageBase: Not on Win32
shouldSubtractImageBase: Not on Win32
shouldSubtractImageBase: Not on Win32
shouldSubtractImageBase: Not on Win32
shouldSubtractImageBase: Not on Win32
shouldSubtractImageBase: Not on Win32
shouldSubtractImageBase: Not on Win32
shouldSubtractImageBase: Not on Win32
shouldSubtractImageBase: Not on Win32
shouldSubtractImageBase: Not on Win32
shouldSubtractImageBase: Not on Win32
shouldSubtractImageBase: Not on Win32
shouldSubtractImageBase: Not on Win32
shouldSubtractImageBase: Not on Win32
shouldSubtractImageBase: Not on Win32
shouldSubtractImageBase: Not on Win32
shouldSubtractImageBase: Not on Win32
shouldSubtractImageBase: Not on Win32
shouldSubtractImageBase: Not on Win32
shouldSubtractImageBase: Not on Win32
shouldSubtractImageBase: Not on Win32
shouldSubtractImageBase: Not on Win32
shouldSubtractImageBase: Not on Win32
Unsupported!
46e19d 	mulq	%rdx
1729
Unsupported!
46dcb5 	decl	76(%rsp)
660
shouldSubtractImageBase: Not on Win32
shouldSubtractImageBase: Not on Win32
shouldSubtractImageBase: Not on Win32
shouldSubtractImageBase: Not on Win32
shouldSubtractImageBase: Not on Win32
shouldSubtractImageBase: Not on Win32
shouldSubtractImageBase: Not on Win32
shouldSubtractImageBase: Not on Win32
shouldSubtractImageBase: Not on Win32
shouldSubtractImageBase: Not on Win32
shouldSubtractImageBase: Not on Win32
shouldSubtractImageBase: Not on Win32
shouldSubtractImageBase: Not on Win32
shouldSubtractImageBase: Not on Win32
shouldSubtractImageBase: Not on Win32
shouldSubtractImageBase: Not on Win32
shouldSubtractImageBase: Not on Win32
shouldSubtractImageBase: Not on Win32
shouldSubtractImageBase: Not on Win32
shouldSubtractImageBase: Not on Win32
shouldSubtractImageBase: Not on Win32
shouldSubtractImageBase: Not on Win32
shouldSubtractImageBase: Not on Win32
shouldSubtractImageBase: Not on Win32
shouldSubtractImageBase: Not on Win32
shouldSubtractImageBase: Not on Win32
shouldSubtractImageBase: Not on Win32
shouldSubtractImageBase: Not on Win32
shouldSubtractImageBase: Not on Win32
shouldSubtractImageBase: Not on Win32
shouldSubtractImageBase: Not on Win32
shouldSubtractImageBase: Not on Win32
shouldSubtractImageBase: Not on Win32
shouldSubtractImageBase: Not on Win32
shouldSubtractImageBase: Not on Win32
shouldSubtractImageBase: Not on Win32
shouldSubtractImageBase: Not on Win32
shouldSubtractImageBase: Not on Win32
shouldSubtractImageBase: Not on Win32
shouldSubtractImageBase: Not on Win32
shouldSubtractImageBase: Not on Win32
shouldSubtractImageBase: Not on Win32
shouldSubtractImageBase: Not on Win32
shouldSubtractImageBase: Not on Win32
shouldSubtractImageBase: Not on Win32
shouldSubtractImageBase: Not on Win32
Unsupported!
46c14b 	mulq	%rdx
1729
shouldSubtractImageBase: Not on Win32
shouldSubtractImageBase: Not on Win32
shouldSubtractImageBase: Not on Win32
shouldSubtractImageBase: Not on Win32
shouldSubtractImageBase: Not on Win32
shouldSubtractImageBase: Not on Win32
shouldSubtractImageBase: Not on Win32
shouldSubtractImageBase: Not on Win32
shouldSubtractImageBase: Not on Win32
shouldSubtractImageBase: Not on Win32
shouldSubtractImageBase: Not on Win32
shouldSubtractImageBase: Not on Win32
Unsupported!
46cd40 	decl	148(%r13)
660
shouldSubtractImageBase: Not on Win32
shouldSubtractImageBase: Not on Win32
ddress : 40bc10
doCallPCtarget address : 42b100
doCallPCtarget address : 407770
doCallPCtarget address : 405240
doCallPCtarget address : 407380
doCallPCtarget address : 454db0
doCallPCtarget address : 46ee90
doCallPCtarget address : 4179b0
doCallPCtarget address : 423d50
doCallPCtarget address : 464480
doCallPCtarget address : 41df10
doCallPCtarget address : 42e2f0
doCallPCtarget address : 401110
doCallPCtarget address : 400ef0
doCallPCtarget address : 400ef0
doCallPCtarget address : 407e60
doCallPCtarget address : 400ef0
doCallPCtarget address : 407e60
doCallPCtarget address : 451f30
doCallPCtarget address : 4054f0
doCallPCtarget address : 40baf0
doCallPCtarget address : 40baf0
doCallPCtarget address : 400ea0
doCallPCtarget address : 4010c0
doCallPCtarget address : 4010c0
doCallPCtarget address : 400ea0
doCallPCtarget address : 400fe0
doCallPCtarget address : 40bad0
doCallPCtarget address : 400ea0
doCallPCtarget address : 400ea0
doCallPCtarget address : 400ea0
doCallPCtarget address : 4010c0
doCallPCtarget address : 40bb00
doCallPCtarget address : 4010c0
doCallPCtarget address : 40bb00
doCallPCtarget address : 4010c0
doCallPCtarget address : 40bb00
doCallPCtarget address : 4010c0
doCallPCtarget address : 40bb00
doCallPCtarget address : 4010c0
doCallPCtarget address : 40bb00
doCallPCtarget address : 4010c0
doCallPCtarget address : 40bb00
doCallPCtarget address : 400ef0
doCallPCtarget address : 401120
doCallPCtarget address : 451890
doCallPCtarget address : 451910
doCallPCtarget address : 40baf0
doCallPCtarget address : 40bac0
doCallPCtarget address : 44f870
doCallPCtarget address : 40bae0
doCallPCtarget address : 42d3d0
doCallPCtarget address : 401080
doCallPCtarget address : 400fa0
doCallPCtarget address : 400ea0
doCallPCtarget address : 42bd90
doCallPCtarget address : 451ce0
doCallPCtarget address : 400ef0
doCallPCtarget address : 407e60
doCallPCtarget address : 4205d0
doCallPCtarget address : 42dfa0
doCallPCtarget address : 41e0b0
doCallPCtarget address : 4010c0
doCallPCtarget address : 42d530
doCallPCtarget address : 46e830
!!!WARNING WARNING WARNING!!!
	Assuming all callbacks are to translated code!!!
doCallPCtarget address : 42c110
doCallPCtarget address : 4010c0
doCallPCtarget address : 40aa90
doCallPCtarget address : 42e030
doCallPCtarget address : 40aa90
doCallPCtarget address : 42e030
doCallPCtarget address : 400ea0
doCallPCtarget address : 4049b0
doCallPCtarget address : 4038a0
doCallPCtarget address : 42d530
doCallPCtarget address : 4528a0
doCallPCtarget address : 450060
doCallPCtarget address : 40bac0
doCallPCtarget address : 400f10
doCallPCtarget address : 401110
doCallPCtarget address : 400ea0
doCallPCtarget address : 46e9b0
doCallPCtarget address : 4038a0
doCallPCtarget address : 444520
doCallPCtarget address : 444520
doCallPCtarget address : 46e830
doCallPCtarget address : 400ea0
doCallPCtarget address : 4522b0
doCallPCtarget address : 4038a0
doCallPCtarget address : 4522b0
doCallPCtarget address : 40bac0
doCallPCtarget address : 4420c0
doCallPCtarget address : 40bae0
doCallPCtarget address : 401110
doCallPCtarget address : 4010c0
doCallPCtarget address : 408930
doCallPCtarget address : 4010c0
doCallPCtarget address : 408930
doCallPCtarget address : 401120
doCallPCtarget address : 46ea90
doCallPCtarget address : 40bae0
doCallPCtarget address : 46e9b0
doCallPCtarget address : 4038a0
doCallPCtarget address : 42b100
!!!WARNING WARNING WARNING!!!
	Assuming all callbacks are to translated code!!!
doCallPCtarget address : 42c110
doCallPCtarget address : 42d530
doCallPCtarget address : 4500e0
doCallPCtarget address : 40bac0
doCallPCtarget address : 442b60
doCallPCtarget address : 40bae0
doCallPCtarget address : 4038a0
doCallPCtarget address : 4038a0
doCallPCtarget address : 42d3d0
doCallPCtarget address : 4095b0
doCallPCtarget address : 451c90
doCallPCtarget address : 40bac0
doCallPCtarget address : 43d7e0
doCallPCtarget address : 40bae0
doCallPCtarget address : 40bac0
doCallPCtarget address : 46a840
doCallPCtarget address : 40bae0
doCallPCtarget address : 453680
doCallPCtarget address : 453050
doCallPCtarget ashouldSubtractImageBase: Not on Win32
shouldSubtractImageBase: Not on Win32
shouldSubtractImageBase: Not on Win32
shouldSubtractImageBase: Not on Win32
shouldSubtractImageBase: Not on Win32
shouldSubtractImageBase: Not on Win32
shouldSubtractImageBase: Not on Win32
shouldSubtractImageBase: Not on Win32
shouldSubtractImageBase: Not on Win32
shouldSubtractImageBase: Not on Win32
shouldSubtractImageBase: Not on Win32
ddress : 4010c0
doCallPCtarget address : 408930
doCallPCtarget address : 4010c0
doCallPCtarget address : 408930
doCallPCtarget address : 401120
doCallPCtarget address : 42d530
doCallPCtarget address : 451c50
doCallPCtarget address : 46ea90
doCallPCtarget address : 42d530
doCallPCtarget address : 4038a0
doCallPCtarget address : 4038a0
doCallPCtarget address : 4038a0
doCallPCtarget address : 42d530
doCallPCtarget address : 4528a0
doCallPCtarget address : 42d530
doCallPCtarget address : 453680
doCallPCtarget address : 453050
doCallPCtarget address : 4038a0
doCallPCtarget address : 4095b0
doCallPCtarget address : 451c90
doCallPCtarget address : 40bac0
doCallPCtarget address : 43d7e0
doCallPCtarget address : 46a840
doCallPCtarget address : 42d3d0
doCallPCtarget address : 42d530
doCallPCtarget address : 451c50
doCallPCtarget address : 40bae0
doCallPCtarget address : 42d530
doCallPCtarget address : 4528a0
Failure to convert to LLVM module!
Saved bitcode to /home/ed/mcsema-testing/SANDBOX/test-2015-12-21_15-36-50/MultiSource/Applications/SPASS/Output/SPASS.simple.mcsema/SPASS.simple.mcsema/SPASS.simple.bc
