Looking up target...
Reading module ...
 TT x86-64 : x86_64-unknown-unknown 
Deserializing functions...
Deserializing functions...
Deserializing functions...
Deserializing data...
Deserializing data...
Deserializing data...
Deserializing data...
Deserializing data...
Deserializing data...
Deserializing data...
Deserializing data...
Deserializing data...
Deserializing data...
Deserializing externs...
Deserializing externs...
Creating module...
Setting target...
Done setting target
Adding external funcs...
Adding external data...
Adding internal data...
Adding entry points...
Returning modue...
Setting initial triples...
Looking at entry points...
Already have driver for: main
Getting LLVM module...
Converting to LLVM...
Inserted function: sub_4006e0
Inserted function: sub_4005b0
Inserted function: sub_4005e0
inserting global data section named data_0x4007a0
inserting global data section named data_0x4007a8
inserting global data section named data_0x4007e0
inserting global data section named data_0x600de0
inserting global data section named data_0x600de8
inserting global data section named data_0x600df0
inserting global data section named data_0x600ff8
inserting global data section named data_0x601000
inserting global data section named data_0x601038
inserting global data section named data_0x601060
dataSectionToTypesContents : 4007a0 7
7
dataSectionToTypesContents : 4007a8 34
52
dataSectionToTypesContents : 4007e0 ec
236
dataSectionToTypesContents : 600de0 8
8
dataSectionToTypesContents : 600de8 8
8
dataSectionToTypesContents : 600df0 8
8
dataSectionToTypesContents : 600ff8 8
8
dataSectionToTypesContents : 601000 38
56
dataSectionToTypesContents : 601038 10
16
dataSectionToTypesContents : 601060 38
56
shouldSubtractImageBase: Not on Win32
shouldSubtractImageBase: Not on Win32
shouldSubtractImageBase: Not on Win32
doCallPCtarget address : 4005b0
doCallPCtarget address : 4005e0
doCallPCExtern paramCount  : 12 : printf
12 : 3088ed0
doCallPCExtern paramCount  : 2 : strcmp
2 : 3088ed0
Adding entry point: mcsema_main
in : doPostAnalysis
registering passes
Saved bitcode to /home/ed/mcsema-testing/SANDBOX/test-2015-12-21_15-36-50/SingleSource/Regression/C++/Output/BuiltinTypeInfo.simple.mcsema/BuiltinTypeInfo.simple.bc
