Looking up target...
Reading module ...
 TT x86-64 : x86_64-unknown-unknown 
Deserializing functions...
Deserializing functions...
Deserializing functions...
Deserializing data...
Deserializing data...
Deserializing data...
Deserializing data...
Deserializing data...
Deserializing data...
Deserializing data...
Deserializing data...
Deserializing data...
Deserializing data...
Deserializing externs...
Deserializing externs...
Creating module...
Setting target...
Done setting target
Adding external funcs...
Adding external data...
Adding internal data...
Adding entry points...
Returning modue...
Setting initial triples...
Looking at entry points...
Already have driver for: main
Getting LLVM module...
Converting to LLVM...
Inserted function: sub_400660
Inserted function: sub_400510
Inserted function: sub_400530
inserting global data section named data_0x4007d0
inserting global data section named data_0x400838
inserting global data section named data_0x400878
inserting global data section named data_0x600de0
inserting global data section named data_0x600de8
inserting global data section named data_0x600df0
inserting global data section named data_0x600ff8
inserting global data section named data_0x601000
inserting global data section named data_0x601038
inserting global data section named data_0x601070
dataSectionToTypesContents : 4007d0 68
104
dataSectionToTypesContents : 400838 3c
60
dataSectionToTypesContents : 400878 10c
268
dataSectionToTypesContents : 600de0 8
8
dataSectionToTypesContents : 600de8 8
8
dataSectionToTypesContents : 600df0 8
8
dataSectionToTypesContents : 600ff8 8
8
dataSectionToTypesContents : 601000 38
56
dataSectionToTypesContents : 601038 30
48
dataSectionToTypesContents : 601070 118
280
shouldSubtractImageBase: Not on Win32
shouldSubtractImageBase: Not on Win32
shouldSubtractImageBase: Not on Win32
shouldSubtractImageBase: Not on Win32
shouldSubtractImageBase: Not on Win32
shouldSubtractImageBase: Not on Win32
shouldSubtractImageBase: Not on Win32
Unsupported!
4006df 	mulq	%rdx
1729
shouldSubtractImageBase: Not on Win32
shouldSubtractImageBase: Not on Win32
shouldSubtractImageBase: Not on Win32
shouldSubtractImageBase: Not on Win32
shouldSubtractImageBase: Not on Win32
doCallPCtarget address : 400510
doCallPCtarget address : 400510
doCallPCtarget address : 400530
doCallPCtarget address : 400510
doCallPCtarget address : 400510
doCallPCtarget address : 400510
doCallPCtarget address : 400510
doCallPCtarget address : 400510
doCallPCtarget address : 400510
Failure to convert to LLVM module!
Saved bitcode to /home/ed/mcsema-testing/SANDBOX/test-2015-12-21_15-36-50/SingleSource/Regression/C/Output/globalrefs.simple.mcsema/globalrefs.simple.bc
