Looking up target...
Reading module ...
 TT x86-64 : x86_64-unknown-unknown 
Deserializing functions...
Deserializing functions...
Deserializing functions...
Deserializing functions...
Deserializing functions...
Deserializing functions...
Deserializing functions...
Deserializing functions...
Deserializing functions...
Deserializing functions...
Deserializing functions...
Deserializing data...
Deserializing data...
Deserializing data...
Deserializing data...
Deserializing data...
Deserializing data...
Deserializing data...
Deserializing data...
Deserializing data...
Deserializing data...
Deserializing data...
Deserializing externs...
Creating module...
Setting target...
Done setting target
Adding external funcs...
Adding external data...
Adding internal data...
Adding entry points...
Returning modue...
Setting initial triples...
Looking at entry points...
Already have driver for: main
Getting LLVM module...
Converting to LLVM...
Inserted function: sub_400a10
Inserted function: sub_4009b0
Inserted function: sub_400860
Inserted function: sub_400830
Inserted function: sub_400800
Inserted function: sub_400840
Inserted function: sub_400880
Inserted function: sub_400850
Inserted function: sub_4007f0
Inserted function: sub_400a50
Inserted function: sub_400820
inserting global data section named data_0x400ae0
inserting global data section named data_0x400b30
inserting global data section named data_0x400b78
inserting global data section named data_0x400cc4
inserting global data section named data_0x600de0
inserting global data section named data_0x600de8
inserting global data section named data_0x600df0
inserting global data section named data_0x600ff8
inserting global data section named data_0x601000
inserting global data section named data_0x601078
inserting global data section named data_0x6010a0
dataSectionToTypesContents : 400ae0 50
80
dataSectionToTypesContents : 400b30 44
68
dataSectionToTypesContents : 400b78 14c
332
dataSectionToTypesContents : 400cc4 84
132
dataSectionToTypesContents : 600de0 8
8
dataSectionToTypesContents : 600de8 8
8
dataSectionToTypesContents : 600df0 8
8
dataSectionToTypesContents : 600ff8 8
8
dataSectionToTypesContents : 601000 78
120
dataSectionToTypesContents : 601078 10
16
dataSectionToTypesContents : 6010a0 18
24
shouldSubtractImageBase: Not on Win32
shouldSubtractImageBase: Not on Win32
shouldSubtractImageBase: Not on Win32
doCallPCtarget address : 4009b0
doCallPCtarget address : 4007f0
doCallPCtarget address : 400830
doCallPCtarget address : 400840
doCallPCtarget address : 400860
doCallPCtarget address : 4007f0
doCallPCtarget address : 400800
doCallPCtarget address : 400850
doCallPCtarget address : 400880
doCallPCtarget address : 400a50
doCallPC: Adding Unreachable Instruction to local noreturn
error: 
Line: 536
File: /home/ed/mcsema/mc-sema/cfgToLLVM/x86Instrs_Branches.cpp
Could not find external function: __cxa_begin_catch
Saved bitcode to /home/ed/mcsema-testing/SANDBOX/test-2015-12-21_15-36-50/SingleSource/Regression/C++/EH/Output/simple_rethrow.simple.mcsema/simple_rethrow.simple.bc
