Looking up target...
Reading module ...
 TT x86-64 : x86_64-unknown-unknown 
Deserializing functions...
Deserializing functions...
Deserializing functions...
Deserializing functions...
Deserializing data...
Deserializing data...
Deserializing data...
Deserializing data...
Deserializing data...
Deserializing data...
Deserializing data...
Deserializing data...
Deserializing data...
Deserializing data...
Deserializing externs...
Creating module...
Setting target...
Done setting target
Adding external funcs...
Adding external data...
Adding internal data...
Adding entry points...
Returning modue...
Setting initial triples...
Looking at entry points...
Already have driver for: main
Getting LLVM module...
Converting to LLVM...
Inserted function: sub_4005f0
Inserted function: sub_4004e0
Inserted function: sub_4007b0
Inserted function: sub_400670
inserting global data section named data_0x400970
inserting global data section named data_0x400984
inserting global data section named data_0x4009c8
inserting global data section named data_0x600de0
inserting global data section named data_0x600de8
inserting global data section named data_0x600df0
inserting global data section named data_0x600ff8
inserting global data section named data_0x601000
inserting global data section named data_0x601030
inserting global data section named data_0x601040
dataSectionToTypesContents : 400970 14
20
dataSectionToTypesContents : 400984 44
68
dataSectionToTypesContents : 4009c8 124
292
dataSectionToTypesContents : 600de0 8
8
dataSectionToTypesContents : 600de8 8
8
dataSectionToTypesContents : 600df0 8
8
dataSectionToTypesContents : 600ff8 8
8
dataSectionToTypesContents : 601000 30
48
dataSectionToTypesContents : 601030 10
16
dataSectionToTypesContents : 601040 8
8
shouldSubtractImageBase: Not on Win32
shouldSubtractImageBase: Not on Win32
doCallPCtarget address : 400670
doCallPCtarget address : 4004e0
doCallPCtarget address : 4007b0
doCallPCtarget address : 4004e0
doCallPCExtern paramCount  : 1 : puts
1 : 3cf3b40
Adding entry point: mcsema_main
in : doPostAnalysis
registering passes
Saved bitcode to /home/ed/mcsema-testing/SANDBOX/test-2015-12-21_15-36-50/SingleSource/Regression/C/Output/PR640.simple.mcsema/PR640.simple.bc
