
  bytes   pages size description
--------- ----- ---- --------------------------------------------
   262144    32 8192 allocating memory for b-tree...
   221184    27 8192 allocating memory for virtual array...
   262144    32 8192 allocating memory for name pointers...
-----------------------------------------------------------------
   745472            total memory allocated

Loading processor module /home/ed/ida-6.8/procs/pc64.ilx64 for metapc...OK
Autoanalysis subsystem has been initialized.
Possible file format: ELF64 for x86-64 (Executable) (/home/ed/ida-6.8/loaders/elf64.llx64)
Loading file '/home/ed/mcsema-testing/SANDBOX/test-2015-12-21_15-36-50/MultiSource/Applications/obsequi/Output/Obsequi.simple.mcsema/Obsequi.simple.mcsema/Obsequi.simple' into database...
Detected file format: ELF64 for x86-64 (Executable)
Assuming __cdecl calling convention by default
Type library 'gnuunx64' loaded. Applying types...
Types applied to 0 names.
  0. Creating a new segment  (0000000000400F00-0000000000400F1A) ... ... OK
  1. Creating a new segment  (0000000000400F20-00000000004011E0) ... ... OK
  2. Creating a new segment  (00000000004011E0-0000000000408D22) ... ... OK
  3. Creating a new segment  (0000000000408D24-0000000000408D2D) ... ... OK
  4. Creating a new segment  (0000000000408D30-0000000000409659) ... ... OK
  5. Creating a new segment  (000000000040965C-0000000000409818) ... ... OK
  6. Creating a new segment  (0000000000409818-000000000040A0F4) ... ... OK
  7. Creating a new segment  (000000000060ADE0-000000000060ADE8) ... ... OK
  8. Creating a new segment  (000000000060ADE8-000000000060ADF0) ... ... OK
  9. Creating a new segment  (000000000060ADF0-000000000060ADF8) ... ... OK
 10. Creating a new segment  (000000000060AFF8-000000000060B000) ... ... OK
 11. Creating a new segment  (000000000060B000-000000000060B170) ... ... OK
 12. Creating a new segment  (000000000060B170-000000000060B1F4) ... ... OK
 13. Creating a new segment  (000000000060B200-00000000006E7150) ... ... OK
 14. Creating a new segment  (00000000006E7150-00000000006E7570) ... ... OK
Adding relocations...
Patching PLT...
Searching GOT loading... 0 items from 0 Ok
Marking typical code sequences...
Flushing buffers, please wait...ok
File '/home/ed/mcsema-testing/SANDBOX/test-2015-12-21_15-36-50/MultiSource/Applications/obsequi/Output/Obsequi.simple.mcsema/Obsequi.simple.mcsema/Obsequi.simple' has been successfully loaded into the database.
Compiling file '/home/ed/ida-6.8/idc/ida.idc'...
Executing function 'main'...
Compiling file '/home/ed/ida-6.8/idc/onload.idc'...
Executing function 'OnLoad'...
IDA is analysing the input file...
You may start to explore the input file right now.
failed to add structure type 'sigaction': name is already used
failed to add structure type 'sigaction': name is already used
Propagating type information...
Function argument information has been propagated
The initial autoanalysis has been finished.
Flushing buffers, please wait...ok
Unloading IDP module /home/ed/ida-6.8/procs/pc64.ilx64...
