Looking up target...
Reading module ...
 TT x86-64 : x86_64-unknown-unknown 
Deserializing functions...
Deserializing data...
Deserializing data...
Deserializing data...
Deserializing data...
Deserializing data...
Deserializing data...
Deserializing data...
Deserializing data...
Deserializing data...
Deserializing data...
Creating module...
Setting target...
Done setting target
Adding external funcs...
Adding external data...
Adding internal data...
Adding entry points...
Returning modue...
Setting initial triples...
Looking at entry points...
Already have driver for: main
Getting LLVM module...
Converting to LLVM...
Inserted function: sub_400610
inserting global data section named data_0x4006a0
inserting global data section named data_0x4006ac
inserting global data section named data_0x4006f0
inserting global data section named data_0x600dd0
inserting global data section named data_0x600de0
inserting global data section named data_0x600df0
inserting global data section named data_0x600ff8
inserting global data section named data_0x601000
inserting global data section named data_0x601030
inserting global data section named data_0x601040
dataSectionToTypesContents : 4006a0 c
12
dataSectionToTypesContents : 4006ac 44
68
dataSectionToTypesContents : 4006f0 11c
284
dataSectionToTypesContents : 600dd0 10
16
dataSectionToTypesContents : 600de0 10
16
dataSectionToTypesContents : 600df0 8
8
dataSectionToTypesContents : 600ff8 8
8
dataSectionToTypesContents : 601000 30
48
dataSectionToTypesContents : 601030 10
16
dataSectionToTypesContents : 601040 8
8
Adding entry point: mcsema_main
in : doPostAnalysis
registering passes
Saved bitcode to /home/ed/mcsema-testing/SANDBOX/test-2015-12-21_15-36-50/SingleSource/Regression/C/Output/ConstructorDestructorAttributes.simple.mcsema/ConstructorDestructorAttributes.simple.bc
