Looking up target...
Reading module ...
 TT x86-64 : x86_64-unknown-unknown 
Deserializing functions...
Deserializing functions...
Deserializing functions...
Deserializing functions...
Deserializing functions...
Deserializing functions...
Deserializing functions...
Deserializing functions...
Deserializing functions...
Deserializing functions...
Deserializing functions...
Deserializing functions...
Deserializing functions...
Deserializing functions...
Deserializing functions...
Deserializing functions...
Deserializing functions...
Deserializing functions...
Deserializing functions...
Deserializing functions...
Deserializing functions...
Deserializing functions...
Deserializing functions...
Deserializing functions...
Deserializing functions...
Deserializing functions...
Deserializing functions...
Deserializing functions...
Deserializing functions...
Deserializing functions...
Deserializing functions...
Deserializing functions...
Deserializing functions...
Deserializing functions...
Deserializing functions...
Deserializing functions...
Deserializing functions...
Deserializing functions...
Deserializing functions...
Deserializing functions...
Deserializing functions...
Deserializing functions...
Deserializing functions...
Deserializing functions...
Deserializing functions...
Deserializing functions...
Deserializing functions...
Deserializing functions...
Deserializing functions...
Deserializing functions...
Deserializing functions...
Deserializing functions...
Deserializing functions...
Deserializing functions...
Deserializing functions...
Deserializing functions...
Deserializing functions...
Deserializing functions...
Deserializing functions...
Deserializing functions...
Deserializing functions...
Deserializing functions...
Deserializing functions...
Deserializing functions...
Deserializing functions...
Deserializing functions...
Deserializing functions...
Deserializing functions...
Deserializing functions...
Deserializing functions...
Deserializing functions...
Deserializing functions...
Deserializing functions...
Deserializing functions...
Deserializing functions...
Deserializing functions...
Deserializing functions...
Deserializing functions...
Deserializing functions...
Deserializing functions...
Deserializing functions...
Deserializing functions...
Deserializing functions...
Deserializing functions...
Deserializing functions...
Deserializing functions...
Deserializing functions...
Deserializing functions...
Deserializing functions...
Deserializing functions...
Deserializing functions...
Deserializing functions...
Deserializing functions...
Deserializing functions...
Deserializing functions...
Deserializing functions...
Deserializing functions...
Deserializing functions...
Deserializing functions...
Deserializing functions...
Deserializing functions...
Deserializing functions...
Deserializing functions...
Deserializing functions...
Deserializing functions...
Deserializing functions...
Deserializing functions...
Deserializing functions...
Deserializing functions...
Deserializing functions...
Deserializing functions...
Deserializing functions...
Deserializing functions...
Deserializing functions...
Deserializing functions...
Deserializing functions...
Deserializing functions...
Deserializing functions...
Deserializing functions...
Deserializing functions...
Deserializing functions...
Deserializing functions...
Deserializing functions...
Deserializing functions...
Deserializing functions...
Deserializing functions...
Deserializing functions...
Deserializing functions...
Deserializing functions...
Deserializing functions...
Deserializing functions...
Deserializing functions...
Deserializing functions...
Deserializing functions...
Deserializing functions...
Deserializing functions...
Deserializing functions...
Deserializing functions...
Deserializing functions...
Deserializing functions...
Deserializing functions...
Deserializing data...
Deserializing data...
Deserializing data...
Deserializing data...
Deserializing data...
Deserializing data...
Deserializing data...
Deserializing data...
Deserializing data...
Deserializing data...
Deserializing externs...
Deserializing externs...
Deserializing externs...
Deserializing externs...
Deserializing externs...
Deserializing externs...
Deserializing externs...
Deserializing externs...
Deserializing externs...
Deserializing externs...
Deserializing externs...
Deserializing externs...
Deserializing externs...
Deserializing externs...
Deserializing externs...
Deserializing externs...
Deserializing externs...
Deserializing externs...
Deserializing externs...
Deserializing externs...
Deserializing externs...
Deserializing externs...
Deserializing externs...
Deserializing externs...
Creating module...
Setting target...
Done setting target
Adding external funcs...
Adding external data...
Adding internal data...
Adding entry points...
Returning modue...
Setting initial triples...
Looking at entry points...
Already have driver for: main
Getting LLVM module...
Converting to LLVM...
Inserted function: sub_405870
Inserted function: sub_402500
Inserted function: sub_400b80
Inserted function: sub_401700
Inserted function: sub_403bb0
Inserted function: sub_40a290
Inserted function: sub_400c40
Inserted function: sub_400b10
Inserted function: sub_4035d0
Inserted function: sub_402ae0
Inserted function: sub_401b20
Inserted function: sub_4050a0
Inserted function: sub_403130
Inserted function: sub_400c60
Inserted function: sub_403890
Inserted function: sub_403430
Inserted function: sub_402da0
Inserted function: sub_4019d0
Inserted function: sub_401880
Inserted function: sub_400b40
Inserted function: sub_401310
Inserted function: sub_404f30
Inserted function: sub_400ba0
Inserted function: sub_401130
Inserted function: sub_408be0
Inserted function: sub_402740
Inserted function: sub_407e00
Inserted function: sub_403bf0
Inserted function: sub_402990
Inserted function: sub_403960
Inserted function: sub_400bf0
Inserted function: sub_400be0
Inserted function: sub_400c30
Inserted function: sub_400b20
Inserted function: sub_400b50
Inserted function: sub_400bd0
Inserted function: sub_409020
Inserted function: sub_404200
Inserted function: sub_404180
Inserted function: sub_407e90
Inserted function: sub_400c20
Inserted function: sub_400bb0
Inserted function: sub_405740
Inserted function: sub_404150
Inserted function: sub_400c50
Inserted function: sub_401e50
Inserted function: sub_400dd0
Inserted function: sub_4035b0
Inserted function: sub_4041e0
Inserted function: sub_409e10
Inserted function: sub_404700
Inserted function: sub_405760
Inserted function: sub_4047e0
Inserted function: sub_400c70
Inserted function: sub_400b90
Inserted function: sub_405720
Inserted function: sub_4047b0
Inserted function: sub_404730
Inserted function: sub_404400
Inserted function: sub_4050f0
Inserted function: sub_403b30
Inserted function: sub_400bc0
Inserted function: sub_4056e0
Inserted function: sub_4044b0
Inserted function: sub_4050e0
Inserted function: sub_404750
Inserted function: sub_406220
Inserted function: sub_406e00
Inserted function: sub_400b70
Inserted function: sub_404490
Inserted function: sub_404590
Inserted function: sub_400d70
Inserted function: sub_4045d0
Inserted function: sub_4077f0
Inserted function: sub_407300
Inserted function: sub_405820
Inserted function: sub_407db0
Inserted function: sub_405f80
Inserted function: sub_405000
Inserted function: sub_404a20
Inserted function: sub_406080
Inserted function: sub_408010
Inserted function: sub_400ae0
Inserted function: sub_407ae0
Inserted function: sub_4060a0
Inserted function: sub_400b30
Inserted function: sub_405790
Inserted function: sub_407c20
Inserted function: sub_407910
Inserted function: sub_407d30
Inserted function: sub_40a2f0
Inserted function: sub_407c40
Inserted function: sub_407260
Inserted function: sub_407f70
Inserted function: sub_400c10
Inserted function: sub_404d10
Inserted function: sub_407bd0
Inserted function: sub_402e50
Inserted function: sub_404670
Inserted function: sub_403a80
Inserted function: sub_4045e0
Inserted function: sub_405ed0
Inserted function: sub_403730
Inserted function: sub_402060
Inserted function: sub_402bd0
Inserted function: sub_4057f0
Inserted function: sub_400c00
Inserted function: sub_406050
Inserted function: sub_4034a0
Inserted function: sub_403cc0
Inserted function: sub_407c80
Inserted function: sub_408cc0
Inserted function: sub_405c70
Inserted function: sub_406010
Inserted function: sub_405fa0
Inserted function: sub_404df0
Inserted function: sub_407ca0
Inserted function: sub_4081b0
Inserted function: sub_404e80
Inserted function: sub_4092c0
Inserted function: sub_403f40
Inserted function: sub_404280
Inserted function: sub_405f30
Inserted function: sub_4041b0
Inserted function: sub_408e40
Inserted function: sub_405020
Inserted function: sub_402250
Inserted function: sub_403dd0
Inserted function: sub_407cd0
Inserted function: sub_404050
Inserted function: sub_405cc0
Inserted function: sub_403ec0
Inserted function: sub_401bf0
Inserted function: sub_4029f0
Inserted function: sub_405e80
Inserted function: sub_4032d0
Inserted function: sub_400af0
Inserted function: sub_404e90
Inserted function: sub_407ff0
Inserted function: sub_404db0
Inserted function: sub_404240
inserting global data section named data_0x40a380
inserting global data section named data_0x40c728
inserting global data section named data_0x40cbe0
inserting global data section named data_0x60ede0
inserting global data section named data_0x60ede8
inserting global data section named data_0x60edf0
inserting global data section named data_0x60eff8
inserting global data section named data_0x60f000
inserting global data section named data_0x60f0f0
inserting global data section named data_0x60f5e0
dataSectionToTypesContents : 40a380 23a7
9127
dataSectionToTypesContents : 40c728 4b4
1204
dataSectionToTypesContents : 40cbe0 12dc
4828
dataSectionToTypesContents : 60ede0 8
8
dataSectionToTypesContents : 60ede8 8
8
dataSectionToTypesContents : 60edf0 8
8
dataSectionToTypesContents : 60eff8 8
8
dataSectionToTypesContents : 60f000 e8
232
dataSectionToTypesContents : 60f0f0 4e2
1250
dataSectionToTypesContents : 60f5e0 40e8
16616
shouldSubtractImageBase: Not on Win32
shouldSubtractImageBase: Not on Win32
shouldSubtractImageBase: Not on Win32
shouldSubtractImageBase: Not on Win32
shouldSubtractImageBase: Not on Win32
shouldSubtractImageBase: Not on Win32
shouldSubtractImageBase: Not on Win32
shouldSubtractImageBase: Not on Win32
translate_MOV32mi: Other reloc
shouldSubtractImageBase: Not on Win32
translate_MOV32mi: Other reloc
shouldSubtractImageBase: Not on Win32
shouldSubtractImageBase: Not on Win32
shouldSubtractImageBase: Not on Win32
shouldSubtractImageBase: Not on Win32
shouldSubtractImageBase: Not on Win32
shouldSubtractImageBase: Not on Win32
shouldSubtractImageBase: Not on Win32
shouldSubtractImageBase: Not on Win32
translate_MOV32mi: Other reloc
doCallPCtarget address : 409e10
doCallPCtarget address : 403ec0
doCallPCtarget address : 409020
doCallPCtarget address : 404670
doCallPCtarget address : 403cc0
doCallPCtarget address : 400c50
doCallPCtarget address : 400b20
doCallPCtarget address : 400c60
doCallPCtarget address : 400b20
doCallPCtarget address : 4035d0
doCallPCtarget address : 401e50
!!!WARNING WARNING WARNING!!!
	Assuming all callbacks are to translated code!!!
doCallPCtarget address : 4057f0
doCallPCtarget address : 403130
doCallPCtarget address : 406220
doCallPCtarget address : 400b10
doCallPCtarget address : 4032d0
doCallPCtarget address : 400dd0
doCallPCtarget address : 402740
doCallPCtarget address : 405e80
doCallPCtarget address : 400c60
doCallPCtarget address : 400b20
doCallPCtarget address : 402bd0
doCallPCtarget address : 4029f0
doCallPCtarget address : 402ae0
doCallPCtarget address : 4035b0
doCallPCtarget address : 402da0
doCallPCtarget address : 403430
doCallPCtarget address : 402e50
doCallPCtarget address : 402500
doCallPCtarget address : 402060
doCallPCtarget address : 4019d0
doCallPCtarget address : 401bf0
doCallPCtarget address : 401b20
doCallPCtarget address : 4034a0
doCallPCtarget address : 4035b0
doCallPCtarget address : 402da0
doCallPCtarget address : 403430
doCallPCtarget address : 400c40
doCallPCtarget address : 401700
doCallPCtarget address : 400b50
doCallPCtarget address : 4050a0
doCallPCtarget address : 400b20
doCallPC: Adding Unreachable Instruction to local noreturn
shouldSubtractImageBase: Not on Win32
shouldSubtractImageBase: Not on Win32
shouldSubtractImageBase: Not on Win32
shouldSubtractImageBase: Not on Win32
shouldSubtractImageBase: Not on Win32
shouldSubtractImageBase: Not on Win32
shouldSubtractImageBase: Not on Win32
shouldSubtractImageBase: Not on Win32
shouldSubtractImageBase: Not on Win32
shouldSubtractImageBase: Not on Win32
shouldSubtractImageBase: Not on Win32
shouldSubtractImageBase: Not on Win32
shouldSubtractImageBase: Not on Win32
shouldSubtractImageBase: Not on Win32
shouldSubtractImageBase: Not on Win32
shouldSubtractImageBase: Not on Win32
shouldSubtractImageBase: Not on Win32
shouldSubtractImageBase: Not on Win32
shouldSubtractImageBase: Not on Win32
shouldSubtractImageBase: Not on Win32
doCallPCtarget address : 403730
doCallPCtarget address : 400c00
doCallPCtarget address : 400c60
doCallPCtarget address : 40a290
!!!WARNING WARNING WARNING!!!
	Assuming all callbacks are to translated code!!!
doCallPCtarget address : 4057f0
doCallPCtarget address : 400c50
doCallPCtarget address : 400c60
doCallPCExtern paramCount  : 12 : fprintf
12 : 40f7780
shouldSubtractImageBase: Not on Win32
shouldSubtractImageBase: Not on Win32
shouldSubtractImageBase: Not on Win32
shouldSubtractImageBase: Not on Win32
shouldSubtractImageBase: Not on Win32
shouldSubtractImageBase: Not on Win32
shouldSubtractImageBase: Not on Win32
shouldSubtractImageBase: Not on Win32
shouldSubtractImageBase: Not on Win32
doCallPCtarget address : 400b80
doCallPCtarget address : 400b80
doCallPCtarget address : 400c60
doCallPCtarget address : 403a80
doCallPCtarget address : 400b80
doCallPCtarget address : 400b80
doCallPCtarget address : 400c50
doCallPCExtern paramCount  : 2 : fputc
2 : 40f7780
shouldSubtractImageBase: Not on Win32
shouldSubtractImageBase: Not on Win32
shouldSubtractImageBase: Not on Win32
shouldSubtractImageBase: Not on Win32
shouldSubtractImageBase: Not on Win32
shouldSubtractImageBase: Not on Win32
shouldSubtractImageBase: Not on Win32
shouldSubtractImageBase: Not on Win32
doCallPCtarget address : 400c60
doCallPCtarget address : 40a290
!!!WARNING WARNING WARNING!!!
	Assuming all callbacks are to translated code!!!
doCallPCtarget address : 4057f0
doCallPCExtern paramCount  : 4 : fwrite
4 : 40f7780
shouldSubtractImageBase: Not on Win32
shouldSubtractImageBase: Not on Win32
shouldSubtractImageBase: Not on Win32
shouldSubtractImageBase: Not on Win32
shouldSubtractImageBase: Not on Win32
shouldSubtractImageBase: Not on Win32
shouldSubtractImageBase: Not on Win32
shouldSubtractImageBase: Not on Win32
shouldSubtractImageBase: Not on Win32
shouldSubtractImageBase: Not on Win32
shouldSubtractImageBase: Not on Win32
shouldSubtractImageBase: Not on Win32
doCallPCtarget address : 400c50
doCallPCtarget address : 400c50
doCallPCtarget address : 400c60
doCallPCtarget address : 400c50
doCallPCtarget address : 400c60
doCallPCtarget address : 400b20
doCallPC: Adding Unreachable Instruction to local noreturn
shouldSubtractImageBase: Not on Win32
shouldSubtractImageBase: Not on Win32
doCallPCtarget address : 400b40
doCallPCtarget address : 400c50
doCallPCtarget address : 400b20
doCallPC: Adding Unreachable Instruction to local noreturn
doCallPCtarget address : 400af0
doCallPCExtern paramCount  : 3 : freopen
3 : 40f7780
doCallPCExtern paramCount  : 1 : puts
1 : 40f7780
shouldSubtractImageBase: Not on Win32
shouldSubtractImageBase: Not on Win32
shouldSubtractImageBase: Not on Win32
shouldSubtractImageBase: Not on Win32
shouldSubtractImageBase: Not on Win32
shouldSubtractImageBase: Not on Win32
shouldSubtractImageBase: Not on Win32
shouldSubtractImageBase: Not on Win32
shouldSubtractImageBase: Not on Win32
shouldSubtractImageBase: Not on Win32
shouldSubtractImageBase: Not on Win32
shouldSubtractImageBase: Not on Win32
shouldSubtractImageBase: Not on Win32
shouldSubtractImageBase: Not on Win32
shouldSubtractImageBase: Not on Win32
shouldSubtractImageBase: Not on Win32
shouldSubtractImageBase: Not on Win32
shouldSubtractImageBase: Not on Win32
shouldSubtractImageBase: Not on Win32
shouldSubtractImageBase: Not on Win32
shouldSubtractImageBase: Not on Win32
shouldSubtractImageBase: Not on Win32
shouldSubtractImageBase: Not on Win32
shouldSubtractImageBase: Not on Win32
shouldSubtractImageBase: Not on Win32
shouldSubtractImageBase: Not on Win32
shouldSubtractImageBase: Not on Win32
shouldSubtractImageBase: Not on Win32
shouldSubtractImageBase: Not on Win32
shouldSubtractImageBase: Not on Win32
shouldSubtractImageBase: Not on Win32
doCallPCtarget address : 400c60
doCallPCtarget address : 400c60
doCallPCtarget address : 400c60
doCallPCtarget address : 400c50
doCallPCtarget address : 400c50
doCallPCtarget address : 400c50
doCallPCtarget address : 400c50
doCallPCtarget address : 400c50
doCallPCtarget address : 400c50
doCallPCtarget address : 400c60
doCallPCtarget address : 400c50
doCallPCtarget address : 400c60
doCallPCExtern paramCount  : 4 : fwrite
4 : 40f7780
shouldSubtractImageBase: Not on Win32
shouldSubtractImageBase: Not on Win32
shouldSubtractImageBase: Not on Win32
shouldSubtractImageBase: Not on Win32
shouldSubtractImageBase: Not on Win32
shouldSubtractImageBase: Not on Win32
shouldSubtractImageBase: Not on Win32
shouldSubtractImageBase: Not on Win32
shouldSubtractImageBase: Not on Win32
shouldSubtractImageBase: Not on Win32
shouldSubtractImageBase: Not on Win32
shouldSubtractImageBase: Not on Win32
shouldSubtractImageBase: Not on Win32
shouldSubtractImageBase: Not on Win32
shouldSubtractImageBase: Not on Win32
shouldSubtractImageBase: Not on Win32
shouldSubtractImageBase: Not on Win32
shouldSubtractImageBase: Not on Win32
shouldSubtractImageBase: Not on Win32
shouldSubtractImageBase: Not on Win32
doCallPCtarget address : 400c50
doCallPCtarget address : 400c60
doCallPCtarget address : 400c50
doCallPCtarget address : 400c60
doCallPCtarget address : 400c50
doCallPCtarget address : 400c60
doCallPCtarget address : 400c60
doCallPCExtern paramCount  : 4 : fwrite
4 : 40f7780
shouldSubtractImageBase: Not on Win32
shouldSubtractImageBase: Not on Win32
shouldSubtractImageBase: Not on Win32
shouldSubtractImageBase: Not on Win32
shouldSubtractImageBase: Not on Win32
shouldSubtractImageBase: Not on Win32
shouldSubtractImageBase: Not on Win32
shouldSubtractImageBase: Not on Win32
doCallPCtarget address : 400c60
doCallPCtarget address : 400c50
doCallPCExtern paramCount  : 4 : fwrite
4 : 40f7780
shouldSubtractImageBase: Not on Win32
shouldSubtractImageBase: Not on Win32
shouldSubtractImageBase: Not on Win32
shouldSubtractImageBase: Not on Win32
shouldSubtractImageBase: Not on Win32
shouldSubtractImageBase: Not on Win32
shouldSubtractImageBase: Not on Win32
shouldSubtractImageBase: Not on Win32
shouldSubtractImageBase: Not on Win32
shouldSubtractImageBase: Not on Win32
shouldSubtractImageBase: Not on Win32
shouldSubtractImageBase: Not on Win32
shouldSubtractImageBase: Not on Win32
shouldSubtractImageBase: Not on Win32
shouldSubtractImageBase: Not on Win32
shouldSubtractImageBase: Not on Win32
shouldSubtractImageBase: Not on Win32
shouldSubtractImageBase: Not on Win32
shouldSubtractImageBase: Not on Win32
shouldSubtractImageBase: Not on Win32
shouldSubtractImageBase: Not on Win32
shouldSubtractImageBase: Not on Win32
shouldSubtractImageBase: Not on Win32
shouldSubtractImageBase: Not on Win32
shouldSubtractImageBase: Not on Win32
shouldSubtractImageBase: Not on Win32
shouldSubtractImageBase: Not on Win32
shouldSubtractImageBase: Not on Win32
shouldSubtractImageBase: Not on Win32
shouldSubtractImageBase: Not on Win32
shouldSubtractImageBase: Not on Win32
shouldSubtractImageBase: Not on Win32
shouldSubtractImageBase: Not on Win32
shouldSubtractImageBase: Not on Win32
shouldSubtractImageBase: Not on Win32
shouldSubtractImageBase: Not on Win32
shouldSubtractImageBase: Not on Win32
shouldSubtractImageBase: Not on Win32
shouldSubtractImageBase: Not on Win32
shouldSubtractImageBase: Not on Win32
shouldSubtractImageBase: Not on Win32
shouldSubtractImageBase: Not on Win32
shouldSubtractImageBase: Not on Win32
shouldSubtractImageBase: Not on Win32
shouldSubtractImageBase: Not on Win32
shouldSubtractImageBase: Not on Win32
doCallPCtarget address : 400c50
doCallPCtarget address : 404f30
doCallPCtarget address : 400c60
doCallPCtarget address : 400ba0
doCallPCtarget address : 400b80
doCallPCtarget address : 401130
!!!WARNING WARNING WARNING!!!
	Assuming all callbacks are to translated code!!!
doCallPCtarget address : 4057f0
doCallPCtarget address : 400c60
doCallPCtarget address : 400c60
doCallPCtarget address : 400c60
doCallPCtarget address : 400c60
doCallPCtarget address : 400c50
doCallPCtarget address : 400c60
doCallPCtarget address : 400c60
doCallPCtarget address : 400c60
doCallPCtarget address : 400c50
doCallPCtarget address : 400c60
!!!WARNING WARNING WARNING!!!
	Assuming all callbacks are to translated code!!!
doCallPCtarget address : 4057f0
doCallPCtarget address : 400c50
doCallPCExtern paramCount  : 4 : fwrite
4 : 40f7780
doCallPCExtern paramCount  : 12 : fprintf
12 : 40f7780
shouldSubtractImageBase: Not on Win32
shouldSubtractImageBase: Not on Win32
shouldSubtractImageBase: Not on Win32
shouldSubtractImageBase: Not on Win32
shouldSubtractImageBase: Not on Win32
shouldSubtractImageBase: Not on Win32
shouldSubtractImageBase: Not on Win32
shouldSubtractImageBase: Not on Win32
shouldSubtractImageBase: Not on Win32
shouldSubtractImageBase: Not on Win32
shouldSubtractImageBase: Not on Win32
doCallPCtarget address : 400c60
doCallPCtarget address : 400c60
doCallPCExtern paramCount  : 12 : fprintf
12 : 40f7780
shouldSubtractImageBase: Not on Win32
shouldSubtractImageBase: Not on Win32
shouldSubtractImageBase: Not on Win32
shouldSubtractImageBase: Not on Win32
shouldSubtractImageBase: Not on Win32
doCallPCExtern paramCount  : 12 : fprintf
12 : 40f7780
shouldSubtractImageBase: Not on Win32
shouldSubtractImageBase: Not on Win32
shouldSubtractImageBase: Not on Win32
translate_MOV32mi: Other reloc
shouldSubtractImageBase: Not on Win32
shouldSubtractImageBase: Not on Win32
shouldSubtractImageBase: Not on Win32
shouldSubtractImageBase: Not on Win32
doCallPCtarget address : 400c60
doCallPCtarget address : 40a290
doCallPCtarget address : 400c60
doCallPCtarget address : 400b20
doCallPC: Adding Unreachable Instruction to local noreturn
shouldSubtractImageBase: Not on Win32
shouldSubtractImageBase: Not on Win32
shouldSubtractImageBase: Not on Win32
shouldSubtractImageBase: Not on Win32
shouldSubtractImageBase: Not on Win32
shouldSubtractImageBase: Not on Win32
shouldSubtractImageBase: Not on Win32
shouldSubtractImageBase: Not on Win32
doCallPCtarget address : 400c60
doCallPCtarget address : 40a290
!!!WARNING WARNING WARNING!!!
	Assuming all callbacks are to translated code!!!
doCallPCtarget address : 4057f0
doCallPCExtern paramCount  : 4 : fwrite
4 : 40f7780
shouldSubtractImageBase: Not on Win32
shouldSubtractImageBase: Not on Win32
shouldSubtractImageBase: Not on Win32
shouldSubtractImageBase: Not on Win32
shouldSubtractImageBase: Not on Win32
shouldSubtractImageBase: Not on Win32
shouldSubtractImageBase: Not on Win32
shouldSubtractImageBase: Not on Win32
shouldSubtractImageBase: Not on Win32
shouldSubtractImageBase: Not on Win32
shouldSubtractImageBase: Not on Win32
shouldSubtractImageBase: Not on Win32
shouldSubtractImageBase: Not on Win32
shouldSubtractImageBase: Not on Win32
shouldSubtractImageBase: Not on Win32
shouldSubtractImageBase: Not on Win32
shouldSubtractImageBase: Not on Win32
shouldSubtractImageBase: Not on Win32
shouldSubtractImageBase: Not on Win32
shouldSubtractImageBase: Not on Win32
shouldSubtractImageBase: Not on Win32
shouldSubtractImageBase: Not on Win32
shouldSubtractImageBase: Not on Win32
shouldSubtractImageBase: Not on Win32
shouldSubtractImageBase: Not on Win32
shouldSubtractImageBase: Not on Win32
shouldSubtractImageBase: Not on Win32
shouldSubtractImageBase: Not on Win32
shouldSubtractImageBase: Not on Win32
shouldSubtractImageBase: Not on Win32
shouldSubtractImageBase: Not on Win32
shouldSubtractImageBase: Not on Win32
shouldSubtractImageBase: Not on Win32
doCallPCtarget address : 401880
doCallPCtarget address : 400c50
doCallPCtarget address : 400c60
doCallPCtarget address : 403a80
doCallPCtarget address : 400c50
doCallPCtarget address : 400c60
doCallPCtarget address : 400c50
doCallPCtarget address : 400c60
doCallPCtarget address : 400b80
doCallPCtarget address : 400c60
doCallPCtarget address : 400b80
doCallPCtarget address : 400c60
doCallPCtarget address : 400b80
doCallPCtarget address : 400c60
doCallPCtarget address : 400b80
doCallPCtarget address : 400c60
doCallPCtarget address : 400b80
doCallPCtarget address : 400c60
doCallPCtarget address : 400b80
doCallPCtarget address : 400c60
doCallPCExtern paramCount  : 2 : fputc
2 : 40f7780
doCallPCExtern paramCount  : 1 : malloc
1 : 40f7780
shouldSubtractImageBase: Not on Win32
shouldSubtractImageBase: Not on Win32
shouldSubtractImageBase: Not on Win32
shouldSubtractImageBase: Not on Win32
shouldSubtractImageBase: Not on Win32
shouldSubtractImageBase: Not on Win32
shouldSubtractImageBase: Not on Win32
shouldSubtractImageBase: Not on Win32
shouldSubtractImageBase: Not on Win32
shouldSubtractImageBase: Not on Win32
shouldSubtractImageBase: Not on Win32
shouldSubtractImageBase: Not on Win32
shouldSubtractImageBase: Not on Win32
shouldSubtractImageBase: Not on Win32
shouldSubtractImageBase: Not on Win32
shouldSubtractImageBase: Not on Win32
shouldSubtractImageBase: Not on Win32
shouldSubtractImageBase: Not on Win32
shouldSubtractImageBase: Not on Win32
shouldSubtractImageBase: Not on Win32
doCallPCtarget address : 400c60
doCallPCtarget address : 403bf0
doCallPCtarget address : 400c60
doCallPCtarget address : 403bf0
doCallPCtarget address : 400c60
doCallPCtarget address : 400c60
doCallPCExtern paramCount  : 4 : fwrite
4 : 40f7780
shouldSubtractImageBase: Not on Win32
shouldSubtractImageBase: Not on Win32
shouldSubtractImageBase: Not on Win32
shouldSubtractImageBase: Not on Win32
shouldSubtractImageBase: Not on Win32
shouldSubtractImageBase: Not on Win32
shouldSubtractImageBase: Not on Win32
shouldSubtractImageBase: Not on Win32
shouldSubtractImageBase: Not on Win32
shouldSubtractImageBase: Not on Win32
shouldSubtractImageBase: Not on Win32
shouldSubtractImageBase: Not on Win32
shouldSubtractImageBase: Not on Win32
shouldSubtractImageBase: Not on Win32
shouldSubtractImageBase: Not on Win32
shouldSubtractImageBase: Not on Win32
doCallPCtarget address : 400b80
doCallPCtarget address : 400b80
doCallPCtarget address : 400b80
doCallPCtarget address : 400c60
doCallPCtarget address : 400c50
doCallPCtarget address : 400c60
doCallPCtarget address : 400c60
doCallPCtarget address : 408be0
doCallPCtarget address : 400c60
doCallPCtarget address : 400b80
doCallPCtarget address : 400bf0
doCallPCtarget address : 400b80
doCallPCtarget address : 404f30
doCallPCtarget address : 400c50
doCallPCtarget address : 400b80
doCallPCtarget address : 404f30
doCallPCExtern paramCount  : 2 : fputc
2 : 40f7780
doCallPCExtern paramCount  : 1 : _IO_getc
1 : 40f7780
shouldSubtractImageBase: Not on Win32
shouldSubtractImageBase: Not on Win32
shouldSubtractImageBase: Not on Win32
shouldSubtractImageBase: Not on Win32
shouldSubtractImageBase: Not on Win32
shouldSubtractImageBase: Not on Win32
shouldSubtractImageBase: Not on Win32
shouldSubtractImageBase: Not on Win32
doCallPCtarget address : 400c60
doCallPCExtern paramCount  : 4 : fwrite
4 : 40f7780
shouldSubtractImageBase: Not on Win32
shouldSubtractImageBase: Not on Win32
shouldSubtractImageBase: Not on Win32
shouldSubtractImageBase: Not on Win32
shouldSubtractImageBase: Not on Win32
shouldSubtractImageBase: Not on Win32
shouldSubtractImageBase: Not on Win32
shouldSubtractImageBase: Not on Win32
shouldSubtractImageBase: Not on Win32
shouldSubtractImageBase: Not on Win32
shouldSubtractImageBase: Not on Win32
shouldSubtractImageBase: Not on Win32
shouldSubtractImageBase: Not on Win32
shouldSubtractImageBase: Not on Win32
shouldSubtractImageBase: Not on Win32
shouldSubtractImageBase: Not on Win32
shouldSubtractImageBase: Not on Win32
shouldSubtractImageBase: Not on Win32
shouldSubtractImageBase: Not on Win32
shouldSubtractImageBase: Not on Win32
shouldSubtractImageBase: Not on Win32
shouldSubtractImageBase: Not on Win32
shouldSubtractImageBase: Not on Win32
shouldSubtractImageBase: Not on Win32
shouldSubtractImageBase: Not on Win32
shouldSubtractImageBase: Not on Win32
shouldSubtractImageBase: Not on Win32
shouldSubtractImageBase: Not on Win32
shouldSubtractImageBase: Not on Win32
shouldSubtractImageBase: Not on Win32
shouldSubtractImageBase: Not on Win32
shouldSubtractImageBase: Not on Win32
shouldSubtractImageBase: Not on Win32
shouldSubtractImageBase: Not on Win32
shouldSubtractImageBase: Not on Win32
shouldSubtractImageBase: Not on Win32
shouldSubtractImageBase: Not on Win32
shouldSubtractImageBase: Not on Win32
shouldSubtractImageBase: Not on Win32
shouldSubtractImageBase: Not on Win32
shouldSubtractImageBase: Not on Win32
shouldSubtractImageBase: Not on Win32
shouldSubtractImageBase: Not on Win32
shouldSubtractImageBase: Not on Win32
shouldSubtractImageBase: Not on Win32
shouldSubtractImageBase: Not on Win32
shouldSubtractImageBase: Not on Win32
shouldSubtractImageBase: Not on Win32
shouldSubtractImageBase: Not on Win32
shouldSubtractImageBase: Not on Win32
shouldSubtractImageBase: Not on Win32
doCallPCtarget address : 400c60
doCallPCtarget address : 400b80
doCallPCtarget address : 400c50
doCallPCtarget address : 400b80
doCallPCtarget address : 400b80
doCallPCtarget address : 400c60
doCallPCtarget address : 400c60
doCallPCtarget address : 407e00
doCallPCtarget address : 400c50
doCallPCtarget address : 400c60
doCallPCtarget address : 400c50
doCallPCtarget address : 400c60
doCallPCtarget address : 400c50
doCallPCtarget address : 400c60
doCallPCtarget address : 400c60
doCallPCtarget address : 400c50
doCallPCtarget address : 400c50
doCallPCtarget address : 400c60
doCallPCtarget address : 400c50
doCallPCtarget address : 400c50
!!!WARNING WARNING WARNING!!!
	Assuming all callbacks are to translated code!!!
doCallPCtarget address : 4057f0
doCallPCtarget address : 400c50
doCallPCtarget address : 400c50
doCallPCExtern paramCount  : 4 : fwrite
4 : 40f7780
shouldSubtractImageBase: Not on Win32
shouldSubtractImageBase: Not on Win32
shouldSubtractImageBase: Not on Win32
shouldSubtractImageBase: Not on Win32
shouldSubtractImageBase: Not on Win32
shouldSubtractImageBase: Not on Win32
shouldSubtractImageBase: Not on Win32
doCallPCtarget address : 400c60
doCallPCtarget address : 400bf0
doCallPCtarget address : 400c50
doCallPCtarget address : 400b40
doCallPCtarget address : 400c50
doCallPCtarget address : 400b20
doCallPC: Adding Unreachable Instruction to local noreturn
shouldSubtractImageBase: Not on Win32
shouldSubtractImageBase: Not on Win32
shouldSubtractImageBase: Not on Win32
doCallPCtarget address : 400af0
doCallPCExtern paramCount  : 4 : fwrite
4 : 40f7780
shouldSubtractImageBase: Not on Win32
shouldSubtractImageBase: Not on Win32
shouldSubtractImageBase: Not on Win32
shouldSubtractImageBase: Not on Win32
shouldSubtractImageBase: Not on Win32
shouldSubtractImageBase: Not on Win32
translate_MOV32mi: Other reloc
shouldSubtractImageBase: Not on Win32
shouldSubtractImageBase: Not on Win32
shouldSubtractImageBase: Not on Win32
shouldSubtractImageBase: Not on Win32
shouldSubtractImageBase: Not on Win32
shouldSubtractImageBase: Not on Win32
shouldSubtractImageBase: Not on Win32
shouldSubtractImageBase: Not on Win32
shouldSubtractImageBase: Not on Win32
shouldSubtractImageBase: Not on Win32
shouldSubtractImageBase: Not on Win32
shouldSubtractImageBase: Not on Win32
shouldSubtractImageBase: Not on Win32
shouldSubtractImageBase: Not on Win32
shouldSubtractImageBase: Not on Win32
shouldSubtractImageBase: Not on Win32
shouldSubtractImageBase: Not on Win32
shouldSubtractImageBase: Not on Win32
doCallPCtarget address : 400c60
doCallPCtarget address : 400b80
doCallPCtarget address : 400c60
doCallPCtarget address : 403960
doCallPCtarget address : 407e90
doCallPCtarget address : 400bd0
doCallPCtarget address : 400be0
doCallPCtarget address : 400c30
doCallPCtarget address : 400bd0
doCallPCtarget address : 403960
doCallPCtarget address : 400bd0
doCallPCtarget address : 400c30
doCallPCtarget address : 400bd0
doCallPCtarget address : 403960
doCallPCtarget address : 400c30
doCallPCExtern paramCount  : 2 : fputs
2 : 40f7780
doCallPCExtern paramCount  : 2 : strcat
2 : 40f7780
doCallPCExtern paramCount  : 2 : strcpy
2 : 40f7780
doCallPCExtern paramCount  : 1 : exit
1 : 40f7780
doCallPCExtern paramCount  : 2 : fopen
2 : 40f7780
doCallPCExtern paramCount  : 12 : sprintf
12 : 40f7780
shouldSubtractImageBase: Not on Win32
shouldSubtractImageBase: Not on Win32
shouldSubtractImageBase: Not on Win32
shouldSubtractImageBase: Not on Win32
shouldSubtractImageBase: Not on Win32
shouldSubtractImageBase: Not on Win32
shouldSubtractImageBase: Not on Win32
shouldSubtractImageBase: Not on Win32
translate_MOV64mi32: Other reloc
shouldSubtractImageBase: Not on Win32
shouldSubtractImageBase: Not on Win32
shouldSubtractImageBase: Not on Win32
shouldSubtractImageBase: Not on Win32
shouldSubtractImageBase: Not on Win32
shouldSubtractImageBase: Not on Win32
doCallPCtarget address : 40a290
doCallPCtarget address : 404200
doCallPCtarget address : 40a290
doCallPCtarget address : 404150
doCallPCtarget address : 4041e0
doCallPCtarget address : 404150
doCallPCtarget address : 404180
doCallPCtarget address : 404150
doCallPCtarget address : 404200
doCallPCtarget address : 40a290
doCallPCtarget address : 405740
doCallPCtarget address : 400bb0
doCallPCtarget address : 40a290
doCallPCtarget address : 400c30
doCallPCtarget address : 405760
doCallPCtarget address : 400c20
doCallPCtarget address : 405740
doCallPCExtern paramCount  : 2 : strcmp
2 : 40f7780
doCallPCExtern paramCount  : 1 : strlen
1 : 40f7780
doCallPCtarget address : 40a290
doCallPCExtern paramCount  : 4 : fwrite
4 : 40f7780
shouldSubtractImageBase: Not on Win32
shouldSubtractImageBase: Not on Win32
shouldSubtractImageBase: Not on Win32
shouldSubtractImageBase: Not on Win32
shouldSubtractImageBase: Not on Win32
shouldSubtractImageBase: Not on Win32
shouldSubtractImageBase: Not on Win32
shouldSubtractImageBase: Not on Win32
shouldSubtractImageBase: Not on Win32
shouldSubtractImageBase: Not on Win32
shouldSubtractImageBase: Not on Win32
translate_MOV32mi: Other reloc
shouldSubtractImageBase: Not on Win32
shouldSubtractImageBase: Not on Win32
shouldSubtractImageBase: Not on Win32
shouldSubtractImageBase: Not on Win32
shouldSubtractImageBase: Not on Win32
shouldSubtractImageBase: Not on Win32
shouldSubtractImageBase: Not on Win32
shouldSubtractImageBase: Not on Win32
shouldSubtractImageBase: Not on Win32
shouldSubtractImageBase: Not on Win32
shouldSubtractImageBase: Not on Win32
shouldSubtractImageBase: Not on Win32
shouldSubtractImageBase: Not on Win32
shouldSubtractImageBase: Not on Win32
shouldSubtractImageBase: Not on Win32
shouldSubtractImageBase: Not on Win32
shouldSubtractImageBase: Not on Win32
shouldSubtractImageBase: Not on Win32
shouldSubtractImageBase: Not on Win32
shouldSubtractImageBase: Not on Win32
shouldSubtractImageBase: Not on Win32
shouldSubtractImageBase: Not on Win32
shouldSubtractImageBase: Not on Win32
shouldSubtractImageBase: Not on Win32
shouldSubtractImageBase: Not on Win32
shouldSubtractImageBase: Not on Win32
shouldSubtractImageBase: Not on Win32
shouldSubtractImageBase: Not on Win32
shouldSubtractImageBase: Not on Win32
shouldSubtractImageBase: Not on Win32
shouldSubtractImageBase: Not on Win32
shouldSubtractImageBase: Not on Win32
shouldSubtractImageBase: Not on Win32
shouldSubtractImageBase: Not on Win32
shouldSubtractImageBase: Not on Win32
shouldSubtractImageBase: Not on Win32
shouldSubtractImageBase: Not on Win32
shouldSubtractImageBase: Not on Win32
shouldSubtractImageBase: Not on Win32
doCallPCtarget address : 407e00
doCallPCtarget address : 40a290
!!!WARNING WARNING WARNING!!!
	Assuming all callbacks are to translated code!!!
doCallPCtarget address : 4057f0
doCallPCtarget address : 400c60
doCallPCtarget address : 400c50
doCallPCtarget address : 403b30
doCallPCtarget address : 400bb0
doCallPCtarget address : 407e90
doCallPCtarget address : 400c60
doCallPCtarget address : 400c50
doCallPCtarget address : 400bd0
doCallPCtarget address : 400bb0
doCallPCtarget address : 40a290
doCallPCtarget address : 400c30
doCallPCtarget address : 400c60
doCallPCtarget address : 400c60
doCallPCtarget address : 400c50
doCallPCtarget address : 400c60
doCallPCtarget address : 400c50
doCallPCtarget address : 400c60
doCallPCtarget address : 400c50
doCallPCtarget address : 400c60
doCallPCtarget address : 400c60
doCallPCtarget address : 400c60
doCallPCtarget address : 400c50
doCallPCExtern paramCount  : 4 : fwrite
4 : 40f7780
shouldSubtractImageBase: Not on Win32
shouldSubtractImageBase: Not on Win32
shouldSubtractImageBase: Not on Win32
shouldSubtractImageBase: Not on Win32
shouldSubtractImageBase: Not on Win32
shouldSubtractImageBase: Not on Win32
shouldSubtractImageBase: Not on Win32
shouldSubtractImageBase: Not on Win32
shouldSubtractImageBase: Not on Win32
shouldSubtractImageBase: Not on Win32
shouldSubtractImageBase: Not on Win32
shouldSubtractImageBase: Not on Win32
shouldSubtractImageBase: Not on Win32
shouldSubtractImageBase: Not on Win32
shouldSubtractImageBase: Not on Win32
shouldSubtractImageBase: Not on Win32
shouldSubtractImageBase: Not on Win32
shouldSubtractImageBase: Not on Win32
shouldSubtractImageBase: Not on Win32
shouldSubtractImageBase: Not on Win32
shouldSubtractImageBase: Not on Win32
shouldSubtractImageBase: Not on Win32
shouldSubtractImageBase: Not on Win32
shouldSubtractImageBase: Not on Win32
shouldSubtractImageBase: Not on Win32
shouldSubtractImageBase: Not on Win32
shouldSubtractImageBase: Not on Win32
shouldSubtractImageBase: Not on Win32
shouldSubtractImageBase: Not on Win32
shouldSubtractImageBase: Not on Win32
shouldSubtractImageBase: Not on Win32
shouldSubtractImageBase: Not on Win32
shouldSubtractImageBase: Not on Win32
shouldSubtractImageBase: Not on Win32
shouldSubtractImageBase: Not on Win32
doCallPCtarget address : 400c60
doCallPCtarget address : 400c60
doCallPCtarget address : 400c50
doCallPCtarget address : 400c50
doCallPCtarget address : 400c60
doCallPCtarget address : 400c60
doCallPCtarget address : 400c50
doCallPCtarget address : 400c50
doCallPCtarget address : 400c60
doCallPCtarget address : 400c60
doCallPCtarget address : 400c50
doCallPCtarget address : 400c50
doCallPCExtern paramCount  : 12 : fprintf
12 : 40f7780
translate_MOV32mi: Other reloc
translate_MOV32mi: Other reloc
Unsupported!
409f56 	btq	%r15, %rax
303
shouldSubtractImageBase: Not on Win32
Unsupported!
40a01a 	btq	%rbx, %rax
303
shouldSubtractImageBase: Not on Win32
shouldSubtractImageBase: Not on Win32
translate_MOV32mi: Other reloc
doJumpTableViaSwitch: Doing jumpt table via switch
Unsupported!
409fdf 	btq	%rax, %rcx
303
translate_MOV32mi: Other reloc
shouldSubtractImageBase: Not on Win32
doCallPCtarget address : 4056e0
doCallPCtarget address : 400b40
doCallPCtarget address : 400b90
doCallPCtarget address : 400c70
doCallPCtarget address : 400c70
doCallPCtarget address : 4056e0
doCallPCtarget address : 4050f0
doCallPCtarget address : 400b90
doCallPCtarget address : 405760
doCallPCtarget address : 405760
doCallPCtarget address : 4047b0
doCallPCtarget address : 405760
doCallPCtarget address : 4047b0
doCallPCtarget address : 4047b0
doCallPCtarget address : 4047e0
doCallPCtarget address : 404750
doCallPCtarget address : 4045e0
doCallPCtarget address : 404700
doCallPCtarget address : 404730
doCallPCtarget address : 404400
doCallPCtarget address : 4050e0
doCallPCtarget address : 405760
doCallPCtarget address : 405740
Failure to convert to LLVM module!
Saved bitcode to /home/ed/mcsema-testing/SANDBOX/test-2015-12-21_15-36-50/MultiSource/Applications/Burg/Output/burg.simple.mcsema/burg.simple.mcsema/burg.simple.bc
