Looking up target...
Reading module ...
 TT x86-64 : x86_64-unknown-unknown 
Deserializing functions...
Deserializing functions...
Deserializing functions...
Deserializing data...
Deserializing data...
Deserializing data...
Deserializing data...
Deserializing data...
Deserializing data...
Deserializing data...
Deserializing data...
Deserializing data...
Deserializing data...
Deserializing externs...
Creating module...
Setting target...
Done setting target
Adding external funcs...
Adding external data...
Adding internal data...
Adding entry points...
Returning modue...
Setting initial triples...
Looking at entry points...
Already have driver for: main
Getting LLVM module...
Converting to LLVM...
Inserted function: sub_400610
Inserted function: sub_4004e0
Inserted function: sub_4005f0
inserting global data section named data_0x4006d0
inserting global data section named data_0x400718
inserting global data section named data_0x400758
inserting global data section named data_0x600de0
inserting global data section named data_0x600de8
inserting global data section named data_0x600df0
inserting global data section named data_0x600ff8
inserting global data section named data_0x601000
inserting global data section named data_0x601030
inserting global data section named data_0x601040
dataSectionToTypesContents : 4006d0 48
72
dataSectionToTypesContents : 400718 3c
60
dataSectionToTypesContents : 400758 104
260
dataSectionToTypesContents : 600de0 8
8
dataSectionToTypesContents : 600de8 8
8
dataSectionToTypesContents : 600df0 8
8
dataSectionToTypesContents : 600ff8 8
8
dataSectionToTypesContents : 601000 30
48
dataSectionToTypesContents : 601030 10
16
dataSectionToTypesContents : 601040 8
8
shouldSubtractImageBase: Not on Win32
shouldSubtractImageBase: Not on Win32
shouldSubtractImageBase: Not on Win32
doCallPCtarget address : 4005f0
doCallPCtarget address : 4004e0
doCallPCtarget address : 4004e0
doCallPCExtern paramCount  : 1 : puts
1 : 2b13780
Adding entry point: mcsema_main
in : doPostAnalysis
registering passes
Saved bitcode to /home/ed/mcsema-testing/SANDBOX/test-2015-12-21_15-36-50/SingleSource/Regression/C++/Output/2011-03-28-Bitfield.simple.mcsema/2011-03-28-Bitfield.simple.bc
