Looking up target...
Reading module ...
 TT x86-64 : x86_64-unknown-unknown 
Deserializing functions...
Deserializing functions...
Deserializing functions...
Deserializing functions...
Deserializing functions...
Deserializing functions...
Deserializing functions...
Deserializing functions...
Deserializing functions...
Deserializing functions...
Deserializing functions...
Deserializing functions...
Deserializing functions...
Deserializing functions...
Deserializing functions...
Deserializing functions...
Deserializing functions...
Deserializing functions...
Deserializing functions...
Deserializing functions...
Deserializing functions...
Deserializing functions...
Deserializing functions...
Deserializing functions...
Deserializing functions...
Deserializing functions...
Deserializing functions...
Deserializing functions...
Deserializing functions...
Deserializing functions...
Deserializing functions...
Deserializing functions...
Deserializing functions...
Deserializing functions...
Deserializing functions...
Deserializing functions...
Deserializing functions...
Deserializing functions...
Deserializing functions...
Deserializing functions...
Deserializing functions...
Deserializing functions...
Deserializing functions...
Deserializing functions...
Deserializing functions...
Deserializing functions...
Deserializing functions...
Deserializing functions...
Deserializing functions...
Deserializing functions...
Deserializing functions...
Deserializing functions...
Deserializing functions...
Deserializing functions...
Deserializing functions...
Deserializing functions...
Deserializing functions...
Deserializing functions...
Deserializing functions...
Deserializing functions...
Deserializing functions...
Deserializing functions...
Deserializing functions...
Deserializing functions...
Deserializing functions...
Deserializing functions...
Deserializing functions...
Deserializing functions...
Deserializing functions...
Deserializing functions...
Deserializing functions...
Deserializing functions...
Deserializing functions...
Deserializing functions...
Deserializing functions...
Deserializing functions...
Deserializing functions...
Deserializing functions...
Deserializing functions...
Deserializing functions...
Deserializing functions...
Deserializing functions...
Deserializing functions...
Deserializing functions...
Deserializing functions...
Deserializing functions...
Deserializing functions...
Deserializing functions...
Deserializing functions...
Deserializing functions...
Deserializing functions...
Deserializing functions...
Deserializing functions...
Deserializing functions...
Deserializing functions...
Deserializing functions...
Deserializing functions...
Deserializing functions...
Deserializing functions...
Deserializing functions...
Deserializing functions...
Deserializing functions...
Deserializing functions...
Deserializing functions...
Deserializing functions...
Deserializing functions...
Deserializing functions...
Deserializing functions...
Deserializing functions...
Deserializing functions...
Deserializing functions...
Deserializing functions...
Deserializing functions...
Deserializing functions...
Deserializing functions...
Deserializing functions...
Deserializing functions...
Deserializing functions...
Deserializing functions...
Deserializing functions...
Deserializing functions...
Deserializing functions...
Deserializing functions...
Deserializing functions...
Deserializing functions...
Deserializing functions...
Deserializing functions...
Deserializing functions...
Deserializing functions...
Deserializing functions...
Deserializing functions...
Deserializing functions...
Deserializing functions...
Deserializing functions...
Deserializing functions...
Deserializing functions...
Deserializing functions...
Deserializing functions...
Deserializing functions...
Deserializing functions...
Deserializing functions...
Deserializing functions...
Deserializing functions...
Deserializing functions...
Deserializing functions...
Deserializing functions...
Deserializing functions...
Deserializing functions...
Deserializing functions...
Deserializing functions...
Deserializing functions...
Deserializing functions...
Deserializing functions...
Deserializing functions...
Deserializing functions...
Deserializing functions...
Deserializing functions...
Deserializing functions...
Deserializing functions...
Deserializing functions...
Deserializing functions...
Deserializing functions...
Deserializing functions...
Deserializing functions...
Deserializing functions...
Deserializing functions...
Deserializing functions...
Deserializing functions...
Deserializing functions...
Deserializing functions...
Deserializing functions...
Deserializing functions...
Deserializing functions...
Deserializing functions...
Deserializing functions...
Deserializing functions...
Deserializing functions...
Deserializing functions...
Deserializing functions...
Deserializing functions...
Deserializing functions...
Deserializing functions...
Deserializing functions...
Deserializing functions...
Deserializing functions...
Deserializing functions...
Deserializing functions...
Deserializing functions...
Deserializing functions...
Deserializing functions...
Deserializing functions...
Deserializing functions...
Deserializing functions...
Deserializing functions...
Deserializing functions...
Deserializing functions...
Deserializing functions...
Deserializing functions...
Deserializing functions...
Deserializing functions...
Deserializing functions...
Deserializing functions...
Deserializing functions...
Deserializing functions...
Deserializing functions...
Deserializing functions...
Deserializing functions...
Deserializing functions...
Deserializing functions...
Deserializing functions...
Deserializing functions...
Deserializing functions...
Deserializing functions...
Deserializing functions...
Deserializing functions...
Deserializing functions...
Deserializing functions...
Deserializing functions...
Deserializing functions...
Deserializing functions...
Deserializing functions...
Deserializing functions...
Deserializing functions...
Deserializing functions...
Deserializing functions...
Deserializing functions...
Deserializing functions...
Deserializing functions...
Deserializing functions...
Deserializing functions...
Deserializing functions...
Deserializing functions...
Deserializing functions...
Deserializing functions...
Deserializing functions...
Deserializing functions...
Deserializing functions...
Deserializing functions...
Deserializing functions...
Deserializing functions...
Deserializing functions...
Deserializing functions...
Deserializing functions...
Deserializing functions...
Deserializing functions...
Deserializing functions...
Deserializing functions...
Deserializing functions...
Deserializing functions...
Deserializing functions...
Deserializing functions...
Deserializing functions...
Deserializing functions...
Deserializing functions...
Deserializing functions...
Deserializing functions...
Deserializing functions...
Deserializing functions...
Deserializing functions...
Deserializing functions...
Deserializing functions...
Deserializing functions...
Deserializing functions...
Deserializing functions...
Deserializing functions...
Deserializing functions...
Deserializing functions...
Deserializing functions...
Deserializing functions...
Deserializing functions...
Deserializing functions...
Deserializing functions...
Deserializing functions...
Deserializing functions...
Deserializing functions...
Deserializing functions...
Deserializing functions...
Deserializing functions...
Deserializing functions...
Deserializing functions...
Deserializing functions...
Deserializing functions...
Deserializing functions...
Deserializing functions...
Deserializing functions...
Deserializing functions...
Deserializing functions...
Deserializing functions...
Deserializing functions...
Deserializing functions...
Deserializing functions...
Deserializing functions...
Deserializing functions...
Deserializing functions...
Deserializing functions...
Deserializing functions...
Deserializing functions...
Deserializing functions...
Deserializing functions...
Deserializing functions...
Deserializing functions...
Deserializing functions...
Deserializing functions...
Deserializing functions...
Deserializing functions...
Deserializing functions...
Deserializing functions...
Deserializing functions...
Deserializing functions...
Deserializing functions...
Deserializing functions...
Deserializing functions...
Deserializing functions...
Deserializing functions...
Deserializing functions...
Deserializing functions...
Deserializing functions...
Deserializing functions...
Deserializing functions...
Deserializing functions...
Deserializing functions...
Deserializing functions...
Deserializing functions...
Deserializing functions...
Deserializing functions...
Deserializing functions...
Deserializing functions...
Deserializing functions...
Deserializing functions...
Deserializing functions...
Deserializing functions...
Deserializing functions...
Deserializing functions...
Deserializing functions...
Deserializing functions...
Deserializing functions...
Deserializing functions...
Deserializing functions...
Deserializing functions...
Deserializing functions...
Deserializing functions...
Deserializing functions...
Deserializing functions...
Deserializing functions...
Deserializing functions...
Deserializing functions...
Deserializing functions...
Deserializing functions...
Deserializing functions...
Deserializing functions...
Deserializing functions...
Deserializing functions...
Deserializing functions...
Deserializing functions...
Deserializing functions...
Deserializing functions...
Deserializing functions...
Deserializing functions...
Deserializing functions...
Deserializing functions...
Deserializing functions...
Deserializing functions...
Deserializing functions...
Deserializing functions...
Deserializing functions...
Deserializing functions...
Deserializing functions...
Deserializing functions...
Deserializing functions...
Deserializing functions...
Deserializing functions...
Deserializing functions...
Deserializing functions...
Deserializing functions...
Deserializing functions...
Deserializing functions...
Deserializing functions...
Deserializing functions...
Deserializing functions...
Deserializing functions...
Deserializing functions...
Deserializing functions...
Deserializing functions...
Deserializing functions...
Deserializing functions...
Deserializing functions...
Deserializing functions...
Deserializing functions...
Deserializing functions...
Deserializing functions...
Deserializing functions...
Deserializing functions...
Deserializing functions...
Deserializing functions...
Deserializing functions...
Deserializing functions...
Deserializing functions...
Deserializing functions...
Deserializing functions...
Deserializing functions...
Deserializing functions...
Deserializing functions...
Deserializing functions...
Deserializing functions...
Deserializing functions...
Deserializing functions...
Deserializing functions...
Deserializing functions...
Deserializing functions...
Deserializing functions...
Deserializing functions...
Deserializing functions...
Deserializing functions...
Deserializing functions...
Deserializing functions...
Deserializing functions...
Deserializing functions...
Deserializing functions...
Deserializing functions...
Deserializing functions...
Deserializing functions...
Deserializing functions...
Deserializing functions...
Deserializing functions...
Deserializing functions...
Deserializing functions...
Deserializing functions...
Deserializing functions...
Deserializing functions...
Deserializing functions...
Deserializing functions...
Deserializing functions...
Deserializing functions...
Deserializing functions...
Deserializing functions...
Deserializing functions...
Deserializing functions...
Deserializing functions...
Deserializing functions...
Deserializing functions...
Deserializing functions...
Deserializing functions...
Deserializing functions...
Deserializing functions...
Deserializing functions...
Deserializing functions...
Deserializing functions...
Deserializing functions...
Deserializing functions...
Deserializing functions...
Deserializing functions...
Deserializing functions...
Deserializing functions...
Deserializing functions...
Deserializing functions...
Deserializing functions...
Deserializing functions...
Deserializing functions...
Deserializing functions...
Deserializing functions...
Deserializing functions...
Deserializing functions...
Deserializing functions...
Deserializing functions...
Deserializing functions...
Deserializing functions...
Deserializing functions...
Deserializing functions...
Deserializing functions...
Deserializing functions...
Deserializing functions...
Deserializing functions...
Deserializing functions...
Deserializing functions...
Deserializing functions...
Deserializing functions...
Deserializing functions...
Deserializing functions...
Deserializing functions...
Deserializing functions...
Deserializing functions...
Deserializing data...
Deserializing data...
Deserializing data...
Deserializing data...
Deserializing data...
Deserializing data...
Deserializing data...
Deserializing data...
Deserializing data...
Deserializing data...
Deserializing symbol at: 6c7340, dta_0x49d738L, b
cur_pos: 6c72f0
dse_base: 6c7340
new_cur_pos: 6c734b
Deserializing symbol at: 6c7358, dta_0x4a3715L, 5
cur_pos: 6c734b
dse_base: 6c7358
new_cur_pos: 6c735d
Deserializing symbol at: 6c7370, dta_0x4a36e2L, 8
cur_pos: 6c735d
dse_base: 6c7370
new_cur_pos: 6c7378
Deserializing symbol at: 6c7388, dta_0x4a3745L, 8
cur_pos: 6c7378
dse_base: 6c7388
new_cur_pos: 6c7390
Deserializing symbol at: 6c73a0, dta_0x47acf8L, 7
cur_pos: 6c7390
dse_base: 6c73a0
new_cur_pos: 6c73a7
Deserializing symbol at: 6c73b8, dta_0x47c36dL, 3
cur_pos: 6c73a7
dse_base: 6c73b8
new_cur_pos: 6c73bb
Deserializing symbol at: 6c73d0, dta_0x49fcf1L, 4
cur_pos: 6c73bb
dse_base: 6c73d0
new_cur_pos: 6c73d4
Deserializing symbol at: 6c73e8, dta_0x47acffL, 7
cur_pos: 6c73d4
dse_base: 6c73e8
new_cur_pos: 6c73ef
Deserializing symbol at: 6c7400, dta_0x47ad06L, 17
cur_pos: 6c73ef
dse_base: 6c7400
new_cur_pos: 6c7417
Deserializing symbol at: 6c7418, dta_0x47c3ddL, 13
cur_pos: 6c7417
dse_base: 6c7418
new_cur_pos: 6c742b
Deserializing symbol at: 6c7430, dta_0x47b0f4L, c
cur_pos: 6c742b
dse_base: 6c7430
new_cur_pos: 6c743c
Deserializing symbol at: 6c7448, dta_0x47b045L, 12
cur_pos: 6c743c
dse_base: 6c7448
new_cur_pos: 6c745a
Deserializing symbol at: 6c7460, dta_0x47ad1dL, e
cur_pos: 6c745a
dse_base: 6c7460
new_cur_pos: 6c746e
Deserializing symbol at: 6c7478, dta_0x4a817eL, f
cur_pos: 6c746e
dse_base: 6c7478
new_cur_pos: 6c7487
Deserializing symbol at: 6c7490, dta_0x47b188L, 10
cur_pos: 6c7487
dse_base: 6c7490
new_cur_pos: 6c74a0
Deserializing symbol at: 6c74a8, dta_0x47b1d7L, d
cur_pos: 6c74a0
dse_base: 6c74a8
new_cur_pos: 6c74b5
Deserializing symbol at: 6c74c0, dta_0x4a8192L, c
cur_pos: 6c74b5
dse_base: 6c74c0
new_cur_pos: 6c74cc
Deserializing symbol at: 6c74d8, dta_0x4a7f59L, a
cur_pos: 6c74cc
dse_base: 6c74d8
new_cur_pos: 6c74e2
Deserializing symbol at: 6c74f0, dta_0x4a81a3L, 9
cur_pos: 6c74e2
dse_base: 6c74f0
new_cur_pos: 6c74f9
Deserializing symbol at: 6c7508, dta_0x47ad2bL, d
cur_pos: 6c74f9
dse_base: 6c7508
new_cur_pos: 6c7515
Deserializing symbol at: 6c7520, dta_0x47c7f9L, b
cur_pos: 6c7515
dse_base: 6c7520
new_cur_pos: 6c752b
Deserializing symbol at: 6c7538, dta_0x48628eL, a
cur_pos: 6c752b
dse_base: 6c7538
new_cur_pos: 6c7542
Deserializing symbol at: 6c7550, dta_0x47ad38L, 20
cur_pos: 6c7542
dse_base: 6c7550
new_cur_pos: 6c7570
Deserializing symbol at: 6c7568, dta_0x47b7d7L, c
cur_pos: 6c7570
dse_base: 6c7568
/home/ed/mcsema/mc-sema/peToCFG/peToCFG.cpp:515
Deserialized an out-of-order symbol!
terminate called after throwing an instance of 'LErr'
  what():  Generic error: Line: 517
File: /home/ed/mcsema/mc-sema/peToCFG/peToCFG.cpp
Deserialized an out-of-order symbol!
/home/ed/mcsema/scripts/cfg_to_bc.sh: line 5: 45921 Aborted                 (core dumped) $DIR/build/mc-sema/bitcode_from_cfg/cfg_to_bc -mtriple=x86_64-pc-linux-gnu -i=${BIN}.cfg -driver=mcsema_main,main,raw,return,C -o=${BIN}.bc
Saved bitcode to /home/ed/mcsema-testing/SANDBOX/test-2015-12-21_15-36-50/MultiSource/Applications/kimwitu++/Output/kc.simple.mcsema/kc.simple.bc
