Looking up target...
Reading module ...
 TT x86-64 : x86_64-unknown-unknown 
Deserializing functions...
Deserializing functions...
Deserializing functions...
Deserializing functions...
Deserializing functions...
Deserializing functions...
Deserializing functions...
Deserializing functions...
Deserializing functions...
Deserializing functions...
Deserializing functions...
Deserializing functions...
Deserializing functions...
Deserializing functions...
Deserializing functions...
Deserializing functions...
Deserializing functions...
Deserializing functions...
Deserializing functions...
Deserializing functions...
Deserializing functions...
Deserializing functions...
Deserializing functions...
Deserializing functions...
Deserializing functions...
Deserializing functions...
Deserializing functions...
Deserializing functions...
Deserializing functions...
Deserializing functions...
Deserializing functions...
Deserializing functions...
Deserializing functions...
Deserializing functions...
Deserializing functions...
Deserializing functions...
Deserializing functions...
Deserializing functions...
Deserializing functions...
Deserializing functions...
Deserializing functions...
Deserializing functions...
Deserializing functions...
Deserializing functions...
Deserializing functions...
Deserializing functions...
Deserializing functions...
Deserializing functions...
Deserializing functions...
Deserializing functions...
Deserializing functions...
Deserializing functions...
Deserializing functions...
Deserializing functions...
Deserializing functions...
Deserializing functions...
Deserializing functions...
Deserializing functions...
Deserializing functions...
Deserializing functions...
Deserializing functions...
Deserializing functions...
Deserializing data...
Deserializing data...
Deserializing data...
Deserializing data...
Deserializing data...
Deserializing data...
Deserializing data...
Deserializing data...
Deserializing data...
Deserializing data...
Deserializing data...
Deserializing externs...
Deserializing externs...
Deserializing externs...
Deserializing externs...
Deserializing externs...
Deserializing externs...
Deserializing externs...
Deserializing externs...
Deserializing externs...
Deserializing externs...
Deserializing externs...
Deserializing externs...
Deserializing externs...
Deserializing externs...
Creating module...
Setting target...
Done setting target
Adding external funcs...
Adding external data...
Adding internal data...
Adding entry points...
Returning modue...
Setting initial triples...
Looking at entry points...
Already have driver for: main
Getting LLVM module...
Converting to LLVM...
Inserted function: sub_401710
Inserted function: sub_404280
Inserted function: sub_400cc0
Inserted function: sub_403410
Inserted function: sub_404100
Inserted function: sub_400c10
Inserted function: sub_400d70
Inserted function: sub_404200
Inserted function: sub_4039a0
Inserted function: sub_402130
Inserted function: sub_400be0
Inserted function: sub_400c30
Inserted function: sub_4041b0
Inserted function: sub_4039d0
Inserted function: sub_404a80
Inserted function: sub_403810
Inserted function: sub_404600
Inserted function: sub_400f80
Inserted function: sub_404790
Inserted function: sub_404920
Inserted function: sub_400ff0
Inserted function: sub_400c20
Inserted function: sub_400ca0
Inserted function: sub_404330
Inserted function: sub_403a80
Inserted function: sub_400d40
Inserted function: sub_4047a0
Inserted function: sub_400c70
Inserted function: sub_400d30
Inserted function: sub_400c40
Inserted function: sub_400d20
Inserted function: sub_401020
Inserted function: sub_400cd0
Inserted function: sub_403740
Inserted function: sub_4040d0
Inserted function: sub_400d90
Inserted function: sub_4035b0
Inserted function: sub_400f10
Inserted function: sub_4036b0
Inserted function: sub_403b00
Inserted function: sub_400ce0
Inserted function: sub_401490
Inserted function: sub_400f50
Inserted function: sub_4033e0
Inserted function: sub_400d00
Inserted function: sub_404520
Inserted function: sub_404070
Inserted function: sub_401540
Inserted function: sub_403ac0
Inserted function: sub_401100
Inserted function: sub_400bf0
Inserted function: sub_400cf0
Inserted function: sub_400f90
Inserted function: sub_4021c0
Inserted function: sub_403520
Inserted function: sub_400ef0
Inserted function: sub_402850
Inserted function: sub_400f30
Inserted function: sub_400fc0
Inserted function: sub_400c50
Inserted function: sub_400d50
Inserted function: sub_403470
inserting global data section named data_0x404b40
inserting global data section named data_0x405b54
inserting global data section named data_0x405d50
inserting global data section named data_0x406614
inserting global data section named data_0x606dc8
inserting global data section named data_0x606de8
inserting global data section named data_0x606df0
inserting global data section named data_0x606ff8
inserting global data section named data_0x607000
inserting global data section named data_0x6070f8
inserting global data section named data_0x607120
dataSectionToTypesContents : 404b40 1014
4116
dataSectionToTypesContents : 405b54 1fc
508
dataSectionToTypesContents : 405d50 8c4
2244
dataSectionToTypesContents : 406614 8c
140
dataSectionToTypesContents : 606dc8 20
32
dataSectionToTypesContents : 606de8 8
8
dataSectionToTypesContents : 606df0 8
8
dataSectionToTypesContents : 606ff8 8
8
dataSectionToTypesContents : 607000 f8
248
dataSectionToTypesContents : 6070f8 10
16
dataSectionToTypesContents : 607120 130
304
shouldSubtractImageBase: Not on Win32
shouldSubtractImageBase: Not on Win32
shouldSubtractImageBase: Not on Win32
shouldSubtractImageBase: Not on Win32
shouldSubtractImageBase: Not on Win32
shouldSubtractImageBase: Not on Win32
shouldSubtractImageBase: Not on Win32
shouldSubtractImageBase: Not on Win32
shouldSubtractImageBase: Not on Win32
shouldSubtractImageBase: Not on Win32
shouldSubtractImageBase: Not on Win32
shouldSubtractImageBase: Not on Win32
shouldSubtractImageBase: Not on Win32
shouldSubtractImageBase: Not on Win32
shouldSubtractImageBase: Not on Win32
shouldSubtractImageBase: Not on Win32
shouldSubtractImageBase: Not on Win32
shouldSubtractImageBase: Not on Win32
shouldSubtractImageBase: Not on Win32
shouldSubtractImageBase: Not on Win32
shouldSubtractImageBase: Not on Win32
shouldSubtractImageBase: Not on Win32
shouldSubtractImageBase: Not on Win32
shouldSubtractImageBase: Not on Win32
shouldSubtractImageBase: Not on Win32
shouldSubtractImageBase: Not on Win32
shouldSubtractImageBase: Not on Win32
shouldSubtractImageBase: Not on Win32
shouldSubtractImageBase: Not on Win32
shouldSubtractImageBase: Not on Win32
shouldSubtractImageBase: Not on Win32
shouldSubtractImageBase: Not on Win32
shouldSubtractImageBase: Not on Win32
shouldSubtractImageBase: Not on Win32
shouldSubtractImageBase: Not on Win32
shouldSubtractImageBase: Not on Win32
shouldSubtractImageBase: Not on Win32
shouldSubtractImageBase: Not on Win32
shouldSubtractImageBase: Not on Win32
shouldSubtractImageBase: Not on Win32
shouldSubtractImageBase: Not on Win32
Unsupported!
401c36 	btq	%rcx, %rdx
303
shouldSubtractImageBase: Not on Win32
shouldSubtractImageBase: Not on Win32
shouldSubtractImageBase: Not on Win32
shouldSubtractImageBase: Not on Win32
shouldSubtractImageBase: Not on Win32
shouldSubtractImageBase: Not on Win32
shouldSubtractImageBase: Not on Win32
shouldSubtractImageBase: Not on Win32
shouldSubtractImageBase: Not on Win32
shouldSubtractImageBase: Not on Win32
shouldSubtractImageBase: Not on Win32
shouldSubtractImageBase: Not on Win32
shouldSubtractImageBase: Not on Win32
shouldSubtractImageBase: Not on Win32
doCallPCtarget address : 400c10
doCallPCtarget address : 400c10
doCallPCtarget address : 400c10
doCallPCtarget address : 400c10
doCallPCtarget address : 400d70
doCallPCtarget address : 404070
doCallPCtarget address : 403b00
doCallPCtarget address : 400cc0
doCallPCtarget address : 400c40
doCallPCtarget address : 400c40
doCallPCtarget address : 400c40
doCallPCtarget address : 401540
doCallPCtarget address : 400c40
doCallPCtarget address : 401490
doCallPCtarget address : 400d20
doCallPCtarget address : 400c40
doCallPCtarget address : 400d20
doCallPCtarget address : 400c10
doCallPCtarget address : 400be0
doCallPCtarget address : 400c40
doCallPCtarget address : 400c40
doCallPCtarget address : 403b00
doCallPCtarget address : 400c40
doCallPCtarget address : 404100
doCallPCtarget address : 400c40
doCallPCtarget address : 400ce0
doCallPCtarget address : 4040d0
doCallPCtarget address : 400c40
doCallPCtarget address : 404280
doCallPCtarget address : 403b00
doCallPCtarget address : 404280
doCallPCtarget address : 400d20
doCallPCtarget address : 404330
doCallPCtarget address : 400c40
doCallPCtarget address : 400d20
doCallPCtarget address : 404520
doCallPCtarget address : 400c40
doCallPCtarget address : 400c10
doCallPCtarget address : 400d20
doCallPCtarget address : 400c40
doCallPCtarget address : 400d20
doCallPCtarget address : 400d20
doCallPCtarget address : 400cc0
doCallPCtarget address : 400d20
doCallPCtarget address : 400c40
doCallPCtarget address : 400c40
doCallPCtarget address : 4041b0
doCallPCtarget address : 400d20
doCallPCtarget address : 400c30
doCallPCtarget address : 400d70
doCallPCtarget address : 404070
doCallPCtarget address : 403b00
doCallPCtarget address : 400c30
doCallPCtarget address : 400d20
doCallPCtarget address : 400cc0
doCallPCtarget address : 400d20
doCallPCtarget address : 403740
doCallPCtarget address : 402130
doCallPCtarget address : 400c40
doCallPCtarget address : 402130
doCallPCtarget address : 400c40
doCallPCtarget address : 404280
doCallPCtarget address : 403b00
doCallPCtarget address : 404200
doCallPCtarget address : 403b00
doCallPCtarget address : 402130
doCallPCtarget address : 402130
doCallPCtarget address : 402130
doCallPCtarget address : 4039a0
doCallPCtarget address : 403740
doCallPCtarget address : 404280
doCallPCtarget address : 403b00
Failure to convert to LLVM module!
Saved bitcode to /home/ed/mcsema-testing/SANDBOX/test-2015-12-21_15-36-50/MultiSource/Applications/hexxagon/Output/hexxagon.simple.mcsema/hexxagon.simple.bc
