Looking up target...
Reading module ...
 TT x86-64 : x86_64-unknown-unknown 
Deserializing functions...
Deserializing functions...
Deserializing functions...
Deserializing functions...
Deserializing data...
Deserializing data...
Deserializing data...
Deserializing data...
Deserializing data...
Deserializing data...
Deserializing data...
Deserializing data...
Deserializing data...
Deserializing data...
Deserializing externs...
Deserializing externs...
Deserializing externs...
Creating module...
Setting target...
Done setting target
Adding external funcs...
Adding external data...
Adding internal data...
Adding entry points...
Returning modue...
Setting initial triples...
Looking at entry points...
Already have driver for: main
Getting LLVM module...
Converting to LLVM...
Inserted function: sub_400680
Inserted function: sub_400540
Inserted function: sub_400580
Inserted function: sub_400570
inserting global data section named data_0x400c30
inserting global data section named data_0x4011b8
inserting global data section named data_0x4011f0
inserting global data section named data_0x601de0
inserting global data section named data_0x601de8
inserting global data section named data_0x601df0
inserting global data section named data_0x601ff8
inserting global data section named data_0x602000
inserting global data section named data_0x602040
inserting global data section named data_0x602050
dataSectionToTypesContents : 400c30 585
1413
dataSectionToTypesContents : 4011b8 34
52
dataSectionToTypesContents : 4011f0 10c
268
dataSectionToTypesContents : 601de0 8
8
dataSectionToTypesContents : 601de8 8
8
dataSectionToTypesContents : 601df0 8
8
dataSectionToTypesContents : 601ff8 8
8
dataSectionToTypesContents : 602000 40
64
dataSectionToTypesContents : 602040 10
16
dataSectionToTypesContents : 602050 8
8
shouldSubtractImageBase: Not on Win32
shouldSubtractImageBase: Not on Win32
shouldSubtractImageBase: Not on Win32
shouldSubtractImageBase: Not on Win32
shouldSubtractImageBase: Not on Win32
shouldSubtractImageBase: Not on Win32
shouldSubtractImageBase: Not on Win32
shouldSubtractImageBase: Not on Win32
shouldSubtractImageBase: Not on Win32
shouldSubtractImageBase: Not on Win32
shouldSubtractImageBase: Not on Win32
shouldSubtractImageBase: Not on Win32
shouldSubtractImageBase: Not on Win32
shouldSubtractImageBase: Not on Win32
shouldSubtractImageBase: Not on Win32
shouldSubtractImageBase: Not on Win32
shouldSubtractImageBase: Not on Win32
shouldSubtractImageBase: Not on Win32
shouldSubtractImageBase: Not on Win32
shouldSubtractImageBase: Not on Win32
shouldSubtractImageBase: Not on Win32
shouldSubtractImageBase: Not on Win32
shouldSubtractImageBase: Not on Win32
shouldSubtractImageBase: Not on Win32
Unsupported!
400958 	cvttss2si	%xmm1, %rbx
644
doCallPCtarget address : 400570
doCallPCtarget address : 400540
doCallPCtarget address : 400540
doCallPCtarget address : 400540
doCallPCtarget address : 400540
doCallPCtarget address : 400540
doCallPCtarget address : 400540
doCallPCtarget address : 400540
doCallPCtarget address : 400540
doCallPCtarget address : 400540
doCallPCtarget address : 400540
doCallPCtarget address : 400540
doCallPCtarget address : 400540
doCallPCtarget address : 400540
doCallPCtarget address : 400540
doCallPCtarget address : 400540
doCallPCtarget address : 400540
doCallPCtarget address : 400540
doCallPCtarget address : 400540
doCallPCtarget address : 400540
doCallPCtarget address : 400540
doCallPCtarget address : 400540
doCallPCtarget address : 400540
doCallPCtarget address : 400540
doCallPCtarget address : 400540
doCallPCtarget address : 400570
doCallPCtarget address : 400580
doCallPCtarget address : 400570
doCallPCtarget address : 400580
Failure to convert to LLVM module!
Saved bitcode to /home/ed/mcsema-testing/SANDBOX/test-2015-12-21_15-36-50/SingleSource/Regression/C/Output/casts.simple.mcsema/casts.simple.bc
