Looking up target...
Reading module ...
 TT x86-64 : x86_64-unknown-unknown 
Deserializing functions...
Deserializing functions...
Deserializing data...
Deserializing data...
Deserializing data...
Deserializing data...
Deserializing data...
Deserializing data...
Deserializing data...
Deserializing data...
Deserializing data...
Deserializing data...
Deserializing externs...
Creating module...
Setting target...
Done setting target
Adding external funcs...
Adding external data...
Adding internal data...
Adding entry points...
Returning modue...
Setting initial triples...
Looking at entry points...
Already have driver for: main
Getting LLVM module...
Converting to LLVM...
Inserted function: sub_400720
Inserted function: sub_400570
inserting global data section named data_0x4007e0
inserting global data section named data_0x400814
inserting global data section named data_0x400858
inserting global data section named data_0x600dd8
inserting global data section named data_0x600de8
inserting global data section named data_0x600df0
inserting global data section named data_0x600ff8
inserting global data section named data_0x601000
inserting global data section named data_0x601040
inserting global data section named data_0x601050
dataSectionToTypesContents : 4007e0 32
50
dataSectionToTypesContents : 400814 44
68
dataSectionToTypesContents : 400858 11c
284
dataSectionToTypesContents : 600dd8 10
16
dataSectionToTypesContents : 600de8 8
8
dataSectionToTypesContents : 600df0 8
8
dataSectionToTypesContents : 600ff8 8
8
dataSectionToTypesContents : 601000 40
64
dataSectionToTypesContents : 601040 10
16
dataSectionToTypesContents : 601050 18
24
shouldSubtractImageBase: Not on Win32
doCallPCtarget address : 400570
doCallPCExtern paramCount  : 1 : puts
1 : 315ced0
Adding entry point: mcsema_main
in : doPostAnalysis
registering passes
Saved bitcode to /home/ed/mcsema-testing/SANDBOX/test-2015-12-21_15-36-50/SingleSource/Regression/C++/Output/global_ctor.simple.mcsema/global_ctor.simple.bc
