Looking up target...
Reading module ...
 TT x86-64 : x86_64-unknown-unknown 
Deserializing functions...
Deserializing functions...
Deserializing functions...
Deserializing functions...
Deserializing functions...
Deserializing functions...
Deserializing functions...
Deserializing functions...
Deserializing functions...
Deserializing functions...
Deserializing functions...
Deserializing functions...
Deserializing functions...
Deserializing functions...
Deserializing functions...
Deserializing functions...
Deserializing functions...
Deserializing functions...
Deserializing functions...
Deserializing functions...
Deserializing functions...
Deserializing functions...
Deserializing functions...
Deserializing functions...
Deserializing functions...
Deserializing functions...
Deserializing functions...
Deserializing functions...
Deserializing functions...
Deserializing functions...
Deserializing functions...
Deserializing functions...
Deserializing functions...
Deserializing functions...
Deserializing functions...
Deserializing functions...
Deserializing functions...
Deserializing functions...
Deserializing functions...
Deserializing functions...
Deserializing functions...
Deserializing functions...
Deserializing functions...
Deserializing functions...
Deserializing functions...
Deserializing functions...
Deserializing functions...
Deserializing functions...
Deserializing functions...
Deserializing functions...
Deserializing functions...
Deserializing functions...
Deserializing functions...
Deserializing functions...
Deserializing functions...
Deserializing functions...
Deserializing functions...
Deserializing functions...
Deserializing functions...
Deserializing functions...
Deserializing functions...
Deserializing functions...
Deserializing functions...
Deserializing functions...
Deserializing functions...
Deserializing functions...
Deserializing functions...
Deserializing functions...
Deserializing functions...
Deserializing functions...
Deserializing functions...
Deserializing functions...
Deserializing functions...
Deserializing functions...
Deserializing functions...
Deserializing functions...
Deserializing functions...
Deserializing functions...
Deserializing functions...
Deserializing functions...
Deserializing functions...
Deserializing functions...
Deserializing functions...
Deserializing functions...
Deserializing functions...
Deserializing functions...
Deserializing functions...
Deserializing functions...
Deserializing functions...
Deserializing functions...
Deserializing functions...
Deserializing functions...
Deserializing functions...
Deserializing functions...
Deserializing functions...
Deserializing functions...
Deserializing functions...
Deserializing functions...
Deserializing functions...
Deserializing functions...
Deserializing functions...
Deserializing functions...
Deserializing functions...
Deserializing functions...
Deserializing functions...
Deserializing functions...
Deserializing functions...
Deserializing functions...
Deserializing functions...
Deserializing functions...
Deserializing functions...
Deserializing functions...
Deserializing functions...
Deserializing functions...
Deserializing functions...
Deserializing functions...
Deserializing functions...
Deserializing functions...
Deserializing functions...
Deserializing functions...
Deserializing functions...
Deserializing functions...
Deserializing functions...
Deserializing functions...
Deserializing functions...
Deserializing functions...
Deserializing functions...
Deserializing functions...
Deserializing functions...
Deserializing functions...
Deserializing functions...
Deserializing functions...
Deserializing functions...
Deserializing functions...
Deserializing functions...
Deserializing functions...
Deserializing functions...
Deserializing functions...
Deserializing functions...
Deserializing functions...
Deserializing functions...
Deserializing functions...
Deserializing functions...
Deserializing functions...
Deserializing functions...
Deserializing functions...
Deserializing functions...
Deserializing functions...
Deserializing functions...
Deserializing functions...
Deserializing functions...
Deserializing functions...
Deserializing functions...
Deserializing functions...
Deserializing functions...
Deserializing functions...
Deserializing functions...
Deserializing functions...
Deserializing functions...
Deserializing functions...
Deserializing functions...
Deserializing functions...
Deserializing functions...
Deserializing functions...
Deserializing functions...
Deserializing functions...
Deserializing functions...
Deserializing functions...
Deserializing functions...
Deserializing functions...
Deserializing functions...
Deserializing functions...
Deserializing functions...
Deserializing functions...
Deserializing functions...
Deserializing functions...
Deserializing functions...
Deserializing functions...
Deserializing functions...
Deserializing functions...
Deserializing functions...
Deserializing functions...
Deserializing functions...
Deserializing functions...
Deserializing functions...
Deserializing functions...
Deserializing functions...
Deserializing functions...
Deserializing functions...
Deserializing functions...
Deserializing functions...
Deserializing functions...
Deserializing functions...
Deserializing functions...
Deserializing functions...
Deserializing functions...
Deserializing functions...
Deserializing functions...
Deserializing functions...
Deserializing functions...
Deserializing functions...
Deserializing functions...
Deserializing functions...
Deserializing functions...
Deserializing functions...
Deserializing functions...
Deserializing functions...
Deserializing functions...
Deserializing functions...
Deserializing functions...
Deserializing functions...
Deserializing functions...
Deserializing functions...
Deserializing functions...
Deserializing functions...
Deserializing functions...
Deserializing functions...
Deserializing functions...
Deserializing functions...
Deserializing functions...
Deserializing functions...
Deserializing functions...
Deserializing functions...
Deserializing functions...
Deserializing functions...
Deserializing functions...
Deserializing functions...
Deserializing functions...
Deserializing functions...
Deserializing functions...
Deserializing functions...
Deserializing functions...
Deserializing functions...
Deserializing functions...
Deserializing functions...
Deserializing functions...
Deserializing functions...
Deserializing functions...
Deserializing functions...
Deserializing functions...
Deserializing functions...
Deserializing functions...
Deserializing functions...
Deserializing functions...
Deserializing functions...
Deserializing functions...
Deserializing functions...
Deserializing functions...
Deserializing functions...
Deserializing functions...
Deserializing functions...
Deserializing functions...
Deserializing functions...
Deserializing functions...
Deserializing functions...
Deserializing functions...
Deserializing functions...
Deserializing functions...
Deserializing functions...
Deserializing functions...
Deserializing functions...
Deserializing functions...
Deserializing functions...
Deserializing functions...
Deserializing functions...
Deserializing functions...
Deserializing functions...
Deserializing functions...
Deserializing functions...
Deserializing functions...
Deserializing functions...
Deserializing functions...
Deserializing functions...
Deserializing functions...
Deserializing functions...
Deserializing functions...
Deserializing functions...
Deserializing functions...
Deserializing functions...
Deserializing functions...
Deserializing functions...
Deserializing functions...
Deserializing functions...
Deserializing functions...
Deserializing functions...
Deserializing functions...
Deserializing functions...
Deserializing functions...
Deserializing functions...
Deserializing functions...
Deserializing functions...
Deserializing functions...
Deserializing functions...
Deserializing functions...
Deserializing functions...
Deserializing functions...
Deserializing functions...
Deserializing functions...
Deserializing functions...
Deserializing functions...
Deserializing functions...
Deserializing functions...
Deserializing functions...
Deserializing functions...
Deserializing functions...
Deserializing functions...
Deserializing functions...
Deserializing functions...
Deserializing functions...
Deserializing functions...
Deserializing functions...
Deserializing functions...
Deserializing functions...
Deserializing functions...
Deserializing functions...
Deserializing functions...
Deserializing functions...
Deserializing functions...
Deserializing functions...
Deserializing functions...
Deserializing functions...
Deserializing functions...
Deserializing functions...
Deserializing functions...
Deserializing functions...
Deserializing functions...
Deserializing functions...
Deserializing functions...
Deserializing functions...
Deserializing functions...
Deserializing functions...
Deserializing functions...
Deserializing functions...
Deserializing functions...
Deserializing functions...
Deserializing functions...
Deserializing functions...
Deserializing functions...
Deserializing functions...
Deserializing functions...
Deserializing functions...
Deserializing functions...
Deserializing functions...
Deserializing functions...
Deserializing functions...
Deserializing functions...
Deserializing functions...
Deserializing functions...
Deserializing functions...
Deserializing functions...
Deserializing functions...
Deserializing functions...
Deserializing functions...
Deserializing functions...
Deserializing functions...
Deserializing functions...
Deserializing functions...
Deserializing functions...
Deserializing functions...
Deserializing functions...
Deserializing functions...
Deserializing functions...
Deserializing functions...
Deserializing functions...
Deserializing functions...
Deserializing functions...
Deserializing functions...
Deserializing functions...
Deserializing functions...
Deserializing functions...
Deserializing functions...
Deserializing functions...
Deserializing functions...
Deserializing functions...
Deserializing functions...
Deserializing functions...
Deserializing functions...
Deserializing functions...
Deserializing functions...
Deserializing functions...
Deserializing functions...
Deserializing functions...
Deserializing functions...
Deserializing functions...
Deserializing functions...
Deserializing functions...
Deserializing functions...
Deserializing functions...
Deserializing functions...
Deserializing functions...
Deserializing functions...
Deserializing functions...
Deserializing functions...
Deserializing functions...
Deserializing functions...
Deserializing functions...
Deserializing functions...
Deserializing functions...
Deserializing functions...
Deserializing functions...
Deserializing functions...
Deserializing functions...
Deserializing functions...
Deserializing functions...
Deserializing functions...
Deserializing functions...
Deserializing functions...
Deserializing functions...
Deserializing functions...
Deserializing functions...
Deserializing functions...
Deserializing functions...
Deserializing functions...
Deserializing functions...
Deserializing functions...
Deserializing functions...
Deserializing functions...
Deserializing functions...
Deserializing functions...
Deserializing functions...
Deserializing functions...
Deserializing functions...
Deserializing functions...
Deserializing functions...
Deserializing functions...
Deserializing functions...
Deserializing functions...
Deserializing functions...
Deserializing functions...
Deserializing functions...
Deserializing functions...
Deserializing functions...
Deserializing functions...
Deserializing functions...
Deserializing functions...
Deserializing functions...
Deserializing functions...
Deserializing functions...
Deserializing functions...
Deserializing functions...
Deserializing functions...
Deserializing functions...
Deserializing functions...
Deserializing functions...
Deserializing functions...
Deserializing functions...
Deserializing functions...
Deserializing functions...
Deserializing functions...
Deserializing functions...
Deserializing functions...
Deserializing functions...
Deserializing functions...
Deserializing functions...
Deserializing functions...
Deserializing functions...
Deserializing functions...
Deserializing functions...
Deserializing functions...
Deserializing functions...
Deserializing functions...
Deserializing functions...
Deserializing functions...
Deserializing functions...
Deserializing functions...
Deserializing functions...
Deserializing functions...
Deserializing functions...
Deserializing functions...
Deserializing functions...
Deserializing functions...
Deserializing functions...
Deserializing functions...
Deserializing functions...
Deserializing functions...
Deserializing functions...
Deserializing functions...
Deserializing functions...
Deserializing functions...
Deserializing functions...
Deserializing functions...
Deserializing functions...
Deserializing functions...
Deserializing functions...
Deserializing functions...
Deserializing functions...
Deserializing functions...
Deserializing functions...
Deserializing functions...
Deserializing functions...
Deserializing functions...
Deserializing functions...
Deserializing functions...
Deserializing functions...
Deserializing functions...
Deserializing functions...
Deserializing functions...
Deserializing functions...
Deserializing functions...
Deserializing functions...
Deserializing functions...
Deserializing functions...
Deserializing functions...
Deserializing functions...
Deserializing functions...
Deserializing functions...
Deserializing functions...
Deserializing functions...
Deserializing functions...
Deserializing functions...
Deserializing functions...
Deserializing functions...
Deserializing functions...
Deserializing functions...
Deserializing functions...
Deserializing functions...
Deserializing functions...
Deserializing functions...
Deserializing functions...
Deserializing functions...
Deserializing functions...
Deserializing functions...
Deserializing functions...
Deserializing functions...
Deserializing functions...
Deserializing functions...
Deserializing functions...
Deserializing functions...
Deserializing functions...
Deserializing functions...
Deserializing functions...
Deserializing functions...
Deserializing functions...
Deserializing functions...
Deserializing functions...
Deserializing functions...
Deserializing functions...
Deserializing functions...
Deserializing functions...
Deserializing functions...
Deserializing functions...
Deserializing functions...
Deserializing functions...
Deserializing functions...
Deserializing data...
Deserializing data...
Deserializing data...
Deserializing data...
Deserializing data...
Deserializing data...
Deserializing data...
Deserializing data...
Deserializing data...
Deserializing data...
Deserializing externs...
Deserializing externs...
Deserializing externs...
Deserializing externs...
Deserializing externs...
Deserializing externs...
Deserializing externs...
Deserializing externs...
Deserializing externs...
Deserializing externs...
Deserializing externs...
Deserializing externs...
Deserializing externs...
Deserializing externs...
Deserializing externs...
Deserializing externs...
Deserializing externs...
Deserializing externs...
Deserializing externs...
Deserializing externs...
Deserializing externs...
Deserializing externs...
Deserializing externs...
Deserializing externs...
Deserializing externs...
Deserializing externs...
Deserializing externs...
Deserializing externs...
Deserializing externs...
Deserializing externs...
Deserializing externs...
Deserializing externs...
Deserializing externs...
Deserializing externs...
Deserializing externs...
Deserializing externs...
Deserializing externs...
Deserializing externs...
Deserializing externs...
Deserializing externs...
Deserializing externs...
Deserializing externs...
Deserializing externs...
Deserializing externs...
Deserializing externs...
Deserializing externs...
Deserializing externs...
Deserializing externs...
Deserializing externs...
Deserializing externs...
Deserializing externs...
Deserializing externs...
Deserializing externs...
Deserializing externs...
Deserializing externs...
Deserializing externs...
Deserializing externs...
Deserializing externs...
Deserializing externs...
Deserializing externs...
Deserializing externs...
Deserializing externs...
Deserializing externs...
Deserializing externs...
Deserializing externs...
Deserializing externs...
Deserializing externs...
Deserializing externs...
Deserializing externs...
Deserializing externs...
Deserializing externs...
Deserializing externs...
Deserializing externs...
Deserializing externs...
Deserializing externs...
Deserializing externs...
Deserializing externs...
Deserializing externs...
Deserializing externs...
Deserializing externs...
Deserializing externs...
Deserializing externs...
Deserializing externs...
Deserializing externs...
Deserializing externs...
Deserializing externs...
Deserializing externs...
Deserializing externs...
Deserializing externs...
Deserializing externs...
Deserializing externs...
Deserializing externs...
Deserializing externs...
Deserializing externs...
Deserializing externs...
Deserializing externs...
Deserializing externs...
Deserializing externs...
Deserializing externs...
Deserializing externs...
Deserializing externs...
Deserializing externs...
Deserializing externs...
Deserializing externs...
Deserializing externs...
Deserializing externs...
Deserializing externs...
Deserializing externs...
Deserializing externs...
Deserializing externs...
Deserializing externs...
Deserializing externs...
Deserializing externs...
Deserializing externs...
Deserializing externs...
Deserializing externs...
Deserializing externs...
Deserializing externs...
Deserializing externs...
Deserializing externs...
Deserializing externs...
Deserializing externs...
Deserializing externs...
Deserializing externs...
Deserializing externs...
Creating module...
Setting target...
Done setting target
Adding external funcs...
Adding external data...
Adding internal data...
Adding entry points...
Returning modue...
Setting initial triples...
Looking at entry points...
Already have driver for: main
Getting LLVM module...
Converting to LLVM...
Inserted function: sub_402a80
Inserted function: sub_402e00
Inserted function: sub_405940
Inserted function: sub_402f00
Inserted function: sub_402680
Inserted function: sub_406cc0
Inserted function: sub_41d040
Inserted function: sub_408b00
Inserted function: sub_41d140
Inserted function: sub_407480
Inserted function: sub_402240
Inserted function: sub_4073d0
Inserted function: sub_4087f0
Inserted function: sub_4028e0
Inserted function: sub_41cd30
Inserted function: sub_402310
Inserted function: sub_41cdb0
Inserted function: sub_4101c0
Inserted function: sub_405df0
Inserted function: sub_402200
Inserted function: sub_409e30
Inserted function: sub_402280
Inserted function: sub_40faa0
Inserted function: sub_416a00
Inserted function: sub_414700
Inserted function: sub_415f80
Inserted function: sub_41cc10
Inserted function: sub_416180
Inserted function: sub_4169a0
Inserted function: sub_417e20
Inserted function: sub_406eb0
Inserted function: sub_402790
Inserted function: sub_4170b0
Inserted function: sub_408430
Inserted function: sub_4132d0
Inserted function: sub_416ea0
Inserted function: sub_408f20
Inserted function: sub_414c40
Inserted function: sub_404641
Inserted function: sub_402780
Inserted function: sub_4137c0
Inserted function: sub_415c50
Inserted function: sub_416880
Inserted function: sub_414540
Inserted function: sub_414900
Inserted function: sub_41d120
Inserted function: sub_415050
Inserted function: sub_4171a0
Inserted function: sub_412670
Inserted function: sub_402e90
Inserted function: sub_404c60
Inserted function: sub_402610
Inserted function: sub_412460
Inserted function: sub_4059f0
Inserted function: sub_416940
Inserted function: sub_408670
Inserted function: sub_416970
Inserted function: sub_416d80
Inserted function: sub_415620
Inserted function: sub_416e80
Inserted function: sub_40fab0
Inserted function: sub_40b200
Inserted function: sub_40ed00
Inserted function: sub_402800
Inserted function: sub_402390
Inserted function: sub_40f440
Inserted function: sub_402490
Inserted function: sub_40f0c0
Inserted function: sub_402600
Inserted function: sub_416010
Inserted function: sub_405d70
Inserted function: sub_40f5d0
Inserted function: sub_410200
Inserted function: sub_406c20
Inserted function: sub_414fb0
Inserted function: sub_40e790
Inserted function: sub_402480
Inserted function: sub_406ae0
Inserted function: sub_412430
Inserted function: sub_40b630
Inserted function: sub_40eda0
Inserted function: sub_410a10
Inserted function: sub_40ba40
Inserted function: sub_412d60
Inserted function: sub_40eb90
Inserted function: sub_40c800
Inserted function: sub_40e600
Inserted function: sub_402880
Inserted function: sub_4084f0
Inserted function: sub_40d530
Inserted function: sub_40f450
Inserted function: sub_40c1e0
Inserted function: sub_40d630
Inserted function: sub_406a80
Inserted function: sub_4072a0
Inserted function: sub_409860
Inserted function: sub_402910
Inserted function: sub_410340
Inserted function: sub_4100d0
Inserted function: sub_402470
Inserted function: sub_4109f0
Inserted function: sub_406800
Inserted function: sub_406b40
Inserted function: sub_413ec0
Inserted function: sub_4146e0
Inserted function: sub_415310
Inserted function: sub_411b30
Inserted function: sub_417e80
Inserted function: sub_41c4c0
Inserted function: sub_4040c0
Inserted function: sub_4043d0
Inserted function: sub_412f20
Inserted function: sub_406040
Inserted function: sub_40bcb0
Inserted function: sub_4100c0
Inserted function: sub_414e90
Inserted function: sub_406960
Inserted function: sub_413f60
Inserted function: sub_40ea70
Inserted function: sub_416a60
Inserted function: sub_40db20
Inserted function: sub_415ca0
Inserted function: sub_408370
Inserted function: sub_414fa0
Inserted function: sub_412730
Inserted function: sub_415810
Inserted function: sub_402440
Inserted function: sub_413070
Inserted function: sub_4100b0
Inserted function: sub_4150f0
Inserted function: sub_414cb0
Inserted function: sub_416d60
Inserted function: sub_40f990
Inserted function: sub_4025f0
Inserted function: sub_4151f0
Inserted function: sub_412230
Inserted function: sub_4082b0
Inserted function: sub_4069c0
Inserted function: sub_405f20
Inserted function: sub_40a2c0
Inserted function: sub_41ce20
Inserted function: sub_413b90
Inserted function: sub_4143b0
Inserted function: sub_414bd0
Inserted function: sub_4093f0
Inserted function: sub_406020
Inserted function: sub_40f060
Inserted function: sub_40f460
Inserted function: sub_4108c0
Inserted function: sub_40d4f0
Inserted function: sub_416ad0
Inserted function: sub_417570
Inserted function: sub_40bd90
Inserted function: sub_4085b0
Inserted function: sub_414dd0
Inserted function: sub_405a00
Inserted function: sub_416630
Inserted function: sub_406e80
Inserted function: sub_413e90
Inserted function: sub_402320
Inserted function: sub_4108e0
Inserted function: sub_402ad0
Inserted function: sub_4117f0
Inserted function: sub_409c00
Inserted function: sub_4063b0
Inserted function: sub_4144a0
Inserted function: sub_4088b0
Inserted function: sub_4095e0
Inserted function: sub_416cf0
Inserted function: sub_40c740
Inserted function: sub_4109b0
Inserted function: sub_40cdc0
Inserted function: sub_4119f0
Inserted function: sub_402210
Inserted function: sub_416a30
Inserted function: sub_40be80
Inserted function: sub_40daf0
Inserted function: sub_412310
Inserted function: sub_402720
Inserted function: sub_415900
Inserted function: sub_416f80
Inserted function: sub_40c7a0
Inserted function: sub_415bf0
Inserted function: sub_40ccb0
Inserted function: sub_405cf0
Inserted function: sub_405f00
Inserted function: sub_417110
Inserted function: sub_40c180
Inserted function: sub_40c360
Inserted function: sub_406a20
Inserted function: sub_412140
Inserted function: sub_40cc50
Inserted function: sub_411ef0
Inserted function: sub_410320
Inserted function: sub_408730
Inserted function: sub_40d540
Inserted function: sub_40ec20
Inserted function: sub_416f60
Inserted function: sub_40dce0
Inserted function: sub_416910
Inserted function: sub_413130
Inserted function: sub_417330
Inserted function: sub_4059d0
Inserted function: sub_4061f0
Inserted function: sub_4031e0
Inserted function: sub_406e20
Inserted function: sub_40f640
Inserted function: sub_4156c0
Inserted function: sub_4022f0
Inserted function: sub_416f20
Inserted function: sub_416d40
Inserted function: sub_4025e0
Inserted function: sub_410780
Inserted function: sub_404d43
Inserted function: sub_405fe0
Inserted function: sub_412800
Inserted function: sub_404060
Inserted function: sub_40d750
Inserted function: sub_406900
Inserted function: sub_40eb70
Inserted function: sub_417150
Inserted function: sub_402330
Inserted function: sub_408a80
Inserted function: sub_416f40
Inserted function: sub_405f60
Inserted function: sub_408d60
Inserted function: sub_414b90
Inserted function: sub_409fd0
Inserted function: sub_4099b0
Inserted function: sub_411980
Inserted function: sub_406c60
Inserted function: sub_415090
Inserted function: sub_4118b0
Inserted function: sub_413520
Inserted function: sub_407570
Inserted function: sub_411600
Inserted function: sub_411000
Inserted function: sub_402700
Inserted function: sub_4027a0
Inserted function: sub_403370
Inserted function: sub_40de10
Inserted function: sub_4071c0
Inserted function: sub_402690
Inserted function: sub_402940
Inserted function: sub_4024b0
Inserted function: sub_402890
Inserted function: sub_402430
Inserted function: sub_40e160
Inserted function: sub_410c10
Inserted function: sub_402450
Inserted function: sub_410c60
Inserted function: sub_402510
Inserted function: sub_4133a0
Inserted function: sub_40dba0
Inserted function: sub_4028d0
Inserted function: sub_40dc80
Inserted function: sub_4026c0
Inserted function: sub_410cf0
Inserted function: sub_402550
Inserted function: sub_4118a0
Inserted function: sub_4026b0
Inserted function: sub_412ac0
Inserted function: sub_411120
Inserted function: sub_4080d0
Inserted function: sub_4128d0
Inserted function: sub_4118f0
Inserted function: sub_40e300
Inserted function: sub_411880
Inserted function: sub_410d10
Inserted function: sub_408180
Inserted function: sub_407650
Inserted function: sub_402920
Inserted function: sub_410ca0
Inserted function: sub_407330
Inserted function: sub_4027e0
Inserted function: sub_411360
Inserted function: sub_411490
Inserted function: sub_4027f0
Inserted function: sub_408970
Inserted function: sub_402740
Inserted function: sub_4022d0
Inserted function: sub_413e40
Inserted function: sub_41ce80
Inserted function: sub_415ab0
Inserted function: sub_4162d0
Inserted function: sub_4026e0
Inserted function: sub_416f00
Inserted function: sub_40f720
Inserted function: sub_417380
Inserted function: sub_414d40
Inserted function: sub_4057a0
Inserted function: sub_40c040
Inserted function: sub_4066e0
Inserted function: sub_40e4d0
Inserted function: sub_4168e0
Inserted function: sub_403da0
Inserted function: sub_416b90
Inserted function: sub_415180
Inserted function: sub_4025d0
Inserted function: sub_414240
Inserted function: sub_40daa0
Inserted function: sub_4022c0
Inserted function: sub_412ef0
Inserted function: sub_4031a0
Inserted function: sub_4058f0
Inserted function: sub_405ba0
Inserted function: sub_4024c0
Inserted function: sub_40b910
Inserted function: sub_413d20
Inserted function: sub_4071b0
Inserted function: sub_4169d0
Inserted function: sub_4031f0
Inserted function: sub_404110
Inserted function: sub_40f910
Inserted function: sub_416ee0
Inserted function: sub_413b10
Inserted function: sub_4131c0
Inserted function: sub_4174a0
Inserted function: sub_405fa0
Inserted function: sub_410610
Inserted function: sub_408020
Inserted function: sub_406b50
Inserted function: sub_4025a0
Inserted function: sub_405880
Inserted function: sub_4124b0
Inserted function: sub_40a350
Inserted function: sub_4173d0
Inserted function: sub_415d90
Inserted function: sub_4065b0
Inserted function: sub_402dd0
Inserted function: sub_414420
Inserted function: sub_4022a0
Inserted function: sub_40b2e0
Inserted function: sub_41c3e0
Inserted function: sub_417050
Inserted function: sub_4027b0
Inserted function: sub_40f7f0
Inserted function: sub_404420
Inserted function: sub_402950
Inserted function: sub_415870
Inserted function: sub_405c80
Inserted function: sub_4024a0
Inserted function: sub_408110
Inserted function: sub_416ff0
Inserted function: sub_40dd80
Inserted function: sub_4125a0
Inserted function: sub_4071d0
Inserted function: sub_414650
Inserted function: sub_413e00
Inserted function: sub_408a30
Inserted function: sub_415660
Inserted function: sub_416ec0
Inserted function: sub_41baf0
Inserted function: sub_41ca00
Inserted function: sub_419e00
Inserted function: sub_418920
Inserted function: sub_41aaa0
Inserted function: sub_41b220
Inserted function: sub_403fb0
Inserted function: sub_41b3c0
Inserted function: sub_419030
Inserted function: sub_418430
Inserted function: sub_402400
Inserted function: sub_402500
Inserted function: sub_402590
Inserted function: sub_402290
Inserted function: sub_417fb0
Inserted function: sub_418550
Inserted function: sub_41a270
Inserted function: sub_41b2b0
Inserted function: sub_418700
Inserted function: sub_402840
Inserted function: sub_405d60
Inserted function: sub_419020
Inserted function: sub_41ac90
Inserted function: sub_4180e0
Inserted function: sub_402250
Inserted function: sub_402570
Inserted function: sub_41b6b0
Inserted function: sub_403e60
Inserted function: sub_418510
Inserted function: sub_418c00
Inserted function: sub_419270
Inserted function: sub_402970
Inserted function: sub_41a250
Inserted function: sub_403ab0
Inserted function: sub_41b480
Inserted function: sub_4021c0
Inserted function: sub_419820
Inserted function: sub_418e90
Inserted function: sub_41b180
Inserted function: sub_41aa60
Inserted function: sub_417ea0
Inserted function: sub_402670
Inserted function: sub_4187d0
Inserted function: sub_419c20
Inserted function: sub_419910
Inserted function: sub_41a130
Inserted function: sub_403eb0
Inserted function: sub_41b680
Inserted function: sub_403ec0
Inserted function: sub_419520
Inserted function: sub_403fa0
Inserted function: sub_41a840
Inserted function: sub_419900
Inserted function: sub_4184d0
Inserted function: sub_4185b0
Inserted function: sub_41a220
Inserted function: sub_402ee0
Inserted function: sub_4189d0
Inserted function: sub_41a830
Inserted function: sub_41a110
Inserted function: sub_402930
Inserted function: sub_41a0f0
Inserted function: sub_4192d0
Inserted function: sub_402300
Inserted function: sub_402980
Inserted function: sub_4188a0
Inserted function: sub_41a510
Inserted function: sub_41a920
Inserted function: sub_417f10
Inserted function: sub_418690
Inserted function: sub_41ab20
Inserted function: sub_403f20
Inserted function: sub_41b130
Inserted function: sub_418b50
Inserted function: sub_402270
Inserted function: sub_418480
Inserted function: sub_402730
Inserted function: sub_418580
Inserted function: sub_4191b0
Inserted function: sub_4021f0
Inserted function: sub_419ee0
Inserted function: sub_417f50
Inserted function: sub_4022e0
Inserted function: sub_4193b0
Inserted function: sub_4023f0
Inserted function: sub_418770
Inserted function: sub_4024f0
Inserted function: sub_41b350
Inserted function: sub_4021e0
Inserted function: sub_41a2e0
Inserted function: sub_402560
Inserted function: sub_418990
Inserted function: sub_4023e0
Inserted function: sub_41ac00
Inserted function: sub_419090
Inserted function: sub_41a0d0
Inserted function: sub_4028f0
Inserted function: sub_419170
Inserted function: sub_419190
Inserted function: sub_4021d0
Inserted function: sub_402540
Inserted function: sub_402580
Inserted function: sub_419040
Inserted function: sub_4023d0
Inserted function: sub_419490
Inserted function: sub_419cb0
Inserted function: sub_4024d0
Inserted function: sub_41b190
Inserted function: sub_419590
Inserted function: sub_418a60
Inserted function: sub_4026d0
Inserted function: sub_41aef0
Inserted function: sub_417f30
Inserted function: sub_418fa0
Inserted function: sub_41acf0
Inserted function: sub_41a3c0
Inserted function: sub_419db0
Inserted function: sub_41a9d0
Inserted function: sub_41b1c0
Inserted function: sub_41a3a0
Inserted function: sub_402190
Inserted function: sub_4027c0
Inserted function: sub_41b0e0
Inserted function: sub_418530
Inserted function: sub_4185d0
Inserted function: sub_419160
Inserted function: sub_419d20
Inserted function: sub_4191e0
Inserted function: sub_419450
Inserted function: sub_4023a0
Inserted function: sub_41abc0
Inserted function: sub_418830
Inserted function: sub_4028b0
Inserted function: sub_40dded
Inserted function: sub_402360
Inserted function: sub_402770
Inserted function: sub_4189f0
Inserted function: sub_4026a0
Inserted function: sub_41a190
Inserted function: sub_419e80
Inserted function: sub_41a6a0
Inserted function: sub_41b6e0
Inserted function: sub_404050
Inserted function: sub_410720
Inserted function: sub_402410
Inserted function: sub_419240
Inserted function: sub_402420
Inserted function: sub_4021b0
Inserted function: sub_402380
Inserted function: sub_402630
Inserted function: sub_41ada0
Inserted function: sub_4023c0
Inserted function: sub_410b30
Inserted function: sub_402640
Inserted function: sub_410960
Inserted function: sub_402650
Inserted function: sub_402260
Inserted function: sub_418c60
Inserted function: sub_402710
Inserted function: sub_402870
Inserted function: sub_4041d0
Inserted function: sub_419620
Inserted function: sub_402660
Inserted function: sub_402350
Inserted function: sub_4028c0
Inserted function: sub_402860
Inserted function: sub_402760
Inserted function: sub_402960
Inserted function: sub_402750
Inserted function: sub_402370
Inserted function: sub_402850
Inserted function: sub_402230
Inserted function: sub_402620
Inserted function: sub_4109c0
Inserted function: sub_402220
Inserted function: sub_4023b0
Inserted function: sub_4024e0
Inserted function: sub_4027d0
Inserted function: sub_4026f0
Inserted function: sub_402900
Inserted function: sub_411e80
Inserted function: sub_402820
Inserted function: sub_402520
Inserted function: sub_402830
Inserted function: sub_402810
Inserted function: sub_4025b0
Inserted function: sub_402530
Inserted function: sub_413b60
Inserted function: sub_408b80
Inserted function: sub_4021a0
Inserted function: sub_4025c0
Inserted function: sub_4028a0
inserting global data section named data_0x41d1e0
inserting global data section named data_0x41fb8c
inserting global data section named data_0x420ab8
inserting global data section named data_0x624de0
inserting global data section named data_0x624de8
inserting global data section named data_0x624df0
inserting global data section named data_0x624ff8
inserting global data section named data_0x625000
inserting global data section named data_0x625420
inserting global data section named data_0x6254d0
dataSectionToTypesContents : 41d1e0 29ab
10667
dataSectionToTypesContents : 41fb8c f2c
3884
dataSectionToTypesContents : 420ab8 4124
16676
dataSectionToTypesContents : 624de0 8
8
dataSectionToTypesContents : 624de8 8
8
dataSectionToTypesContents : 624df0 8
8
dataSectionToTypesContents : 624ff8 8
8
dataSectionToTypesContents : 625000 418
1048
dataSectionToTypesContents : 625420 a8
168
dataSectionToTypesContents : 6254d0 418
1048
shouldSubtractImageBase: Not on Win32
translate_MOV64mi32: Other reloc
shouldSubtractImageBase: Not on Win32
shouldSubtractImageBase: Not on Win32
shouldSubtractImageBase: Not on Win32
shouldSubtractImageBase: Not on Win32
shouldSubtractImageBase: Not on Win32
shouldSubtractImageBase: Not on Win32
shouldSubtractImageBase: Not on Win32
shouldSubtractImageBase: Not on Win32
shouldSubtractImageBase: Not on Win32
shouldSubtractImageBase: Not on Win32
shouldSubtractImageBase: Not on Win32
shouldSubtractImageBase: Not on Win32
shouldSubtractImageBase: Not on Win32
shouldSubtractImageBase: Not on Win32
shouldSubtractImageBase: Not on Win32
shouldSubtractImageBase: Not on Win32
shouldSubtractImageBase: Not on Win32
doCallPCtarget address : 402ad0
doCallPCtarget address : 402dd0
doCallPCtarget address : 402e00
doCallPCtarget address : 407570
doCallPCtarget address : 4071b0
doCallPCtarget address : 4101c0
doCallPCtarget address : 4058f0
doCallPCtarget address : 4024c0
doCallPCtarget address : 4117f0
doCallPCtarget address : 405940
doCallPCtarget address : 4025e0
doCallPCtarget address : 4071b0
doCallPCtarget address : 4101c0
doCallPCtarget address : 4058f0
doCallPCtarget address : 40faa0
doCallPCtarget address : 41d040
doCallPCtarget address : 41baf0
!!!WARNING WARNING WARNING!!!
	Assuming all callbacks are to translated code!!!
doCallPCtarget address : 408370
doCallPCtarget address : 4024c0
doCallPCtarget address : 4117f0
doCallPCtarget address : 405940
doCallPCtarget address : 402320
doCallPCtarget address : 4028e0
doCallPCtarget address : 402310
doCallPCtarget address : 4024c0
doCallPCtarget address : 4031f0
doCallPCtarget address : 402310
doCallPCtarget address : 402610
doCallPCtarget address : 410320
doCallPCtarget address : 402ad0
doCallPCtarget address : 402610
doCallPCtarget address : 4022c0
doCallPCtarget address : 4022c0
doCallPCtarget address : 41c4c0
doCallPCtarget address : 41c4c0
doCallPCExtern paramCount  : 12 : printf
12 : 2966780
shouldSubtractImageBase: Not on Win32
shouldSubtractImageBase: Not on Win32
shouldSubtractImageBase: Not on Win32
shouldSubtractImageBase: Not on Win32
translate_MOV64mi32: Other reloc
shouldSubtractImageBase: Not on Win32
shouldSubtractImageBase: Not on Win32
shouldSubtractImageBase: Not on Win32
shouldSubtractImageBase: Not on Win32
shouldSubtractImageBase: Not on Win32
shouldSubtractImageBase: Not on Win32
shouldSubtractImageBase: Not on Win32
shouldSubtractImageBase: Not on Win32
translate_MOV64mi32: Other reloc
shouldSubtractImageBase: Not on Win32
shouldSubtractImageBase: Not on Win32
shouldSubtractImageBase: Not on Win32
shouldSubtractImageBase: Not on Win32
shouldSubtractImageBase: Not on Win32
translate_MOV64mi32: Other reloc
shouldSubtractImageBase: Not on Win32
shouldSubtractImageBase: Not on Win32
shouldSubtractImageBase: Not on Win32
shouldSubtractImageBase: Not on Win32
doCallPCtarget address : 405df0
doCallPCtarget address : 402f00
doCallPCtarget address : 4022c0
doCallPCtarget address : 402f00
doCallPCtarget address : 402280
doCallPCtarget address : 4022f0
!!!WARNING WARNING WARNING!!!
	Assuming all callbacks are to translated code!!!
doCallPCtarget address : 402680
doCallPCtarget address : 406cc0
doCallPCtarget address : 402200
doCallPCtarget address : 402200
doCallPCtarget address : 4027b0
doCallPCtarget address : 4027b0
doCallPCtarget address : 4024c0
doCallPCtarget address : 4117f0
doCallPCtarget address : 405df0
doCallPCtarget address : 402f00
doCallPCExtern paramCount  : 2 : signal
2 : 2966780
shouldSubtractImageBase: Not on Win32
shouldSubtractImageBase: Not on Win32
shouldSubtractImageBase: Not on Win32
shouldSubtractImageBase: Not on Win32
shouldSubtractImageBase: Not on Win32
shouldSubtractImageBase: Not on Win32
shouldSubtractImageBase: Not on Win32
shouldSubtractImageBase: Not on Win32
shouldSubtractImageBase: Not on Win32
shouldSubtractImageBase: Not on Win32
shouldSubtractImageBase: Not on Win32
shouldSubtractImageBase: Not on Win32
shouldSubtractImageBase: Not on Win32
shouldSubtractImageBase: Not on Win32
shouldSubtractImageBase: Not on Win32
shouldSubtractImageBase: Not on Win32
shouldSubtractImageBase: Not on Win32
shouldSubtractImageBase: Not on Win32
shouldSubtractImageBase: Not on Win32
shouldSubtractImageBase: Not on Win32
shouldSubtractImageBase: Not on Win32
shouldSubtractImageBase: Not on Win32
shouldSubtractImageBase: Not on Win32
shouldSubtractImageBase: Not on Win32
shouldSubtractImageBase: Not on Win32
shouldSubtractImageBase: Not on Win32
doCallPCtarget address : 402f00
doCallPCtarget address : 402f00
doCallPCtarget address : 402f00
doCallPCtarget address : 405df0
doCallPCtarget address : 402f00
doCallPCtarget address : 408b00
!!!WARNING WARNING WARNING!!!
	Assuming all callbacks are to translated code!!!
!!!WARNING WARNING WARNING!!!
	Assuming all callbacks are to translated code!!!
doCallPCtarget address : 408020
doCallPCtarget address : 4073d0
doCallPCtarget address : 4058f0
doCallPCtarget address : 4073d0
doCallPCtarget address : 4073d0
!!!WARNING WARNING WARNING!!!
	Assuming all callbacks are to translated code!!!
doCallPCtarget address : 408110
!!!WARNING WARNING WARNING!!!
	Assuming all callbacks are to translated code!!!
doCallPCtarget address : 40a2c0
!!!WARNING WARNING WARNING!!!
	Assuming all callbacks are to translated code!!!
doCallPCtarget address : 4088b0
!!!WARNING WARNING WARNING!!!
	Assuming all callbacks are to translated code!!!
doCallPCtarget address : 4087f0
doCallPCtarget address : 4071b0
doCallPCtarget address : 4071b0
doCallPCtarget address : 4058f0
doCallPCtarget address : 402f00
doCallPCtarget address : 407480
doCallPCtarget address : 407480
doCallPCtarget address : 402320
doCallPCtarget address : 402f00
doCallPC: Adding Unreachable Instruction to local noreturn
shouldSubtractImageBase: Not on Win32
shouldSubtractImageBase: Not on Win32
doCallPCtarget address : 402240
doCallPCtarget address : 402f00
doCallPCtarget address : 402f00
doCallPCExtern paramCount  : 3 : memset
3 : 2966780
shouldSubtractImageBase: Not on Win32
shouldSubtractImageBase: Not on Win32
shouldSubtractImageBase: Not on Win32
shouldSubtractImageBase: Not on Win32
shouldSubtractImageBase: Not on Win32
shouldSubtractImageBase: Not on Win32
shouldSubtractImageBase: Not on Win32
doCallPCtarget address : 406eb0
doCallPCtarget address : 402320
doCallPCtarget address : 402f00
doCallPCtarget address : 406eb0
doCallPCtarget address : 405df0
doCallPCtarget address : 402f00
doCallPCtarget address : 402f00
doCallPCExtern paramCount  : 3 : memcpy
3 : 2966780
doCallPCtarget address : 405f20
doCallPCtarget address : 41cc10
doCallPCtarget address : 405f60
doCallPCExtern paramCount  : 3 : strncmp
3 : 2966780
shouldSubtractImageBase: Not on Win32
shouldSubtractImageBase: Not on Win32
shouldSubtractImageBase: Not on Win32
translate_MOV64mi32: Other reloc
translate_MOV64mi32: Other reloc
translate_MOV64mi32: Other reloc
shouldSubtractImageBase: Not on Win32
shouldSubtractImageBase: Not on Win32
translate_MOV64mi32: Other reloc
shouldSubtractImageBase: Not on Win32
shouldSubtractImageBase: Not on Win32
translate_MOV64mi32: Other reloc
shouldSubtractImageBase: Not on Win32
shouldSubtractImageBase: Not on Win32
shouldSubtractImageBase: Not on Win32
shouldSubtractImageBase: Not on Win32
shouldSubtractImageBase: Not on Win32
shouldSubtractImageBase: Not on Win32
shouldSubtractImageBase: Not on Win32
shouldSubtractImageBase: Not on Win32
shouldSubtractImageBase: Not on Win32
shouldSubtractImageBase: Not on Win32
shouldSubtractImageBase: Not on Win32
shouldSubtractImageBase: Not on Win32
shouldSubtractImageBase: Not on Win32
shouldSubtractImageBase: Not on Win32
translate_MOV64mi32: Other reloc
shouldSubtractImageBase: Not on Win32
translate_MOV64mi32: Other reloc
shouldSubtractImageBase: Not on Win32
shouldSubtractImageBase: Not on Win32
shouldSubtractImageBase: Not on Win32
shouldSubtractImageBase: Not on Win32
shouldSubtractImageBase: Not on Win32
shouldSubtractImageBase: Not on Win32
shouldSubtractImageBase: Not on Win32
shouldSubtractImageBase: Not on Win32
shouldSubtractImageBase: Not on Win32
shouldSubtractImageBase: Not on Win32
shouldSubtractImageBase: Not on Win32
shouldSubtractImageBase: Not on Win32
shouldSubtractImageBase: Not on Win32
shouldSubtractImageBase: Not on Win32
shouldSubtractImageBase: Not on Win32
Unsupported!
408e76 	mulq	%rdx
1729
translate_MOV64mi32: Other reloc
shouldSubtractImageBase: Not on Win32
shouldSubtractImageBase: Not on Win32
shouldSubtractImageBase: Not on Win32
shouldSubtractImageBase: Not on Win32
shouldSubtractImageBase: Not on Win32
shouldSubtractImageBase: Not on Win32
translate_MOV64mi32: Other reloc
shouldSubtractImageBase: Not on Win32
shouldSubtractImageBase: Not on Win32
shouldSubtractImageBase: Not on Win32
shouldSubtractImageBase: Not on Win32
shouldSubtractImageBase: Not on Win32
doJumpTableViaSwitch: Doing jumpt table via switch
shouldSubtractImageBase: Not on Win32
doCallPCtarget address : 405f20
doCallPCtarget address : 402f00
doCallPCtarget address : 405f60
doCallPCtarget address : 408f20
doCallPCtarget address : 402f00
doCallPCtarget address : 408d60
doCallPCtarget address : 402f00
doCallPCtarget address : 404420
doCallPCtarget address : 402f00
doCallPCtarget address : 4022c0
doCallPCtarget address : 402f00
doCallPCtarget address : 402280
doCallPCtarget address : 402f00
doCallPCtarget address : 4022f0
!!!WARNING WARNING WARNING!!!
	Assuming all callbacks are to translated code!!!
doCallPCtarget address : 402680
doCallPCtarget address : 406cc0
doCallPCtarget address : 402200
doCallPCtarget address : 402200
doCallPCtarget address : 402320
doCallPCtarget address : 4027b0
doCallPCtarget address : 402f00
doCallPCtarget address : 402200
doCallPCtarget address : 406cc0
doCallPCtarget address : 402320
doCallPCtarget address : 404420
doCallPCtarget address : 4027b0
doCallPCtarget address : 4024c0
doCallPCtarget address : 4117f0
doCallPCtarget address : 402f00
doCallPCtarget address : 402f00
doCallPCtarget address : 402240
doCallPCtarget address : 402f00
doCallPCtarget address : 406cc0
doCallPCtarget address : 402f00
doCallPCtarget address : 405df0
doCallPCtarget address : 402f00
doCallPCtarget address : 402f00
doCallPCtarget address : 402f00
doCallPCtarget address : 402f00
doCallPCtarget address : 404420
doCallPCtarget address : 404d43
doCallPC: Adding Unreachable Instruction to local noreturn
doCallPCtarget address : 409e30
doCallPCtarget address : 404c60
doCallPC: Adding Unreachable Instruction to local noreturn
doCallPCtarget address : 404641
doCallPC: Adding Unreachable Instruction to local noreturn
shouldSubtractImageBase: Not on Win32
shouldSubtractImageBase: Not on Win32
shouldSubtractImageBase: Not on Win32
shouldSubtractImageBase: Not on Win32
shouldSubtractImageBase: Not on Win32
shouldSubtractImageBase: Not on Win32
shouldSubtractImageBase: Not on Win32
shouldSubtractImageBase: Not on Win32
shouldSubtractImageBase: Not on Win32
shouldSubtractImageBase: Not on Win32
shouldSubtractImageBase: Not on Win32
shouldSubtractImageBase: Not on Win32
doJumpTableViaSwitch: Doing jumpt table via switch
shouldSubtractImageBase: Not on Win32
shouldSubtractImageBase: Not on Win32
shouldSubtractImageBase: Not on Win32
shouldSubtractImageBase: Not on Win32
shouldSubtractImageBase: Not on Win32
shouldSubtractImageBase: Not on Win32
shouldSubtractImageBase: Not on Win32
shouldSubtractImageBase: Not on Win32
shouldSubtractImageBase: Not on Win32
shouldSubtractImageBase: Not on Win32
shouldSubtractImageBase: Not on Win32
shouldSubtractImageBase: Not on Win32
shouldSubtractImageBase: Not on Win32
shouldSubtractImageBase: Not on Win32
shouldSubtractImageBase: Not on Win32
shouldSubtractImageBase: Not on Win32
shouldSubtractImageBase: Not on Win32
shouldSubtractImageBase: Not on Win32
shouldSubtractImageBase: Not on Win32
shouldSubtractImageBase: Not on Win32
shouldSubtractImageBase: Not on Win32
shouldSubtractImageBase: Not on Win32
shouldSubtractImageBase: Not on Win32
shouldSubtractImageBase: Not on Win32
shouldSubtractImageBase: Not on Win32
shouldSubtractImageBase: Not on Win32
shouldSubtractImageBase: Not on Win32
shouldSubtractImageBase: Not on Win32
shouldSubtractImageBase: Not on Win32
shouldSubtractImageBase: Not on Win32
shouldSubtractImageBase: Not on Win32
shouldSubtractImageBase: Not on Win32
shouldSubtractImageBase: Not on Win32
shouldSubtractImageBase: Not on Win32
shouldSubtractImageBase: Not on Win32
shouldSubtractImageBase: Not on Win32
shouldSubtractImageBase: Not on Win32
shouldSubtractImageBase: Not on Win32
shouldSubtractImageBase: Not on Win32
shouldSubtractImageBase: Not on Win32
shouldSubtractImageBase: Not on Win32
shouldSubtractImageBase: Not on Win32
shouldSubtractImageBase: Not on Win32
shouldSubtractImageBase: Not on Win32
shouldSubtractImageBase: Not on Win32
shouldSubtractImageBase: Not on Win32
shouldSubtractImageBase: Not on Win32
shouldSubtractImageBase: Not on Win32
shouldSubtractImageBase: Not on Win32
shouldSubtractImageBase: Not on Win32
shouldSubtractImageBase: Not on Win32
shouldSubtractImageBase: Not on Win32
shouldSubtractImageBase: Not on Win32
shouldSubtractImageBase: Not on Win32
shouldSubtractImageBase: Not on Win32
shouldSubtractImageBase: Not on Win32
shouldSubtractImageBase: Not on Win32
shouldSubtractImageBase: Not on Win32
shouldSubtractImageBase: Not on Win32
shouldSubtractImageBase: Not on Win32
shouldSubtractImageBase: Not on Win32
shouldSubtractImageBase: Not on Win32
shouldSubtractImageBase: Not on Win32
shouldSubtractImageBase: Not on Win32
shouldSubtractImageBase: Not on Win32
shouldSubtractImageBase: Not on Win32
shouldSubtractImageBase: Not on Win32
doCallPCtarget address : 404420
doCallPCtarget address : 404420
doCallPCtarget address : 404420
doCallPCtarget address : 404420
doCallPCtarget address : 404420
doCallPCtarget address : 404420
doCallPCtarget address : 405df0
doCallPCtarget address : 402f00
doCallPCtarget address : 404420
doCallPCtarget address : 402f00
doCallPCtarget address : 404420
doCallPCtarget address : 402f00
doCallPCtarget address : 404420
doCallPCtarget address : 402f00
doCallPCtarget address : 404420
doCallPCtarget address : 402f00
doCallPCtarget address : 404420
doCallPCtarget address : 402f00
doCallPCtarget address : 402f00
doCallPCtarget address : 404420
doCallPCtarget address : 404420
doCallPCtarget address : 404420
doCallPCtarget address : 404420
doCallPCtarget address : 409e30
doCallPCtarget address : 409e30
doCallPCtarget address : 402f00
doCallPCtarget address : 404420
doCallPCtarget address : 402f00
doCallPCtarget address : 402f00
doCallPCtarget address : 402f00
doCallPCtarget address : 402f00
doCallPCtarget address : 404420
doCallPCtarget address : 404420
doCallPCtarget address : 404420
doCallPCtarget address : 405df0
doCallPCtarget address : 402f00
doCallPCtarget address : 402f00
doCallPCtarget address : 404420
doCallPCtarget address : 404420
doCallPCtarget address : 402f00
doCallPCtarget address : 405df0
doCallPCtarget address : 402f00
doCallPCtarget address : 402f00
doCallPCtarget address : 402f00
doCallPCtarget address : 402f00
doCallPCtarget address : 404420
doCallPCtarget address : 402f00
doCallPCtarget address : 404420
doCallPCtarget address : 404420
doCallPCtarget address : 402f00
doCallPCtarget address : 402f00
doCallPCtarget address : 405df0
doCallPCtarget address : 402f00
doCallPCtarget address : 402f00
doCallPCtarget address : 404420
doCallPCtarget address : 402f00
doCallPCtarget address : 405df0
doCallPCtarget address : 402f00
doCallPCtarget address : 405df0
doCallPCtarget address : 402f00
doCallPCtarget address : 404420
doCallPCtarget address : 402f00
doCallPCtarget address : 404420
doCallPCtarget address : 402f00
doCallPCtarget address : 402f00
doCallPCtarget address : 402f00
doCallPCtarget address : 402f00
doCallPCtarget address : 405df0
doCallPCtarget address : 402f00
doCallPCtarget address : 405df0
doCallPCtarget address : 402f00
doCallPCtarget address : 405df0
doCallPCtarget address : 402f00
doCallPCtarget address : 402f00
doCallPCtarget address : 404420
doCallPCtarget address : 405df0
doCallPCtarget address : 402f00
Failure to convert to LLVM module!
Saved bitcode to /home/ed/mcsema-testing/SANDBOX/test-2015-12-21_15-36-50/MultiSource/Applications/siod/Output/siod.simple.mcsema/siod.simple.mcsema/siod.simple.bc
