Looking up target...
Reading module ...
 TT x86-64 : x86_64-unknown-unknown 
Deserializing functions...
Deserializing functions...
Deserializing functions...
Deserializing functions...
Deserializing functions...
Deserializing functions...
Deserializing functions...
Deserializing functions...
Deserializing functions...
Deserializing functions...
Deserializing functions...
Deserializing functions...
Deserializing functions...
Deserializing functions...
Deserializing functions...
Deserializing functions...
Deserializing functions...
Deserializing functions...
Deserializing functions...
Deserializing functions...
Deserializing functions...
Deserializing functions...
Deserializing functions...
Deserializing functions...
Deserializing functions...
Deserializing functions...
Deserializing functions...
Deserializing functions...
Deserializing functions...
Deserializing functions...
Deserializing functions...
Deserializing functions...
Deserializing functions...
Deserializing functions...
Deserializing functions...
Deserializing functions...
Deserializing functions...
Deserializing functions...
Deserializing functions...
Deserializing functions...
Deserializing functions...
Deserializing functions...
Deserializing functions...
Deserializing functions...
Deserializing functions...
Deserializing functions...
Deserializing functions...
Deserializing functions...
Deserializing functions...
Deserializing functions...
Deserializing functions...
Deserializing functions...
Deserializing functions...
Deserializing functions...
Deserializing functions...
Deserializing functions...
Deserializing functions...
Deserializing functions...
Deserializing functions...
Deserializing functions...
Deserializing functions...
Deserializing functions...
Deserializing functions...
Deserializing functions...
Deserializing functions...
Deserializing functions...
Deserializing functions...
Deserializing functions...
Deserializing functions...
Deserializing functions...
Deserializing functions...
Deserializing functions...
Deserializing functions...
Deserializing functions...
Deserializing functions...
Deserializing functions...
Deserializing functions...
Deserializing functions...
Deserializing functions...
Deserializing functions...
Deserializing functions...
Deserializing functions...
Deserializing functions...
Deserializing functions...
Deserializing functions...
Deserializing functions...
Deserializing functions...
Deserializing functions...
Deserializing functions...
Deserializing functions...
Deserializing functions...
Deserializing functions...
Deserializing functions...
Deserializing functions...
Deserializing functions...
Deserializing functions...
Deserializing functions...
Deserializing functions...
Deserializing functions...
Deserializing functions...
Deserializing functions...
Deserializing functions...
Deserializing functions...
Deserializing functions...
Deserializing functions...
Deserializing functions...
Deserializing functions...
Deserializing functions...
Deserializing functions...
Deserializing functions...
Deserializing functions...
Deserializing functions...
Deserializing functions...
Deserializing functions...
Deserializing functions...
Deserializing functions...
Deserializing functions...
Deserializing functions...
Deserializing functions...
Deserializing functions...
Deserializing functions...
Deserializing functions...
Deserializing functions...
Deserializing functions...
Deserializing functions...
Deserializing functions...
Deserializing functions...
Deserializing functions...
Deserializing functions...
Deserializing functions...
Deserializing functions...
Deserializing functions...
Deserializing functions...
Deserializing functions...
Deserializing functions...
Deserializing functions...
Deserializing functions...
Deserializing functions...
Deserializing functions...
Deserializing functions...
Deserializing functions...
Deserializing functions...
Deserializing functions...
Deserializing functions...
Deserializing functions...
Deserializing functions...
Deserializing functions...
Deserializing functions...
Deserializing functions...
Deserializing functions...
Deserializing functions...
Deserializing functions...
Deserializing functions...
Deserializing functions...
Deserializing functions...
Deserializing functions...
Deserializing functions...
Deserializing functions...
Deserializing functions...
Deserializing functions...
Deserializing functions...
Deserializing functions...
Deserializing functions...
Deserializing functions...
Deserializing functions...
Deserializing functions...
Deserializing functions...
Deserializing functions...
Deserializing functions...
Deserializing functions...
Deserializing functions...
Deserializing functions...
Deserializing functions...
Deserializing functions...
Deserializing functions...
Deserializing functions...
Deserializing functions...
Deserializing functions...
Deserializing functions...
Deserializing functions...
Deserializing functions...
Deserializing functions...
Deserializing functions...
Deserializing functions...
Deserializing functions...
Deserializing functions...
Deserializing functions...
Deserializing functions...
Deserializing functions...
Deserializing functions...
Deserializing functions...
Deserializing functions...
Deserializing functions...
Deserializing functions...
Deserializing functions...
Deserializing functions...
Deserializing functions...
Deserializing functions...
Deserializing functions...
Deserializing functions...
Deserializing functions...
Deserializing functions...
Deserializing functions...
Deserializing functions...
Deserializing functions...
Deserializing functions...
Deserializing functions...
Deserializing functions...
Deserializing functions...
Deserializing functions...
Deserializing functions...
Deserializing functions...
Deserializing functions...
Deserializing functions...
Deserializing functions...
Deserializing functions...
Deserializing functions...
Deserializing functions...
Deserializing functions...
Deserializing functions...
Deserializing functions...
Deserializing functions...
Deserializing functions...
Deserializing functions...
Deserializing functions...
Deserializing functions...
Deserializing functions...
Deserializing functions...
Deserializing functions...
Deserializing functions...
Deserializing functions...
Deserializing functions...
Deserializing functions...
Deserializing functions...
Deserializing functions...
Deserializing functions...
Deserializing functions...
Deserializing functions...
Deserializing functions...
Deserializing functions...
Deserializing functions...
Deserializing functions...
Deserializing functions...
Deserializing functions...
Deserializing functions...
Deserializing functions...
Deserializing functions...
Deserializing functions...
Deserializing functions...
Deserializing functions...
Deserializing functions...
Deserializing functions...
Deserializing functions...
Deserializing functions...
Deserializing functions...
Deserializing functions...
Deserializing functions...
Deserializing functions...
Deserializing functions...
Deserializing functions...
Deserializing functions...
Deserializing functions...
Deserializing functions...
Deserializing functions...
Deserializing functions...
Deserializing functions...
Deserializing functions...
Deserializing functions...
Deserializing functions...
Deserializing functions...
Deserializing functions...
Deserializing functions...
Deserializing functions...
Deserializing functions...
Deserializing functions...
Deserializing functions...
Deserializing functions...
Deserializing functions...
Deserializing functions...
Deserializing functions...
Deserializing functions...
Deserializing functions...
Deserializing functions...
Deserializing functions...
Deserializing functions...
Deserializing functions...
Deserializing functions...
Deserializing functions...
Deserializing functions...
Deserializing functions...
Deserializing functions...
Deserializing functions...
Deserializing functions...
Deserializing functions...
Deserializing functions...
Deserializing functions...
Deserializing functions...
Deserializing functions...
Deserializing functions...
Deserializing functions...
Deserializing functions...
Deserializing functions...
Deserializing functions...
Deserializing functions...
Deserializing functions...
Deserializing functions...
Deserializing functions...
Deserializing functions...
Deserializing functions...
Deserializing functions...
Deserializing functions...
Deserializing functions...
Deserializing functions...
Deserializing functions...
Deserializing functions...
Deserializing functions...
Deserializing functions...
Deserializing functions...
Deserializing functions...
Deserializing functions...
Deserializing functions...
Deserializing functions...
Deserializing functions...
Deserializing functions...
Deserializing functions...
Deserializing functions...
Deserializing functions...
Deserializing functions...
Deserializing functions...
Deserializing functions...
Deserializing functions...
Deserializing functions...
Deserializing functions...
Deserializing functions...
Deserializing functions...
Deserializing functions...
Deserializing functions...
Deserializing functions...
Deserializing functions...
Deserializing functions...
Deserializing functions...
Deserializing functions...
Deserializing functions...
Deserializing functions...
Deserializing functions...
Deserializing functions...
Deserializing functions...
Deserializing functions...
Deserializing functions...
Deserializing functions...
Deserializing functions...
Deserializing functions...
Deserializing functions...
Deserializing functions...
Deserializing functions...
Deserializing functions...
Deserializing functions...
Deserializing functions...
Deserializing functions...
Deserializing functions...
Deserializing functions...
Deserializing functions...
Deserializing functions...
Deserializing functions...
Deserializing functions...
Deserializing functions...
Deserializing functions...
Deserializing functions...
Deserializing functions...
Deserializing functions...
Deserializing functions...
Deserializing functions...
Deserializing functions...
Deserializing functions...
Deserializing functions...
Deserializing functions...
Deserializing functions...
Deserializing functions...
Deserializing functions...
Deserializing functions...
Deserializing functions...
Deserializing functions...
Deserializing functions...
Deserializing functions...
Deserializing functions...
Deserializing functions...
Deserializing functions...
Deserializing functions...
Deserializing functions...
Deserializing functions...
Deserializing functions...
Deserializing functions...
Deserializing functions...
Deserializing functions...
Deserializing functions...
Deserializing functions...
Deserializing functions...
Deserializing functions...
Deserializing functions...
Deserializing functions...
Deserializing functions...
Deserializing functions...
Deserializing functions...
Deserializing functions...
Deserializing functions...
Deserializing functions...
Deserializing functions...
Deserializing functions...
Deserializing functions...
Deserializing functions...
Deserializing functions...
Deserializing functions...
Deserializing functions...
Deserializing functions...
Deserializing functions...
Deserializing functions...
Deserializing functions...
Deserializing functions...
Deserializing functions...
Deserializing functions...
Deserializing functions...
Deserializing functions...
Deserializing functions...
Deserializing functions...
Deserializing functions...
Deserializing functions...
Deserializing functions...
Deserializing functions...
Deserializing functions...
Deserializing functions...
Deserializing functions...
Deserializing functions...
Deserializing functions...
Deserializing functions...
Deserializing functions...
Deserializing functions...
Deserializing functions...
Deserializing functions...
Deserializing functions...
Deserializing functions...
Deserializing functions...
Deserializing functions...
Deserializing functions...
Deserializing functions...
Deserializing functions...
Deserializing functions...
Deserializing functions...
Deserializing functions...
Deserializing functions...
Deserializing functions...
Deserializing functions...
Deserializing functions...
Deserializing functions...
Deserializing functions...
Deserializing functions...
Deserializing functions...
Deserializing functions...
Deserializing functions...
Deserializing functions...
Deserializing functions...
Deserializing functions...
Deserializing functions...
Deserializing functions...
Deserializing functions...
Deserializing functions...
Deserializing functions...
Deserializing functions...
Deserializing functions...
Deserializing functions...
Deserializing functions...
Deserializing functions...
Deserializing functions...
Deserializing functions...
Deserializing functions...
Deserializing functions...
Deserializing functions...
Deserializing functions...
Deserializing functions...
Deserializing functions...
Deserializing functions...
Deserializing functions...
Deserializing functions...
Deserializing functions...
Deserializing functions...
Deserializing functions...
Deserializing functions...
Deserializing functions...
Deserializing functions...
Deserializing functions...
Deserializing functions...
Deserializing functions...
Deserializing functions...
Deserializing functions...
Deserializing functions...
Deserializing functions...
Deserializing functions...
Deserializing functions...
Deserializing functions...
Deserializing functions...
Deserializing functions...
Deserializing functions...
Deserializing functions...
Deserializing functions...
Deserializing functions...
Deserializing functions...
Deserializing functions...
Deserializing functions...
Deserializing functions...
Deserializing functions...
Deserializing functions...
Deserializing functions...
Deserializing functions...
Deserializing functions...
Deserializing functions...
Deserializing functions...
Deserializing functions...
Deserializing functions...
Deserializing functions...
Deserializing functions...
Deserializing functions...
Deserializing functions...
Deserializing functions...
Deserializing functions...
Deserializing functions...
Deserializing functions...
Deserializing functions...
Deserializing functions...
Deserializing functions...
Deserializing functions...
Deserializing functions...
Deserializing functions...
Deserializing functions...
Deserializing functions...
Deserializing functions...
Deserializing functions...
Deserializing functions...
Deserializing functions...
Deserializing data...
Deserializing data...
Deserializing data...
Deserializing data...
Deserializing data...
Deserializing data...
Deserializing data...
Deserializing data...
Deserializing data...
Deserializing symbol at: 6ac1dd, sub_0x405600L, 4
cur_pos: 6ac1b0
dse_base: 6ac1dd
new_cur_pos: 6ac1e1
Deserializing symbol at: 6ac215, sub_0x403500L, 5
cur_pos: 6ac1e1
dse_base: 6ac215
new_cur_pos: 6ac21a
Deserializing symbol at: 6ac230, dta_0x48ff23L, a
cur_pos: 6ac21a
dse_base: 6ac230
new_cur_pos: 6ac23a
Deserializing symbol at: 6ac268, dta_0x48ff2dL, f
cur_pos: 6ac23a
dse_base: 6ac268
new_cur_pos: 6ac277
Deserializing symbol at: 6ac2a0, dta_0x48ff3cL, a
cur_pos: 6ac277
dse_base: 6ac2a0
new_cur_pos: 6ac2aa
Deserializing symbol at: 6ac2d8, dta_0x48ff46L, b
cur_pos: 6ac2aa
dse_base: 6ac2d8
new_cur_pos: 6ac2e3
Deserializing symbol at: 6ac310, dta_0x48ff51L, c
cur_pos: 6ac2e3
dse_base: 6ac310
new_cur_pos: 6ac31c
Deserializing symbol at: 6ac348, dta_0x48ff5dL, e
cur_pos: 6ac31c
dse_base: 6ac348
new_cur_pos: 6ac356
Deserializing symbol at: 6ac380, dta_0x48ff6bL, 12
cur_pos: 6ac356
dse_base: 6ac380
new_cur_pos: 6ac392
Deserializing symbol at: 6ac3b8, dta_0x48ff7dL, 9
cur_pos: 6ac392
dse_base: 6ac3b8
new_cur_pos: 6ac3c1
Deserializing symbol at: 6ac3f0, dta_0x48ff86L, 9
cur_pos: 6ac3c1
dse_base: 6ac3f0
new_cur_pos: 6ac3f9
Deserializing symbol at: 6ac428, dta_0x48ff8fL, 9
cur_pos: 6ac3f9
dse_base: 6ac428
new_cur_pos: 6ac431
Deserializing symbol at: 6ac460, dta_0x48ff98L, a
cur_pos: 6ac431
dse_base: 6ac460
new_cur_pos: 6ac46a
Deserializing symbol at: 6ac498, dta_0x48ffa2L, 10
cur_pos: 6ac46a
dse_base: 6ac498
new_cur_pos: 6ac4a8
Deserializing symbol at: 6ac4d0, dta_0x490616L, c
cur_pos: 6ac4a8
dse_base: 6ac4d0
new_cur_pos: 6ac4dc
Deserializing symbol at: 6ac508, dta_0x48ffb2L, 16
cur_pos: 6ac4dc
dse_base: 6ac508
new_cur_pos: 6ac51e
Deserializing symbol at: 6ac540, dta_0x48ffc8L, 11
cur_pos: 6ac51e
dse_base: 6ac540
new_cur_pos: 6ac551
Deserializing symbol at: 6ac578, dta_0x48ffd9L, 11
cur_pos: 6ac551
dse_base: 6ac578
new_cur_pos: 6ac589
Deserializing symbol at: 6ac5b0, dta_0x48ffeaL, 11
cur_pos: 6ac589
dse_base: 6ac5b0
new_cur_pos: 6ac5c1
Deserializing symbol at: 6ac5e8, dta_0x48fffbL, 12
cur_pos: 6ac5c1
dse_base: 6ac5e8
new_cur_pos: 6ac5fa
Deserializing symbol at: 6ac620, dta_0x49000dL, 14
cur_pos: 6ac5fa
dse_base: 6ac620
new_cur_pos: 6ac634
Deserializing symbol at: 6ac658, dta_0x490021L, 14
cur_pos: 6ac634
dse_base: 6ac658
new_cur_pos: 6ac66c
Deserializing symbol at: 6ac690, dta_0x490035L, 10
cur_pos: 6ac66c
dse_base: 6ac690
new_cur_pos: 6ac6a0
Deserializing symbol at: 6ac6c8, dta_0x490045L, f
cur_pos: 6ac6a0
dse_base: 6ac6c8
new_cur_pos: 6ac6d7
Deserializing symbol at: 6ac700, dta_0x490054L, a
cur_pos: 6ac6d7
dse_base: 6ac700
new_cur_pos: 6ac70a
Deserializing symbol at: 6ac738, dta_0x49005eL, c
cur_pos: 6ac70a
dse_base: 6ac738
new_cur_pos: 6ac744
Deserializing symbol at: 6ac770, dta_0x49006aL, d
cur_pos: 6ac744
dse_base: 6ac770
new_cur_pos: 6ac77d
Deserializing symbol at: 6ac7a8, dta_0x490077L, 12
cur_pos: 6ac77d
dse_base: 6ac7a8
new_cur_pos: 6ac7ba
Deserializing symbol at: 6ac7e0, dta_0x490089L, a
cur_pos: 6ac7ba
dse_base: 6ac7e0
new_cur_pos: 6ac7ea
Deserializing symbol at: 6ac818, dta_0x490093L, e
cur_pos: 6ac7ea
dse_base: 6ac818
new_cur_pos: 6ac826
Deserializing symbol at: 6ac850, dta_0x4900a1L, 18
cur_pos: 6ac826
dse_base: 6ac850
new_cur_pos: 6ac868
Deserializing symbol at: 6ac888, dta_0x4900b9L, a
cur_pos: 6ac868
dse_base: 6ac888
new_cur_pos: 6ac892
Deserializing symbol at: 6ac8c0, dta_0x4900c3L, 12
cur_pos: 6ac892
dse_base: 6ac8c0
new_cur_pos: 6ac8d2
Deserializing symbol at: 6ac8f8, dta_0x4900d5L, b
cur_pos: 6ac8d2
dse_base: 6ac8f8
new_cur_pos: 6ac903
Deserializing symbol at: 6ac930, dta_0x4900e0L, a
cur_pos: 6ac903
dse_base: 6ac930
new_cur_pos: 6ac93a
Deserializing symbol at: 6ac968, dta_0x4900eaL, a
cur_pos: 6ac93a
dse_base: 6ac968
new_cur_pos: 6ac972
Deserializing symbol at: 6ac9a0, dta_0x4900f4L, c
cur_pos: 6ac972
dse_base: 6ac9a0
new_cur_pos: 6ac9ac
Deserializing symbol at: 6ac9d8, dta_0x490100L, e
cur_pos: 6ac9ac
dse_base: 6ac9d8
new_cur_pos: 6ac9e6
Deserializing symbol at: 6aca10, dta_0x49010eL, e
cur_pos: 6ac9e6
dse_base: 6aca10
new_cur_pos: 6aca1e
Deserializing symbol at: 6aca48, dta_0x49011cL, f
cur_pos: 6aca1e
dse_base: 6aca48
new_cur_pos: 6aca57
Deserializing symbol at: 6aca80, dta_0x49012bL, 10
cur_pos: 6aca57
dse_base: 6aca80
new_cur_pos: 6aca90
Deserializing symbol at: 6acab8, dta_0x49013bL, f
cur_pos: 6aca90
dse_base: 6acab8
new_cur_pos: 6acac7
Deserializing symbol at: 6acb28, dta_0x49015eL, 15
cur_pos: 6acac7
dse_base: 6acb28
new_cur_pos: 6acb3d
Deserializing symbol at: 6acb60, dta_0x490173L, a
cur_pos: 6acb3d
dse_base: 6acb60
new_cur_pos: 6acb6a
Deserializing symbol at: 6acb98, dta_0x49017dL, b
cur_pos: 6acb6a
dse_base: 6acb98
new_cur_pos: 6acba3
Deserializing symbol at: 6acbd0, dta_0x490188L, a
cur_pos: 6acba3
dse_base: 6acbd0
new_cur_pos: 6acbda
Deserializing symbol at: 6acc08, dta_0x490192L, a
cur_pos: 6acbda
dse_base: 6acc08
new_cur_pos: 6acc12
Deserializing symbol at: 6acc40, dta_0x49019cL, f
cur_pos: 6acc12
dse_base: 6acc40
new_cur_pos: 6acc4f
Deserializing symbol at: 6acc78, dta_0x4901abL, b
cur_pos: 6acc4f
dse_base: 6acc78
new_cur_pos: 6acc83
Deserializing symbol at: 6accb0, dta_0x4901b6L, 10
cur_pos: 6acc83
dse_base: 6accb0
new_cur_pos: 6accc0
Deserializing symbol at: 6acce8, dta_0x4901c6L, 10
cur_pos: 6accc0
dse_base: 6acce8
new_cur_pos: 6accf8
Deserializing symbol at: 6acd20, dta_0x4901d6L, b
cur_pos: 6accf8
dse_base: 6acd20
new_cur_pos: 6acd2b
Deserializing symbol at: 6acd58, dta_0x4901e1L, c
cur_pos: 6acd2b
dse_base: 6acd58
new_cur_pos: 6acd64
Deserializing symbol at: 6acd90, dta_0x4901edL, e
cur_pos: 6acd64
dse_base: 6acd90
new_cur_pos: 6acd9e
Deserializing symbol at: 6acdc8, dta_0x4901fbL, 11
cur_pos: 6acd9e
dse_base: 6acdc8
new_cur_pos: 6acdd9
Deserializing symbol at: 6ace00, dta_0x49020cL, 10
cur_pos: 6acdd9
dse_base: 6ace00
new_cur_pos: 6ace10
Deserializing symbol at: 6ace38, dta_0x49021cL, 10
cur_pos: 6ace10
dse_base: 6ace38
new_cur_pos: 6ace48
Deserializing symbol at: 6ace70, dta_0x49022cL, f
cur_pos: 6ace48
dse_base: 6ace70
new_cur_pos: 6ace7f
Deserializing symbol at: 6acea8, dta_0x49023bL, f
cur_pos: 6ace7f
dse_base: 6acea8
new_cur_pos: 6aceb7
Deserializing symbol at: 6acee0, dta_0x49024aL, f
cur_pos: 6aceb7
dse_base: 6acee0
new_cur_pos: 6aceef
Deserializing symbol at: 6acf18, dta_0x490259L, f
cur_pos: 6aceef
dse_base: 6acf18
new_cur_pos: 6acf27
Deserializing symbol at: 6acf50, dta_0x490268L, 16
cur_pos: 6acf27
dse_base: 6acf50
new_cur_pos: 6acf66
Deserializing symbol at: 6acf88, dta_0x49027eL, 13
cur_pos: 6acf66
dse_base: 6acf88
new_cur_pos: 6acf9b
Deserializing symbol at: 6acfc0, dta_0x490291L, 14
cur_pos: 6acf9b
dse_base: 6acfc0
new_cur_pos: 6acfd4
Deserializing symbol at: 6acff8, dta_0x4902a5L, 13
cur_pos: 6acfd4
dse_base: 6acff8
new_cur_pos: 6ad00b
Deserializing symbol at: 6ad030, dta_0x4902b8L, 15
cur_pos: 6ad00b
dse_base: 6ad030
new_cur_pos: 6ad045
Deserializing symbol at: 6ad068, dta_0x4902cdL, 17
cur_pos: 6ad045
dse_base: 6ad068
new_cur_pos: 6ad07f
Deserializing symbol at: 6ad0a0, dta_0x4902e4L, b
cur_pos: 6ad07f
dse_base: 6ad0a0
new_cur_pos: 6ad0ab
Deserializing symbol at: 6ad0d8, dta_0x4902efL, 13
cur_pos: 6ad0ab
dse_base: 6ad0d8
new_cur_pos: 6ad0eb
Deserializing symbol at: 6ad110, dta_0x490302L, 14
cur_pos: 6ad0eb
dse_base: 6ad110
new_cur_pos: 6ad124
Deserializing symbol at: 6ad148, dta_0x490316L, 1
cur_pos: 6ad124
dse_base: 6ad148
new_cur_pos: 6ad149
Deserializing symbol at: 6ad180, dta_0x490326L, a
cur_pos: 6ad149
dse_base: 6ad180
new_cur_pos: 6ad18a
Deserializing symbol at: 6ad1b8, dta_0x490330L, a
cur_pos: 6ad18a
dse_base: 6ad1b8
new_cur_pos: 6ad1c2
Deserializing symbol at: 6ad1f0, dta_0x49033aL, a
cur_pos: 6ad1c2
dse_base: 6ad1f0
new_cur_pos: 6ad1fa
Deserializing symbol at: 6ad228, dta_0x490344L, 14
cur_pos: 6ad1fa
dse_base: 6ad228
new_cur_pos: 6ad23c
Deserializing symbol at: 6ad260, dta_0x490358L, e
cur_pos: 6ad23c
dse_base: 6ad260
new_cur_pos: 6ad26e
Deserializing symbol at: 6ad298, dta_0x490366L, f
cur_pos: 6ad26e
dse_base: 6ad298
new_cur_pos: 6ad2a7
Deserializing symbol at: 6ad2d0, dta_0x490375L, 14
cur_pos: 6ad2a7
dse_base: 6ad2d0
new_cur_pos: 6ad2e4
Deserializing symbol at: 6ad308, dta_0x490389L, 14
cur_pos: 6ad2e4
dse_base: 6ad308
new_cur_pos: 6ad31c
Deserializing symbol at: 6ad340, dta_0x49039dL, 14
cur_pos: 6ad31c
dse_base: 6ad340
new_cur_pos: 6ad354
Deserializing symbol at: 6ad378, dta_0x4903b1L, 10
cur_pos: 6ad354
dse_base: 6ad378
new_cur_pos: 6ad388
Deserializing symbol at: 6ad3b0, dta_0x4903c1L, a
cur_pos: 6ad388
dse_base: 6ad3b0
new_cur_pos: 6ad3ba
Deserializing symbol at: 6ad3e8, dta_0x4903cbL, a
cur_pos: 6ad3ba
dse_base: 6ad3e8
new_cur_pos: 6ad3f2
Deserializing symbol at: 6ad420, dta_0x4903d5L, a
cur_pos: 6ad3f2
dse_base: 6ad420
new_cur_pos: 6ad42a
Deserializing symbol at: 6ad458, dta_0x4903dfL, 11
cur_pos: 6ad42a
dse_base: 6ad458
new_cur_pos: 6ad469
Deserializing symbol at: 6ad490, dta_0x4903f0L, 12
cur_pos: 6ad469
dse_base: 6ad490
new_cur_pos: 6ad4a2
Deserializing symbol at: 6ad4c8, dta_0x490402L, 15
cur_pos: 6ad4a2
dse_base: 6ad4c8
new_cur_pos: 6ad4dd
Deserializing symbol at: 6ad500, dta_0x490417L, 14
cur_pos: 6ad4dd
dse_base: 6ad500
new_cur_pos: 6ad514
Deserializing symbol at: 6ad538, dta_0x49042bL, 15
cur_pos: 6ad514
dse_base: 6ad538
new_cur_pos: 6ad54d
Deserializing symbol at: 6ad570, dta_0x490440L, d
cur_pos: 6ad54d
dse_base: 6ad570
new_cur_pos: 6ad57d
Deserializing symbol at: 6ad5a8, dta_0x49044dL, c
cur_pos: 6ad57d
dse_base: 6ad5a8
new_cur_pos: 6ad5b4
Deserializing symbol at: 6ad5e0, dta_0x490459L, c
cur_pos: 6ad5b4
dse_base: 6ad5e0
new_cur_pos: 6ad5ec
Deserializing symbol at: 6ad618, dta_0x490465L, 2a
cur_pos: 6ad5ec
dse_base: 6ad618
new_cur_pos: 6ad642
Deserializing symbol at: 6ad650, dta_0x49048fL, 1a
cur_pos: 6ad642
dse_base: 6ad650
new_cur_pos: 6ad66a
Deserializing symbol at: 6ad688, dta_0x4904a9L, 15
cur_pos: 6ad66a
dse_base: 6ad688
new_cur_pos: 6ad69d
Deserializing symbol at: 6ad6c0, dta_0x4904beL, 13
cur_pos: 6ad69d
dse_base: 6ad6c0
new_cur_pos: 6ad6d3
Deserializing symbol at: 6ad6f8, dta_0x4904d1L, 15
cur_pos: 6ad6d3
dse_base: 6ad6f8
new_cur_pos: 6ad70d
Deserializing symbol at: 6ad730, dta_0x4904e6L, 17
cur_pos: 6ad70d
dse_base: 6ad730
new_cur_pos: 6ad747
Deserializing symbol at: 6ad768, dta_0x4904fdL, 12
cur_pos: 6ad747
dse_base: 6ad768
new_cur_pos: 6ad77a
Deserializing symbol at: 6ad7a0, dta_0x49050fL, f
cur_pos: 6ad77a
dse_base: 6ad7a0
new_cur_pos: 6ad7af
Deserializing symbol at: 6ad7d8, dta_0x49051eL, 13
cur_pos: 6ad7af
dse_base: 6ad7d8
new_cur_pos: 6ad7eb
Deserializing symbol at: 6ad810, dta_0x490531L, e
cur_pos: 6ad7eb
dse_base: 6ad810
new_cur_pos: 6ad81e
Deserializing symbol at: 6ad848, dta_0x49053fL, 13
cur_pos: 6ad81e
dse_base: 6ad848
new_cur_pos: 6ad85b
Deserializing symbol at: 6ad880, dta_0x490552L, 17
cur_pos: 6ad85b
dse_base: 6ad880
new_cur_pos: 6ad897
Deserializing symbol at: 6ad8b8, dta_0x490569L, 13
cur_pos: 6ad897
dse_base: 6ad8b8
new_cur_pos: 6ad8cb
Deserializing symbol at: 6ad8f0, dta_0x49057cL, 13
cur_pos: 6ad8cb
dse_base: 6ad8f0
new_cur_pos: 6ad903
Deserializing symbol at: 6ad928, dta_0x49058fL, 17
cur_pos: 6ad903
dse_base: 6ad928
new_cur_pos: 6ad93f
Deserializing symbol at: 6ad960, dta_0x4905a6L, 18
cur_pos: 6ad93f
dse_base: 6ad960
new_cur_pos: 6ad978
Deserializing symbol at: 6ad998, dta_0x4905beL, 11
cur_pos: 6ad978
dse_base: 6ad998
new_cur_pos: 6ad9a9
Deserializing symbol at: 6ad9d0, dta_0x4905cfL, 14
cur_pos: 6ad9a9
dse_base: 6ad9d0
new_cur_pos: 6ad9e4
Deserializing symbol at: 6ada08, dta_0x4905e3L, 17
cur_pos: 6ad9e4
dse_base: 6ada08
new_cur_pos: 6ada1f
Deserializing symbol at: 6ada40, dta_0x4905faL, 14
cur_pos: 6ada1f
dse_base: 6ada40
new_cur_pos: 6ada54
Deserializing symbol at: 6ada78, dta_0x49060eL, 14
cur_pos: 6ada54
dse_base: 6ada78
new_cur_pos: 6ada8c
Deserializing symbol at: 6adab0, dta_0x490622L, f
cur_pos: 6ada8c
dse_base: 6adab0
new_cur_pos: 6adabf
Deserializing symbol at: 6adae8, dta_0x490631L, 19
cur_pos: 6adabf
dse_base: 6adae8
new_cur_pos: 6adb01
Deserializing symbol at: 6adb20, dta_0x49064aL, 12
cur_pos: 6adb01
dse_base: 6adb20
new_cur_pos: 6adb32
Deserializing symbol at: 6adb58, dta_0x49065cL, 18
cur_pos: 6adb32
dse_base: 6adb58
new_cur_pos: 6adb70
Deserializing symbol at: 6adb90, dta_0x490674L, 15
cur_pos: 6adb70
dse_base: 6adb90
new_cur_pos: 6adba5
Deserializing symbol at: 6adbc8, dta_0x490689L, 13
cur_pos: 6adba5
dse_base: 6adbc8
new_cur_pos: 6adbdb
Deserializing symbol at: 6adc00, dta_0x49069cL, 19
cur_pos: 6adbdb
dse_base: 6adc00
new_cur_pos: 6adc19
Deserializing symbol at: 6adc38, dta_0x4906b5L, 1a
cur_pos: 6adc19
dse_base: 6adc38
new_cur_pos: 6adc52
Deserializing symbol at: 6adc70, dta_0x49ef27L, 18
cur_pos: 6adc52
dse_base: 6adc70
new_cur_pos: 6adc88
Deserializing symbol at: 6adca8, dta_0x49ef44L, 15
cur_pos: 6adc88
dse_base: 6adca8
new_cur_pos: 6adcbd
Deserializing symbol at: 6adce0, dta_0x49ef9eL, 22
cur_pos: 6adcbd
dse_base: 6adce0
new_cur_pos: 6add02
Deserializing symbol at: 6add18, dta_0x49efc5L, 1f
cur_pos: 6add02
dse_base: 6add18
new_cur_pos: 6add37
Deserializing symbol at: 6add50, dta_0x4906cfL, 19
cur_pos: 6add37
dse_base: 6add50
new_cur_pos: 6add69
Deserializing symbol at: 6add88, dta_0x4906e8L, 14
cur_pos: 6add69
dse_base: 6add88
new_cur_pos: 6add9c
Deserializing symbol at: 6addc0, dta_0x4906fcL, 16
cur_pos: 6add9c
dse_base: 6addc0
new_cur_pos: 6addd6
Deserializing symbol at: 6addf8, dta_0x49b963L, 11
cur_pos: 6addd6
dse_base: 6addf8
new_cur_pos: 6ade09
Deserializing symbol at: 6ade30, dta_0x490712L, e
cur_pos: 6ade09
dse_base: 6ade30
new_cur_pos: 6ade3e
Deserializing symbol at: 6ade68, dta_0x490720L, 10
cur_pos: 6ade3e
dse_base: 6ade68
new_cur_pos: 6ade78
Deserializing symbol at: 6adea0, dta_0x490730L, 12
cur_pos: 6ade78
dse_base: 6adea0
new_cur_pos: 6adeb2
Deserializing symbol at: 6aded8, dta_0x490742L, 11
cur_pos: 6adeb2
dse_base: 6aded8
new_cur_pos: 6adee9
Deserializing symbol at: 6adf10, dta_0x490753L, 11
cur_pos: 6adee9
dse_base: 6adf10
new_cur_pos: 6adf21
Deserializing symbol at: 6adf48, dta_0x490764L, 11
cur_pos: 6adf21
dse_base: 6adf48
new_cur_pos: 6adf59
Deserializing symbol at: 6adf80, dta_0x490775L, 11
cur_pos: 6adf59
dse_base: 6adf80
new_cur_pos: 6adf91
Deserializing symbol at: 6adfb8, dta_0x490786L, 8
cur_pos: 6adf91
dse_base: 6adfb8
new_cur_pos: 6adfc0
Deserializing symbol at: 6adff0, dta_0x49078eL, 12
cur_pos: 6adfc0
dse_base: 6adff0
new_cur_pos: 6ae002
Deserializing symbol at: 6ae028, dta_0x4907a0L, 8
cur_pos: 6ae002
dse_base: 6ae028
new_cur_pos: 6ae030
Deserializing symbol at: 6ae060, dta_0x4907a8L, a
cur_pos: 6ae030
dse_base: 6ae060
new_cur_pos: 6ae06a
Deserializing symbol at: 6ae098, dta_0x4907b2L, a
cur_pos: 6ae06a
dse_base: 6ae098
new_cur_pos: 6ae0a2
Deserializing symbol at: 6ae0d0, dta_0x4907bcL, c
cur_pos: 6ae0a2
dse_base: 6ae0d0
new_cur_pos: 6ae0dc
Deserializing symbol at: 6ae108, dta_0x4907c8L, d
cur_pos: 6ae0dc
dse_base: 6ae108
new_cur_pos: 6ae115
Deserializing symbol at: 6ae140, dta_0x4907d5L, 11
cur_pos: 6ae115
dse_base: 6ae140
new_cur_pos: 6ae151
Deserializing symbol at: 6ae178, dta_0x4907e6L, 12
cur_pos: 6ae151
dse_base: 6ae178
new_cur_pos: 6ae18a
Deserializing symbol at: 6ae1b0, dta_0x4907f8L, 12
cur_pos: 6ae18a
dse_base: 6ae1b0
new_cur_pos: 6ae1c2
Deserializing symbol at: 6ae1e8, dta_0x49080aL, 12
cur_pos: 6ae1c2
dse_base: 6ae1e8
new_cur_pos: 6ae1fa
Deserializing symbol at: 6ae220, dta_0x49081cL, 12
cur_pos: 6ae1fa
dse_base: 6ae220
new_cur_pos: 6ae232
Deserializing symbol at: 6ae258, dta_0x49082eL, 12
cur_pos: 6ae232
dse_base: 6ae258
new_cur_pos: 6ae26a
Deserializing symbol at: 6ae290, dta_0x490840L, e
cur_pos: 6ae26a
dse_base: 6ae290
new_cur_pos: 6ae29e
Deserializing symbol at: 6ae2c8, dta_0x49084eL, e
cur_pos: 6ae29e
dse_base: 6ae2c8
new_cur_pos: 6ae2d6
Deserializing symbol at: 6ae300, dta_0x49085cL, c
cur_pos: 6ae2d6
dse_base: 6ae300
new_cur_pos: 6ae30c
Deserializing symbol at: 6ae338, dta_0x490868L, 19
cur_pos: 6ae30c
dse_base: 6ae338
new_cur_pos: 6ae351
Deserializing symbol at: 6ae370, dta_0x490881L, 18
cur_pos: 6ae351
dse_base: 6ae370
new_cur_pos: 6ae388
Deserializing symbol at: 6ae3a8, dta_0x490899L, 18
cur_pos: 6ae388
dse_base: 6ae3a8
new_cur_pos: 6ae3c0
Deserializing symbol at: 6ae3e0, dta_0x4908b1L, 18
cur_pos: 6ae3c0
dse_base: 6ae3e0
new_cur_pos: 6ae3f8
Deserializing symbol at: 6ae418, dta_0x4908c9L, 18
cur_pos: 6ae3f8
dse_base: 6ae418
new_cur_pos: 6ae430
Deserializing symbol at: 6ae450, dta_0x4908e1L, 18
cur_pos: 6ae430
dse_base: 6ae450
new_cur_pos: 6ae468
Deserializing symbol at: 6ae488, dta_0x4908f9L, 18
cur_pos: 6ae468
dse_base: 6ae488
new_cur_pos: 6ae4a0
Deserializing symbol at: 6ae4c0, dta_0x490911L, 18
cur_pos: 6ae4a0
dse_base: 6ae4c0
new_cur_pos: 6ae4d8
Deserializing symbol at: 6ae4f8, dta_0x490929L, 18
cur_pos: 6ae4d8
dse_base: 6ae4f8
new_cur_pos: 6ae510
Deserializing symbol at: 6ae530, dta_0x490941L, b
cur_pos: 6ae510
dse_base: 6ae530
new_cur_pos: 6ae53b
Deserializing symbol at: 6ae568, dta_0x49094cL, 9
cur_pos: 6ae53b
dse_base: 6ae568
new_cur_pos: 6ae571
Deserializing symbol at: 6ae5a0, dta_0x490955L, b
cur_pos: 6ae571
dse_base: 6ae5a0
new_cur_pos: 6ae5ab
Deserializing symbol at: 6ae5d8, dta_0x490960L, c
cur_pos: 6ae5ab
dse_base: 6ae5d8
new_cur_pos: 6ae5e4
Deserializing symbol at: 6ae610, dta_0x49096cL, 13
cur_pos: 6ae5e4
dse_base: 6ae610
new_cur_pos: 6ae623
Deserializing symbol at: 6ae648, dta_0x49097fL, 14
cur_pos: 6ae623
dse_base: 6ae648
new_cur_pos: 6ae65c
Deserializing symbol at: 6ae680, dta_0x490993L, d
cur_pos: 6ae65c
dse_base: 6ae680
new_cur_pos: 6ae68d
Deserializing symbol at: 6ae6b8, dta_0x4909a0L, f
cur_pos: 6ae68d
dse_base: 6ae6b8
new_cur_pos: 6ae6c7
Deserializing symbol at: 6ae6f0, dta_0x4909afL, 12
cur_pos: 6ae6c7
dse_base: 6ae6f0
new_cur_pos: 6ae702
Deserializing symbol at: 6ae728, dta_0x4909c1L, 12
cur_pos: 6ae702
dse_base: 6ae728
new_cur_pos: 6ae73a
Deserializing symbol at: 6ae760, dta_0x4909d3L, 12
cur_pos: 6ae73a
dse_base: 6ae760
new_cur_pos: 6ae772
Deserializing symbol at: 6ae798, dta_0x4909e5L, d
cur_pos: 6ae772
dse_base: 6ae798
new_cur_pos: 6ae7a5
Deserializing symbol at: 6ae7d0, dta_0x4909f2L, 13
cur_pos: 6ae7a5
dse_base: 6ae7d0
new_cur_pos: 6ae7e3
Deserializing symbol at: 6ae808, dta_0x490a05L, f
cur_pos: 6ae7e3
dse_base: 6ae808
new_cur_pos: 6ae817
Deserializing symbol at: 6ae840, dta_0x490a14L, 15
cur_pos: 6ae817
dse_base: 6ae840
new_cur_pos: 6ae855
Deserializing symbol at: 6ae878, dta_0x490a29L, f
cur_pos: 6ae855
dse_base: 6ae878
new_cur_pos: 6ae887
Deserializing symbol at: 6ae8b0, dta_0x490a38L, d
cur_pos: 6ae887
dse_base: 6ae8b0
new_cur_pos: 6ae8bd
Deserializing symbol at: 6ae8dd, sub_0x402000L, 3
cur_pos: 6ae8bd
dse_base: 6ae8dd
new_cur_pos: 6ae8e0
Deserializing symbol at: 6ae8e8, dta_0x490a45L, f
cur_pos: 6ae8e0
dse_base: 6ae8e8
new_cur_pos: 6ae8f7
Deserializing symbol at: 6ae915, sub_0x402000L, 3
cur_pos: 6ae8f7
dse_base: 6ae915
new_cur_pos: 6ae918
Deserializing symbol at: 6ae920, dta_0x490a54L, a
cur_pos: 6ae918
dse_base: 6ae920
new_cur_pos: 6ae92a
Deserializing symbol at: 6ae958, dta_0x490a5eL, 9
cur_pos: 6ae92a
dse_base: 6ae958
new_cur_pos: 6ae961
Deserializing symbol at: 6ae990, dta_0x490a67L, b
cur_pos: 6ae961
dse_base: 6ae990
new_cur_pos: 6ae99b
Deserializing symbol at: 6ae9c8, dta_0x490a72L, b
cur_pos: 6ae99b
dse_base: 6ae9c8
new_cur_pos: 6ae9d3
Deserializing symbol at: 6aea00, dta_0x490a7dL, 20
cur_pos: 6ae9d3
dse_base: 6aea00
new_cur_pos: 6aea20
Deserializing symbol at: 6aea38, dta_0x490a9dL, 18
cur_pos: 6aea20
dse_base: 6aea38
new_cur_pos: 6aea50
Deserializing symbol at: 6aea70, dta_0x490ab5L, 12
cur_pos: 6aea50
dse_base: 6aea70
new_cur_pos: 6aea82
Deserializing symbol at: 6aeaa8, dta_0x490ac7L, 12
cur_pos: 6aea82
dse_base: 6aeaa8
new_cur_pos: 6aeaba
Deserializing symbol at: 6aeae0, dta_0x490ad9L, 12
cur_pos: 6aeaba
dse_base: 6aeae0
new_cur_pos: 6aeaf2
Deserializing symbol at: 6aeb18, dta_0x490aebL, 13
cur_pos: 6aeaf2
dse_base: 6aeb18
new_cur_pos: 6aeb2b
Deserializing symbol at: 6aeb50, dta_0x490afeL, 13
cur_pos: 6aeb2b
dse_base: 6aeb50
new_cur_pos: 6aeb63
Deserializing symbol at: 6aeb88, dta_0x490b11L, 15
cur_pos: 6aeb63
dse_base: 6aeb88
new_cur_pos: 6aeb9d
Deserializing symbol at: 6aebc0, dta_0x490b26L, 13
cur_pos: 6aeb9d
dse_base: 6aebc0
new_cur_pos: 6aebd3
Deserializing symbol at: 6aebf8, dta_0x490b39L, 13
cur_pos: 6aebd3
dse_base: 6aebf8
new_cur_pos: 6aec0b
Deserializing symbol at: 6aec30, dta_0x490b4cL, 13
cur_pos: 6aec0b
dse_base: 6aec30
new_cur_pos: 6aec43
Deserializing symbol at: 6aec68, dta_0x490b5fL, 14
cur_pos: 6aec43
dse_base: 6aec68
new_cur_pos: 6aec7c
Deserializing symbol at: 6aeca0, dta_0x490b73L, 14
cur_pos: 6aec7c
dse_base: 6aeca0
new_cur_pos: 6aecb4
Deserializing symbol at: 6aecd8, dta_0x490b87L, 16
cur_pos: 6aecb4
dse_base: 6aecd8
new_cur_pos: 6aecee
Deserializing symbol at: 6aed10, dta_0x490b9dL, 12
cur_pos: 6aecee
dse_base: 6aed10
new_cur_pos: 6aed22
Deserializing symbol at: 6aed48, dta_0x490bafL, 18
cur_pos: 6aed22
dse_base: 6aed48
new_cur_pos: 6aed60
Deserializing symbol at: 6aed80, dta_0x490bc7L, 10
cur_pos: 6aed60
dse_base: 6aed80
new_cur_pos: 6aed90
Deserializing symbol at: 6aedb8, dta_0x490bd7L, 15
cur_pos: 6aed90
dse_base: 6aedb8
new_cur_pos: 6aedcd
Deserializing symbol at: 6aedf0, dta_0x490becL, 11
cur_pos: 6aedcd
dse_base: 6aedf0
new_cur_pos: 6aee01
Deserializing symbol at: 6aee28, dta_0x490bfdL, f
cur_pos: 6aee01
dse_base: 6aee28
new_cur_pos: 6aee37
Deserializing symbol at: 6aee60, dta_0x490c0cL, 1
cur_pos: 6aee37
dse_base: 6aee60
new_cur_pos: 6aee61
Deserializing symbol at: 6aee98, dta_0x490c1bL, 14
cur_pos: 6aee61
dse_base: 6aee98
new_cur_pos: 6aeeac
Deserializing symbol at: 6aeed0, dta_0x490c2fL, 14
cur_pos: 6aeeac
dse_base: 6aeed0
new_cur_pos: 6aeee4
Deserializing symbol at: 6aef08, dta_0x490c43L, 14
cur_pos: 6aeee4
dse_base: 6aef08
new_cur_pos: 6aef1c
Deserializing symbol at: 6aef40, dta_0x490c57L, 15
cur_pos: 6aef1c
dse_base: 6aef40
new_cur_pos: 6aef55
Deserializing symbol at: 6aef78, dta_0x490c6cL, 15
cur_pos: 6aef55
dse_base: 6aef78
new_cur_pos: 6aef8d
Deserializing symbol at: 6aefb0, dta_0x490c81L, 15
cur_pos: 6aef8d
dse_base: 6aefb0
new_cur_pos: 6aefc5
Deserializing symbol at: 6aefe8, dta_0x490c96L, 16
cur_pos: 6aefc5
dse_base: 6aefe8
new_cur_pos: 6aeffe
Deserializing symbol at: 6af020, dta_0x490cacL, 16
cur_pos: 6aeffe
dse_base: 6af020
new_cur_pos: 6af036
Deserializing symbol at: 6af058, dta_0x490cc2L, 16
cur_pos: 6af036
dse_base: 6af058
new_cur_pos: 6af06e
Deserializing symbol at: 6af090, dta_0x490cd8L, 17
cur_pos: 6af06e
dse_base: 6af090
new_cur_pos: 6af0a7
Deserializing symbol at: 6af0c8, dta_0x490cefL, 17
cur_pos: 6af0a7
dse_base: 6af0c8
new_cur_pos: 6af0df
Deserializing symbol at: 6af100, dta_0x490d06L, 17
cur_pos: 6af0df
dse_base: 6af100
new_cur_pos: 6af117
Deserializing symbol at: 6af138, dta_0x490d1dL, b
cur_pos: 6af117
dse_base: 6af138
new_cur_pos: 6af143
Deserializing symbol at: 6af170, dta_0x490d28L, f
cur_pos: 6af143
dse_base: 6af170
new_cur_pos: 6af17f
Deserializing symbol at: 6af1a8, dta_0x490d37L, f
cur_pos: 6af17f
dse_base: 6af1a8
new_cur_pos: 6af1b7
Deserializing symbol at: 6af1e0, dta_0x490d46L, 11
cur_pos: 6af1b7
dse_base: 6af1e0
new_cur_pos: 6af1f1
Deserializing symbol at: 6af218, dta_0x490d57L, 11
cur_pos: 6af1f1
dse_base: 6af218
new_cur_pos: 6af229
Deserializing symbol at: 6af250, dta_0x490d68L, 11
cur_pos: 6af229
dse_base: 6af250
new_cur_pos: 6af261
Deserializing symbol at: 6af288, dta_0x490d79L, d
cur_pos: 6af261
dse_base: 6af288
new_cur_pos: 6af295
Deserializing data...
Deserializing externs...
Deserializing externs...
Deserializing externs...
Deserializing externs...
Deserializing externs...
Deserializing externs...
Deserializing externs...
Deserializing externs...
Deserializing externs...
Deserializing externs...
Deserializing externs...
Deserializing externs...
Deserializing externs...
Deserializing externs...
Deserializing externs...
Deserializing externs...
Deserializing externs...
Deserializing externs...
Deserializing externs...
Deserializing externs...
Deserializing externs...
Deserializing externs...
Deserializing externs...
Deserializing externs...
Deserializing externs...
Deserializing externs...
Deserializing externs...
Deserializing externs...
Deserializing externs...
Deserializing externs...
Deserializing externs...
Deserializing externs...
Deserializing externs...
Deserializing externs...
Deserializing externs...
Deserializing externs...
Deserializing externs...
Deserializing externs...
Deserializing externs...
Deserializing externs...
Deserializing externs...
Deserializing externs...
Deserializing externs...
Deserializing externs...
Deserializing externs...
Deserializing externs...
Deserializing externs...
Deserializing externs...
Creating module...
Setting target...
Done setting target
Adding external funcs...
Adding external data...
Adding internal data...
Adding entry points...
Returning modue...
Setting initial triples...
Looking at entry points...
Already have driver for: main
Getting LLVM module...
Converting to LLVM...
Inserted function: sub_422140
Inserted function: sub_405600
Inserted function: sub_403500
Inserted function: sub_402000
Inserted function: sub_415450
Inserted function: sub_418490
Inserted function: sub_48e200
Inserted function: sub_476d00
Inserted function: sub_481f80
Inserted function: sub_40d040
Inserted function: sub_421810
Inserted function: sub_461e20
Inserted function: sub_4241b0
Inserted function: sub_424500
Inserted function: sub_401130
Inserted function: sub_401230
Inserted function: sub_46ca10
Inserted function: sub_41b2b0
Inserted function: sub_401200
Inserted function: sub_470840
Inserted function: sub_401060
Inserted function: sub_401120
Inserted function: sub_412450
Inserted function: sub_401140
Inserted function: sub_461630
Inserted function: sub_486260
Inserted function: sub_471730
Inserted function: sub_43ae60
Inserted function: sub_416610
Inserted function: sub_40d010
Inserted function: sub_4704e0
Inserted function: sub_460e70
Inserted function: sub_401310
Inserted function: sub_41bc80
Inserted function: sub_4157c0
Inserted function: sub_425100
Inserted function: sub_401090
Inserted function: sub_436d70
Inserted function: sub_4010a0
Inserted function: sub_423070
Inserted function: sub_4010f0
Inserted function: sub_4714b0
Inserted function: sub_4011f0
Inserted function: sub_483680
Inserted function: sub_4012f0
Inserted function: sub_4242c0
Inserted function: sub_46ca20
Inserted function: sub_416430
Inserted function: sub_41b470
Inserted function: sub_4368d0
Inserted function: sub_4011e0
Inserted function: sub_483e90
Inserted function: sub_4012e0
Inserted function: sub_46db00
Inserted function: sub_4558e0
Inserted function: sub_4668d0
Inserted function: sub_461d00
Inserted function: sub_474ef0
Inserted function: sub_428190
Inserted function: sub_4011d0
Inserted function: sub_415750
Inserted function: sub_401100
Inserted function: sub_401180
Inserted function: sub_436150
Inserted function: sub_41d8e0
Inserted function: sub_475310
Inserted function: sub_48ddf0
Inserted function: sub_46d2c0
Inserted function: sub_436f30
Inserted function: sub_438b20
Inserted function: sub_421b30
Inserted function: sub_416400
Inserted function: sub_4820f0
Inserted function: sub_427f30
Inserted function: sub_40f230
Inserted function: sub_428a90
Inserted function: sub_4012b0
Inserted function: sub_41b940
Inserted function: sub_4010e0
Inserted function: sub_4713b0
Inserted function: sub_4618c0
Inserted function: sub_4360e0
Inserted function: sub_40ed10
Inserted function: sub_46f530
Inserted function: sub_416550
Inserted function: sub_4011a0
Inserted function: sub_46bf70
Inserted function: sub_40ee10
Inserted function: sub_46be50
Inserted function: sub_470260
Inserted function: sub_4012a0
Inserted function: sub_476960
Inserted function: sub_43bd90
Inserted function: sub_401360
Inserted function: sub_4718b0
Inserted function: sub_461cc0
Inserted function: sub_401370
Inserted function: sub_4626a0
Inserted function: sub_462600
Inserted function: sub_482500
Inserted function: sub_43d4a0
Inserted function: sub_44ee10
Inserted function: sub_41c300
Inserted function: sub_401220
Inserted function: sub_4010b0
Inserted function: sub_461340
Inserted function: sub_461440
Inserted function: sub_482070
Inserted function: sub_439e30
Inserted function: sub_46e990
Inserted function: sub_40aae0
Inserted function: sub_46bee0
Inserted function: sub_401330
Inserted function: sub_438840
Inserted function: sub_43af60
Inserted function: sub_438940
Inserted function: sub_421840
Inserted function: sub_401530
Inserted function: sub_447850
Inserted function: sub_482160
Inserted function: sub_446670
Inserted function: sub_46cf10
Inserted function: sub_401320
Inserted function: sub_46e260
Inserted function: sub_428e10
Inserted function: sub_401110
Inserted function: sub_401470
Inserted function: sub_46ed80
Inserted function: sub_4735a0
Inserted function: sub_428960
Inserted function: sub_46bf40
Inserted function: sub_436280
Inserted function: sub_4010c0
Inserted function: sub_436f80
Inserted function: sub_46ec70
Inserted function: sub_4712a0
Inserted function: sub_461f60
Inserted function: sub_446c90
Inserted function: sub_461300
Inserted function: sub_445300
Inserted function: sub_439b20
Inserted function: sub_46eca0
Inserted function: sub_418270
Inserted function: sub_401340
Inserted function: sub_472c60
Inserted function: sub_41beb0
Inserted function: sub_445a10
Inserted function: sub_4712f0
Inserted function: sub_4822c0
Inserted function: sub_461a20
Inserted function: sub_472580
Inserted function: sub_46d4a0
Inserted function: sub_476530
Inserted function: sub_447ed0
Inserted function: sub_4455f0
Inserted function: sub_4217c0
Inserted function: sub_447ae0
Inserted function: sub_46d7d0
Inserted function: sub_4613e0
Inserted function: sub_436110
Inserted function: sub_46c0f0
Inserted function: sub_481af0
Inserted function: sub_4756e0
Inserted function: sub_475d00
Inserted function: sub_461d80
Inserted function: sub_46ec30
Inserted function: sub_46f310
Inserted function: sub_46be70
Inserted function: sub_46cb20
Inserted function: sub_421930
Inserted function: sub_428ba0
Inserted function: sub_470f50
Inserted function: sub_46e2d0
Inserted function: sub_417030
Inserted function: sub_482930
Inserted function: sub_471b80
Inserted function: sub_416e40
Inserted function: sub_444b40
Inserted function: sub_46f0e0
Inserted function: sub_461bd0
Inserted function: sub_401350
Inserted function: sub_444f60
Inserted function: sub_48bb90
Inserted function: sub_461970
Inserted function: sub_401190
Inserted function: sub_4015a0
Inserted function: sub_46e9f0
Inserted function: sub_416e00
Inserted function: sub_448250
Inserted function: sub_401290
Inserted function: sub_461ec0
Inserted function: sub_41bb30
Inserted function: sub_474d80
Inserted function: sub_467140
Inserted function: sub_43b230
Inserted function: sub_401080
Inserted function: sub_4360c0
Inserted function: sub_447100
Inserted function: sub_413990
Inserted function: sub_4012c0
Inserted function: sub_40f610
Inserted function: sub_46db40
Inserted function: sub_401280
Inserted function: sub_436ef0
Inserted function: sub_4157a0
Inserted function: sub_40f1f0
Inserted function: sub_401070
Inserted function: sub_473db0
Inserted function: sub_401170
Inserted function: sub_401150
Inserted function: sub_401270
Inserted function: sub_461550
Inserted function: sub_40aad0
Inserted function: sub_416ee0
Inserted function: sub_4011c0
Inserted function: sub_4371a0
Inserted function: sub_470ba0
Inserted function: sub_4820a0
Inserted function: sub_4163d0
Inserted function: sub_401570
Inserted function: sub_4231e0
Inserted function: sub_427a00
Inserted function: sub_471800
Inserted function: sub_43b500
Inserted function: sub_449450
Inserted function: sub_461810
Inserted function: sub_48b9e0
Inserted function: sub_462eb0
Inserted function: sub_460fb0
Inserted function: sub_43bbe0
Inserted function: sub_462230
Inserted function: sub_476680
Inserted function: sub_41c840
Inserted function: sub_462e60
Inserted function: sub_46fe50
Inserted function: sub_43a060
Inserted function: sub_429010
Inserted function: sub_4283e0
Inserted function: sub_416670
Inserted function: sub_421680
Inserted function: sub_460ec0
Inserted function: sub_484cf0
Inserted function: sub_428690
Inserted function: sub_401300
Inserted function: sub_46bca0
Inserted function: sub_43b970
Inserted function: sub_46f480
Inserted function: sub_4282b0
Inserted function: sub_40ad60
Inserted function: sub_48bcc0
Inserted function: sub_40f720
Inserted function: sub_401900
Inserted function: sub_46bcd0
Inserted function: sub_48c5b0
Inserted function: sub_462ae0
Inserted function: sub_413fd0
Inserted function: sub_48d4e0
Inserted function: sub_455d00
Inserted function: sub_45c0f0
Inserted function: sub_4012d0
Inserted function: sub_48bd00
Inserted function: sub_462c80
Inserted function: sub_40bb40
Inserted function: sub_48bf50
Inserted function: sub_40c360
Inserted function: sub_461720
Inserted function: sub_40bc60
Inserted function: sub_48c530
Inserted function: sub_4011b0
Inserted function: sub_486340
Inserted function: sub_416f40
Inserted function: sub_4629e0
Inserted function: sub_417020
Inserted function: sub_482550
Inserted function: sub_41c980
Inserted function: sub_40c260
Inserted function: sub_471560
Inserted function: sub_470360
Inserted function: sub_429090
Inserted function: sub_48c150
Inserted function: sub_40aaf0
Inserted function: sub_416f80
Inserted function: sub_433b40
Inserted function: sub_46dbb0
Inserted function: sub_461fc0
Inserted function: sub_48c040
Inserted function: sub_41c990
Inserted function: sub_482df0
Inserted function: sub_416ef0
Inserted function: sub_462fa0
Inserted function: sub_41e5f0
Inserted function: sub_42b3b0
Inserted function: sub_428d60
Inserted function: sub_4625c0
Inserted function: sub_4162b0
Inserted function: sub_40b700
Inserted function: sub_4287c0
Inserted function: sub_40aaa0
Inserted function: sub_401b90
Inserted function: sub_461060
Inserted function: sub_484940
Inserted function: sub_438220
Inserted function: sub_401260
Inserted function: sub_4462a0
Inserted function: sub_413b00
Inserted function: sub_474320
Inserted function: sub_428fe0
Inserted function: sub_401050
Inserted function: sub_439f90
Inserted function: sub_416fd0
Inserted function: sub_415d50
Inserted function: sub_462090
Inserted function: sub_46bdf0
Inserted function: sub_445d80
Inserted function: sub_482540
Inserted function: sub_46f5e0
Inserted function: sub_401250
Inserted function: sub_476ab0
Inserted function: sub_441200
Inserted function: sub_481800
Inserted function: sub_416f00
Inserted function: sub_431c70
Inserted function: sub_466080
Inserted function: sub_461210
Inserted function: sub_40ae20
Inserted function: sub_48c4b0
Inserted function: sub_486790
Inserted function: sub_458c20
Inserted function: sub_449630
Inserted function: sub_47c370
Inserted function: sub_40ce20
Inserted function: sub_43bee0
Inserted function: sub_401240
Inserted function: sub_42a960
Inserted function: sub_4373b0
Inserted function: sub_438200
Inserted function: sub_401210
Inserted function: sub_42a540
Inserted function: sub_4381b0
Inserted function: sub_438180
Inserted function: sub_438160
Inserted function: sub_48d050
Inserted function: sub_40c060
Inserted function: sub_40b510
Inserted function: sub_40b7b0
Inserted function: sub_43d830
Inserted function: sub_484a70
Inserted function: sub_413190
Inserted function: sub_4381d0
Inserted function: sub_40aa70
Inserted function: sub_433ab0
Inserted function: sub_48c2d0
Inserted function: sub_40cb90
Inserted function: sub_4642d0
Inserted function: sub_471080
Inserted function: sub_42a6c0
Inserted function: sub_437f70
Inserted function: sub_438450
Inserted function: sub_401690
Inserted function: sub_43baa0
Inserted function: sub_460ea0
Inserted function: sub_401670
Inserted function: sub_437370
Inserted function: sub_40c950
Inserted function: sub_47c3c0
Inserted function: sub_481c20
Inserted function: sub_480cb0
Inserted function: sub_43f170
Inserted function: sub_4641b0
Inserted function: sub_4824c0
Inserted function: sub_436720
Inserted function: sub_4843b0
Inserted function: sub_4608c0
Inserted function: sub_435cd0
Inserted function: sub_433570
Inserted function: sub_42a8e0
Inserted function: sub_4213d0
Inserted function: sub_430fd0
Inserted function: sub_4840f0
Inserted function: sub_4649b0
Inserted function: sub_429700
Inserted function: sub_469480
Inserted function: sub_442c30
Inserted function: sub_41f450
Inserted function: sub_4788a0
Inserted function: sub_429d10
Inserted function: sub_434590
Inserted function: sub_42caa0
Inserted function: sub_409a00
Inserted function: sub_40cd00
Inserted function: sub_479040
Inserted function: sub_433e10
Inserted function: sub_435420
Inserted function: sub_4015b0
Inserted function: sub_478780
Inserted function: sub_409230
Inserted function: sub_4072b0
Inserted function: sub_431c40
Inserted function: sub_403560
Inserted function: sub_47ae90
Inserted function: sub_4342e0
Inserted function: sub_479060
Inserted function: sub_463310
Inserted function: sub_42db30
Inserted function: sub_48bec0
Inserted function: sub_437390
Inserted function: sub_42de90
Inserted function: sub_402f80
Inserted function: sub_48baa0
Inserted function: sub_444aa0
Inserted function: sub_48ab70
Inserted function: sub_42d500
Inserted function: sub_433eb0
Inserted function: sub_46a640
Inserted function: sub_480330
Inserted function: sub_444ee0
Inserted function: sub_42d2c0
Inserted function: sub_480120
Inserted function: sub_46a2d0
Inserted function: sub_4876e0
Inserted function: sub_413f90
Inserted function: sub_47fcf0
Inserted function: sub_412620
Inserted function: sub_466100
Inserted function: sub_47a980
Inserted function: sub_40bf20
Inserted function: sub_401630
Inserted function: sub_47c790
Inserted function: sub_4317d0
Inserted function: sub_47cf30
Inserted function: sub_434680
Inserted function: sub_434e00
Inserted function: sub_48ccb0
Inserted function: sub_47f830
Inserted function: sub_413060
Inserted function: sub_48ce50
Inserted function: sub_48c670
Inserted function: sub_47e880
Inserted function: sub_4877c0
Inserted function: sub_48c8a0
Inserted function: sub_48cab0
Inserted function: sub_434fe0
Inserted function: sub_48c9c0
Inserted function: sub_48cbc0
Inserted function: sub_48c740
Inserted function: sub_488910
Inserted function: sub_480ca0
Inserted function: sub_481b40
Inserted function: sub_420fe0
Inserted function: sub_458b90
Inserted function: sub_460950
Inserted function: sub_42d9c0
Inserted function: sub_40c560
Inserted function: sub_465f90
Inserted function: sub_4123e0
Inserted function: sub_477930
Inserted function: sub_477400
Inserted function: sub_48b810
Inserted function: sub_402030
Inserted function: sub_48a840
Inserted function: sub_436750
Inserted function: sub_401d70
Inserted function: sub_471190
Inserted function: sub_42e9f0
Inserted function: sub_421780
Inserted function: sub_41f040
Inserted function: sub_417040
Inserted function: sub_40a990
Inserted function: sub_46a6d0
Inserted function: sub_40a9a0
Inserted function: sub_48cff0
Inserted function: sub_479ba0
Inserted function: sub_42baf0
Inserted function: sub_463c20
Inserted function: sub_467200
Inserted function: sub_434440
Inserted function: sub_476e90
Inserted function: sub_47a7c0
Inserted function: sub_407e90
Inserted function: sub_4679a0
Inserted function: sub_453d70
Inserted function: sub_42c4b0
Inserted function: sub_45e0c0
Inserted function: sub_469cd0
Inserted function: sub_44faf0
Inserted function: sub_458500
Inserted function: sub_45d9e0
Inserted function: sub_460ba0
Inserted function: sub_45c130
Inserted function: sub_452940
Inserted function: sub_451000
Inserted function: sub_45e810
Inserted function: sub_45b420
Inserted function: sub_4550b0
Inserted function: sub_44dc30
Inserted function: sub_44ce00
Inserted function: sub_48be40
Inserted function: sub_453f60
Inserted function: sub_454a60
Inserted function: sub_4543e0
Inserted function: sub_44f090
Inserted function: sub_409fe0
Inserted function: sub_458d50
Inserted function: sub_47f360
Inserted function: sub_42e190
Inserted function: sub_405370
Inserted function: sub_44b040
Inserted function: sub_455db0
Inserted function: sub_458200
Inserted function: sub_4699a0
Inserted function: sub_481db0
Inserted function: sub_417e20
Inserted function: sub_437f20
Inserted function: sub_48c5c0
Inserted function: sub_47eaa0
Inserted function: sub_40abd0
Inserted function: sub_40f7d0
Inserted function: sub_413e10
Inserted function: sub_4631e0
Inserted function: sub_42ef70
Inserted function: sub_404930
Inserted function: sub_4319f0
Inserted function: sub_4635e0
Inserted function: sub_46aab0
Inserted function: sub_423af0
Inserted function: sub_428c10
Inserted function: sub_45c020
Inserted function: sub_4714f0
Inserted function: sub_448d00
Inserted function: sub_455b40
Inserted function: sub_460d80
Inserted function: sub_4715a0
Inserted function: sub_401fc0
Inserted function: sub_4487a0
Inserted function: sub_4489e0
Inserted function: sub_45bff0
Inserted function: sub_462450
inserting global data section named data_0x48eae0
inserting global data section named data_0x4a48a0
inserting global data section named data_0x4a5c98
inserting global data section named data_0x6abde0
inserting global data section named data_0x6abde8
inserting global data section named data_0x6abdf0
inserting global data section named data_0x6abff8
inserting global data section named data_0x6ac000
inserting global data section named data_0x6ac1b0
inserting global data section named data_0x6af7c0
dataSectionToTypesContents : 48eae0 15dc0
89536
dataSectionToTypesContents : 4a48a0 13f4
5108
dataSectionToTypesContents : 4a5c98 5ef4
24308
dataSectionToTypesContents : 6abde0 8
8
dataSectionToTypesContents : 6abde8 8
8
dataSectionToTypesContents : 6abdf0 8
8
dataSectionToTypesContents : 6abff8 8
8
dataSectionToTypesContents : 6ac000 1b0
432
dataSectionToTypesContents : 6ac1b0 2d
45
dataSectionToTypesContents : 6ac1dd 4
!!!WARNING WARNING WARNING!!!
	Assuming all callbacks are to translated code!!!
dataSectionToTypesContents : 6ac1e1 34
52
dataSectionToTypesContents : 6ac215 5
!!!WARNING WARNING WARNING!!!
	Assuming all callbacks are to translated code!!!
dataSectionToTypesContents : 6ac21a 16
22
dataSectionToTypesContents : 6ac230 a
 Symbol name : 0x48ff23L : 48ff23 : 48eae0
dataSectionToTypesContents : 6ac23a 2e
46
dataSectionToTypesContents : 6ac268 f
 Symbol name : 0x48ff2dL : 48ff2d : 48eae0
dataSectionToTypesContents : 6ac277 29
41
dataSectionToTypesContents : 6ac2a0 a
 Symbol name : 0x48ff3cL : 48ff3c : 48eae0
dataSectionToTypesContents : 6ac2aa 2e
46
dataSectionToTypesContents : 6ac2d8 b
 Symbol name : 0x48ff46L : 48ff46 : 48eae0
dataSectionToTypesContents : 6ac2e3 2d
45
dataSectionToTypesContents : 6ac310 c
 Symbol name : 0x48ff51L : 48ff51 : 48eae0
dataSectionToTypesContents : 6ac31c 2c
44
dataSectionToTypesContents : 6ac348 e
 Symbol name : 0x48ff5dL : 48ff5d : 48eae0
dataSectionToTypesContents : 6ac356 2a
42
dataSectionToTypesContents : 6ac380 12
 Symbol name : 0x48ff6bL : 48ff6b : 48eae0
dataSectionToTypesContents : 6ac392 26
38
dataSectionToTypesContents : 6ac3b8 9
 Symbol name : 0x48ff7dL : 48ff7d : 48eae0
dataSectionToTypesContents : 6ac3c1 2f
47
dataSectionToTypesContents : 6ac3f0 9
 Symbol name : 0x48ff86L : 48ff86 : 48eae0
dataSectionToTypesContents : 6ac3f9 2f
47
dataSectionToTypesContents : 6ac428 9
 Symbol name : 0x48ff8fL : 48ff8f : 48eae0
dataSectionToTypesContents : 6ac431 2f
47
dataSectionToTypesContents : 6ac460 a
 Symbol name : 0x48ff98L : 48ff98 : 48eae0
dataSectionToTypesContents : 6ac46a 2e
46
dataSectionToTypesContents : 6ac498 10
 Symbol name : 0x48ffa2L : 48ffa2 : 48eae0
dataSectionToTypesContents : 6ac4a8 28
40
dataSectionToTypesContents : 6ac4d0 c
 Symbol name : 0x490616L : 490616 : 48eae0
dataSectionToTypesContents : 6ac4dc 2c
44
dataSectionToTypesContents : 6ac508 16
 Symbol name : 0x48ffb2L : 48ffb2 : 48eae0
dataSectionToTypesContents : 6ac51e 22
34
dataSectionToTypesContents : 6ac540 11
 Symbol name : 0x48ffc8L : 48ffc8 : 48eae0
dataSectionToTypesContents : 6ac551 27
39
dataSectionToTypesContents : 6ac578 11
 Symbol name : 0x48ffd9L : 48ffd9 : 48eae0
dataSectionToTypesContents : 6ac589 27
39
dataSectionToTypesContents : 6ac5b0 11
 Symbol name : 0x48ffeaL : 48ffea : 48eae0
dataSectionToTypesContents : 6ac5c1 27
39
dataSectionToTypesContents : 6ac5e8 12
 Symbol name : 0x48fffbL : 48fffb : 48eae0
dataSectionToTypesContents : 6ac5fa 26
38
dataSectionToTypesContents : 6ac620 14
 Symbol name : 0x49000dL : 49000d : 48eae0
dataSectionToTypesContents : 6ac634 24
36
dataSectionToTypesContents : 6ac658 14
 Symbol name : 0x490021L : 490021 : 48eae0
dataSectionToTypesContents : 6ac66c 24
36
dataSectionToTypesContents : 6ac690 10
 Symbol name : 0x490035L : 490035 : 48eae0
dataSectionToTypesContents : 6ac6a0 28
40
dataSectionToTypesContents : 6ac6c8 f
 Symbol name : 0x490045L : 490045 : 48eae0
dataSectionToTypesContents : 6ac6d7 29
41
dataSectionToTypesContents : 6ac700 a
 Symbol name : 0x490054L : 490054 : 48eae0
dataSectionToTypesContents : 6ac70a 2e
46
dataSectionToTypesContents : 6ac738 c
 Symbol name : 0x49005eL : 49005e : 48eae0
dataSectionToTypesContents : 6ac744 2c
44
dataSectionToTypesContents : 6ac770 d
 Symbol name : 0x49006aL : 49006a : 48eae0
dataSectionToTypesContents : 6ac77d 2b
43
dataSectionToTypesContents : 6ac7a8 12
 Symbol name : 0x490077L : 490077 : 48eae0
dataSectionToTypesContents : 6ac7ba 26
38
dataSectionToTypesContents : 6ac7e0 a
 Symbol name : 0x490089L : 490089 : 48eae0
dataSectionToTypesContents : 6ac7ea 2e
46
dataSectionToTypesContents : 6ac818 e
 Symbol name : 0x490093L : 490093 : 48eae0
dataSectionToTypesContents : 6ac826 2a
42
dataSectionToTypesContents : 6ac850 18
 Symbol name : 0x4900a1L : 4900a1 : 48eae0
dataSectionToTypesContents : 6ac868 20
32
dataSectionToTypesContents : 6ac888 a
 Symbol name : 0x4900b9L : 4900b9 : 48eae0
dataSectionToTypesContents : 6ac892 2e
46
dataSectionToTypesContents : 6ac8c0 12
 Symbol name : 0x4900c3L : 4900c3 : 48eae0
dataSectionToTypesContents : 6ac8d2 26
38
dataSectionToTypesContents : 6ac8f8 b
 Symbol name : 0x4900d5L : 4900d5 : 48eae0
dataSectionToTypesContents : 6ac903 2d
45
dataSectionToTypesContents : 6ac930 a
 Symbol name : 0x4900e0L : 4900e0 : 48eae0
dataSectionToTypesContents : 6ac93a 2e
46
dataSectionToTypesContents : 6ac968 a
 Symbol name : 0x4900eaL : 4900ea : 48eae0
dataSectionToTypesContents : 6ac972 2e
46
dataSectionToTypesContents : 6ac9a0 c
 Symbol name : 0x4900f4L : 4900f4 : 48eae0
dataSectionToTypesContents : 6ac9ac 2c
44
dataSectionToTypesContents : 6ac9d8 e
 Symbol name : 0x490100L : 490100 : 48eae0
dataSectionToTypesContents : 6ac9e6 2a
42
dataSectionToTypesContents : 6aca10 e
 Symbol name : 0x49010eL : 49010e : 48eae0
dataSectionToTypesContents : 6aca1e 2a
42
dataSectionToTypesContents : 6aca48 f
 Symbol name : 0x49011cL : 49011c : 48eae0
dataSectionToTypesContents : 6aca57 29
41
dataSectionToTypesContents : 6aca80 10
 Symbol name : 0x49012bL : 49012b : 48eae0
dataSectionToTypesContents : 6aca90 28
40
dataSectionToTypesContents : 6acab8 f
 Symbol name : 0x49013bL : 49013b : 48eae0
dataSectionToTypesContents : 6acac7 61
97
dataSectionToTypesContents : 6acb28 15
 Symbol name : 0x49015eL : 49015e : 48eae0
dataSectionToTypesContents : 6acb3d 23
35
dataSectionToTypesContents : 6acb60 a
 Symbol name : 0x490173L : 490173 : 48eae0
dataSectionToTypesContents : 6acb6a 2e
46
dataSectionToTypesContents : 6acb98 b
 Symbol name : 0x49017dL : 49017d : 48eae0
dataSectionToTypesContents : 6acba3 2d
45
dataSectionToTypesContents : 6acbd0 a
 Symbol name : 0x490188L : 490188 : 48eae0
dataSectionToTypesContents : 6acbda 2e
46
dataSectionToTypesContents : 6acc08 a
 Symbol name : 0x490192L : 490192 : 48eae0
dataSectionToTypesContents : 6acc12 2e
46
dataSectionToTypesContents : 6acc40 f
 Symbol name : 0x49019cL : 49019c : 48eae0
dataSectionToTypesContents : 6acc4f 29
41
dataSectionToTypesContents : 6acc78 b
 Symbol name : 0x4901abL : 4901ab : 48eae0
dataSectionToTypesContents : 6acc83 2d
45
dataSectionToTypesContents : 6accb0 10
 Symbol name : 0x4901b6L : 4901b6 : 48eae0
dataSectionToTypesContents : 6accc0 28
40
dataSectionToTypesContents : 6acce8 10
 Symbol name : 0x4901c6L : 4901c6 : 48eae0
dataSectionToTypesContents : 6accf8 28
40
dataSectionToTypesContents : 6acd20 b
 Symbol name : 0x4901d6L : 4901d6 : 48eae0
dataSectionToTypesContents : 6acd2b 2d
45
dataSectionToTypesContents : 6acd58 c
 Symbol name : 0x4901e1L : 4901e1 : 48eae0
dataSectionToTypesContents : 6acd64 2c
44
dataSectionToTypesContents : 6acd90 e
 Symbol name : 0x4901edL : 4901ed : 48eae0
dataSectionToTypesContents : 6acd9e 2a
42
dataSectionToTypesContents : 6acdc8 11
 Symbol name : 0x4901fbL : 4901fb : 48eae0
dataSectionToTypesContents : 6acdd9 27
39
dataSectionToTypesContents : 6ace00 10
 Symbol name : 0x49020cL : 49020c : 48eae0
dataSectionToTypesContents : 6ace10 28
40
dataSectionToTypesContents : 6ace38 10
 Symbol name : 0x49021cL : 49021c : 48eae0
dataSectionToTypesContents : 6ace48 28
40
dataSectionToTypesContents : 6ace70 f
 Symbol name : 0x49022cL : 49022c : 48eae0
dataSectionToTypesContents : 6ace7f 29
41
dataSectionToTypesContents : 6acea8 f
 Symbol name : 0x49023bL : 49023b : 48eae0
dataSectionToTypesContents : 6aceb7 29
41
dataSectionToTypesContents : 6acee0 f
 Symbol name : 0x49024aL : 49024a : 48eae0
dataSectionToTypesContents : 6aceef 29
41
dataSectionToTypesContents : 6acf18 f
 Symbol name : 0x490259L : 490259 : 48eae0
dataSectionToTypesContents : 6acf27 29
41
dataSectionToTypesContents : 6acf50 16
 Symbol name : 0x490268L : 490268 : 48eae0
dataSectionToTypesContents : 6acf66 22
34
dataSectionToTypesContents : 6acf88 13
 Symbol name : 0x49027eL : 49027e : 48eae0
dataSectionToTypesContents : 6acf9b 25
37
dataSectionToTypesContents : 6acfc0 14
 Symbol name : 0x490291L : 490291 : 48eae0
dataSectionToTypesContents : 6acfd4 24
36
dataSectionToTypesContents : 6acff8 13
 Symbol name : 0x4902a5L : 4902a5 : 48eae0
dataSectionToTypesContents : 6ad00b 25
37
dataSectionToTypesContents : 6ad030 15
 Symbol name : 0x4902b8L : 4902b8 : 48eae0
dataSectionToTypesContents : 6ad045 23
35
dataSectionToTypesContents : 6ad068 17
 Symbol name : 0x4902cdL : 4902cd : 48eae0
dataSectionToTypesContents : 6ad07f 21
33
dataSectionToTypesContents : 6ad0a0 b
 Symbol name : 0x4902e4L : 4902e4 : 48eae0
dataSectionToTypesContents : 6ad0ab 2d
45
dataSectionToTypesContents : 6ad0d8 13
 Symbol name : 0x4902efL : 4902ef : 48eae0
dataSectionToTypesContents : 6ad0eb 25
37
dataSectionToTypesContents : 6ad110 14
 Symbol name : 0x490302L : 490302 : 48eae0
dataSectionToTypesContents : 6ad124 24
36
dataSectionToTypesContents : 6ad148 1
 Symbol name : 0x490316L : 490316 : 48eae0
dataSectionToTypesContents : 6ad149 37
55
dataSectionToTypesContents : 6ad180 a
 Symbol name : 0x490326L : 490326 : 48eae0
dataSectionToTypesContents : 6ad18a 2e
46
dataSectionToTypesContents : 6ad1b8 a
 Symbol name : 0x490330L : 490330 : 48eae0
dataSectionToTypesContents : 6ad1c2 2e
46
dataSectionToTypesContents : 6ad1f0 a
 Symbol name : 0x49033aL : 49033a : 48eae0
dataSectionToTypesContents : 6ad1fa 2e
46
dataSectionToTypesContents : 6ad228 14
 Symbol name : 0x490344L : 490344 : 48eae0
dataSectionToTypesContents : 6ad23c 24
36
dataSectionToTypesContents : 6ad260 e
 Symbol name : 0x490358L : 490358 : 48eae0
dataSectionToTypesContents : 6ad26e 2a
42
dataSectionToTypesContents : 6ad298 f
 Symbol name : 0x490366L : 490366 : 48eae0
dataSectionToTypesContents : 6ad2a7 29
41
dataSectionToTypesContents : 6ad2d0 14
 Symbol name : 0x490375L : 490375 : 48eae0
dataSectionToTypesContents : 6ad2e4 24
36
dataSectionToTypesContents : 6ad308 14
 Symbol name : 0x490389L : 490389 : 48eae0
dataSectionToTypesContents : 6ad31c 24
36
dataSectionToTypesContents : 6ad340 14
 Symbol name : 0x49039dL : 49039d : 48eae0
dataSectionToTypesContents : 6ad354 24
36
dataSectionToTypesContents : 6ad378 10
 Symbol name : 0x4903b1L : 4903b1 : 48eae0
dataSectionToTypesContents : 6ad388 28
40
dataSectionToTypesContents : 6ad3b0 a
 Symbol name : 0x4903c1L : 4903c1 : 48eae0
dataSectionToTypesContents : 6ad3ba 2e
46
dataSectionToTypesContents : 6ad3e8 a
 Symbol name : 0x4903cbL : 4903cb : 48eae0
dataSectionToTypesContents : 6ad3f2 2e
46
dataSectionToTypesContents : 6ad420 a
 Symbol name : 0x4903d5L : 4903d5 : 48eae0
dataSectionToTypesContents : 6ad42a 2e
46
dataSectionToTypesContents : 6ad458 11
 Symbol name : 0x4903dfL : 4903df : 48eae0
dataSectionToTypesContents : 6ad469 27
39
dataSectionToTypesContents : 6ad490 12
 Symbol name : 0x4903f0L : 4903f0 : 48eae0
dataSectionToTypesContents : 6ad4a2 26
38
dataSectionToTypesContents : 6ad4c8 15
 Symbol name : 0x490402L : 490402 : 48eae0
dataSectionToTypesContents : 6ad4dd 23
35
dataSectionToTypesContents : 6ad500 14
 Symbol name : 0x490417L : 490417 : 48eae0
dataSectionToTypesContents : 6ad514 24
36
dataSectionToTypesContents : 6ad538 15
 Symbol name : 0x49042bL : 49042b : 48eae0
dataSectionToTypesContents : 6ad54d 23
35
dataSectionToTypesContents : 6ad570 d
 Symbol name : 0x490440L : 490440 : 48eae0
dataSectionToTypesContents : 6ad57d 2b
43
dataSectionToTypesContents : 6ad5a8 c
 Symbol name : 0x49044dL : 49044d : 48eae0
dataSectionToTypesContents : 6ad5b4 2c
44
dataSectionToTypesContents : 6ad5e0 c
 Symbol name : 0x490459L : 490459 : 48eae0
dataSectionToTypesContents : 6ad5ec 2c
44
dataSectionToTypesContents : 6ad618 2a
 Symbol name : 0x490465L : 490465 : 48eae0
dataSectionToTypesContents : 6ad642 e
14
dataSectionToTypesContents : 6ad650 1a
 Symbol name : 0x49048fL : 49048f : 48eae0
dataSectionToTypesContents : 6ad66a 1e
30
dataSectionToTypesContents : 6ad688 15
 Symbol name : 0x4904a9L : 4904a9 : 48eae0
dataSectionToTypesContents : 6ad69d 23
35
dataSectionToTypesContents : 6ad6c0 13
 Symbol name : 0x4904beL : 4904be : 48eae0
dataSectionToTypesContents : 6ad6d3 25
37
dataSectionToTypesContents : 6ad6f8 15
 Symbol name : 0x4904d1L : 4904d1 : 48eae0
dataSectionToTypesContents : 6ad70d 23
35
dataSectionToTypesContents : 6ad730 17
 Symbol name : 0x4904e6L : 4904e6 : 48eae0
dataSectionToTypesContents : 6ad747 21
33
dataSectionToTypesContents : 6ad768 12
 Symbol name : 0x4904fdL : 4904fd : 48eae0
dataSectionToTypesContents : 6ad77a 26
38
dataSectionToTypesContents : 6ad7a0 f
 Symbol name : 0x49050fL : 49050f : 48eae0
dataSectionToTypesContents : 6ad7af 29
41
dataSectionToTypesContents : 6ad7d8 13
 Symbol name : 0x49051eL : 49051e : 48eae0
dataSectionToTypesContents : 6ad7eb 25
37
dataSectionToTypesContents : 6ad810 e
 Symbol name : 0x490531L : 490531 : 48eae0
dataSectionToTypesContents : 6ad81e 2a
42
dataSectionToTypesContents : 6ad848 13
 Symbol name : 0x49053fL : 49053f : 48eae0
dataSectionToTypesContents : 6ad85b 25
37
dataSectionToTypesContents : 6ad880 17
 Symbol name : 0x490552L : 490552 : 48eae0
dataSectionToTypesContents : 6ad897 21
33
dataSectionToTypesContents : 6ad8b8 13
 Symbol name : 0x490569L : 490569 : 48eae0
dataSectionToTypesContents : 6ad8cb 25
37
dataSectionToTypesContents : 6ad8f0 13
 Symbol name : 0x49057cL : 49057c : 48eae0
dataSectionToTypesContents : 6ad903 25
37
dataSectionToTypesContents : 6ad928 17
 Symbol name : 0x49058fL : 49058f : 48eae0
dataSectionToTypesContents : 6ad93f 21
33
dataSectionToTypesContents : 6ad960 18
 Symbol name : 0x4905a6L : 4905a6 : 48eae0
dataSectionToTypesContents : 6ad978 20
32
dataSectionToTypesContents : 6ad998 11
 Symbol name : 0x4905beL : 4905be : 48eae0
dataSectionToTypesContents : 6ad9a9 27
39
dataSectionToTypesContents : 6ad9d0 14
 Symbol name : 0x4905cfL : 4905cf : 48eae0
dataSectionToTypesContents : 6ad9e4 24
36
dataSectionToTypesContents : 6ada08 17
 Symbol name : 0x4905e3L : 4905e3 : 48eae0
dataSectionToTypesContents : 6ada1f 21
33
dataSectionToTypesContents : 6ada40 14
 Symbol name : 0x4905faL : 4905fa : 48eae0
dataSectionToTypesContents : 6ada54 24
36
dataSectionToTypesContents : 6ada78 14
 Symbol name : 0x49060eL : 49060e : 48eae0
dataSectionToTypesContents : 6ada8c 24
36
dataSectionToTypesContents : 6adab0 f
 Symbol name : 0x490622L : 490622 : 48eae0
dataSectionToTypesContents : 6adabf 29
41
dataSectionToTypesContents : 6adae8 19
 Symbol name : 0x490631L : 490631 : 48eae0
dataSectionToTypesContents : 6adb01 1f
31
dataSectionToTypesContents : 6adb20 12
 Symbol name : 0x49064aL : 49064a : 48eae0
dataSectionToTypesContents : 6adb32 26
38
dataSectionToTypesContents : 6adb58 18
 Symbol name : 0x49065cL : 49065c : 48eae0
dataSectionToTypesContents : 6adb70 20
32
dataSectionToTypesContents : 6adb90 15
 Symbol name : 0x490674L : 490674 : 48eae0
dataSectionToTypesContents : 6adba5 23
35
dataSectionToTypesContents : 6adbc8 13
 Symbol name : 0x490689L : 490689 : 48eae0
dataSectionToTypesContents : 6adbdb 25
37
dataSectionToTypesContents : 6adc00 19
 Symbol name : 0x49069cL : 49069c : 48eae0
dataSectionToTypesContents : 6adc19 1f
31
dataSectionToTypesContents : 6adc38 1a
 Symbol name : 0x4906b5L : 4906b5 : 48eae0
dataSectionToTypesContents : 6adc52 1e
30
dataSectionToTypesContents : 6adc70 18
 Symbol name : 0x49ef27L : 49ef27 : 48eae0
dataSectionToTypesContents : 6adc88 20
32
dataSectionToTypesContents : 6adca8 15
 Symbol name : 0x49ef44L : 49ef44 : 48eae0
dataSectionToTypesContents : 6adcbd 23
35
dataSectionToTypesContents : 6adce0 22
 Symbol name : 0x49ef9eL : 49ef9e : 48eae0
dataSectionToTypesContents : 6add02 16
22
dataSectionToTypesContents : 6add18 1f
 Symbol name : 0x49efc5L : 49efc5 : 48eae0
dataSectionToTypesContents : 6add37 19
25
dataSectionToTypesContents : 6add50 19
 Symbol name : 0x4906cfL : 4906cf : 48eae0
dataSectionToTypesContents : 6add69 1f
31
dataSectionToTypesContents : 6add88 14
 Symbol name : 0x4906e8L : 4906e8 : 48eae0
dataSectionToTypesContents : 6add9c 24
36
dataSectionToTypesContents : 6addc0 16
 Symbol name : 0x4906fcL : 4906fc : 48eae0
dataSectionToTypesContents : 6addd6 22
34
dataSectionToTypesContents : 6addf8 11
 Symbol name : 0x49b963L : 49b963 : 48eae0
dataSectionToTypesContents : 6ade09 27
39
dataSectionToTypesContents : 6ade30 e
 Symbol name : 0x490712L : 490712 : 48eae0
dataSectionToTypesContents : 6ade3e 2a
42
dataSectionToTypesContents : 6ade68 10
 Symbol name : 0x490720L : 490720 : 48eae0
dataSectionToTypesContents : 6ade78 28
40
dataSectionToTypesContents : 6adea0 12
 Symbol name : 0x490730L : 490730 : 48eae0
dataSectionToTypesContents : 6adeb2 26
38
dataSectionToTypesContents : 6aded8 11
 Symbol name : 0x490742L : 490742 : 48eae0
dataSectionToTypesContents : 6adee9 27
39
dataSectionToTypesContents : 6adf10 11
 Symbol name : 0x490753L : 490753 : 48eae0
dataSectionToTypesContents : 6adf21 27
39
dataSectionToTypesContents : 6adf48 11
 Symbol name : 0x490764L : 490764 : 48eae0
dataSectionToTypesContents : 6adf59 27
39
dataSectionToTypesContents : 6adf80 11
 Symbol name : 0x490775L : 490775 : 48eae0
dataSectionToTypesContents : 6adf91 27
39
dataSectionToTypesContents : 6adfb8 8
 Symbol name : 0x490786L : 490786 : 48eae0
dataSectionToTypesContents : 6adfc0 30
48
dataSectionToTypesContents : 6adff0 12
 Symbol name : 0x49078eL : 49078e : 48eae0
dataSectionToTypesContents : 6ae002 26
38
dataSectionToTypesContents : 6ae028 8
 Symbol name : 0x4907a0L : 4907a0 : 48eae0
dataSectionToTypesContents : 6ae030 30
48
dataSectionToTypesContents : 6ae060 a
 Symbol name : 0x4907a8L : 4907a8 : 48eae0
dataSectionToTypesContents : 6ae06a 2e
46
dataSectionToTypesContents : 6ae098 a
 Symbol name : 0x4907b2L : 4907b2 : 48eae0
dataSectionToTypesContents : 6ae0a2 2e
46
dataSectionToTypesContents : 6ae0d0 c
 Symbol name : 0x4907bcL : 4907bc : 48eae0
dataSectionToTypesContents : 6ae0dc 2c
44
dataSectionToTypesContents : 6ae108 d
 Symbol name : 0x4907c8L : 4907c8 : 48eae0
dataSectionToTypesContents : 6ae115 2b
43
dataSectionToTypesContents : 6ae140 11
 Symbol name : 0x4907d5L : 4907d5 : 48eae0
dataSectionToTypesContents : 6ae151 27
39
dataSectionToTypesContents : 6ae178 12
 Symbol name : 0x4907e6L : 4907e6 : 48eae0
dataSectionToTypesContents : 6ae18a 26
38
dataSectionToTypesContents : 6ae1b0 12
 Symbol name : 0x4907f8L : 4907f8 : 48eae0
dataSectionToTypesContents : 6ae1c2 26
38
dataSectionToTypesContents : 6ae1e8 12
 Symbol name : 0x49080aL : 49080a : 48eae0
dataSectionToTypesContents : 6ae1fa 26
38
dataSectionToTypesContents : 6ae220 12
 Symbol name : 0x49081cL : 49081c : 48eae0
dataSectionToTypesContents : 6ae232 26
38
dataSectionToTypesContents : 6ae258 12
 Symbol name : 0x49082eL : 49082e : 48eae0
dataSectionToTypesContents : 6ae26a 26
38
dataSectionToTypesContents : 6ae290 e
 Symbol name : 0x490840L : 490840 : 48eae0
dataSectionToTypesContents : 6ae29e 2a
42
dataSectionToTypesContents : 6ae2c8 e
 Symbol name : 0x49084eL : 49084e : 48eae0
dataSectionToTypesContents : 6ae2d6 2a
42
dataSectionToTypesContents : 6ae300 c
 Symbol name : 0x49085cL : 49085c : 48eae0
dataSectionToTypesContents : 6ae30c 2c
44
dataSectionToTypesContents : 6ae338 19
 Symbol name : 0x490868L : 490868 : 48eae0
dataSectionToTypesContents : 6ae351 1f
31
dataSectionToTypesContents : 6ae370 18
 Symbol name : 0x490881L : 490881 : 48eae0
dataSectionToTypesContents : 6ae388 20
32
dataSectionToTypesContents : 6ae3a8 18
 Symbol name : 0x490899L : 490899 : 48eae0
dataSectionToTypesContents : 6ae3c0 20
32
dataSectionToTypesContents : 6ae3e0 18
 Symbol name : 0x4908b1L : 4908b1 : 48eae0
dataSectionToTypesContents : 6ae3f8 20
32
dataSectionToTypesContents : 6ae418 18
 Symbol name : 0x4908c9L : 4908c9 : 48eae0
dataSectionToTypesContents : 6ae430 20
32
dataSectionToTypesContents : 6ae450 18
 Symbol name : 0x4908e1L : 4908e1 : 48eae0
dataSectionToTypesContents : 6ae468 20
32
dataSectionToTypesContents : 6ae488 18
 Symbol name : 0x4908f9L : 4908f9 : 48eae0
dataSectionToTypesContents : 6ae4a0 20
32
dataSectionToTypesContents : 6ae4c0 18
 Symbol name : 0x490911L : 490911 : 48eae0
dataSectionToTypesContents : 6ae4d8 20
32
dataSectionToTypesContents : 6ae4f8 18
 Symbol name : 0x490929L : 490929 : 48eae0
dataSectionToTypesContents : 6ae510 20
32
dataSectionToTypesContents : 6ae530 b
 Symbol name : 0x490941L : 490941 : 48eae0
dataSectionToTypesContents : 6ae53b 2d
45
dataSectionToTypesContents : 6ae568 9
 Symbol name : 0x49094cL : 49094c : 48eae0
dataSectionToTypesContents : 6ae571 2f
47
dataSectionToTypesContents : 6ae5a0 b
 Symbol name : 0x490955L : 490955 : 48eae0
dataSectionToTypesContents : 6ae5ab 2d
45
dataSectionToTypesContents : 6ae5d8 c
 Symbol name : 0x490960L : 490960 : 48eae0
dataSectionToTypesContents : 6ae5e4 2c
44
dataSectionToTypesContents : 6ae610 13
 Symbol name : 0x49096cL : 49096c : 48eae0
dataSectionToTypesContents : 6ae623 25
37
dataSectionToTypesContents : 6ae648 14
 Symbol name : 0x49097fL : 49097f : 48eae0
dataSectionToTypesContents : 6ae65c 24
36
dataSectionToTypesContents : 6ae680 d
 Symbol name : 0x490993L : 490993 : 48eae0
dataSectionToTypesContents : 6ae68d 2b
43
dataSectionToTypesContents : 6ae6b8 f
 Symbol name : 0x4909a0L : 4909a0 : 48eae0
dataSectionToTypesContents : 6ae6c7 29
41
dataSectionToTypesContents : 6ae6f0 12
 Symbol name : 0x4909afL : 4909af : 48eae0
dataSectionToTypesContents : 6ae702 26
38
dataSectionToTypesContents : 6ae728 12
 Symbol name : 0x4909c1L : 4909c1 : 48eae0
dataSectionToTypesContents : 6ae73a 26
38
dataSectionToTypesContents : 6ae760 12
 Symbol name : 0x4909d3L : 4909d3 : 48eae0
dataSectionToTypesContents : 6ae772 26
38
dataSectionToTypesContents : 6ae798 d
 Symbol name : 0x4909e5L : 4909e5 : 48eae0
dataSectionToTypesContents : 6ae7a5 2b
43
dataSectionToTypesContents : 6ae7d0 13
 Symbol name : 0x4909f2L : 4909f2 : 48eae0
dataSectionToTypesContents : 6ae7e3 25
37
dataSectionToTypesContents : 6ae808 f
 Symbol name : 0x490a05L : 490a05 : 48eae0
dataSectionToTypesContents : 6ae817 29
41
dataSectionToTypesContents : 6ae840 15
 Symbol name : 0x490a14L : 490a14 : 48eae0
dataSectionToTypesContents : 6ae855 23
35
dataSectionToTypesContents : 6ae878 f
 Symbol name : 0x490a29L : 490a29 : 48eae0
dataSectionToTypesContents : 6ae887 29
41
dataSectionToTypesContents : 6ae8b0 d
 Symbol name : 0x490a38L : 490a38 : 48eae0
dataSectionToTypesContents : 6ae8bd 20
32
dataSectionToTypesContents : 6ae8dd 3
!!!WARNING WARNING WARNING!!!
	Assuming all callbacks are to translated code!!!
dataSectionToTypesContents : 6ae8e0 8
8
dataSectionToTypesContents : 6ae8e8 f
 Symbol name : 0x490a45L : 490a45 : 48eae0
dataSectionToTypesContents : 6ae8f7 1e
30
dataSectionToTypesContents : 6ae915 3
!!!WARNING WARNING WARNING!!!
	Assuming all callbacks are to translated code!!!
dataSectionToTypesContents : 6ae918 8
8
dataSectionToTypesContents : 6ae920 a
 Symbol name : 0x490a54L : 490a54 : 48eae0
dataSectionToTypesContents : 6ae92a 2e
46
dataSectionToTypesContents : 6ae958 9
 Symbol name : 0x490a5eL : 490a5e : 48eae0
dataSectionToTypesContents : 6ae961 2f
47
dataSectionToTypesContents : 6ae990 b
 Symbol name : 0x490a67L : 490a67 : 48eae0
dataSectionToTypesContents : 6ae99b 2d
45
dataSectionToTypesContents : 6ae9c8 b
 Symbol name : 0x490a72L : 490a72 : 48eae0
dataSectionToTypesContents : 6ae9d3 2d
45
dataSectionToTypesContents : 6aea00 20
 Symbol name : 0x490a7dL : 490a7d : 48eae0
dataSectionToTypesContents : 6aea20 18
24
dataSectionToTypesContents : 6aea38 18
 Symbol name : 0x490a9dL : 490a9d : 48eae0
dataSectionToTypesContents : 6aea50 20
32
dataSectionToTypesContents : 6aea70 12
 Symbol name : 0x490ab5L : 490ab5 : 48eae0
dataSectionToTypesContents : 6aea82 26
38
dataSectionToTypesContents : 6aeaa8 12
 Symbol name : 0x490ac7L : 490ac7 : 48eae0
dataSectionToTypesContents : 6aeaba 26
38
dataSectionToTypesContents : 6aeae0 12
 Symbol name : 0x490ad9L : 490ad9 : 48eae0
dataSectionToTypesContents : 6aeaf2 26
38
dataSectionToTypesContents : 6aeb18 13
 Symbol name : 0x490aebL : 490aeb : 48eae0
dataSectionToTypesContents : 6aeb2b 25
37
dataSectionToTypesContents : 6aeb50 13
 Symbol name : 0x490afeL : 490afe : 48eae0
dataSectionToTypesContents : 6aeb63 25
37
dataSectionToTypesContents : 6aeb88 15
 Symbol name : 0x490b11L : 490b11 : 48eae0
dataSectionToTypesContents : 6aeb9d 23
35
dataSectionToTypesContents : 6aebc0 13
 Symbol name : 0x490b26L : 490b26 : 48eae0
dataSectionToTypesContents : 6aebd3 25
37
dataSectionToTypesContents : 6aebf8 13
 Symbol name : 0x490b39L : 490b39 : 48eae0
dataSectionToTypesContents : 6aec0b 25
37
dataSectionToTypesContents : 6aec30 13
 Symbol name : 0x490b4cL : 490b4c : 48eae0
dataSectionToTypesContents : 6aec43 25
37
dataSectionToTypesContents : 6aec68 14
 Symbol name : 0x490b5fL : 490b5f : 48eae0
dataSectionToTypesContents : 6aec7c 24
36
dataSectionToTypesContents : 6aeca0 14
 Symbol name : 0x490b73L : 490b73 : 48eae0
dataSectionToTypesContents : 6aecb4 24
36
dataSectionToTypesContents : 6aecd8 16
 Symbol name : 0x490b87L : 490b87 : 48eae0
dataSectionToTypesContents : 6aecee 22
34
dataSectionToTypesContents : 6aed10 12
 Symbol name : 0x490b9dL : 490b9d : 48eae0
dataSectionToTypesContents : 6aed22 26
38
dataSectionToTypesContents : 6aed48 18
 Symbol name : 0x490bafL : 490baf : 48eae0
dataSectionToTypesContents : 6aed60 20
32
dataSectionToTypesContents : 6aed80 10
 Symbol name : 0x490bc7L : 490bc7 : 48eae0
dataSectionToTypesContents : 6aed90 28
40
dataSectionToTypesContents : 6aedb8 15
 Symbol name : 0x490bd7L : 490bd7 : 48eae0
dataSectionToTypesContents : 6aedcd 23
35
dataSectionToTypesContents : 6aedf0 11
 Symbol name : 0x490becL : 490bec : 48eae0
dataSectionToTypesContents : 6aee01 27
39
dataSectionToTypesContents : 6aee28 f
 Symbol name : 0x490bfdL : 490bfd : 48eae0
dataSectionToTypesContents : 6aee37 29
41
dataSectionToTypesContents : 6aee60 1
 Symbol name : 0x490c0cL : 490c0c : 48eae0
dataSectionToTypesContents : 6aee61 37
55
dataSectionToTypesContents : 6aee98 14
 Symbol name : 0x490c1bL : 490c1b : 48eae0
dataSectionToTypesContents : 6aeeac 24
36
dataSectionToTypesContents : 6aeed0 14
 Symbol name : 0x490c2fL : 490c2f : 48eae0
dataSectionToTypesContents : 6aeee4 24
36
dataSectionToTypesContents : 6aef08 14
 Symbol name : 0x490c43L : 490c43 : 48eae0
dataSectionToTypesContents : 6aef1c 24
36
dataSectionToTypesContents : 6aef40 15
 Symbol name : 0x490c57L : 490c57 : 48eae0
dataSectionToTypesContents : 6aef55 23
35
dataSectionToTypesContents : 6aef78 15
 Symbol name : 0x490c6cL : 490c6c : 48eae0
dataSectionToTypesContents : 6aef8d 23
35
dataSectionToTypesContents : 6aefb0 15
 Symbol name : 0x490c81L : 490c81 : 48eae0
dataSectionToTypesContents : 6aefc5 23
35
dataSectionToTypesContents : 6aefe8 16
 Symbol name : 0x490c96L : 490c96 : 48eae0
dataSectionToTypesContents : 6aeffe 22
34
dataSectionToTypesContents : 6af020 16
 Symbol name : 0x490cacL : 490cac : 48eae0
dataSectionToTypesContents : 6af036 22
34
dataSectionToTypesContents : 6af058 16
 Symbol name : 0x490cc2L : 490cc2 : 48eae0
dataSectionToTypesContents : 6af06e 22
34
dataSectionToTypesContents : 6af090 17
 Symbol name : 0x490cd8L : 490cd8 : 48eae0
dataSectionToTypesContents : 6af0a7 21
33
dataSectionToTypesContents : 6af0c8 17
 Symbol name : 0x490cefL : 490cef : 48eae0
dataSectionToTypesContents : 6af0df 21
33
dataSectionToTypesContents : 6af100 17
 Symbol name : 0x490d06L : 490d06 : 48eae0
dataSectionToTypesContents : 6af117 21
33
dataSectionToTypesContents : 6af138 b
 Symbol name : 0x490d1dL : 490d1d : 48eae0
dataSectionToTypesContents : 6af143 2d
45
dataSectionToTypesContents : 6af170 f
 Symbol name : 0x490d28L : 490d28 : 48eae0
dataSectionToTypesContents : 6af17f 29
41
dataSectionToTypesContents : 6af1a8 f
 Symbol name : 0x490d37L : 490d37 : 48eae0
dataSectionToTypesContents : 6af1b7 29
41
dataSectionToTypesContents : 6af1e0 11
 Symbol name : 0x490d46L : 490d46 : 48eae0
dataSectionToTypesContents : 6af1f1 27
39
dataSectionToTypesContents : 6af218 11
 Symbol name : 0x490d57L : 490d57 : 48eae0
dataSectionToTypesContents : 6af229 27
39
dataSectionToTypesContents : 6af250 11
 Symbol name : 0x490d68L : 490d68 : 48eae0
dataSectionToTypesContents : 6af261 27
39
dataSectionToTypesContents : 6af288 d
 Symbol name : 0x490d79L : 490d79 : 48eae0
dataSectionToTypesContents : 6af295 52b
1323
dataSectionToTypesContents : 6af7c0 1aaf0
109296
translate_MOV32mi: Other reloc
translate_MOV32mi: Other reloc
translate_MOV32mi: Other reloc
translate_MOV64mi32: Other reloc
translate_MOV64mi32: Other reloc
translate_MOV64mi32: Other reloc
translate_MOV32mi: Other reloc
shouldSubtractImageBase: Not on Win32
shouldSubtractImageBase: Not on Win32
shouldSubtractImageBase: Not on Win32
shouldSubtractImageBase: Not on Win32
translate_MOV32mi: Other reloc
translate_MOV32mi: Other reloc
shouldSubtractImageBase: Not on Win32
shouldSubtractImageBase: Not on Win32
shouldSubtractImageBase: Not on Win32
shouldSubtractImageBase: Not on Win32
shouldSubtractImageBase: Not on Win32
shouldSubtractImageBase: Not on Win32
shouldSubtractImageBase: Not on Win32
shouldSubtractImageBase: Not on Win32
shouldSubtractImageBase: Not on Win32
shouldSubtractImageBase: Not on Win32
translate_MOV32mi: Other reloc
shouldSubtractImageBase: Not on Win32
shouldSubtractImageBase: Not on Win32
shouldSubtractImageBase: Not on Win32
translate_MOV64mi32: Other reloc
translate_MOV64mi32: Other reloc
translate_MOV64mi32: Other reloc
translate_MOV64mi32: Other reloc
shouldSubtractImageBase: Not on Win32
shouldSubtractImageBase: Not on Win32
shouldSubtractImageBase: Not on Win32
shouldSubtractImageBase: Not on Win32
shouldSubtractImageBase: Not on Win32
shouldSubtractImageBase: Not on Win32
shouldSubtractImageBase: Not on Win32
shouldSubtractImageBase: Not on Win32
shouldSubtractImageBase: Not on Win32
shouldSubtractImageBase: Not on Win32
shouldSubtractImageBase: Not on Win32
shouldSubtractImageBase: Not on Win32
shouldSubtractImageBase: Not on Win32
shouldSubtractImageBase: Not on Win32
shouldSubtractImageBase: Not on Win32
shouldSubtractImageBase: Not on Win32
shouldSubtractImageBase: Not on Win32
shouldSubtractImageBase: Not on Win32
shouldSubtractImageBase: Not on Win32
shouldSubtractImageBase: Not on Win32
shouldSubtractImageBase: Not on Win32
shouldSubtractImageBase: Not on Win32
shouldSubtractImageBase: Not on Win32
shouldSubtractImageBase: Not on Win32
shouldSubtractImageBase: Not on Win32
shouldSubtractImageBase: Not on Win32
shouldSubtractImageBase: Not on Win32
shouldSubtractImageBase: Not on Win32
shouldSubtractImageBase: Not on Win32
shouldSubtractImageBase: Not on Win32
shouldSubtractImageBase: Not on Win32
shouldSubtractImageBase: Not on Win32
shouldSubtractImageBase: Not on Win32
shouldSubtractImageBase: Not on Win32
translate_MOV32mi: Other reloc
shouldSubtractImageBase: Not on Win32
translate_MOV64mi32: Other reloc
shouldSubtractImageBase: Not on Win32
shouldSubtractImageBase: Not on Win32
shouldSubtractImageBase: Not on Win32
translate_MOV32mi: Other reloc
shouldSubtractImageBase: Not on Win32
shouldSubtractImageBase: Not on Win32
shouldSubtractImageBase: Not on Win32
shouldSubtractImageBase: Not on Win32
translate_MOV32mi: Other reloc
translate_MOV32mi: Other reloc
translate_MOV32mi: Other reloc
translate_MOV32mi: Other reloc
shouldSubtractImageBase: Not on Win32
translate_MOV32mi: Other reloc
translate_MOV32mi: Other reloc
translate_MOV32mi: Other reloc
translate_MOV32mi: Other reloc
translate_MOV32mi: Other reloc
translate_MOV32mi: Other reloc
translate_MOV32mi: Other reloc
translate_MOV32mi: Other reloc
shouldSubtractImageBase: Not on Win32
shouldSubtractImageBase: Not on Win32
shouldSubtractImageBase: Not on Win32
shouldSubtractImageBase: Not on Win32
shouldSubtractImageBase: Not on Win32
shouldSubtractImageBase: Not on Win32
shouldSubtractImageBase: Not on Win32
shouldSubtractImageBase: Not on Win32
shouldSubtractImageBase: Not on Win32
shouldSubtractImageBase: Not on Win32
shouldSubtractImageBase: Not on Win32
shouldSubtractImageBase: Not on Win32
shouldSubtractImageBase: Not on Win32
shouldSubtractImageBase: Not on Win32
shouldSubtractImageBase: Not on Win32
shouldSubtractImageBase: Not on Win32
shouldSubtractImageBase: Not on Win32
shouldSubtractImageBase: Not on Win32
shouldSubtractImageBase: Not on Win32
shouldSubtractImageBase: Not on Win32
shouldSubtractImageBase: Not on Win32
shouldSubtractImageBase: Not on Win32
shouldSubtractImageBase: Not on Win32
shouldSubtractImageBase: Not on Win32
translate_MOV32mi: Other reloc
translate_MOV32mi: Other reloc
shouldSubtractImageBase: Not on Win32
shouldSubtractImageBase: Not on Win32
shouldSubtractImageBase: Not on Win32
shouldSubtractImageBase: Not on Win32
shouldSubtractImageBase: Not on Win32
shouldSubtractImageBase: Not on Win32
shouldSubtractImageBase: Not on Win32
shouldSubtractImageBase: Not on Win32
shouldSubtractImageBase: Not on Win32
translate_MOV32mi: Other reloc
shouldSubtractImageBase: Not on Win32
shouldSubtractImageBase: Not on Win32
shouldSubtractImageBase: Not on Win32
shouldSubtractImageBase: Not on Win32
shouldSubtractImageBase: Not on Win32
shouldSubtractImageBase: Not on Win32
shouldSubtractImageBase: Not on Win32
shouldSubtractImageBase: Not on Win32
shouldSubtractImageBase: Not on Win32
shouldSubtractImageBase: Not on Win32
shouldSubtractImageBase: Not on Win32
shouldSubtractImageBase: Not on Win32
shouldSubtractImageBase: Not on Win32
shouldSubtractImageBase: Not on Win32
Unsupported!
4064d8 	orq	%r9, (%r10)
1811
Unsupported!
405aa6 	orq	%r9, (%r10)
1811
Unsupported!
405ddb 	shlq	%cl, %r10
2537
shouldSubtractImageBase: Not on Win32
shouldSubtractImageBase: Not on Win32
shouldSubtractImageBase: Not on Win32
shouldSubtractImageBase: Not on Win32
shouldSubtractImageBase: Not on Win32
shouldSubtractImageBase: Not on Win32
shouldSubtractImageBase: Not on Win32
shouldSubtractImageBase: Not on Win32
Unsupported!
406856 	shlq	%cl, %rax
2537
shouldSubtractImageBase: Not on Win32
shouldSubtractImageBase: Not on Win32
shouldSubtractImageBase: Not on Win32
shouldSubtractImageBase: Not on Win32
shouldSubtractImageBase: Not on Win32
shouldSubtractImageBase: Not on Win32
shouldSubtractImageBase: Not on Win32
shouldSubtractImageBase: Not on Win32
Unsupported!
406cb4 	shlq	%cl, %r8
2537
Unsupported!
405e70 	orq	%r10, (%r9)
1811
shouldSubtractImageBase: Not on Win32
shouldSubtractImageBase: Not on Win32
shouldSubtractImageBase: Not on Win32
shouldSubtractImageBase: Not on Win32
shouldSubtractImageBase: Not on Win32
shouldSubtractImageBase: Not on Win32
shouldSubtractImageBase: Not on Win32
shouldSubtractImageBase: Not on Win32
shouldSubtractImageBase: Not on Win32
shouldSubtractImageBase: Not on Win32
shouldSubtractImageBase: Not on Win32
shouldSubtractImageBase: Not on Win32
Unsupported!
405934 	orq	%r10, (%r11)
1811
Unsupported!
406aba 	orq	%rcx, (%rax)
1811
Unsupported!
40694c 	orq	%rdx, (%rcx)
1811
shouldSubtractImageBase: Not on Win32
shouldSubtractImageBase: Not on Win32
shouldSubtractImageBase: Not on Win32
shouldSubtractImageBase: Not on Win32
shouldSubtractImageBase: Not on Win32
shouldSubtractImageBase: Not on Win32
shouldSubtractImageBase: Not on Win32
shouldSubtractImageBase: Not on Win32
shouldSubtractImageBase: Not on Win32
shouldSubtractImageBase: Not on Win32
shouldSubtractImageBase: Not on Win32
shouldSubtractImageBase: Not on Win32
shouldSubtractImageBase: Not on Win32
shouldSubtractImageBase: Not on Win32
shouldSubtractImageBase: Not on Win32
shouldSubtractImageBase: Not on Win32
shouldSubtractImageBase: Not on Win32
shouldSubtractImageBase: Not on Win32
shouldSubtractImageBase: Not on Win32
shouldSubtractImageBase: Not on Win32
shouldSubtractImageBase: Not on Win32
shouldSubtractImageBase: Not on Win32
shouldSubtractImageBase: Not on Win32
shouldSubtractImageBase: Not on Win32
shouldSubtractImageBase: Not on Win32
shouldSubtractImageBase: Not on Win32
shouldSubtractImageBase: Not on Win32
shouldSubtractImageBase: Not on Win32
shouldSubtractImageBase: Not on Win32
shouldSubtractImageBase: Not on Win32
shouldSubtractImageBase: Not on Win32
shouldSubtractImageBase: Not on Win32
shouldSubtractImageBase: Not on Win32
shouldSubtractImageBase: Not on Win32
shouldSubtractImageBase: Not on Win32
shouldSubtractImageBase: Not on Win32
shouldSubtractImageBase: Not on Win32
shouldSubtractImageBase: Not on Win32
shouldSubtractImageBase: Not on Win32
shouldSubtractImageBase: Not on Win32
shouldSubtractImageBase: Not on Win32
shouldSubtractImageBase: Not on Win32
shouldSubtractImageBase: Not on Win32
shouldSubtractImageBase: Not on Win32
shouldSubtractImageBase: Not on Win32
shouldSubtractImageBase: Not on Win32
shouldSubtractImageBase: Not on Win32
shouldSubtractImageBase: Not on Win32
shouldSubtractImageBase: Not on Win32
shouldSubtractImageBase: Not on Win32
shouldSubtractImageBase: Not on Win32
shouldSubtractImageBase: Not on Win32
doCallPCtarget address : 40d040
doCallPCtarget address : 46f530
doCallPCtarget address : 470840
doCallPCtarget address : 46bdf0
doCallPCtarget address : 46d2c0
doCallPCtarget address : 423070
doCallPCtarget address : 4231e0
doCallPCtarget address : 401250
doCallPCtarget address : 460e70
doCallPCtarget address : 401250
doCallPCtarget address : 401250
doCallPCtarget address : 401250
doCallPCtarget address : 460e70
doCallPCtarget address : 476ab0
doCallPCtarget address : 401150
doCallPCtarget address : 401250
doCallPCtarget address : 461630
doCallPCtarget address : 4618c0
doCallPCtarget address : 460e70
doCallPCtarget address : 460e70
doCallPCtarget address : 4368d0
doCallPCtarget address : 46ca10
doCallPCtarget address : 423af0
doCallPCtarget address : 40f230
doCallPCtarget address : 4668d0
doCallPCtarget address : 415750
doCallPCtarget address : 401250
doCallPCtarget address : 460e70
doCallPCtarget address : 415450
doCallPCtarget address : 460e70
doCallPCtarget address : 401060
doCallPCtarget address : 4011c0
doCallPCtarget address : 401060
doCallPCtarget address : 401060
doCallPCtarget address : 4157c0
doCallPCtarget address : 401060
doCallPCtarget address : 401060
doCallPCtarget address : 401060
doCallPCtarget address : 401060
doCallPCtarget address : 401060
doCallPCtarget address : 4010e0
doCallPCtarget address : 4010e0
doCallPCtarget address : 4010e0
doCallPCtarget address : 4010e0
doCallPCtarget address : 4010e0
doCallPCtarget address : 4010e0
doCallPCtarget address : 4718b0
doCallPCtarget address : 4558e0
doCallPCtarget address : 40f1f0
doCallPCtarget address : 416430
doCallPCtarget address : 416610
doCallPCtarget address : 43ae60
doCallPCtarget address : 4010a0
doCallPCtarget address : 4010a0
doCallPCtarget address : 467140
doCallPCtarget address : 421810
doCallPCtarget address : 416e00
doCallPCtarget address : 401260
doCallPCtarget address : 476960
doCallPCtarget address : 421b30
doCallPCtarget address : 425100
doCallPCtarget address : 401180
doCallPCtarget address : 4157a0
doCallPCtarget address : 486260
doCallPCtarget address : 401180
doCallPCtarget address : 486260
doCallPCtarget address : 401180
doCallPCtarget address : 486260
doCallPCtarget address : 401180
doCallPCtarget address : 461d00
doCallPCtarget address : 461e20
doCallPCtarget address : 486260
doCallPCtarget address : 401180
doCallPCtarget address : 486260
doCallPCtarget address : 401180
doCallPCtarget address : 436d70
doCallPCtarget address : 43bd90
doCallPCtarget address : 46ca20
doCallPCtarget address : 427a00
doCallPCtarget address : 427f30
doCallPCtarget address : 40f610
doCallPCtarget address : 46be50
doCallPCtarget address : 46db00
doCallPCtarget address : 486260
doCallPCtarget address : 401180
doCallPCtarget address : 416550
doCallPCtarget address : 418490
doCallPCtarget address : 4241b0
doCallPCtarget address : 4242c0
doCallPCtarget address : 424500
doCallPCtarget address : 418490
doCallPCtarget address : 473db0
doCallPCtarget address : 415d50
Failure to convert to LLVM module!
Saved bitcode to /home/ed/mcsema-testing/SANDBOX/test-2015-12-21_15-36-50/MultiSource/Applications/JM/lencod/Output/lencod.simple.mcsema/lencod.simple.bc
