Looking up target...
Reading module ...
 TT x86-64 : x86_64-unknown-unknown 
Deserializing functions...
Deserializing functions...
Deserializing functions...
Deserializing functions...
Deserializing functions...
Deserializing functions...
Deserializing functions...
Deserializing functions...
Deserializing functions...
Deserializing functions...
Deserializing data...
Deserializing data...
Deserializing data...
Deserializing data...
Deserializing data...
Deserializing data...
Deserializing data...
Deserializing data...
Deserializing data...
Deserializing data...
Deserializing data...
Deserializing externs...
Deserializing externs...
Creating module...
Setting target...
Done setting target
Adding external funcs...
Adding external data...
Adding internal data...
Adding entry points...
Returning modue...
Setting initial triples...
Looking at entry points...
Already have driver for: main
Getting LLVM module...
Converting to LLVM...
Inserted function: sub_4009b0
Inserted function: sub_400860
Inserted function: sub_400840
Inserted function: sub_4007c0
Inserted function: sub_4007e0
Inserted function: sub_400800
Inserted function: sub_400830
Inserted function: sub_400810
Inserted function: sub_400a90
Inserted function: sub_400820
inserting global data section named data_0x400b30
inserting global data section named data_0x400b8c
inserting global data section named data_0x400bd0
inserting global data section named data_0x400d1c
inserting global data section named data_0x600de0
inserting global data section named data_0x600de8
inserting global data section named data_0x600df0
inserting global data section named data_0x600ff8
inserting global data section named data_0x601000
inserting global data section named data_0x601070
inserting global data section named data_0x601080
dataSectionToTypesContents : 400b30 59
89
dataSectionToTypesContents : 400b8c 44
68
dataSectionToTypesContents : 400bd0 14c
332
dataSectionToTypesContents : 400d1c 34
52
dataSectionToTypesContents : 600de0 8
8
dataSectionToTypesContents : 600de8 8
8
dataSectionToTypesContents : 600df0 8
8
dataSectionToTypesContents : 600ff8 8
8
dataSectionToTypesContents : 601000 70
112
dataSectionToTypesContents : 601070 10
16
dataSectionToTypesContents : 601080 68
104
shouldSubtractImageBase: Not on Win32
shouldSubtractImageBase: Not on Win32
shouldSubtractImageBase: Not on Win32
shouldSubtractImageBase: Not on Win32
doCallPCtarget address : 4007e0
doCallPCtarget address : 400800
doCallPCtarget address : 4007c0
!!!WARNING WARNING WARNING!!!
	Assuming all callbacks are to translated code!!!
doCallPCtarget address : 400820
doCallPCtarget address : 400860
doCallPC: Adding Unreachable Instruction to local noreturn
shouldSubtractImageBase: Not on Win32
shouldSubtractImageBase: Not on Win32
shouldSubtractImageBase: Not on Win32
shouldSubtractImageBase: Not on Win32
shouldSubtractImageBase: Not on Win32
shouldSubtractImageBase: Not on Win32
shouldSubtractImageBase: Not on Win32
shouldSubtractImageBase: Not on Win32
doCallPCtarget address : 400810
doCallPCtarget address : 4007c0
doCallPCtarget address : 400840
doCallPCtarget address : 4007e0
doCallPCtarget address : 4007c0
doCallPCtarget address : 400830
doCallPCtarget address : 4007c0
error: 
Line: 536
File: /home/ed/mcsema/mc-sema/cfgToLLVM/x86Instrs_Branches.cpp
Could not find external function: _Unwind_Resume
Saved bitcode to /home/ed/mcsema-testing/SANDBOX/test-2015-12-21_15-36-50/SingleSource/Regression/C++/EH/Output/ctor_dtor_count-2.simple.mcsema/ctor_dtor_count-2.simple.bc
