Looking up target...
Reading module ...
 TT x86-64 : x86_64-unknown-unknown 
Deserializing functions...
Deserializing functions...
Deserializing functions...
Deserializing functions...
Deserializing functions...
Deserializing functions...
Deserializing functions...
Deserializing functions...
Deserializing functions...
Deserializing functions...
Deserializing functions...
Deserializing functions...
Deserializing functions...
Deserializing functions...
Deserializing functions...
Deserializing functions...
Deserializing functions...
Deserializing functions...
Deserializing functions...
Deserializing functions...
Deserializing functions...
Deserializing functions...
Deserializing functions...
Deserializing functions...
Deserializing functions...
Deserializing functions...
Deserializing functions...
Deserializing functions...
Deserializing functions...
Deserializing functions...
Deserializing functions...
Deserializing functions...
Deserializing functions...
Deserializing functions...
Deserializing functions...
Deserializing functions...
Deserializing functions...
Deserializing functions...
Deserializing functions...
Deserializing functions...
Deserializing functions...
Deserializing functions...
Deserializing functions...
Deserializing functions...
Deserializing functions...
Deserializing functions...
Deserializing functions...
Deserializing functions...
Deserializing functions...
Deserializing functions...
Deserializing functions...
Deserializing functions...
Deserializing functions...
Deserializing functions...
Deserializing functions...
Deserializing functions...
Deserializing functions...
Deserializing functions...
Deserializing functions...
Deserializing functions...
Deserializing functions...
Deserializing functions...
Deserializing functions...
Deserializing functions...
Deserializing functions...
Deserializing functions...
Deserializing functions...
Deserializing functions...
Deserializing functions...
Deserializing functions...
Deserializing functions...
Deserializing functions...
Deserializing functions...
Deserializing functions...
Deserializing functions...
Deserializing functions...
Deserializing functions...
Deserializing functions...
Deserializing functions...
Deserializing functions...
Deserializing functions...
Deserializing functions...
Deserializing functions...
Deserializing functions...
Deserializing functions...
Deserializing functions...
Deserializing functions...
Deserializing functions...
Deserializing functions...
Deserializing functions...
Deserializing functions...
Deserializing functions...
Deserializing functions...
Deserializing functions...
Deserializing functions...
Deserializing functions...
Deserializing functions...
Deserializing functions...
Deserializing functions...
Deserializing functions...
Deserializing functions...
Deserializing functions...
Deserializing functions...
Deserializing functions...
Deserializing functions...
Deserializing functions...
Deserializing functions...
Deserializing functions...
Deserializing functions...
Deserializing functions...
Deserializing functions...
Deserializing functions...
Deserializing functions...
Deserializing functions...
Deserializing functions...
Deserializing functions...
Deserializing functions...
Deserializing functions...
Deserializing functions...
Deserializing functions...
Deserializing functions...
Deserializing functions...
Deserializing functions...
Deserializing functions...
Deserializing functions...
Deserializing functions...
Deserializing functions...
Deserializing functions...
Deserializing functions...
Deserializing functions...
Deserializing functions...
Deserializing functions...
Deserializing functions...
Deserializing functions...
Deserializing functions...
Deserializing functions...
Deserializing functions...
Deserializing functions...
Deserializing functions...
Deserializing functions...
Deserializing functions...
Deserializing functions...
Deserializing functions...
Deserializing functions...
Deserializing functions...
Deserializing functions...
Deserializing functions...
Deserializing functions...
Deserializing functions...
Deserializing functions...
Deserializing functions...
Deserializing functions...
Deserializing functions...
Deserializing functions...
Deserializing functions...
Deserializing functions...
Deserializing functions...
Deserializing functions...
Deserializing functions...
Deserializing functions...
Deserializing functions...
Deserializing functions...
Deserializing functions...
Deserializing functions...
Deserializing functions...
Deserializing functions...
Deserializing functions...
Deserializing functions...
Deserializing functions...
Deserializing functions...
Deserializing functions...
Deserializing functions...
Deserializing functions...
Deserializing functions...
Deserializing functions...
Deserializing functions...
Deserializing functions...
Deserializing functions...
Deserializing functions...
Deserializing functions...
Deserializing functions...
Deserializing functions...
Deserializing functions...
Deserializing functions...
Deserializing functions...
Deserializing functions...
Deserializing functions...
Deserializing functions...
Deserializing functions...
Deserializing functions...
Deserializing functions...
Deserializing functions...
Deserializing functions...
Deserializing functions...
Deserializing functions...
Deserializing functions...
Deserializing functions...
Deserializing functions...
Deserializing functions...
Deserializing functions...
Deserializing functions...
Deserializing functions...
Deserializing functions...
Deserializing functions...
Deserializing functions...
Deserializing functions...
Deserializing functions...
Deserializing functions...
Deserializing functions...
Deserializing functions...
Deserializing functions...
Deserializing functions...
Deserializing functions...
Deserializing functions...
Deserializing functions...
Deserializing functions...
Deserializing functions...
Deserializing functions...
Deserializing functions...
Deserializing functions...
Deserializing functions...
Deserializing functions...
Deserializing functions...
Deserializing functions...
Deserializing functions...
Deserializing functions...
Deserializing functions...
Deserializing functions...
Deserializing functions...
Deserializing functions...
Deserializing functions...
Deserializing functions...
Deserializing functions...
Deserializing functions...
Deserializing functions...
Deserializing functions...
Deserializing functions...
Deserializing functions...
Deserializing functions...
Deserializing functions...
Deserializing functions...
Deserializing functions...
Deserializing functions...
Deserializing functions...
Deserializing functions...
Deserializing functions...
Deserializing functions...
Deserializing functions...
Deserializing functions...
Deserializing functions...
Deserializing functions...
Deserializing functions...
Deserializing functions...
Deserializing functions...
Deserializing functions...
Deserializing functions...
Deserializing functions...
Deserializing functions...
Deserializing functions...
Deserializing functions...
Deserializing functions...
Deserializing functions...
Deserializing functions...
Deserializing functions...
Deserializing functions...
Deserializing functions...
Deserializing functions...
Deserializing functions...
Deserializing functions...
Deserializing functions...
Deserializing functions...
Deserializing functions...
Deserializing functions...
Deserializing functions...
Deserializing functions...
Deserializing functions...
Deserializing functions...
Deserializing functions...
Deserializing functions...
Deserializing functions...
Deserializing functions...
Deserializing functions...
Deserializing functions...
Deserializing functions...
Deserializing functions...
Deserializing functions...
Deserializing functions...
Deserializing functions...
Deserializing functions...
Deserializing functions...
Deserializing functions...
Deserializing functions...
Deserializing functions...
Deserializing functions...
Deserializing functions...
Deserializing functions...
Deserializing functions...
Deserializing functions...
Deserializing functions...
Deserializing functions...
Deserializing functions...
Deserializing functions...
Deserializing functions...
Deserializing functions...
Deserializing functions...
Deserializing functions...
Deserializing functions...
Deserializing functions...
Deserializing functions...
Deserializing functions...
Deserializing functions...
Deserializing functions...
Deserializing functions...
Deserializing functions...
Deserializing functions...
Deserializing functions...
Deserializing functions...
Deserializing functions...
Deserializing functions...
Deserializing functions...
Deserializing functions...
Deserializing functions...
Deserializing functions...
Deserializing functions...
Deserializing functions...
Deserializing functions...
Deserializing functions...
Deserializing functions...
Deserializing functions...
Deserializing functions...
Deserializing functions...
Deserializing functions...
Deserializing functions...
Deserializing functions...
Deserializing functions...
Deserializing functions...
Deserializing functions...
Deserializing functions...
Deserializing functions...
Deserializing functions...
Deserializing functions...
Deserializing functions...
Deserializing functions...
Deserializing functions...
Deserializing functions...
Deserializing functions...
Deserializing functions...
Deserializing functions...
Deserializing functions...
Deserializing functions...
Deserializing functions...
Deserializing functions...
Deserializing functions...
Deserializing functions...
Deserializing functions...
Deserializing functions...
Deserializing functions...
Deserializing data...
Deserializing data...
Deserializing data...
Deserializing data...
Deserializing data...
Deserializing data...
Deserializing data...
Deserializing data...
Deserializing data...
Deserializing symbol at: 6b7950, dta_0x4b0159L, 5
cur_pos: 6b71d0
dse_base: 6b7950
new_cur_pos: 6b7955
Deserializing symbol at: 6b7960, sub_0x4a5230L, 1
cur_pos: 6b7955
dse_base: 6b7960
new_cur_pos: 6b7961
Deserializing symbol at: 6b7968, sub_0x4a56d0L, 1
cur_pos: 6b7961
dse_base: 6b7968
new_cur_pos: 6b7969
Deserializing symbol at: 6b7970, sub_0x4a5730L, 1
cur_pos: 6b7969
dse_base: 6b7970
new_cur_pos: 6b7971
Deserializing symbol at: 6b7978, sub_0x4a5760L, 1
cur_pos: 6b7971
dse_base: 6b7978
new_cur_pos: 6b7979
Deserializing symbol at: 6b7980, sub_0x4a58c0L, 1
cur_pos: 6b7979
dse_base: 6b7980
new_cur_pos: 6b7981
Deserializing symbol at: 6b79a8, sub_0x4a5940L, 1
cur_pos: 6b7981
dse_base: 6b79a8
new_cur_pos: 6b79a9
Deserializing symbol at: 6b79b0, sub_0x4a59b0L, 1
cur_pos: 6b79a9
dse_base: 6b79b0
new_cur_pos: 6b79b1
Deserializing data...
Deserializing externs...
Deserializing externs...
Deserializing externs...
Deserializing externs...
Deserializing externs...
Deserializing externs...
Deserializing externs...
Deserializing externs...
Deserializing externs...
Deserializing externs...
Deserializing externs...
Deserializing externs...
Deserializing externs...
Deserializing externs...
Deserializing externs...
Deserializing externs...
Deserializing externs...
Deserializing externs...
Deserializing externs...
Deserializing externs...
Deserializing externs...
Deserializing externs...
Deserializing externs...
Deserializing externs...
Deserializing externs...
Deserializing externs...
Deserializing externs...
Deserializing externs...
Deserializing externs...
Deserializing externs...
Deserializing externs...
Deserializing externs...
Deserializing externs...
Deserializing externs...
Deserializing externs...
Deserializing externs...
Deserializing externs...
Deserializing externs...
Deserializing externs...
Deserializing externs...
Deserializing externs...
Deserializing externs...
Deserializing externs...
Deserializing externs...
Deserializing externs...
Deserializing externs...
Deserializing externs...
Creating module...
Setting target...
Done setting target
Adding external funcs...
Adding external data...
Adding internal data...
Adding entry points...
Returning modue...
Setting initial triples...
Looking at entry points...
Already have driver for: main
Getting LLVM module...
Converting to LLVM...
Inserted function: sub_4015c0
Inserted function: sub_40ee00
Inserted function: sub_401440
Inserted function: sub_401410
Inserted function: sub_4074d0
Inserted function: sub_401390
Inserted function: sub_401d70
Inserted function: sub_4011c0
Inserted function: sub_401280
Inserted function: sub_4012c0
Inserted function: sub_40b710
Inserted function: sub_401420
Inserted function: sub_4a59b0
Inserted function: sub_401340
Inserted function: sub_4a5230
Inserted function: sub_401180
Inserted function: sub_405b40
Inserted function: sub_401490
Inserted function: sub_411a60
Inserted function: sub_4012f0
Inserted function: sub_401380
Inserted function: sub_401480
Inserted function: sub_4a5a30
Inserted function: sub_401170
Inserted function: sub_401230
Inserted function: sub_40ee60
Inserted function: sub_4012b0
Inserted function: sub_411ad0
Inserted function: sub_4a5940
Inserted function: sub_401200
Inserted function: sub_40f570
Inserted function: sub_41bc80
Inserted function: sub_4224a0
Inserted function: sub_41c070
Inserted function: sub_40f360
Inserted function: sub_40b830
Inserted function: sub_40ed80
Inserted function: sub_41bba0
Inserted function: sub_421470
Inserted function: sub_405c30
Inserted function: sub_40ede0
Inserted function: sub_401350
Inserted function: sub_422dc0
Inserted function: sub_40e290
Inserted function: sub_421da0
Inserted function: sub_4217f0
Inserted function: sub_421e30
Inserted function: sub_4082b0
Inserted function: sub_422f20
Inserted function: sub_41c340
Inserted function: sub_401220
Inserted function: sub_41c2e0
Inserted function: sub_4013b0
Inserted function: sub_405c50
Inserted function: sub_401370
Inserted function: sub_4080a0
Inserted function: sub_4a58c0
Inserted function: sub_4a56d0
Inserted function: sub_401300
Inserted function: sub_423240
Inserted function: sub_421990
Inserted function: sub_4013a0
Inserted function: sub_421930
Inserted function: sub_421ca0
Inserted function: sub_401430
Inserted function: sub_423de0
Inserted function: sub_423f80
Inserted function: sub_421d20
Inserted function: sub_41d370
Inserted function: sub_41e180
Inserted function: sub_41e090
Inserted function: sub_41d50e
Inserted function: sub_41e290
Inserted function: sub_41e850
Inserted function: sub_41e3e0
Inserted function: sub_4234c0
Inserted function: sub_424020
Inserted function: sub_4013d0
Inserted function: sub_401160
Inserted function: sub_401d90
Inserted function: sub_4011a0
Inserted function: sub_421dd0
Inserted function: sub_411a00
Inserted function: sub_41d4d8
Inserted function: sub_401260
Inserted function: sub_411a80
Inserted function: sub_4226f0
Inserted function: sub_405ed0
Inserted function: sub_401250
Inserted function: sub_411b00
Inserted function: sub_4a5730
Inserted function: sub_4a5760
Inserted function: sub_4011d0
Inserted function: sub_463550
Inserted function: sub_4013e0
Inserted function: sub_401360
Inserted function: sub_401470
Inserted function: sub_41c560
Inserted function: sub_41cc80
Inserted function: sub_41cb0d
Inserted function: sub_420390
Inserted function: sub_41ea20
Inserted function: sub_423970
Inserted function: sub_421070
Inserted function: sub_41d0b0
Inserted function: sub_41cb2d
Inserted function: sub_41f530
Inserted function: sub_405940
Inserted function: sub_41ca44
Inserted function: sub_410430
Inserted function: sub_41cbca
Inserted function: sub_4012d0
Inserted function: sub_411e90
Inserted function: sub_4206f0
Inserted function: sub_41ced0
Inserted function: sub_411fd0
Inserted function: sub_4207f0
Inserted function: sub_4120d0
Inserted function: sub_41f370
Inserted function: sub_40bd80
Inserted function: sub_407700
Inserted function: sub_424b00
Inserted function: sub_4200c0
Inserted function: sub_419340
Inserted function: sub_41ff90
Inserted function: sub_418d70
Inserted function: sub_412140
Inserted function: sub_422280
Inserted function: sub_422180
Inserted function: sub_41f4f0
Inserted function: sub_423c20
Inserted function: sub_41f9f0
Inserted function: sub_41b3c0
Inserted function: sub_408850
Inserted function: sub_410fb0
Inserted function: sub_4985c0
Inserted function: sub_49e280
Inserted function: sub_4117c0
Inserted function: sub_4998e0
Inserted function: sub_4a5140
Inserted function: sub_48cc20
Inserted function: sub_49d200
Inserted function: sub_49b380
Inserted function: sub_49f940
Inserted function: sub_474d10
Inserted function: sub_418590
Inserted function: sub_403720
Inserted function: sub_49b7b0
Inserted function: sub_4a1430
Inserted function: sub_4a4930
Inserted function: sub_499a40
Inserted function: sub_41afe0
Inserted function: sub_40a800
Inserted function: sub_49f430
Inserted function: sub_4a11d0
Inserted function: sub_4014b0
Inserted function: sub_49dcd0
Inserted function: sub_41b550
Inserted function: sub_4a0d90
Inserted function: sub_404d40
Inserted function: sub_4012a0
Inserted function: sub_49ded0
Inserted function: sub_40c6f0
Inserted function: sub_49c060
Inserted function: sub_49ba90
Inserted function: sub_49e050
Inserted function: sub_4086b0
Inserted function: sub_48eae7
Inserted function: sub_499370
Inserted function: sub_40fa30
Inserted function: sub_422250
Inserted function: sub_4a3720
Inserted function: sub_49b580
Inserted function: sub_420940
Inserted function: sub_424860
Inserted function: sub_41ab90
Inserted function: sub_41ea00
Inserted function: sub_401310
Inserted function: sub_4014a0
Inserted function: sub_404c20
Inserted function: sub_4a1630
Inserted function: sub_41f8d0
Inserted function: sub_418c30
Inserted function: sub_41b960
Inserted function: sub_4a1cd0
Inserted function: sub_40ddd0
Inserted function: sub_424600
Inserted function: sub_425340
Inserted function: sub_468800
Inserted function: sub_46b580
Inserted function: sub_456cb0
Inserted function: sub_4448c0
Inserted function: sub_468d10
Inserted function: sub_462db0
Inserted function: sub_4635d0
Inserted function: sub_44e280
Inserted function: sub_438aa0
Inserted function: sub_444300
Inserted function: sub_462020
Inserted function: sub_465db0
Inserted function: sub_46b440
Inserted function: sub_40b4c0
Inserted function: sub_4772e0
Inserted function: sub_401330
Inserted function: sub_461630
Inserted function: sub_47aa90
Inserted function: sub_475ee0
Inserted function: sub_468f40
Inserted function: sub_463260
Inserted function: sub_46d870
Inserted function: sub_466c10
Inserted function: sub_437050
Inserted function: sub_462160
Inserted function: sub_4711a0
Inserted function: sub_437220
Inserted function: sub_43d6b0
Inserted function: sub_439ed0
Inserted function: sub_49c560
Inserted function: sub_469190
Inserted function: sub_462460
Inserted function: sub_463970
Inserted function: sub_486ad0
Inserted function: sub_478350
Inserted function: sub_466a70
Inserted function: sub_439ab0
Inserted function: sub_4666e0
Inserted function: sub_4a3580
Inserted function: sub_4a40c0
Inserted function: sub_4897a0
Inserted function: sub_48c3d0
Inserted function: sub_43c650
Inserted function: sub_466590
Inserted function: sub_46cd70
Inserted function: sub_49b180
Inserted function: sub_4041c0
Inserted function: sub_474df0
Inserted function: sub_4a4650
Inserted function: sub_470d70
Inserted function: sub_468650
Inserted function: sub_488ef0
Inserted function: sub_49eea0
Inserted function: sub_4194f0
Inserted function: sub_4767d0
Inserted function: sub_4a0be0
Inserted function: sub_499740
Inserted function: sub_47a440
Inserted function: sub_43c130
Inserted function: sub_49acb0
Inserted function: sub_4951b6
Inserted function: sub_475b40
Inserted function: sub_48ca50
Inserted function: sub_40fa90
Inserted function: sub_461ea0
Inserted function: sub_488ad0
Inserted function: sub_49df60
Inserted function: sub_40fec0
Inserted function: sub_4101a0
Inserted function: sub_49ebd0
Inserted function: sub_4753f0
Inserted function: sub_4714f0
Inserted function: sub_41ecd0
Inserted function: sub_424ff0
Inserted function: sub_47bd10
Inserted function: sub_4a4530
Inserted function: sub_41b1d0
Inserted function: sub_46c750
Inserted function: sub_4445b0
Inserted function: sub_475760
Inserted function: sub_499e90
Inserted function: sub_40c6b0
Inserted function: sub_4012e0
Inserted function: sub_482730
Inserted function: sub_49a5e0
Inserted function: sub_414bd0
Inserted function: sub_485f90
Inserted function: sub_439c00
Inserted function: sub_41a830
Inserted function: sub_499460
Inserted function: sub_401e40
Inserted function: sub_466cc0
Inserted function: sub_4a0930
Inserted function: sub_4077f0
Inserted function: sub_475d80
Inserted function: sub_4689b0
Inserted function: sub_4211d0
Inserted function: sub_4195e0
Inserted function: sub_447e00
Inserted function: sub_444a30
Inserted function: sub_420290
Inserted function: sub_4766a0
Inserted function: sub_4212d0
Inserted function: sub_4656a0
Inserted function: sub_4a0720
Inserted function: sub_472980
Inserted function: sub_463cf0
Inserted function: sub_469910
Inserted function: sub_463d70
Inserted function: sub_483ae0
Inserted function: sub_471b20
Inserted function: sub_473eb0
Inserted function: sub_48c790
Inserted function: sub_4013c0
Inserted function: sub_4095c0
Inserted function: sub_474ca0
Inserted function: sub_4014c0
Inserted function: sub_471950
Inserted function: sub_48c990
Inserted function: sub_40d5c0
Inserted function: sub_48aea0
Inserted function: sub_48b540
Inserted function: sub_40b5e0
Inserted function: sub_405020
Inserted function: sub_484290
Inserted function: sub_40e6f0
Inserted function: sub_48c660
Inserted function: sub_404b10
Inserted function: sub_404f90
Inserted function: sub_4745a0
Inserted function: sub_467090
Inserted function: sub_483370
Inserted function: sub_48b9b0
Inserted function: sub_401210
Inserted function: sub_484660
Inserted function: sub_484480
Inserted function: sub_4a41c0
Inserted function: sub_407360
Inserted function: sub_466040
Inserted function: sub_401190
Inserted function: sub_483280
Inserted function: sub_4848a0
Inserted function: sub_414cf0
Inserted function: sub_404ea0
Inserted function: sub_4644c0
Inserted function: sub_4a47b0
Inserted function: sub_40f990
Inserted function: sub_4011f0
Inserted function: sub_401270
Inserted function: sub_4076c0
Inserted function: sub_40c6a0
Inserted function: sub_40a3b0
Inserted function: sub_4013f0
Inserted function: sub_47b3d0
Inserted function: sub_4049b0
Inserted function: sub_407670
Inserted function: sub_414ee0
Inserted function: sub_40da50
Inserted function: sub_4661f0
Inserted function: sub_465b70
Inserted function: sub_468610
Inserted function: sub_409b20
Inserted function: sub_40d8d0
Inserted function: sub_40f9d0
Inserted function: sub_4050a0
Inserted function: sub_40a250
Inserted function: sub_466970
Inserted function: sub_4682a0
Inserted function: sub_405740
inserting global data section named data_0x4a6260
inserting global data section named data_0x4b0220
inserting global data section named data_0x4b1158
inserting global data section named data_0x6b6de0
inserting global data section named data_0x6b6de8
inserting global data section named data_0x6b6df0
inserting global data section named data_0x6b6ff8
inserting global data section named data_0x6b7000
inserting global data section named data_0x6b71d0
inserting global data section named data_0x6b7a30
dataSectionToTypesContents : 4a6260 9fc0
40896
dataSectionToTypesContents : 4b0220 f34
3892
dataSectionToTypesContents : 4b1158 50a4
20644
dataSectionToTypesContents : 6b6de0 8
8
dataSectionToTypesContents : 6b6de8 8
8
dataSectionToTypesContents : 6b6df0 8
8
dataSectionToTypesContents : 6b6ff8 8
8
dataSectionToTypesContents : 6b7000 1d0
464
dataSectionToTypesContents : 6b71d0 780
1920
dataSectionToTypesContents : 6b7950 5
 Symbol name : 0x4b0159L : 4b0159 : 4a6260
dataSectionToTypesContents : 6b7955 b
11
dataSectionToTypesContents : 6b7960 1
!!!WARNING WARNING WARNING!!!
	Assuming all callbacks are to translated code!!!
dataSectionToTypesContents : 6b7961 7
7
dataSectionToTypesContents : 6b7968 1
!!!WARNING WARNING WARNING!!!
	Assuming all callbacks are to translated code!!!
dataSectionToTypesContents : 6b7969 7
7
dataSectionToTypesContents : 6b7970 1
!!!WARNING WARNING WARNING!!!
	Assuming all callbacks are to translated code!!!
dataSectionToTypesContents : 6b7971 7
7
dataSectionToTypesContents : 6b7978 1
!!!WARNING WARNING WARNING!!!
	Assuming all callbacks are to translated code!!!
dataSectionToTypesContents : 6b7979 7
7
dataSectionToTypesContents : 6b7980 1
!!!WARNING WARNING WARNING!!!
	Assuming all callbacks are to translated code!!!
dataSectionToTypesContents : 6b7981 27
39
dataSectionToTypesContents : 6b79a8 1
!!!WARNING WARNING WARNING!!!
	Assuming all callbacks are to translated code!!!
dataSectionToTypesContents : 6b79a9 7
7
dataSectionToTypesContents : 6b79b0 1
!!!WARNING WARNING WARNING!!!
	Assuming all callbacks are to translated code!!!
dataSectionToTypesContents : 6b79b1 77
119
dataSectionToTypesContents : 6b7a30 2a8
680
shouldSubtractImageBase: Not on Win32
shouldSubtractImageBase: Not on Win32
shouldSubtractImageBase: Not on Win32
shouldSubtractImageBase: Not on Win32
translate_MOV64mi32: Other reloc
shouldSubtractImageBase: Not on Win32
shouldSubtractImageBase: Not on Win32
shouldSubtractImageBase: Not on Win32
shouldSubtractImageBase: Not on Win32
shouldSubtractImageBase: Not on Win32
shouldSubtractImageBase: Not on Win32
shouldSubtractImageBase: Not on Win32
shouldSubtractImageBase: Not on Win32
shouldSubtractImageBase: Not on Win32
shouldSubtractImageBase: Not on Win32
shouldSubtractImageBase: Not on Win32
shouldSubtractImageBase: Not on Win32
shouldSubtractImageBase: Not on Win32
shouldSubtractImageBase: Not on Win32
shouldSubtractImageBase: Not on Win32
shouldSubtractImageBase: Not on Win32
shouldSubtractImageBase: Not on Win32
shouldSubtractImageBase: Not on Win32
shouldSubtractImageBase: Not on Win32
shouldSubtractImageBase: Not on Win32
shouldSubtractImageBase: Not on Win32
shouldSubtractImageBase: Not on Win32
shouldSubtractImageBase: Not on Win32
shouldSubtractImageBase: Not on Win32
shouldSubtractImageBase: Not on Win32
doCallPCtarget address : 401170
doCallPCtarget address : 4074d0
doCallPCtarget address : 4074d0
doCallPCtarget address : 4011a0
!!!WARNING WARNING WARNING!!!
	Assuming all callbacks are to translated code!!!
doCallPCtarget address : 401340
doCallPCtarget address : 401390
doCallPCtarget address : 401410
doCallPCtarget address : 401390
doCallPCtarget address : 401d90
doCallPCtarget address : 401390
doCallPCtarget address : 401230
doCallPCtarget address : 4013b0
doCallPCtarget address : 401280
doCallPCtarget address : 4012b0
doCallPCtarget address : 401370
doCallPCtarget address : 4041c0
doCallPCtarget address : 4013e0
doCallPCtarget address : 401160
doCallPCtarget address : 401440
doCallPCtarget address : 4012c0
doCallPCtarget address : 401220
doCallPCtarget address : 401470
doCallPCtarget address : 4012c0
doCallPCtarget address : 401220
doCallPCtarget address : 4074d0
doCallPCtarget address : 4012b0
doCallPCtarget address : 4041c0
doCallPCtarget address : 40ee00
doCallPCtarget address : 401160
doCallPCtarget address : 4013b0
doCallPCtarget address : 401280
doCallPCtarget address : 401e40
doCallPCtarget address : 4011d0
doCallPCtarget address : 401d90
!!!WARNING WARNING WARNING!!!
	Assuming all callbacks are to translated code!!!
doCallPCtarget address : 40bd80
doCallPCtarget address : 401370
doCallPCtarget address : 401440
doCallPCtarget address : 401390
doCallPCtarget address : 401440
doCallPCtarget address : 4011d0
doCallPC: Adding Unreachable Instruction to local noreturn
shouldSubtractImageBase: Not on Win32
shouldSubtractImageBase: Not on Win32
shouldSubtractImageBase: Not on Win32
shouldSubtractImageBase: Not on Win32
shouldSubtractImageBase: Not on Win32
shouldSubtractImageBase: Not on Win32
shouldSubtractImageBase: Not on Win32
shouldSubtractImageBase: Not on Win32
shouldSubtractImageBase: Not on Win32
shouldSubtractImageBase: Not on Win32
shouldSubtractImageBase: Not on Win32
shouldSubtractImageBase: Not on Win32
shouldSubtractImageBase: Not on Win32
shouldSubtractImageBase: Not on Win32
shouldSubtractImageBase: Not on Win32
shouldSubtractImageBase: Not on Win32
shouldSubtractImageBase: Not on Win32
shouldSubtractImageBase: Not on Win32
shouldSubtractImageBase: Not on Win32
shouldSubtractImageBase: Not on Win32
shouldSubtractImageBase: Not on Win32
translate_MOV32mi: Other reloc
shouldSubtractImageBase: Not on Win32
shouldSubtractImageBase: Not on Win32
translate_MOV32mi: Other reloc
shouldSubtractImageBase: Not on Win32
translate_MOV32mi: Other reloc
shouldSubtractImageBase: Not on Win32
shouldSubtractImageBase: Not on Win32
shouldSubtractImageBase: Not on Win32
shouldSubtractImageBase: Not on Win32
shouldSubtractImageBase: Not on Win32
shouldSubtractImageBase: Not on Win32
shouldSubtractImageBase: Not on Win32
doCallPCtarget address : 4012b0
doCallPCtarget address : 4041c0
doCallPCtarget address : 4012c0
doCallPCtarget address : 401220
doCallPCtarget address : 401390
doCallPCtarget address : 40ee60
doCallPCtarget address : 4012b0
doCallPCtarget address : 401470
doCallPCtarget address : 4012c0
doCallPCtarget address : 401220
doCallPCtarget address : 401390
doCallPCtarget address : 40b710
doCallPCtarget address : 401440
doCallPCtarget address : 4074d0
doCallPCtarget address : 4041c0
doCallPCtarget address : 4012b0
doCallPCtarget address : 401390
doCallPCtarget address : 401390
doCallPCtarget address : 401390
doCallPCtarget address : 401390
doCallPCtarget address : 401390
doCallPCtarget address : 4074d0
doCallPCtarget address : 401390
doCallPCtarget address : 4074d0
doCallPCtarget address : 401390
doCallPCtarget address : 401390
doCallPCtarget address : 401390
doCallPCtarget address : 401390
doCallPCtarget address : 40ee00
doCallPCtarget address : 4011c0
doCallPCtarget address : 401390
doCallPCtarget address : 401390
doCallPCtarget address : 401390
doCallPCtarget address : 401390
doCallPCtarget address : 401440
doCallPCtarget address : 401420
doCallPCExtern paramCount  : 12 : fprintf
12 : 2415780
doCallPCExtern paramCount  : 2 : access
2 : 2415780
doCallPCtarget address : 405ed0
doCallPCtarget address : 405b40
doCallPCtarget address : 401470
doCallPCExtern paramCount  : 2 : strcmp
2 : 2415780
translate_MOV32mi: Other reloc
shouldSubtractImageBase: Not on Win32
doCallPCExtern paramCount  : 1 : puts
1 : 2415780
doCallPCExtern paramCount  : 1 : getpwuid
1 : 2415780
doCallPCExtern paramCount  : 1 : strlen
1 : 2415780
shouldSubtractImageBase: Not on Win32
shouldSubtractImageBase: Not on Win32
shouldSubtractImageBase: Not on Win32
shouldSubtractImageBase: Not on Win32
shouldSubtractImageBase: Not on Win32
doJumpTableViaSwitch: Doing jumpt table via switch
shouldSubtractImageBase: Not on Win32
shouldSubtractImageBase: Not on Win32
shouldSubtractImageBase: Not on Win32
shouldSubtractImageBase: Not on Win32
shouldSubtractImageBase: Not on Win32
shouldSubtractImageBase: Not on Win32
shouldSubtractImageBase: Not on Win32
shouldSubtractImageBase: Not on Win32
shouldSubtractImageBase: Not on Win32
shouldSubtractImageBase: Not on Win32
shouldSubtractImageBase: Not on Win32
shouldSubtractImageBase: Not on Win32
shouldSubtractImageBase: Not on Win32
shouldSubtractImageBase: Not on Win32
shouldSubtractImageBase: Not on Win32
shouldSubtractImageBase: Not on Win32
shouldSubtractImageBase: Not on Win32
shouldSubtractImageBase: Not on Win32
shouldSubtractImageBase: Not on Win32
shouldSubtractImageBase: Not on Win32
shouldSubtractImageBase: Not on Win32
shouldSubtractImageBase: Not on Win32
shouldSubtractImageBase: Not on Win32
doCallPCtarget address : 4080a0
doCallPCExtern paramCount  : 4 : fwrite
4 : 2415780
doCallPCtarget address : 4012f0
doCallPCExtern paramCount  : 2 : signal
2 : 2415780
shouldSubtractImageBase: Not on Win32
shouldSubtractImageBase: Not on Win32
shouldSubtractImageBase: Not on Win32
shouldSubtractImageBase: Not on Win32
Unsupported!
4a5652 	decl	24(%r15)
660
translate_MOV64mi32: Other reloc
shouldSubtractImageBase: Not on Win32
doCallPCtarget address : 401490
doCallPCtarget address : 401380
doCallPCtarget address : 401250
doCallPCtarget address : 4a5230
doCallPCtarget address : 401480
doCallPCtarget address : 401480
doCallPCtarget address : 401360
doCallPCtarget address : 4a5a30
doCallPCtarget address : 401180
doCallPCtarget address : 401180
doCallPCtarget address : 401180
doCallPCtarget address : 405b40
!!!WARNING WARNING WARNING!!!
	Assuming all callbacks are to translated code!!!
doCallPCtarget address : 411b00
!!!WARNING WARNING WARNING!!!
	Assuming all callbacks are to translated code!!!
doCallPCtarget address : 4012b0
!!!WARNING WARNING WARNING!!!
	Assuming all callbacks are to translated code!!!
!!!WARNING WARNING WARNING!!!
	Assuming all callbacks are to translated code!!!
doCallPCtarget address : 405b40
!!!WARNING WARNING WARNING!!!
	Assuming all callbacks are to translated code!!!
doCallPCtarget address : 411b00
!!!WARNING WARNING WARNING!!!
	Assuming all callbacks are to translated code!!!
doCallPCtarget address : 4012b0
!!!WARNING WARNING WARNING!!!
	Assuming all callbacks are to translated code!!!
doCallPCtarget address : 411b00
!!!WARNING WARNING WARNING!!!
	Assuming all callbacks are to translated code!!!
Failure to convert to LLVM module!
Saved bitcode to /home/ed/mcsema-testing/SANDBOX/test-2015-12-21_15-36-50/MultiSource/Applications/sqlite3/Output/sqlite3.simple.mcsema/sqlite3.simple.mcsema/sqlite3.simple.bc
