Looking up target...
Reading module ...
 TT x86-64 : x86_64-unknown-unknown 
Deserializing functions...
Deserializing functions...
Deserializing functions...
Deserializing functions...
Deserializing functions...
Deserializing data...
Deserializing data...
Deserializing data...
Deserializing data...
Deserializing data...
Deserializing data...
Deserializing data...
Deserializing data...
Deserializing data...
Deserializing data...
Deserializing externs...
Deserializing externs...
Deserializing externs...
Deserializing externs...
Creating module...
Setting target...
Done setting target
Adding external funcs...
Adding external data...
Adding internal data...
Adding entry points...
Returning modue...
Setting initial triples...
Looking at entry points...
Already have driver for: main
Getting LLVM module...
Converting to LLVM...
Inserted function: sub_4006d0
Inserted function: sub_400580
Inserted function: sub_4005c0
Inserted function: sub_4005a0
Inserted function: sub_4005d0
inserting global data section named data_0x4008b0
inserting global data section named data_0x4008f8
inserting global data section named data_0x400930
inserting global data section named data_0x600de0
inserting global data section named data_0x600de8
inserting global data section named data_0x600df0
inserting global data section named data_0x600ff8
inserting global data section named data_0x601000
inserting global data section named data_0x601048
inserting global data section named data_0x601058
dataSectionToTypesContents : 4008b0 46
70
dataSectionToTypesContents : 4008f8 34
52
dataSectionToTypesContents : 400930 f4
244
dataSectionToTypesContents : 600de0 8
8
dataSectionToTypesContents : 600de8 8
8
dataSectionToTypesContents : 600df0 8
8
dataSectionToTypesContents : 600ff8 8
8
dataSectionToTypesContents : 601000 48
72
dataSectionToTypesContents : 601048 10
16
dataSectionToTypesContents : 601058 8
8
shouldSubtractImageBase: Not on Win32
shouldSubtractImageBase: Not on Win32
doCallPCtarget address : 4005a0
doCallPCtarget address : 4005d0
doCallPCtarget address : 400580
doCallPCtarget address : 400580
doCallPCtarget address : 4005c0
doCallPCExtern paramCount  : 12 : printf
12 : 2b71a90
doCallPCExtern paramCount  : 1 : free
1 : 2b71a90
doCallPCExtern paramCount  : 1 : malloc
1 : 2b71a90
doCallPCExtern paramCount  : 3 : strtol
3 : 2b71a90
Adding entry point: mcsema_main
in : doPostAnalysis
registering passes
Saved bitcode to /home/ed/mcsema-testing/SANDBOX/test-2015-12-21_15-36-50/SingleSource/Regression/C/Output/sumarraymalloc.simple.mcsema/sumarraymalloc.simple.bc
